Hive history file=/tmp/hadoop/hive_job_log_hadoop_201604121203_263899753.txt
OK
Time taken: 4.662 seconds
OK
Time taken: 0.113 seconds
OK
Time taken: 0.083 seconds
OK
Time taken: 0.083 seconds
FAILED: Error in metadata: MetaException(message:Got exception: org.apache.hadoop.ipc.RemoteException org.apache.hadoop.hdfs.server.namenode.SafeModeException: Cannot delete /user/hive/warehouse/q10_returned_item. Name node is in safe mode.
The ratio of reported blocks 1.0000 has reached the threshold 0.9990. Safe mode will be turned off automatically in 23 seconds.
	at org.apache.hadoop.hdfs.server.namenode.FSNamesystem.deleteInternal(FSNamesystem.java:1700)
	at org.apache.hadoop.hdfs.server.namenode.FSNamesystem.delete(FSNamesystem.java:1680)
	at org.apache.hadoop.hdfs.server.namenode.NameNode.delete(NameNode.java:517)
	at sun.reflect.NativeMethodAccessorImpl.invoke0(Native Method)
	at sun.reflect.NativeMethodAccessorImpl.invoke(NativeMethodAccessorImpl.java:57)
	at sun.reflect.DelegatingMethodAccessorImpl.invoke(DelegatingMethodAccessorImpl.java:43)
	at java.lang.reflect.Method.invoke(Method.java:606)
	at org.apache.hadoop.ipc.RPC$Server.call(RPC.java:508)
	at org.apache.hadoop.ipc.Server$Handler$1.run(Server.java:959)
	at org.apache.hadoop.ipc.Server$Handler$1.run(Server.java:955)
	at java.security.AccessController.doPrivileged(Native Method)
	at javax.security.auth.Subject.doAs(Subject.java:415)
	at org.apache.hadoop.ipc.Server$Handler.run(Server.java:953)
)
FAILED: Execution Error, return code 1 from org.apache.hadoop.hive.ql.exec.DDLTask
Hive history file=/tmp/hadoop/hive_job_log_hadoop_201604121203_344237966.txt
OK
Time taken: 4.243 seconds
OK
Time taken: 0.007 seconds
OK
Time taken: 0.008 seconds
OK
Time taken: 0.008 seconds
OK
Time taken: 0.007 seconds
OK
Time taken: 0.497 seconds
OK
Time taken: 0.056 seconds
OK
Time taken: 0.435 seconds
OK
Time taken: 0.079 seconds
OK
Time taken: 0.109 seconds
Total MapReduce jobs = 6
Launching Job 1 out of 6
Number of reduce tasks not specified. Estimated from input data size: 2
In order to change the average load for a reducer (in bytes):
  set hive.exec.reducers.bytes.per.reducer=<number>
In order to limit the maximum number of reducers:
  set hive.exec.reducers.max=<number>
In order to set a constant number of reducers:
  set mapred.reduce.tasks=<number>
Starting Job = job_201604121203_0001, Tracking URL = http://belona.c3local:50030/jobdetails.jsp?jobid=job_201604121203_0001
Kill Command = /home/hadoop/hadoop/bin/../bin/hadoop job  -Dmapred.job.tracker=belona.c3local:9001 -kill job_201604121203_0001
2016-04-12 12:03:50,436 Stage-1 map = 0%,  reduce = 0%
2016-04-12 12:03:59,502 Stage-1 map = 6%,  reduce = 0%
2016-04-12 12:04:02,527 Stage-1 map = 20%,  reduce = 0%
2016-04-12 12:04:05,550 Stage-1 map = 42%,  reduce = 0%
2016-04-12 12:04:08,584 Stage-1 map = 54%,  reduce = 0%
2016-04-12 12:04:11,618 Stage-1 map = 67%,  reduce = 0%
2016-04-12 12:04:14,654 Stage-1 map = 77%,  reduce = 0%
2016-04-12 12:04:17,690 Stage-1 map = 80%,  reduce = 3%
2016-04-12 12:04:20,723 Stage-1 map = 83%,  reduce = 7%
2016-04-12 12:04:23,757 Stage-1 map = 88%,  reduce = 7%
2016-04-12 12:04:26,792 Stage-1 map = 95%,  reduce = 13%
2016-04-12 12:04:29,829 Stage-1 map = 100%,  reduce = 20%
2016-04-12 12:04:32,863 Stage-1 map = 100%,  reduce = 23%
2016-04-12 12:04:35,897 Stage-1 map = 100%,  reduce = 27%
2016-04-12 12:04:38,937 Stage-1 map = 100%,  reduce = 63%
2016-04-12 12:04:41,976 Stage-1 map = 100%,  reduce = 100%
Ended Job = job_201604121203_0001
Launching Job 2 out of 6
Number of reduce tasks not specified. Estimated from input data size: 1
In order to change the average load for a reducer (in bytes):
  set hive.exec.reducers.bytes.per.reducer=<number>
In order to limit the maximum number of reducers:
  set hive.exec.reducers.max=<number>
In order to set a constant number of reducers:
  set mapred.reduce.tasks=<number>
Starting Job = job_201604121203_0002, Tracking URL = http://belona.c3local:50030/jobdetails.jsp?jobid=job_201604121203_0002
Kill Command = /home/hadoop/hadoop/bin/../bin/hadoop job  -Dmapred.job.tracker=belona.c3local:9001 -kill job_201604121203_0002
2016-04-12 12:04:50,562 Stage-2 map = 0%,  reduce = 0%
2016-04-12 12:04:53,586 Stage-2 map = 33%,  reduce = 0%
2016-04-12 12:04:59,637 Stage-2 map = 95%,  reduce = 0%
2016-04-12 12:05:02,665 Stage-2 map = 100%,  reduce = 11%
2016-04-12 12:05:11,744 Stage-2 map = 100%,  reduce = 76%
2016-04-12 12:05:14,772 Stage-2 map = 100%,  reduce = 100%
Ended Job = job_201604121203_0002
Launching Job 3 out of 6
Number of reduce tasks not specified. Estimated from input data size: 8
In order to change the average load for a reducer (in bytes):
  set hive.exec.reducers.bytes.per.reducer=<number>
In order to limit the maximum number of reducers:
  set hive.exec.reducers.max=<number>
In order to set a constant number of reducers:
  set mapred.reduce.tasks=<number>
Starting Job = job_201604121203_0003, Tracking URL = http://belona.c3local:50030/jobdetails.jsp?jobid=job_201604121203_0003
Kill Command = /home/hadoop/hadoop/bin/../bin/hadoop job  -Dmapred.job.tracker=belona.c3local:9001 -kill job_201604121203_0003
2016-04-12 12:05:23,410 Stage-3 map = 0%,  reduce = 0%
2016-04-12 12:05:32,462 Stage-3 map = 6%,  reduce = 0%
2016-04-12 12:05:35,481 Stage-3 map = 12%,  reduce = 0%
2016-04-12 12:05:38,514 Stage-3 map = 17%,  reduce = 0%
2016-04-12 12:05:41,536 Stage-3 map = 20%,  reduce = 0%
2016-04-12 12:05:44,565 Stage-3 map = 22%,  reduce = 0%
2016-04-12 12:05:47,595 Stage-3 map = 24%,  reduce = 0%
2016-04-12 12:05:50,623 Stage-3 map = 25%,  reduce = 1%
2016-04-12 12:05:53,653 Stage-3 map = 26%,  reduce = 1%
2016-04-12 12:05:56,683 Stage-3 map = 28%,  reduce = 3%
2016-04-12 12:05:59,711 Stage-3 map = 30%,  reduce = 3%
2016-04-12 12:06:02,735 Stage-3 map = 33%,  reduce = 3%
2016-04-12 12:06:05,761 Stage-3 map = 37%,  reduce = 4%
2016-04-12 12:06:08,785 Stage-3 map = 40%,  reduce = 4%
2016-04-12 12:06:11,809 Stage-3 map = 43%,  reduce = 4%
2016-04-12 12:06:14,837 Stage-3 map = 47%,  reduce = 4%
2016-04-12 12:06:17,859 Stage-3 map = 49%,  reduce = 4%
2016-04-12 12:06:20,881 Stage-3 map = 51%,  reduce = 5%
2016-04-12 12:06:23,903 Stage-3 map = 53%,  reduce = 6%
2016-04-12 12:06:26,926 Stage-3 map = 54%,  reduce = 7%
2016-04-12 12:06:29,949 Stage-3 map = 56%,  reduce = 7%
2016-04-12 12:06:32,971 Stage-3 map = 59%,  reduce = 7%
2016-04-12 12:06:35,993 Stage-3 map = 63%,  reduce = 8%
2016-04-12 12:06:39,014 Stage-3 map = 66%,  reduce = 8%
2016-04-12 12:06:42,039 Stage-3 map = 69%,  reduce = 8%
2016-04-12 12:06:45,062 Stage-3 map = 71%,  reduce = 8%
2016-04-12 12:06:48,085 Stage-3 map = 73%,  reduce = 8%
2016-04-12 12:06:51,107 Stage-3 map = 76%,  reduce = 10%
2016-04-12 12:06:54,129 Stage-3 map = 78%,  reduce = 10%
2016-04-12 12:06:57,152 Stage-3 map = 80%,  reduce = 11%
2016-04-12 12:07:00,174 Stage-3 map = 82%,  reduce = 11%
2016-04-12 12:07:03,197 Stage-3 map = 85%,  reduce = 11%
2016-04-12 12:07:06,219 Stage-3 map = 90%,  reduce = 13%
2016-04-12 12:07:09,240 Stage-3 map = 92%,  reduce = 13%
2016-04-12 12:07:12,262 Stage-3 map = 94%,  reduce = 13%
2016-04-12 12:07:15,284 Stage-3 map = 97%,  reduce = 13%
2016-04-12 12:07:18,305 Stage-3 map = 99%,  reduce = 13%
2016-04-12 12:07:21,327 Stage-3 map = 100%,  reduce = 14%
2016-04-12 12:07:24,349 Stage-3 map = 100%,  reduce = 15%
2016-04-12 12:07:29,383 Stage-3 map = 100%,  reduce = 22%
2016-04-12 12:07:32,405 Stage-3 map = 100%,  reduce = 29%
2016-04-12 12:07:33,415 Stage-3 map = 100%,  reduce = 38%
2016-04-12 12:07:35,432 Stage-3 map = 100%,  reduce = 49%
2016-04-12 12:07:38,455 Stage-3 map = 100%,  reduce = 50%
2016-04-12 12:07:44,493 Stage-3 map = 100%,  reduce = 58%
2016-04-12 12:07:47,516 Stage-3 map = 100%,  reduce = 71%
2016-04-12 12:07:50,537 Stage-3 map = 100%,  reduce = 77%
2016-04-12 12:07:53,558 Stage-3 map = 100%,  reduce = 91%
2016-04-12 12:07:56,579 Stage-3 map = 100%,  reduce = 100%
Ended Job = job_201604121203_0003
Launching Job 4 out of 6
Number of reduce tasks not specified. Estimated from input data size: 1
In order to change the average load for a reducer (in bytes):
  set hive.exec.reducers.bytes.per.reducer=<number>
In order to limit the maximum number of reducers:
  set hive.exec.reducers.max=<number>
In order to set a constant number of reducers:
  set mapred.reduce.tasks=<number>
Starting Job = job_201604121203_0004, Tracking URL = http://belona.c3local:50030/jobdetails.jsp?jobid=job_201604121203_0004
Kill Command = /home/hadoop/hadoop/bin/../bin/hadoop job  -Dmapred.job.tracker=belona.c3local:9001 -kill job_201604121203_0004
2016-04-12 12:08:06,014 Stage-4 map = 0%,  reduce = 0%
2016-04-12 12:08:15,058 Stage-4 map = 50%,  reduce = 0%
2016-04-12 12:08:24,107 Stage-4 map = 100%,  reduce = 17%
2016-04-12 12:08:33,155 Stage-4 map = 100%,  reduce = 100%
Ended Job = job_201604121203_0004
Launching Job 5 out of 6
Number of reduce tasks determined at compile time: 1
In order to change the average load for a reducer (in bytes):
  set hive.exec.reducers.bytes.per.reducer=<number>
In order to limit the maximum number of reducers:
  set hive.exec.reducers.max=<number>
In order to set a constant number of reducers:
  set mapred.reduce.tasks=<number>
Starting Job = job_201604121203_0005, Tracking URL = http://belona.c3local:50030/jobdetails.jsp?jobid=job_201604121203_0005
Kill Command = /home/hadoop/hadoop/bin/../bin/hadoop job  -Dmapred.job.tracker=belona.c3local:9001 -kill job_201604121203_0005
2016-04-12 12:08:41,624 Stage-5 map = 0%,  reduce = 0%
2016-04-12 12:08:47,665 Stage-5 map = 100%,  reduce = 0%
