Hive history file=/tmp/hadoop/hive_job_log_hadoop_201604051535_1200878535.txt
OK
Time taken: 3.477 seconds
OK
Time taken: 0.079 seconds
OK
Time taken: 0.058 seconds
OK
Time taken: 0.059 seconds
FAILED: Error in metadata: MetaException(message:Got exception: org.apache.hadoop.ipc.RemoteException org.apache.hadoop.hdfs.server.namenode.SafeModeException: Cannot delete /user/hive/warehouse/q10_returned_item. Name node is in safe mode.
The ratio of reported blocks 1.0000 has reached the threshold 0.9990. Safe mode will be turned off automatically in 23 seconds.
	at org.apache.hadoop.hdfs.server.namenode.FSNamesystem.deleteInternal(FSNamesystem.java:1700)
	at org.apache.hadoop.hdfs.server.namenode.FSNamesystem.delete(FSNamesystem.java:1680)
	at org.apache.hadoop.hdfs.server.namenode.NameNode.delete(NameNode.java:517)
	at sun.reflect.NativeMethodAccessorImpl.invoke0(Native Method)
	at sun.reflect.NativeMethodAccessorImpl.invoke(NativeMethodAccessorImpl.java:57)
	at sun.reflect.DelegatingMethodAccessorImpl.invoke(DelegatingMethodAccessorImpl.java:43)
	at java.lang.reflect.Method.invoke(Method.java:606)
	at org.apache.hadoop.ipc.RPC$Server.call(RPC.java:508)
	at org.apache.hadoop.ipc.Server$Handler$1.run(Server.java:959)
	at org.apache.hadoop.ipc.Server$Handler$1.run(Server.java:955)
	at java.security.AccessController.doPrivileged(Native Method)
	at javax.security.auth.Subject.doAs(Subject.java:415)
	at org.apache.hadoop.ipc.Server$Handler.run(Server.java:953)
)
FAILED: Execution Error, return code 1 from org.apache.hadoop.hive.ql.exec.DDLTask
Hive history file=/tmp/hadoop/hive_job_log_hadoop_201604051535_445122749.txt
OK
Time taken: 2.966 seconds
OK
Time taken: 0.008 seconds
OK
Time taken: 0.011 seconds
OK
Time taken: 0.008 seconds
OK
Time taken: 0.009 seconds
OK
Time taken: 0.428 seconds
OK
Time taken: 0.038 seconds
OK
Time taken: 0.033 seconds
OK
Time taken: 0.042 seconds
OK
Time taken: 0.05 seconds
Total MapReduce jobs = 6
Launching Job 1 out of 6
Number of reduce tasks not specified. Estimated from input data size: 2
In order to change the average load for a reducer (in bytes):
  set hive.exec.reducers.bytes.per.reducer=<number>
In order to limit the maximum number of reducers:
  set hive.exec.reducers.max=<number>
In order to set a constant number of reducers:
  set mapred.reduce.tasks=<number>
Starting Job = job_201604051535_0001, Tracking URL = http://belona.c3local:50030/jobdetails.jsp?jobid=job_201604051535_0001
Kill Command = /home/hadoop/hadoop/bin/../bin/hadoop job  -Dmapred.job.tracker=belona.c3local:9001 -kill job_201604051535_0001
2016-04-05 15:35:55,118 Stage-1 map = 0%,  reduce = 0%
2016-04-05 15:36:04,186 Stage-1 map = 14%,  reduce = 0%
2016-04-05 15:36:07,222 Stage-1 map = 34%,  reduce = 0%
2016-04-05 15:36:10,257 Stage-1 map = 44%,  reduce = 0%
2016-04-05 15:36:13,291 Stage-1 map = 53%,  reduce = 0%
2016-04-05 15:36:16,324 Stage-1 map = 64%,  reduce = 0%
2016-04-05 15:36:19,359 Stage-1 map = 76%,  reduce = 7%
2016-04-05 15:36:22,393 Stage-1 map = 85%,  reduce = 7%
2016-04-05 15:36:25,426 Stage-1 map = 89%,  reduce = 7%
2016-04-05 15:36:28,461 Stage-1 map = 100%,  reduce = 7%
2016-04-05 15:36:34,525 Stage-1 map = 100%,  reduce = 23%
2016-04-05 15:36:37,560 Stage-1 map = 100%,  reduce = 47%
2016-04-05 15:36:40,597 Stage-1 map = 100%,  reduce = 100%
Ended Job = job_201604051535_0001
Launching Job 2 out of 6
Number of reduce tasks not specified. Estimated from input data size: 1
In order to change the average load for a reducer (in bytes):
  set hive.exec.reducers.bytes.per.reducer=<number>
In order to limit the maximum number of reducers:
  set hive.exec.reducers.max=<number>
In order to set a constant number of reducers:
  set mapred.reduce.tasks=<number>
Starting Job = job_201604051535_0002, Tracking URL = http://belona.c3local:50030/jobdetails.jsp?jobid=job_201604051535_0002
Kill Command = /home/hadoop/hadoop/bin/../bin/hadoop job  -Dmapred.job.tracker=belona.c3local:9001 -kill job_201604051535_0002
2016-04-05 15:36:49,217 Stage-2 map = 0%,  reduce = 0%
2016-04-05 15:36:52,240 Stage-2 map = 33%,  reduce = 0%
2016-04-05 15:36:55,270 Stage-2 map = 67%,  reduce = 0%
2016-04-05 15:36:58,299 Stage-2 map = 100%,  reduce = 0%
2016-04-05 15:37:01,327 Stage-2 map = 100%,  reduce = 33%
2016-04-05 15:37:04,354 Stage-2 map = 100%,  reduce = 80%
2016-04-05 15:37:07,383 Stage-2 map = 100%,  reduce = 100%
Ended Job = job_201604051535_0002
Launching Job 3 out of 6
Number of reduce tasks not specified. Estimated from input data size: 8
In order to change the average load for a reducer (in bytes):
  set hive.exec.reducers.bytes.per.reducer=<number>
In order to limit the maximum number of reducers:
  set hive.exec.reducers.max=<number>
In order to set a constant number of reducers:
  set mapred.reduce.tasks=<number>
Starting Job = job_201604051535_0003, Tracking URL = http://belona.c3local:50030/jobdetails.jsp?jobid=job_201604051535_0003
Kill Command = /home/hadoop/hadoop/bin/../bin/hadoop job  -Dmapred.job.tracker=belona.c3local:9001 -kill job_201604051535_0003
2016-04-05 15:37:16,041 Stage-3 map = 0%,  reduce = 0%
2016-04-05 15:37:25,092 Stage-3 map = 6%,  reduce = 0%
2016-04-05 15:37:28,112 Stage-3 map = 11%,  reduce = 0%
2016-04-05 15:37:31,132 Stage-3 map = 17%,  reduce = 0%
2016-04-05 15:37:34,155 Stage-3 map = 20%,  reduce = 0%
2016-04-05 15:37:37,197 Stage-3 map = 22%,  reduce = 0%
2016-04-05 15:37:40,225 Stage-3 map = 23%,  reduce = 0%
2016-04-05 15:37:43,253 Stage-3 map = 25%,  reduce = 1%
2016-04-05 15:37:46,282 Stage-3 map = 28%,  reduce = 2%
2016-04-05 15:37:49,311 Stage-3 map = 31%,  reduce = 2%
2016-04-05 15:37:52,341 Stage-3 map = 33%,  reduce = 2%
2016-04-05 15:37:55,371 Stage-3 map = 35%,  reduce = 3%
2016-04-05 15:37:58,398 Stage-3 map = 39%,  reduce = 4%
2016-04-05 15:38:01,424 Stage-3 map = 42%,  reduce = 4%
2016-04-05 15:38:04,448 Stage-3 map = 44%,  reduce = 4%
2016-04-05 15:38:07,471 Stage-3 map = 47%,  reduce = 4%
2016-04-05 15:38:10,497 Stage-3 map = 49%,  reduce = 5%
2016-04-05 15:38:13,520 Stage-3 map = 52%,  reduce = 6%
2016-04-05 15:38:16,543 Stage-3 map = 55%,  reduce = 7%
2016-04-05 15:38:19,567 Stage-3 map = 56%,  reduce = 7%
2016-04-05 15:38:22,590 Stage-3 map = 59%,  reduce = 7%
2016-04-05 15:38:25,611 Stage-3 map = 63%,  reduce = 8%
2016-04-05 15:38:28,633 Stage-3 map = 67%,  reduce = 8%
2016-04-05 15:38:31,655 Stage-3 map = 69%,  reduce = 9%
2016-04-05 15:38:34,676 Stage-3 map = 72%,  reduce = 9%
2016-04-05 15:38:37,696 Stage-3 map = 74%,  reduce = 9%
2016-04-05 15:38:40,718 Stage-3 map = 76%,  reduce = 10%
2016-04-05 15:38:43,740 Stage-3 map = 79%,  reduce = 11%
2016-04-05 15:38:46,762 Stage-3 map = 81%,  reduce = 11%
2016-04-05 15:38:49,783 Stage-3 map = 84%,  reduce = 12%
2016-04-05 15:38:52,806 Stage-3 map = 87%,  reduce = 12%
2016-04-05 15:38:55,827 Stage-3 map = 91%,  reduce = 12%
2016-04-05 15:38:58,849 Stage-3 map = 94%,  reduce = 12%
2016-04-05 15:39:01,872 Stage-3 map = 97%,  reduce = 12%
2016-04-05 15:39:03,909 Stage-3 map = 98%,  reduce = 13%
2016-04-05 15:39:04,919 Stage-3 map = 99%,  reduce = 14%
2016-04-05 15:39:06,935 Stage-3 map = 100%,  reduce = 15%
2016-04-05 15:39:12,975 Stage-3 map = 100%,  reduce = 16%
2016-04-05 15:39:15,997 Stage-3 map = 100%,  reduce = 25%
2016-04-05 15:39:19,018 Stage-3 map = 100%,  reduce = 38%
2016-04-05 15:39:22,041 Stage-3 map = 100%,  reduce = 45%
2016-04-05 15:39:25,063 Stage-3 map = 100%,  reduce = 50%
2016-04-05 15:39:31,103 Stage-3 map = 100%,  reduce = 54%
2016-04-05 15:39:34,125 Stage-3 map = 100%,  reduce = 66%
2016-04-05 15:39:37,146 Stage-3 map = 100%,  reduce = 77%
2016-04-05 15:39:40,168 Stage-3 map = 100%,  reduce = 90%
2016-04-05 15:39:43,189 Stage-3 map = 100%,  reduce = 97%
2016-04-05 15:39:46,210 Stage-3 map = 100%,  reduce = 100%
Ended Job = job_201604051535_0003
Launching Job 4 out of 6
Number of reduce tasks not specified. Estimated from input data size: 1
In order to change the average load for a reducer (in bytes):
  set hive.exec.reducers.bytes.per.reducer=<number>
In order to limit the maximum number of reducers:
  set hive.exec.reducers.max=<number>
In order to set a constant number of reducers:
  set mapred.reduce.tasks=<number>
Starting Job = job_201604051535_0004, Tracking URL = http://belona.c3local:50030/jobdetails.jsp?jobid=job_201604051535_0004
Kill Command = /home/hadoop/hadoop/bin/../bin/hadoop job  -Dmapred.job.tracker=belona.c3local:9001 -kill job_201604051535_0004
2016-04-05 15:39:55,675 Stage-4 map = 0%,  reduce = 0%
2016-04-05 15:40:04,718 Stage-4 map = 50%,  reduce = 0%
2016-04-05 15:40:13,767 Stage-4 map = 100%,  reduce = 17%
2016-04-05 15:40:22,817 Stage-4 map = 100%,  reduce = 100%
Ended Job = job_201604051535_0004
Launching Job 5 out of 6
Number of reduce tasks determined at compile time: 1
In order to change the average load for a reducer (in bytes):
  set hive.exec.reducers.bytes.per.reducer=<number>
In order to limit the maximum number of reducers:
  set hive.exec.reducers.max=<number>
In order to set a constant number of reducers:
  set mapred.reduce.tasks=<number>
Starting Job = job_201604051535_0005, Tracking URL = http://belona.c3local:50030/jobdetails.jsp?jobid=job_201604051535_0005
Kill Command = /home/hadoop/hadoop/bin/../bin/hadoop job  -Dmapred.job.tracker=belona.c3local:9001 -kill job_201604051535_0005
2016-04-05 15:40:31,293 Stage-5 map = 0%,  reduce = 0%
2016-04-05 15:40:37,321 Stage-5 map = 100%,  reduce = 0%
2016-04-05 15:40:46,379 Stage-5 map = 100%,  reduce = 100%
Ended Job = job_201604051535_0005
Launching Job 6 out of 6
Number of reduce tasks determined at compile time: 1
In order to change the average load for a reducer (in bytes):
  set hive.exec.reducers.bytes.per.reducer=<number>
In order to limit the maximum number of reducers:
  set hive.exec.reducers.max=<number>
In order to set a constant number of reducers:
  set mapred.reduce.tasks=<number>
Starting Job = job_201604051535_0006, Tracking URL = http://belona.c3local:50030/jobdetails.jsp?jobid=job_201604051535_0006
Kill Command = /home/hadoop/hadoop/bin/../bin/hadoop job  -Dmapred.job.tracker=belona.c3local:9001 -kill job_201604051535_0006
2016-04-05 15:40:55,784 Stage-6 map = 0%,  reduce = 0%
2016-04-05 15:40:58,800 Stage-6 map = 100%,  reduce = 0%
2016-04-05 15:41:07,850 Stage-6 map = 100%,  reduce = 100%
Ended Job = job_201604051535_0006
Loading data to table q10_returned_item
20 Rows loaded to q10_returned_item
OK
Time taken: 322.29 seconds
