Hive history file=/tmp/hadoop/hive_job_log_hadoop_201604121215_96889366.txt
OK
Time taken: 3.439 seconds
OK
Time taken: 0.064 seconds
OK
Time taken: 0.059 seconds
OK
Time taken: 0.058 seconds
FAILED: Error in metadata: MetaException(message:Got exception: org.apache.hadoop.ipc.RemoteException org.apache.hadoop.hdfs.server.namenode.SafeModeException: Cannot delete /user/hive/warehouse/q10_returned_item. Name node is in safe mode.
The ratio of reported blocks 1.0000 has reached the threshold 0.9990. Safe mode will be turned off automatically in 24 seconds.
	at org.apache.hadoop.hdfs.server.namenode.FSNamesystem.deleteInternal(FSNamesystem.java:1700)
	at org.apache.hadoop.hdfs.server.namenode.FSNamesystem.delete(FSNamesystem.java:1680)
	at org.apache.hadoop.hdfs.server.namenode.NameNode.delete(NameNode.java:517)
	at sun.reflect.NativeMethodAccessorImpl.invoke0(Native Method)
	at sun.reflect.NativeMethodAccessorImpl.invoke(NativeMethodAccessorImpl.java:57)
	at sun.reflect.DelegatingMethodAccessorImpl.invoke(DelegatingMethodAccessorImpl.java:43)
	at java.lang.reflect.Method.invoke(Method.java:606)
	at org.apache.hadoop.ipc.RPC$Server.call(RPC.java:508)
	at org.apache.hadoop.ipc.Server$Handler$1.run(Server.java:959)
	at org.apache.hadoop.ipc.Server$Handler$1.run(Server.java:955)
	at java.security.AccessController.doPrivileged(Native Method)
	at javax.security.auth.Subject.doAs(Subject.java:415)
	at org.apache.hadoop.ipc.Server$Handler.run(Server.java:953)
)
FAILED: Execution Error, return code 1 from org.apache.hadoop.hive.ql.exec.DDLTask
Hive history file=/tmp/hadoop/hive_job_log_hadoop_201604121215_1032785137.txt
OK
Time taken: 2.904 seconds
OK
Time taken: 0.008 seconds
OK
Time taken: 0.01 seconds
OK
Time taken: 0.007 seconds
OK
Time taken: 0.009 seconds
OK
Time taken: 0.432 seconds
OK
Time taken: 0.032 seconds
OK
Time taken: 0.033 seconds
OK
Time taken: 0.033 seconds
OK
Time taken: 0.034 seconds
Total MapReduce jobs = 6
Launching Job 1 out of 6
Number of reduce tasks not specified. Estimated from input data size: 2
In order to change the average load for a reducer (in bytes):
  set hive.exec.reducers.bytes.per.reducer=<number>
In order to limit the maximum number of reducers:
  set hive.exec.reducers.max=<number>
In order to set a constant number of reducers:
  set mapred.reduce.tasks=<number>
Starting Job = job_201604121215_0001, Tracking URL = http://belona.c3local:50030/jobdetails.jsp?jobid=job_201604121215_0001
Kill Command = /home/hadoop/hadoop/bin/../bin/hadoop job  -Dmapred.job.tracker=belona.c3local:9001 -kill job_201604121215_0001
2016-04-12 12:15:20,371 Stage-1 map = 0%,  reduce = 0%
2016-04-12 12:15:29,437 Stage-1 map = 16%,  reduce = 0%
2016-04-12 12:15:31,455 Stage-1 map = 23%,  reduce = 0%
2016-04-12 12:15:32,467 Stage-1 map = 37%,  reduce = 0%
2016-04-12 12:15:34,484 Stage-1 map = 44%,  reduce = 0%
2016-04-12 12:15:35,506 Stage-1 map = 48%,  reduce = 0%
2016-04-12 12:15:37,532 Stage-1 map = 56%,  reduce = 0%
2016-04-12 12:15:38,549 Stage-1 map = 63%,  reduce = 0%
2016-04-12 12:15:40,573 Stage-1 map = 72%,  reduce = 0%
2016-04-12 12:15:43,610 Stage-1 map = 77%,  reduce = 0%
2016-04-12 12:15:46,643 Stage-1 map = 83%,  reduce = 13%
2016-04-12 12:15:49,678 Stage-1 map = 86%,  reduce = 13%
2016-04-12 12:15:52,711 Stage-1 map = 93%,  reduce = 13%
2016-04-12 12:15:55,747 Stage-1 map = 100%,  reduce = 20%
2016-04-12 12:16:01,807 Stage-1 map = 100%,  reduce = 27%
2016-04-12 12:16:07,876 Stage-1 map = 100%,  reduce = 88%
2016-04-12 12:16:10,913 Stage-1 map = 100%,  reduce = 100%
Ended Job = job_201604121215_0001
Launching Job 2 out of 6
Number of reduce tasks not specified. Estimated from input data size: 1
In order to change the average load for a reducer (in bytes):
  set hive.exec.reducers.bytes.per.reducer=<number>
In order to limit the maximum number of reducers:
  set hive.exec.reducers.max=<number>
In order to set a constant number of reducers:
  set mapred.reduce.tasks=<number>
Starting Job = job_201604121215_0002, Tracking URL = http://belona.c3local:50030/jobdetails.jsp?jobid=job_201604121215_0002
Kill Command = /home/hadoop/hadoop/bin/../bin/hadoop job  -Dmapred.job.tracker=belona.c3local:9001 -kill job_201604121215_0002
2016-04-12 12:16:20,431 Stage-2 map = 0%,  reduce = 0%
2016-04-12 12:16:26,472 Stage-2 map = 33%,  reduce = 0%
2016-04-12 12:16:29,499 Stage-2 map = 95%,  reduce = 0%
2016-04-12 12:16:32,527 Stage-2 map = 100%,  reduce = 0%
2016-04-12 12:16:35,555 Stage-2 map = 100%,  reduce = 11%
2016-04-12 12:16:44,628 Stage-2 map = 100%,  reduce = 76%
2016-04-12 12:16:47,656 Stage-2 map = 100%,  reduce = 100%
Ended Job = job_201604121215_0002
Launching Job 3 out of 6
Number of reduce tasks not specified. Estimated from input data size: 8
In order to change the average load for a reducer (in bytes):
  set hive.exec.reducers.bytes.per.reducer=<number>
In order to limit the maximum number of reducers:
  set hive.exec.reducers.max=<number>
In order to set a constant number of reducers:
  set mapred.reduce.tasks=<number>
Starting Job = job_201604121215_0003, Tracking URL = http://belona.c3local:50030/jobdetails.jsp?jobid=job_201604121215_0003
Kill Command = /home/hadoop/hadoop/bin/../bin/hadoop job  -Dmapred.job.tracker=belona.c3local:9001 -kill job_201604121215_0003
2016-04-12 12:16:56,383 Stage-3 map = 0%,  reduce = 0%
2016-04-12 12:17:05,434 Stage-3 map = 7%,  reduce = 0%
2016-04-12 12:17:08,453 Stage-3 map = 12%,  reduce = 0%
2016-04-12 12:17:11,472 Stage-3 map = 17%,  reduce = 0%
2016-04-12 12:17:14,494 Stage-3 map = 20%,  reduce = 0%
2016-04-12 12:17:17,525 Stage-3 map = 22%,  reduce = 0%
2016-04-12 12:17:20,555 Stage-3 map = 24%,  reduce = 0%
2016-04-12 12:17:23,583 Stage-3 map = 25%,  reduce = 0%
2016-04-12 12:17:26,613 Stage-3 map = 26%,  reduce = 2%
2016-04-12 12:17:29,641 Stage-3 map = 28%,  reduce = 3%
2016-04-12 12:17:32,666 Stage-3 map = 29%,  reduce = 3%
2016-04-12 12:17:34,684 Stage-3 map = 30%,  reduce = 3%
2016-04-12 12:17:35,695 Stage-3 map = 32%,  reduce = 4%
2016-04-12 12:17:37,713 Stage-3 map = 34%,  reduce = 4%
2016-04-12 12:17:38,724 Stage-3 map = 36%,  reduce = 4%
2016-04-12 12:17:40,741 Stage-3 map = 39%,  reduce = 4%
2016-04-12 12:17:43,765 Stage-3 map = 43%,  reduce = 4%
2016-04-12 12:17:46,789 Stage-3 map = 47%,  reduce = 4%
2016-04-12 12:17:49,813 Stage-3 map = 49%,  reduce = 4%
2016-04-12 12:17:52,834 Stage-3 map = 50%,  reduce = 4%
2016-04-12 12:17:55,857 Stage-3 map = 51%,  reduce = 6%
2016-04-12 12:17:58,878 Stage-3 map = 53%,  reduce = 7%
2016-04-12 12:18:01,901 Stage-3 map = 55%,  reduce = 7%
2016-04-12 12:18:04,922 Stage-3 map = 58%,  reduce = 8%
2016-04-12 12:18:07,944 Stage-3 map = 62%,  reduce = 8%
2016-04-12 12:18:10,966 Stage-3 map = 65%,  reduce = 8%
2016-04-12 12:18:13,987 Stage-3 map = 69%,  reduce = 8%
2016-04-12 12:18:17,010 Stage-3 map = 71%,  reduce = 8%
2016-04-12 12:18:20,032 Stage-3 map = 73%,  reduce = 8%
2016-04-12 12:18:23,054 Stage-3 map = 75%,  reduce = 8%
2016-04-12 12:18:26,075 Stage-3 map = 76%,  reduce = 10%
2016-04-12 12:18:29,097 Stage-3 map = 78%,  reduce = 11%
2016-04-12 12:18:32,120 Stage-3 map = 80%,  reduce = 11%
2016-04-12 12:18:35,141 Stage-3 map = 83%,  reduce = 12%
2016-04-12 12:18:38,162 Stage-3 map = 87%,  reduce = 12%
2016-04-12 12:18:41,183 Stage-3 map = 91%,  reduce = 12%
2016-04-12 12:18:44,204 Stage-3 map = 94%,  reduce = 12%
2016-04-12 12:18:47,226 Stage-3 map = 96%,  reduce = 12%
2016-04-12 12:18:50,248 Stage-3 map = 98%,  reduce = 12%
2016-04-12 12:18:53,269 Stage-3 map = 99%,  reduce = 12%
2016-04-12 12:18:56,291 Stage-3 map = 100%,  reduce = 14%
2016-04-12 12:19:02,329 Stage-3 map = 100%,  reduce = 16%
2016-04-12 12:19:05,352 Stage-3 map = 100%,  reduce = 26%
2016-04-12 12:19:08,373 Stage-3 map = 100%,  reduce = 38%
2016-04-12 12:19:11,395 Stage-3 map = 100%,  reduce = 48%
2016-04-12 12:19:14,418 Stage-3 map = 100%,  reduce = 50%
2016-04-12 12:19:20,459 Stage-3 map = 100%,  reduce = 58%
2016-04-12 12:19:23,481 Stage-3 map = 100%,  reduce = 75%
2016-04-12 12:19:26,502 Stage-3 map = 100%,  reduce = 82%
2016-04-12 12:19:29,524 Stage-3 map = 100%,  reduce = 92%
2016-04-12 12:19:32,546 Stage-3 map = 100%,  reduce = 100%
Ended Job = job_201604121215_0003
Launching Job 4 out of 6
Number of reduce tasks not specified. Estimated from input data size: 1
In order to change the average load for a reducer (in bytes):
  set hive.exec.reducers.bytes.per.reducer=<number>
In order to limit the maximum number of reducers:
  set hive.exec.reducers.max=<number>
In order to set a constant number of reducers:
  set mapred.reduce.tasks=<number>
Starting Job = job_201604121215_0004, Tracking URL = http://belona.c3local:50030/jobdetails.jsp?jobid=job_201604121215_0004
Kill Command = /home/hadoop/hadoop/bin/../bin/hadoop job  -Dmapred.job.tracker=belona.c3local:9001 -kill job_201604121215_0004
2016-04-12 12:19:41,485 Stage-4 map = 0%,  reduce = 0%
2016-04-12 12:19:50,527 Stage-4 map = 50%,  reduce = 0%
2016-04-12 12:19:59,577 Stage-4 map = 100%,  reduce = 17%
2016-04-12 12:20:08,627 Stage-4 map = 100%,  reduce = 94%
2016-04-12 12:20:11,646 Stage-4 map = 100%,  reduce = 100%
Ended Job = job_201604121215_0004
Launching Job 5 out of 6
Number of reduce tasks determined at compile time: 1
In order to change the average load for a reducer (in bytes):
  set hive.exec.reducers.bytes.per.reducer=<number>
In order to limit the maximum number of reducers:
  set hive.exec.reducers.max=<number>
In order to set a constant number of reducers:
  set mapred.reduce.tasks=<number>
Starting Job = job_201604121215_0005, Tracking URL = http://belona.c3local:50030/jobdetails.jsp?jobid=job_201604121215_0005
Kill Command = /home/hadoop/hadoop/bin/../bin/hadoop job  -Dmapred.job.tracker=belona.c3local:9001 -kill job_201604121215_0005
2016-04-12 12:20:20,046 Stage-5 map = 0%,  reduce = 0%
2016-04-12 12:20:26,075 Stage-5 map = 100%,  reduce = 0%
2016-04-12 12:20:35,122 Stage-5 map = 100%,  reduce = 100%
Ended Job = job_201604121215_0005
Launching Job 6 out of 6
Number of reduce tasks determined at compile time: 1
In order to change the average load for a reducer (in bytes):
  set hive.exec.reducers.bytes.per.reducer=<number>
In order to limit the maximum number of reducers:
  set hive.exec.reducers.max=<number>
In order to set a constant number of reducers:
  set mapred.reduce.tasks=<number>
Starting Job = job_201604121215_0006, Tracking URL = http://belona.c3local:50030/jobdetails.jsp?jobid=job_201604121215_0006
Kill Command = /home/hadoop/hadoop/bin/../bin/hadoop job  -Dmapred.job.tracker=belona.c3local:9001 -kill job_201604121215_0006
2016-04-12 12:20:44,551 Stage-6 map = 0%,  reduce = 0%
2016-04-12 12:20:47,568 Stage-6 map = 100%,  reduce = 0%
2016-04-12 12:20:56,619 Stage-6 map = 100%,  reduce = 100%
Ended Job = job_201604121215_0006
Loading data to table q10_returned_item
20 Rows loaded to q10_returned_item
OK
Time taken: 346.324 seconds
