Hive history file=/tmp/hadoop/hive_job_log_hadoop_201604051610_1824575341.txt
OK
Time taken: 4.674 seconds
OK
Time taken: 0.105 seconds
OK
Time taken: 0.083 seconds
OK
Time taken: 0.083 seconds
FAILED: Error in metadata: MetaException(message:Got exception: org.apache.hadoop.ipc.RemoteException org.apache.hadoop.hdfs.server.namenode.SafeModeException: Cannot delete /user/hive/warehouse/q10_returned_item. Name node is in safe mode.
The ratio of reported blocks 1.0000 has reached the threshold 0.9990. Safe mode will be turned off automatically in 22 seconds.
	at org.apache.hadoop.hdfs.server.namenode.FSNamesystem.deleteInternal(FSNamesystem.java:1700)
	at org.apache.hadoop.hdfs.server.namenode.FSNamesystem.delete(FSNamesystem.java:1680)
	at org.apache.hadoop.hdfs.server.namenode.NameNode.delete(NameNode.java:517)
	at sun.reflect.NativeMethodAccessorImpl.invoke0(Native Method)
	at sun.reflect.NativeMethodAccessorImpl.invoke(NativeMethodAccessorImpl.java:57)
	at sun.reflect.DelegatingMethodAccessorImpl.invoke(DelegatingMethodAccessorImpl.java:43)
	at java.lang.reflect.Method.invoke(Method.java:606)
	at org.apache.hadoop.ipc.RPC$Server.call(RPC.java:508)
	at org.apache.hadoop.ipc.Server$Handler$1.run(Server.java:959)
	at org.apache.hadoop.ipc.Server$Handler$1.run(Server.java:955)
	at java.security.AccessController.doPrivileged(Native Method)
	at javax.security.auth.Subject.doAs(Subject.java:415)
	at org.apache.hadoop.ipc.Server$Handler.run(Server.java:953)
)
FAILED: Execution Error, return code 1 from org.apache.hadoop.hive.ql.exec.DDLTask
Hive history file=/tmp/hadoop/hive_job_log_hadoop_201604051610_821990222.txt
OK
Time taken: 3.894 seconds
OK
Time taken: 0.008 seconds
OK
Time taken: 0.011 seconds
OK
Time taken: 0.008 seconds
OK
Time taken: 0.008 seconds
OK
Time taken: 0.466 seconds
OK
Time taken: 0.057 seconds
OK
Time taken: 0.065 seconds
OK
Time taken: 0.049 seconds
OK
Time taken: 0.066 seconds
Total MapReduce jobs = 6
Launching Job 1 out of 6
Number of reduce tasks not specified. Estimated from input data size: 2
In order to change the average load for a reducer (in bytes):
  set hive.exec.reducers.bytes.per.reducer=<number>
In order to limit the maximum number of reducers:
  set hive.exec.reducers.max=<number>
In order to set a constant number of reducers:
  set mapred.reduce.tasks=<number>
Starting Job = job_201604051610_0001, Tracking URL = http://belona.c3local:50030/jobdetails.jsp?jobid=job_201604051610_0001
Kill Command = /home/hadoop/hadoop/bin/../bin/hadoop job  -Dmapred.job.tracker=belona.c3local:9001 -kill job_201604051610_0001
2016-04-05 16:10:40,789 Stage-1 map = 0%,  reduce = 0%
2016-04-05 16:10:49,855 Stage-1 map = 14%,  reduce = 0%
2016-04-05 16:10:52,892 Stage-1 map = 34%,  reduce = 0%
2016-04-05 16:10:55,941 Stage-1 map = 44%,  reduce = 0%
2016-04-05 16:10:58,974 Stage-1 map = 53%,  reduce = 0%
2016-04-05 16:11:02,006 Stage-1 map = 65%,  reduce = 0%
2016-04-05 16:11:05,039 Stage-1 map = 77%,  reduce = 7%
2016-04-05 16:11:07,063 Stage-1 map = 82%,  reduce = 7%
2016-04-05 16:11:08,078 Stage-1 map = 85%,  reduce = 7%
2016-04-05 16:11:10,103 Stage-1 map = 89%,  reduce = 7%
2016-04-05 16:11:13,138 Stage-1 map = 100%,  reduce = 7%
2016-04-05 16:11:19,198 Stage-1 map = 100%,  reduce = 23%
2016-04-05 16:11:22,230 Stage-1 map = 100%,  reduce = 47%
2016-04-05 16:11:25,268 Stage-1 map = 100%,  reduce = 87%
2016-04-05 16:11:28,306 Stage-1 map = 100%,  reduce = 100%
Ended Job = job_201604051610_0001
Launching Job 2 out of 6
Number of reduce tasks not specified. Estimated from input data size: 1
In order to change the average load for a reducer (in bytes):
  set hive.exec.reducers.bytes.per.reducer=<number>
In order to limit the maximum number of reducers:
  set hive.exec.reducers.max=<number>
In order to set a constant number of reducers:
  set mapred.reduce.tasks=<number>
Starting Job = job_201604051610_0002, Tracking URL = http://belona.c3local:50030/jobdetails.jsp?jobid=job_201604051610_0002
Kill Command = /home/hadoop/hadoop/bin/../bin/hadoop job  -Dmapred.job.tracker=belona.c3local:9001 -kill job_201604051610_0002
2016-04-05 16:11:37,910 Stage-2 map = 0%,  reduce = 0%
2016-04-05 16:11:40,934 Stage-2 map = 33%,  reduce = 0%
2016-04-05 16:11:43,963 Stage-2 map = 67%,  reduce = 0%
2016-04-05 16:11:46,990 Stage-2 map = 100%,  reduce = 0%
2016-04-05 16:11:50,018 Stage-2 map = 100%,  reduce = 33%
2016-04-05 16:11:53,046 Stage-2 map = 100%,  reduce = 78%
2016-04-05 16:11:56,076 Stage-2 map = 100%,  reduce = 100%
Ended Job = job_201604051610_0002
Launching Job 3 out of 6
Number of reduce tasks not specified. Estimated from input data size: 8
In order to change the average load for a reducer (in bytes):
  set hive.exec.reducers.bytes.per.reducer=<number>
In order to limit the maximum number of reducers:
  set hive.exec.reducers.max=<number>
In order to set a constant number of reducers:
  set mapred.reduce.tasks=<number>
Starting Job = job_201604051610_0003, Tracking URL = http://belona.c3local:50030/jobdetails.jsp?jobid=job_201604051610_0003
Kill Command = /home/hadoop/hadoop/bin/../bin/hadoop job  -Dmapred.job.tracker=belona.c3local:9001 -kill job_201604051610_0003
2016-04-05 16:12:04,742 Stage-3 map = 0%,  reduce = 0%
2016-04-05 16:12:13,794 Stage-3 map = 6%,  reduce = 0%
2016-04-05 16:12:16,814 Stage-3 map = 12%,  reduce = 0%
2016-04-05 16:12:19,848 Stage-3 map = 18%,  reduce = 0%
2016-04-05 16:12:22,871 Stage-3 map = 20%,  reduce = 0%
2016-04-05 16:12:25,898 Stage-3 map = 23%,  reduce = 0%
2016-04-05 16:12:28,926 Stage-3 map = 24%,  reduce = 0%
2016-04-05 16:12:31,954 Stage-3 map = 26%,  reduce = 1%
2016-04-05 16:12:34,982 Stage-3 map = 28%,  reduce = 2%
2016-04-05 16:12:38,012 Stage-3 map = 30%,  reduce = 2%
2016-04-05 16:12:41,039 Stage-3 map = 32%,  reduce = 3%
2016-04-05 16:12:44,065 Stage-3 map = 36%,  reduce = 4%
2016-04-05 16:12:47,091 Stage-3 map = 39%,  reduce = 4%
2016-04-05 16:12:50,115 Stage-3 map = 43%,  reduce = 4%
2016-04-05 16:12:53,140 Stage-3 map = 46%,  reduce = 4%
2016-04-05 16:12:56,164 Stage-3 map = 48%,  reduce = 4%
2016-04-05 16:12:59,187 Stage-3 map = 50%,  reduce = 4%
2016-04-05 16:13:02,211 Stage-3 map = 52%,  reduce = 5%
2016-04-05 16:13:05,238 Stage-3 map = 55%,  reduce = 7%
2016-04-05 16:13:08,264 Stage-3 map = 56%,  reduce = 7%
2016-04-05 16:13:10,280 Stage-3 map = 60%,  reduce = 8%
2016-04-05 16:13:13,301 Stage-3 map = 64%,  reduce = 8%
2016-04-05 16:13:16,324 Stage-3 map = 68%,  reduce = 8%
2016-04-05 16:13:19,345 Stage-3 map = 70%,  reduce = 8%
2016-04-05 16:13:22,366 Stage-3 map = 73%,  reduce = 8%
2016-04-05 16:13:25,387 Stage-3 map = 75%,  reduce = 9%
2016-04-05 16:13:28,409 Stage-3 map = 78%,  reduce = 10%
2016-04-05 16:13:31,431 Stage-3 map = 80%,  reduce = 11%
2016-04-05 16:13:34,452 Stage-3 map = 82%,  reduce = 13%
2016-04-05 16:13:37,475 Stage-3 map = 86%,  reduce = 13%
2016-04-05 16:13:40,496 Stage-3 map = 89%,  reduce = 13%
2016-04-05 16:13:43,517 Stage-3 map = 93%,  reduce = 13%
2016-04-05 16:13:46,539 Stage-3 map = 95%,  reduce = 13%
2016-04-05 16:13:49,560 Stage-3 map = 99%,  reduce = 13%
2016-04-05 16:13:52,581 Stage-3 map = 100%,  reduce = 14%
2016-04-05 16:13:55,603 Stage-3 map = 100%,  reduce = 15%
2016-04-05 16:14:04,658 Stage-3 map = 100%,  reduce = 25%
2016-04-05 16:14:07,679 Stage-3 map = 100%,  reduce = 38%
2016-04-05 16:14:10,702 Stage-3 map = 100%,  reduce = 47%
2016-04-05 16:14:13,723 Stage-3 map = 100%,  reduce = 50%
2016-04-05 16:14:19,762 Stage-3 map = 100%,  reduce = 58%
2016-04-05 16:14:22,785 Stage-3 map = 100%,  reduce = 71%
2016-04-05 16:14:25,805 Stage-3 map = 100%,  reduce = 80%
2016-04-05 16:14:28,827 Stage-3 map = 100%,  reduce = 90%
2016-04-05 16:14:31,848 Stage-3 map = 100%,  reduce = 100%
Ended Job = job_201604051610_0003
Launching Job 4 out of 6
Number of reduce tasks not specified. Estimated from input data size: 1
In order to change the average load for a reducer (in bytes):
  set hive.exec.reducers.bytes.per.reducer=<number>
In order to limit the maximum number of reducers:
  set hive.exec.reducers.max=<number>
In order to set a constant number of reducers:
  set mapred.reduce.tasks=<number>
Starting Job = job_201604051610_0004, Tracking URL = http://belona.c3local:50030/jobdetails.jsp?jobid=job_201604051610_0004
Kill Command = /home/hadoop/hadoop/bin/../bin/hadoop job  -Dmapred.job.tracker=belona.c3local:9001 -kill job_201604051610_0004
2016-04-05 16:14:41,334 Stage-4 map = 0%,  reduce = 0%
2016-04-05 16:14:50,377 Stage-4 map = 50%,  reduce = 0%
2016-04-05 16:14:59,426 Stage-4 map = 100%,  reduce = 17%
2016-04-05 16:15:07,471 Stage-4 map = 100%,  reduce = 98%
2016-04-05 16:15:10,490 Stage-4 map = 100%,  reduce = 100%
Ended Job = job_201604051610_0004
Launching Job 5 out of 6
Number of reduce tasks determined at compile time: 1
In order to change the average load for a reducer (in bytes):
  set hive.exec.reducers.bytes.per.reducer=<number>
In order to limit the maximum number of reducers:
  set hive.exec.reducers.max=<number>
In order to set a constant number of reducers:
  set mapred.reduce.tasks=<number>
Starting Job = job_201604051610_0005, Tracking URL = http://belona.c3local:50030/jobdetails.jsp?jobid=job_201604051610_0005
Kill Command = /home/hadoop/hadoop/bin/../bin/hadoop job  -Dmapred.job.tracker=belona.c3local:9001 -kill job_201604051610_0005
2016-04-05 16:15:20,107 Stage-5 map = 0%,  reduce = 0%
2016-04-05 16:15:29,150 Stage-5 map = 100%,  reduce = 0%
2016-04-05 16:15:38,196 Stage-5 map = 100%,  reduce = 100%
Ended Job = job_201604051610_0005
Launching Job 6 out of 6
Number of reduce tasks determined at compile time: 1
In order to change the average load for a reducer (in bytes):
  set hive.exec.reducers.bytes.per.reducer=<number>
In order to limit the maximum number of reducers:
  set hive.exec.reducers.max=<number>
In order to set a constant number of reducers:
  set mapred.reduce.tasks=<number>
Starting Job = job_201604051610_0006, Tracking URL = http://belona.c3local:50030/jobdetails.jsp?jobid=job_201604051610_0006
Kill Command = /home/hadoop/hadoop/bin/../bin/hadoop job  -Dmapred.job.tracker=belona.c3local:9001 -kill job_201604051610_0006
2016-04-05 16:15:46,590 Stage-6 map = 0%,  reduce = 0%
2016-04-05 16:15:49,607 Stage-6 map = 100%,  reduce = 0%
2016-04-05 16:15:58,657 Stage-6 map = 100%,  reduce = 100%
Ended Job = job_201604051610_0006
Loading data to table q10_returned_item
20 Rows loaded to q10_returned_item
OK
Time taken: 328.881 seconds
