Hive history file=/tmp/hadoop/hive_job_log_hadoop_201604112321_1820372893.txt
OK
Time taken: 3.453 seconds
OK
Time taken: 0.065 seconds
OK
Time taken: 0.058 seconds
OK
Time taken: 0.058 seconds
FAILED: Error in metadata: MetaException(message:Got exception: org.apache.hadoop.ipc.RemoteException org.apache.hadoop.hdfs.server.namenode.SafeModeException: Cannot delete /user/hive/warehouse/q10_returned_item. Name node is in safe mode.
The ratio of reported blocks 1.0000 has reached the threshold 0.9990. Safe mode will be turned off automatically in 24 seconds.
	at org.apache.hadoop.hdfs.server.namenode.FSNamesystem.deleteInternal(FSNamesystem.java:1700)
	at org.apache.hadoop.hdfs.server.namenode.FSNamesystem.delete(FSNamesystem.java:1680)
	at org.apache.hadoop.hdfs.server.namenode.NameNode.delete(NameNode.java:517)
	at sun.reflect.NativeMethodAccessorImpl.invoke0(Native Method)
	at sun.reflect.NativeMethodAccessorImpl.invoke(NativeMethodAccessorImpl.java:57)
	at sun.reflect.DelegatingMethodAccessorImpl.invoke(DelegatingMethodAccessorImpl.java:43)
	at java.lang.reflect.Method.invoke(Method.java:606)
	at org.apache.hadoop.ipc.RPC$Server.call(RPC.java:508)
	at org.apache.hadoop.ipc.Server$Handler$1.run(Server.java:959)
	at org.apache.hadoop.ipc.Server$Handler$1.run(Server.java:955)
	at java.security.AccessController.doPrivileged(Native Method)
	at javax.security.auth.Subject.doAs(Subject.java:415)
	at org.apache.hadoop.ipc.Server$Handler.run(Server.java:953)
)
FAILED: Execution Error, return code 1 from org.apache.hadoop.hive.ql.exec.DDLTask
Hive history file=/tmp/hadoop/hive_job_log_hadoop_201604112321_893314941.txt
OK
Time taken: 2.947 seconds
OK
Time taken: 0.007 seconds
OK
Time taken: 0.012 seconds
OK
Time taken: 0.008 seconds
OK
Time taken: 0.009 seconds
OK
Time taken: 0.435 seconds
OK
Time taken: 0.031 seconds
OK
Time taken: 0.034 seconds
OK
Time taken: 0.033 seconds
OK
Time taken: 0.034 seconds
Total MapReduce jobs = 6
Launching Job 1 out of 6
Number of reduce tasks not specified. Estimated from input data size: 2
In order to change the average load for a reducer (in bytes):
  set hive.exec.reducers.bytes.per.reducer=<number>
In order to limit the maximum number of reducers:
  set hive.exec.reducers.max=<number>
In order to set a constant number of reducers:
  set mapred.reduce.tasks=<number>
Starting Job = job_201604112321_0001, Tracking URL = http://belona.c3local:50030/jobdetails.jsp?jobid=job_201604112321_0001
Kill Command = /home/hadoop/hadoop/bin/../bin/hadoop job  -Dmapred.job.tracker=belona.c3local:9001 -kill job_201604112321_0001
2016-04-11 23:22:02,330 Stage-1 map = 0%,  reduce = 0%
2016-04-11 23:22:11,397 Stage-1 map = 14%,  reduce = 0%
2016-04-11 23:22:14,432 Stage-1 map = 28%,  reduce = 0%
2016-04-11 23:22:17,467 Stage-1 map = 37%,  reduce = 0%
2016-04-11 23:22:20,501 Stage-1 map = 45%,  reduce = 0%
2016-04-11 23:22:23,533 Stage-1 map = 59%,  reduce = 7%
2016-04-11 23:22:26,568 Stage-1 map = 73%,  reduce = 7%
2016-04-11 23:22:29,601 Stage-1 map = 87%,  reduce = 7%
2016-04-11 23:22:32,634 Stage-1 map = 97%,  reduce = 7%
2016-04-11 23:22:35,667 Stage-1 map = 100%,  reduce = 7%
2016-04-11 23:22:38,702 Stage-1 map = 100%,  reduce = 20%
2016-04-11 23:22:41,735 Stage-1 map = 100%,  reduce = 67%
2016-04-11 23:22:44,775 Stage-1 map = 100%,  reduce = 93%
2016-04-11 23:22:47,812 Stage-1 map = 100%,  reduce = 100%
Ended Job = job_201604112321_0001
Launching Job 2 out of 6
Number of reduce tasks not specified. Estimated from input data size: 1
In order to change the average load for a reducer (in bytes):
  set hive.exec.reducers.bytes.per.reducer=<number>
In order to limit the maximum number of reducers:
  set hive.exec.reducers.max=<number>
In order to set a constant number of reducers:
  set mapred.reduce.tasks=<number>
Starting Job = job_201604112321_0002, Tracking URL = http://belona.c3local:50030/jobdetails.jsp?jobid=job_201604112321_0002
Kill Command = /home/hadoop/hadoop/bin/../bin/hadoop job  -Dmapred.job.tracker=belona.c3local:9001 -kill job_201604112321_0002
2016-04-11 23:22:56,844 Stage-2 map = 0%,  reduce = 0%
2016-04-11 23:22:59,866 Stage-2 map = 33%,  reduce = 0%
2016-04-11 23:23:05,916 Stage-2 map = 95%,  reduce = 0%
2016-04-11 23:23:08,944 Stage-2 map = 100%,  reduce = 11%
2016-04-11 23:23:18,018 Stage-2 map = 100%,  reduce = 100%
Ended Job = job_201604112321_0002
Launching Job 3 out of 6
Number of reduce tasks not specified. Estimated from input data size: 8
In order to change the average load for a reducer (in bytes):
  set hive.exec.reducers.bytes.per.reducer=<number>
In order to limit the maximum number of reducers:
  set hive.exec.reducers.max=<number>
In order to set a constant number of reducers:
  set mapred.reduce.tasks=<number>
Starting Job = job_201604112321_0003, Tracking URL = http://belona.c3local:50030/jobdetails.jsp?jobid=job_201604112321_0003
Kill Command = /home/hadoop/hadoop/bin/../bin/hadoop job  -Dmapred.job.tracker=belona.c3local:9001 -kill job_201604112321_0003
2016-04-11 23:23:26,704 Stage-3 map = 0%,  reduce = 0%
2016-04-11 23:23:35,755 Stage-3 map = 6%,  reduce = 0%
2016-04-11 23:23:38,775 Stage-3 map = 12%,  reduce = 0%
2016-04-11 23:23:41,795 Stage-3 map = 17%,  reduce = 0%
2016-04-11 23:23:44,817 Stage-3 map = 20%,  reduce = 0%
2016-04-11 23:23:47,846 Stage-3 map = 22%,  reduce = 0%
2016-04-11 23:23:50,897 Stage-3 map = 23%,  reduce = 0%
2016-04-11 23:23:53,924 Stage-3 map = 26%,  reduce = 1%
2016-04-11 23:23:56,953 Stage-3 map = 28%,  reduce = 2%
2016-04-11 23:23:59,983 Stage-3 map = 31%,  reduce = 2%
2016-04-11 23:24:03,014 Stage-3 map = 33%,  reduce = 2%
2016-04-11 23:24:06,045 Stage-3 map = 36%,  reduce = 3%
2016-04-11 23:24:09,072 Stage-3 map = 39%,  reduce = 4%
2016-04-11 23:24:11,091 Stage-3 map = 41%,  reduce = 4%
2016-04-11 23:24:12,124 Stage-3 map = 42%,  reduce = 4%
2016-04-11 23:24:14,141 Stage-3 map = 45%,  reduce = 4%
2016-04-11 23:24:17,165 Stage-3 map = 47%,  reduce = 4%
2016-04-11 23:24:20,191 Stage-3 map = 49%,  reduce = 5%
2016-04-11 23:24:23,215 Stage-3 map = 52%,  reduce = 6%
2016-04-11 23:24:26,238 Stage-3 map = 55%,  reduce = 7%
2016-04-11 23:24:29,260 Stage-3 map = 57%,  reduce = 7%
2016-04-11 23:24:32,281 Stage-3 map = 61%,  reduce = 7%
2016-04-11 23:24:35,303 Stage-3 map = 63%,  reduce = 8%
2016-04-11 23:24:38,329 Stage-3 map = 66%,  reduce = 9%
2016-04-11 23:24:41,349 Stage-3 map = 68%,  reduce = 9%
2016-04-11 23:24:44,370 Stage-3 map = 69%,  reduce = 9%
2016-04-11 23:24:45,380 Stage-3 map = 70%,  reduce = 9%
2016-04-11 23:24:47,395 Stage-3 map = 71%,  reduce = 10%
2016-04-11 23:24:48,404 Stage-3 map = 72%,  reduce = 10%
2016-04-11 23:24:50,419 Stage-3 map = 73%,  reduce = 10%
2016-04-11 23:24:51,429 Stage-3 map = 78%,  reduce = 10%
2016-04-11 23:24:53,444 Stage-3 map = 79%,  reduce = 11%
2016-04-11 23:24:54,453 Stage-3 map = 80%,  reduce = 11%
2016-04-11 23:24:56,468 Stage-3 map = 81%,  reduce = 11%
2016-04-11 23:24:57,478 Stage-3 map = 82%,  reduce = 11%
2016-04-11 23:24:59,494 Stage-3 map = 84%,  reduce = 11%
2016-04-11 23:25:00,504 Stage-3 map = 85%,  reduce = 11%
2016-04-11 23:25:02,519 Stage-3 map = 88%,  reduce = 11%
2016-04-11 23:25:03,528 Stage-3 map = 88%,  reduce = 12%
2016-04-11 23:25:05,544 Stage-3 map = 89%,  reduce = 12%
2016-04-11 23:25:06,553 Stage-3 map = 91%,  reduce = 12%
2016-04-11 23:25:08,568 Stage-3 map = 92%,  reduce = 12%
2016-04-11 23:25:09,579 Stage-3 map = 93%,  reduce = 12%
2016-04-11 23:25:11,594 Stage-3 map = 95%,  reduce = 12%
2016-04-11 23:25:12,604 Stage-3 map = 96%,  reduce = 13%
2016-04-11 23:25:14,621 Stage-3 map = 96%,  reduce = 14%
2016-04-11 23:25:15,630 Stage-3 map = 97%,  reduce = 14%
2016-04-11 23:25:18,651 Stage-3 map = 99%,  reduce = 15%
2016-04-11 23:25:21,672 Stage-3 map = 100%,  reduce = 15%
2016-04-11 23:25:23,688 Stage-3 map = 100%,  reduce = 16%
2016-04-11 23:25:30,732 Stage-3 map = 100%,  reduce = 20%
2016-04-11 23:25:32,747 Stage-3 map = 100%,  reduce = 25%
2016-04-11 23:25:33,756 Stage-3 map = 100%,  reduce = 32%
2016-04-11 23:25:35,771 Stage-3 map = 100%,  reduce = 38%
2016-04-11 23:25:36,780 Stage-3 map = 100%,  reduce = 41%
2016-04-11 23:25:38,795 Stage-3 map = 100%,  reduce = 46%
2016-04-11 23:25:39,805 Stage-3 map = 100%,  reduce = 49%
2016-04-11 23:25:41,821 Stage-3 map = 100%,  reduce = 50%
2016-04-11 23:25:47,860 Stage-3 map = 100%,  reduce = 54%
2016-04-11 23:25:48,870 Stage-3 map = 100%,  reduce = 58%
2016-04-11 23:25:50,885 Stage-3 map = 100%,  reduce = 66%
2016-04-11 23:25:51,894 Stage-3 map = 100%,  reduce = 75%
2016-04-11 23:25:53,910 Stage-3 map = 100%,  reduce = 76%
2016-04-11 23:25:54,920 Stage-3 map = 100%,  reduce = 82%
2016-04-11 23:25:56,936 Stage-3 map = 100%,  reduce = 89%
2016-04-11 23:25:57,946 Stage-3 map = 100%,  reduce = 92%
2016-04-11 23:25:59,961 Stage-3 map = 100%,  reduce = 97%
2016-04-11 23:26:00,970 Stage-3 map = 100%,  reduce = 100%
Ended Job = job_201604112321_0003
Launching Job 4 out of 6
Number of reduce tasks not specified. Estimated from input data size: 1
In order to change the average load for a reducer (in bytes):
  set hive.exec.reducers.bytes.per.reducer=<number>
In order to limit the maximum number of reducers:
  set hive.exec.reducers.max=<number>
In order to set a constant number of reducers:
  set mapred.reduce.tasks=<number>
Starting Job = job_201604112321_0004, Tracking URL = http://belona.c3local:50030/jobdetails.jsp?jobid=job_201604112321_0004
Kill Command = /home/hadoop/hadoop/bin/../bin/hadoop job  -Dmapred.job.tracker=belona.c3local:9001 -kill job_201604112321_0004
2016-04-11 23:26:08,464 Stage-4 map = 0%,  reduce = 0%
2016-04-11 23:26:17,508 Stage-4 map = 25%,  reduce = 0%
2016-04-11 23:26:18,517 Stage-4 map = 50%,  reduce = 0%
2016-04-11 23:26:24,550 Stage-4 map = 63%,  reduce = 0%
2016-04-11 23:26:26,563 Stage-4 map = 88%,  reduce = 21%
2016-04-11 23:26:27,572 Stage-4 map = 100%,  reduce = 21%
2016-04-11 23:26:35,616 Stage-4 map = 100%,  reduce = 96%
2016-04-11 23:26:38,634 Stage-4 map = 100%,  reduce = 100%
Ended Job = job_201604112321_0004
Launching Job 5 out of 6
Number of reduce tasks determined at compile time: 1
In order to change the average load for a reducer (in bytes):
  set hive.exec.reducers.bytes.per.reducer=<number>
In order to limit the maximum number of reducers:
  set hive.exec.reducers.max=<number>
In order to set a constant number of reducers:
  set mapred.reduce.tasks=<number>
Starting Job = job_201604112321_0005, Tracking URL = http://belona.c3local:50030/jobdetails.jsp?jobid=job_201604112321_0005
Kill Command = /home/hadoop/hadoop/bin/../bin/hadoop job  -Dmapred.job.tracker=belona.c3local:9001 -kill job_201604112321_0005
2016-04-11 23:26:48,082 Stage-5 map = 0%,  reduce = 0%
2016-04-11 23:26:57,123 Stage-5 map = 100%,  reduce = 0%
2016-04-11 23:27:06,170 Stage-5 map = 100%,  reduce = 100%
Ended Job = job_201604112321_0005
Launching Job 6 out of 6
Number of reduce tasks determined at compile time: 1
In order to change the average load for a reducer (in bytes):
  set hive.exec.reducers.bytes.per.reducer=<number>
In order to limit the maximum number of reducers:
  set hive.exec.reducers.max=<number>
In order to set a constant number of reducers:
  set mapred.reduce.tasks=<number>
Starting Job = job_201604112321_0006, Tracking URL = http://belona.c3local:50030/jobdetails.jsp?jobid=job_201604112321_0006
Kill Command = /home/hadoop/hadoop/bin/../bin/hadoop job  -Dmapred.job.tracker=belona.c3local:9001 -kill job_201604112321_0006
2016-04-11 23:27:14,540 Stage-6 map = 0%,  reduce = 0%
2016-04-11 23:27:17,556 Stage-6 map = 100%,  reduce = 0%
2016-04-11 23:27:26,606 Stage-6 map = 100%,  reduce = 100%
Ended Job = job_201604112321_0006
Loading data to table q10_returned_item
20 Rows loaded to q10_returned_item
OK
Time taken: 333.874 seconds
Hive history file=/tmp/hadoop/hive_job_log_hadoop_201604112327_1191936281.txt
OK
Time taken: 3.439 seconds
OK
Time taken: 0.087 seconds
OK
Time taken: 0.067 seconds
OK
Time taken: 0.058 seconds
FAILED: Error in metadata: MetaException(message:Got exception: org.apache.hadoop.ipc.RemoteException org.apache.hadoop.hdfs.server.namenode.SafeModeException: Cannot delete /user/hive/warehouse/q10_returned_item. Name node is in safe mode.
The ratio of reported blocks 1.0000 has reached the threshold 0.9990. Safe mode will be turned off automatically in 24 seconds.
	at org.apache.hadoop.hdfs.server.namenode.FSNamesystem.deleteInternal(FSNamesystem.java:1700)
	at org.apache.hadoop.hdfs.server.namenode.FSNamesystem.delete(FSNamesystem.java:1680)
	at org.apache.hadoop.hdfs.server.namenode.NameNode.delete(NameNode.java:517)
	at sun.reflect.NativeMethodAccessorImpl.invoke0(Native Method)
	at sun.reflect.NativeMethodAccessorImpl.invoke(NativeMethodAccessorImpl.java:57)
	at sun.reflect.DelegatingMethodAccessorImpl.invoke(DelegatingMethodAccessorImpl.java:43)
	at java.lang.reflect.Method.invoke(Method.java:606)
	at org.apache.hadoop.ipc.RPC$Server.call(RPC.java:508)
	at org.apache.hadoop.ipc.Server$Handler$1.run(Server.java:959)
	at org.apache.hadoop.ipc.Server$Handler$1.run(Server.java:955)
	at java.security.AccessController.doPrivileged(Native Method)
	at javax.security.auth.Subject.doAs(Subject.java:415)
	at org.apache.hadoop.ipc.Server$Handler.run(Server.java:953)
)
FAILED: Execution Error, return code 1 from org.apache.hadoop.hive.ql.exec.DDLTask
Hive history file=/tmp/hadoop/hive_job_log_hadoop_201604112327_851288205.txt
