Hive history file=/tmp/hadoop/hive_job_log_hadoop_201604121231_960206984.txt
OK
Time taken: 4.982 seconds
OK
Time taken: 0.081 seconds
OK
Time taken: 0.058 seconds
OK
Time taken: 0.058 seconds
OK
Time taken: 0.144 seconds
OK
Time taken: 0.182 seconds
OK
Time taken: 0.042 seconds
OK
Time taken: 0.05 seconds
OK
Time taken: 0.041 seconds
FAILED: Error in metadata: MetaException(message:Got exception: org.apache.hadoop.ipc.RemoteException org.apache.hadoop.hdfs.server.namenode.SafeModeException: Cannot create directory /user/hive/warehouse/q10_returned_item. Name node is in safe mode.
The ratio of reported blocks 1.0000 has reached the threshold 0.9990. Safe mode will be turned off automatically in 19 seconds.
	at org.apache.hadoop.hdfs.server.namenode.FSNamesystem.mkdirsInternal(FSNamesystem.java:1761)
	at org.apache.hadoop.hdfs.server.namenode.FSNamesystem.mkdirs(FSNamesystem.java:1735)
	at org.apache.hadoop.hdfs.server.namenode.NameNode.mkdirs(NameNode.java:542)
	at sun.reflect.NativeMethodAccessorImpl.invoke0(Native Method)
	at sun.reflect.NativeMethodAccessorImpl.invoke(NativeMethodAccessorImpl.java:57)
	at sun.reflect.DelegatingMethodAccessorImpl.invoke(DelegatingMethodAccessorImpl.java:43)
	at java.lang.reflect.Method.invoke(Method.java:606)
	at org.apache.hadoop.ipc.RPC$Server.call(RPC.java:508)
	at org.apache.hadoop.ipc.Server$Handler$1.run(Server.java:959)
	at org.apache.hadoop.ipc.Server$Handler$1.run(Server.java:955)
	at java.security.AccessController.doPrivileged(Native Method)
	at javax.security.auth.Subject.doAs(Subject.java:415)
	at org.apache.hadoop.ipc.Server$Handler.run(Server.java:953)
)
FAILED: Execution Error, return code 1 from org.apache.hadoop.hive.ql.exec.DDLTask
Hive history file=/tmp/hadoop/hive_job_log_hadoop_201604121231_1985234060.txt
OK
Time taken: 3.466 seconds
OK
Time taken: 0.065 seconds
OK
Time taken: 0.058 seconds
OK
Time taken: 0.067 seconds
OK
Time taken: 0.008 seconds
OK
Time taken: 0.243 seconds
OK
Time taken: 0.05 seconds
OK
Time taken: 0.049 seconds
OK
Time taken: 0.042 seconds
OK
Time taken: 0.058 seconds
Total MapReduce jobs = 6
Launching Job 1 out of 6
Number of reduce tasks not specified. Estimated from input data size: 2
In order to change the average load for a reducer (in bytes):
  set hive.exec.reducers.bytes.per.reducer=<number>
In order to limit the maximum number of reducers:
  set hive.exec.reducers.max=<number>
In order to set a constant number of reducers:
  set mapred.reduce.tasks=<number>
Starting Job = job_201604121231_0001, Tracking URL = http://belona.c3local:50030/jobdetails.jsp?jobid=job_201604121231_0001
Kill Command = /home/hadoop/hadoop/bin/../bin/hadoop job  -Dmapred.job.tracker=belona.c3local:9001 -kill job_201604121231_0001
2016-04-12 12:32:08,879 Stage-1 map = 0%,  reduce = 0%
2016-04-12 12:32:17,946 Stage-1 map = 15%,  reduce = 0%
2016-04-12 12:32:20,985 Stage-1 map = 28%,  reduce = 0%
2016-04-12 12:32:24,021 Stage-1 map = 38%,  reduce = 0%
2016-04-12 12:32:27,055 Stage-1 map = 48%,  reduce = 0%
2016-04-12 12:32:30,088 Stage-1 map = 59%,  reduce = 3%
2016-04-12 12:32:33,121 Stage-1 map = 72%,  reduce = 3%
2016-04-12 12:32:36,157 Stage-1 map = 82%,  reduce = 7%
2016-04-12 12:32:39,194 Stage-1 map = 95%,  reduce = 7%
2016-04-12 12:32:42,229 Stage-1 map = 100%,  reduce = 7%
2016-04-12 12:32:45,265 Stage-1 map = 100%,  reduce = 17%
2016-04-12 12:32:48,300 Stage-1 map = 100%,  reduce = 20%
2016-04-12 12:32:51,340 Stage-1 map = 100%,  reduce = 67%
2016-04-12 12:32:54,377 Stage-1 map = 100%,  reduce = 84%
2016-04-12 12:32:57,414 Stage-1 map = 100%,  reduce = 100%
Ended Job = job_201604121231_0001
Launching Job 2 out of 6
Number of reduce tasks not specified. Estimated from input data size: 1
In order to change the average load for a reducer (in bytes):
  set hive.exec.reducers.bytes.per.reducer=<number>
In order to limit the maximum number of reducers:
  set hive.exec.reducers.max=<number>
In order to set a constant number of reducers:
  set mapred.reduce.tasks=<number>
Starting Job = job_201604121231_0002, Tracking URL = http://belona.c3local:50030/jobdetails.jsp?jobid=job_201604121231_0002
Kill Command = /home/hadoop/hadoop/bin/../bin/hadoop job  -Dmapred.job.tracker=belona.c3local:9001 -kill job_201604121231_0002
2016-04-12 12:33:06,002 Stage-2 map = 0%,  reduce = 0%
2016-04-12 12:33:09,024 Stage-2 map = 33%,  reduce = 0%
2016-04-12 12:33:12,051 Stage-2 map = 67%,  reduce = 0%
2016-04-12 12:33:15,079 Stage-2 map = 100%,  reduce = 0%
2016-04-12 12:33:18,106 Stage-2 map = 100%,  reduce = 33%
2016-04-12 12:33:21,133 Stage-2 map = 100%,  reduce = 76%
2016-04-12 12:33:24,162 Stage-2 map = 100%,  reduce = 100%
Ended Job = job_201604121231_0002
Launching Job 3 out of 6
Number of reduce tasks not specified. Estimated from input data size: 8
In order to change the average load for a reducer (in bytes):
  set hive.exec.reducers.bytes.per.reducer=<number>
In order to limit the maximum number of reducers:
  set hive.exec.reducers.max=<number>
In order to set a constant number of reducers:
  set mapred.reduce.tasks=<number>
Starting Job = job_201604121231_0003, Tracking URL = http://belona.c3local:50030/jobdetails.jsp?jobid=job_201604121231_0003
Kill Command = /home/hadoop/hadoop/bin/../bin/hadoop job  -Dmapred.job.tracker=belona.c3local:9001 -kill job_201604121231_0003
2016-04-12 12:33:32,806 Stage-3 map = 0%,  reduce = 0%
2016-04-12 12:33:41,860 Stage-3 map = 4%,  reduce = 0%
2016-04-12 12:33:42,869 Stage-3 map = 6%,  reduce = 0%
2016-04-12 12:33:44,884 Stage-3 map = 9%,  reduce = 0%
2016-04-12 12:33:45,893 Stage-3 map = 11%,  reduce = 0%
2016-04-12 12:33:47,907 Stage-3 map = 14%,  reduce = 0%
2016-04-12 12:33:48,917 Stage-3 map = 17%,  reduce = 0%
2016-04-12 12:33:50,935 Stage-3 map = 19%,  reduce = 0%
2016-04-12 12:33:51,950 Stage-3 map = 20%,  reduce = 0%
2016-04-12 12:33:53,970 Stage-3 map = 23%,  reduce = 0%
2016-04-12 12:33:56,997 Stage-3 map = 24%,  reduce = 0%
2016-04-12 12:34:00,026 Stage-3 map = 26%,  reduce = 1%
2016-04-12 12:34:03,053 Stage-3 map = 27%,  reduce = 3%
2016-04-12 12:34:06,081 Stage-3 map = 29%,  reduce = 3%
2016-04-12 12:34:09,108 Stage-3 map = 31%,  reduce = 3%
2016-04-12 12:34:12,133 Stage-3 map = 35%,  reduce = 4%
2016-04-12 12:34:15,158 Stage-3 map = 39%,  reduce = 4%
2016-04-12 12:34:18,182 Stage-3 map = 43%,  reduce = 4%
2016-04-12 12:34:21,209 Stage-3 map = 46%,  reduce = 4%
2016-04-12 12:34:24,236 Stage-3 map = 49%,  reduce = 4%
2016-04-12 12:34:27,263 Stage-3 map = 50%,  reduce = 4%
2016-04-12 12:34:30,286 Stage-3 map = 51%,  reduce = 5%
2016-04-12 12:34:33,309 Stage-3 map = 53%,  reduce = 8%
2016-04-12 12:34:36,334 Stage-3 map = 56%,  reduce = 8%
2016-04-12 12:34:39,356 Stage-3 map = 60%,  reduce = 8%
2016-04-12 12:34:42,376 Stage-3 map = 63%,  reduce = 8%
2016-04-12 12:34:45,399 Stage-3 map = 67%,  reduce = 8%
2016-04-12 12:34:48,420 Stage-3 map = 71%,  reduce = 8%
2016-04-12 12:34:51,441 Stage-3 map = 74%,  reduce = 8%
2016-04-12 12:34:54,463 Stage-3 map = 75%,  reduce = 8%
2016-04-12 12:35:00,502 Stage-3 map = 76%,  reduce = 9%
2016-04-12 12:35:03,523 Stage-3 map = 78%,  reduce = 12%
2016-04-12 12:35:06,544 Stage-3 map = 82%,  reduce = 12%
2016-04-12 12:35:09,565 Stage-3 map = 85%,  reduce = 12%
2016-04-12 12:35:12,586 Stage-3 map = 89%,  reduce = 12%
2016-04-12 12:35:15,608 Stage-3 map = 93%,  reduce = 12%
2016-04-12 12:35:18,630 Stage-3 map = 97%,  reduce = 12%
2016-04-12 12:35:21,652 Stage-3 map = 100%,  reduce = 13%
2016-04-12 12:35:30,706 Stage-3 map = 100%,  reduce = 14%
2016-04-12 12:35:33,727 Stage-3 map = 100%,  reduce = 24%
2016-04-12 12:35:36,748 Stage-3 map = 100%,  reduce = 34%
2016-04-12 12:35:39,769 Stage-3 map = 100%,  reduce = 44%
2016-04-12 12:35:42,791 Stage-3 map = 100%,  reduce = 50%
2016-04-12 12:35:48,829 Stage-3 map = 100%,  reduce = 54%
2016-04-12 12:35:51,851 Stage-3 map = 100%,  reduce = 65%
2016-04-12 12:35:54,872 Stage-3 map = 100%,  reduce = 72%
2016-04-12 12:35:57,894 Stage-3 map = 100%,  reduce = 87%
2016-04-12 12:36:00,914 Stage-3 map = 100%,  reduce = 94%
2016-04-12 12:36:03,935 Stage-3 map = 100%,  reduce = 100%
Ended Job = job_201604121231_0003
Launching Job 4 out of 6
Number of reduce tasks not specified. Estimated from input data size: 1
In order to change the average load for a reducer (in bytes):
  set hive.exec.reducers.bytes.per.reducer=<number>
In order to limit the maximum number of reducers:
  set hive.exec.reducers.max=<number>
In order to set a constant number of reducers:
  set mapred.reduce.tasks=<number>
Starting Job = job_201604121231_0004, Tracking URL = http://belona.c3local:50030/jobdetails.jsp?jobid=job_201604121231_0004
Kill Command = /home/hadoop/hadoop/bin/../bin/hadoop job  -Dmapred.job.tracker=belona.c3local:9001 -kill job_201604121231_0004
2016-04-12 12:36:12,500 Stage-4 map = 0%,  reduce = 0%
2016-04-12 12:36:21,543 Stage-4 map = 50%,  reduce = 0%
2016-04-12 12:36:30,590 Stage-4 map = 100%,  reduce = 17%
2016-04-12 12:36:39,638 Stage-4 map = 100%,  reduce = 98%
2016-04-12 12:36:42,656 Stage-4 map = 100%,  reduce = 100%
Ended Job = job_201604121231_0004
Launching Job 5 out of 6
Number of reduce tasks determined at compile time: 1
In order to change the average load for a reducer (in bytes):
  set hive.exec.reducers.bytes.per.reducer=<number>
In order to limit the maximum number of reducers:
  set hive.exec.reducers.max=<number>
In order to set a constant number of reducers:
  set mapred.reduce.tasks=<number>
Starting Job = job_201604121231_0005, Tracking URL = http://belona.c3local:50030/jobdetails.jsp?jobid=job_201604121231_0005
Kill Command = /home/hadoop/hadoop/bin/../bin/hadoop job  -Dmapred.job.tracker=belona.c3local:9001 -kill job_201604121231_0005
2016-04-12 12:36:52,122 Stage-5 map = 0%,  reduce = 0%
2016-04-12 12:37:01,164 Stage-5 map = 100%,  reduce = 0%
2016-04-12 12:37:10,211 Stage-5 map = 100%,  reduce = 100%
Ended Job = job_201604121231_0005
Launching Job 6 out of 6
Number of reduce tasks determined at compile time: 1
In order to change the average load for a reducer (in bytes):
  set hive.exec.reducers.bytes.per.reducer=<number>
In order to limit the maximum number of reducers:
  set hive.exec.reducers.max=<number>
In order to set a constant number of reducers:
  set mapred.reduce.tasks=<number>
Starting Job = job_201604121231_0006, Tracking URL = http://belona.c3local:50030/jobdetails.jsp?jobid=job_201604121231_0006
Kill Command = /home/hadoop/hadoop/bin/../bin/hadoop job  -Dmapred.job.tracker=belona.c3local:9001 -kill job_201604121231_0006
2016-04-12 12:37:18,624 Stage-6 map = 0%,  reduce = 0%
2016-04-12 12:37:21,640 Stage-6 map = 100%,  reduce = 0%
2016-04-12 12:37:30,688 Stage-6 map = 100%,  reduce = 100%
Ended Job = job_201604121231_0006
Loading data to table q10_returned_item
20 Rows loaded to q10_returned_item
OK
Time taken: 331.563 seconds
