Hive history file=/tmp/hadoop/hive_job_log_hadoop_201604131442_902202843.txt
OK
Time taken: 3.549 seconds
OK
Time taken: 0.066 seconds
OK
Time taken: 0.057 seconds
OK
Time taken: 0.059 seconds
OK
Time taken: 0.138 seconds
OK
Time taken: 0.066 seconds
OK
Time taken: 0.05 seconds
OK
Time taken: 0.154 seconds
OK
Time taken: 0.032 seconds
OK
Time taken: 0.042 seconds
OK
Time taken: 0.041 seconds
OK
Time taken: 0.042 seconds
OK
Time taken: 0.066 seconds
OK
Time taken: 0.033 seconds
Total MapReduce jobs = 1
Launching Job 1 out of 1
Number of reduce tasks not specified. Estimated from input data size: 8
In order to change the average load for a reducer (in bytes):
  set hive.exec.reducers.bytes.per.reducer=<number>
In order to limit the maximum number of reducers:
  set hive.exec.reducers.max=<number>
In order to set a constant number of reducers:
  set mapred.reduce.tasks=<number>
Starting Job = job_201604131359_0003, Tracking URL = http://belona.c3local:50030/jobdetails.jsp?jobid=job_201604131359_0003
Kill Command = /home/hadoop/hadoop/bin/../bin/hadoop job  -Dmapred.job.tracker=belona.c3local:9001 -kill job_201604131359_0003
2016-04-13 14:43:06,155 Stage-1 map = 0%,  reduce = 0%
2016-04-13 14:43:15,197 Stage-1 map = 2%,  reduce = 0%
2016-04-13 14:43:18,212 Stage-1 map = 3%,  reduce = 0%
2016-04-13 14:43:30,283 Stage-1 map = 5%,  reduce = 0%
2016-04-13 14:43:33,303 Stage-1 map = 7%,  reduce = 0%
2016-04-13 14:43:45,374 Stage-1 map = 7%,  reduce = 1%
2016-04-13 14:43:48,395 Stage-1 map = 8%,  reduce = 1%
2016-04-13 14:43:51,415 Stage-1 map = 10%,  reduce = 1%
2016-04-13 14:44:03,488 Stage-1 map = 11%,  reduce = 1%
2016-04-13 14:44:06,508 Stage-1 map = 13%,  reduce = 2%
2016-04-13 14:44:09,529 Stage-1 map = 14%,  reduce = 2%
2016-04-13 14:44:18,582 Stage-1 map = 16%,  reduce = 2%
2016-04-13 14:44:21,601 Stage-1 map = 17%,  reduce = 2%
2016-04-13 14:44:30,654 Stage-1 map = 17%,  reduce = 3%
2016-04-13 14:44:33,674 Stage-1 map = 18%,  reduce = 3%
2016-04-13 14:44:36,693 Stage-1 map = 20%,  reduce = 3%
2016-04-13 14:44:39,713 Stage-1 map = 21%,  reduce = 3%
2016-04-13 14:44:47,759 Stage-1 map = 22%,  reduce = 3%
2016-04-13 14:44:50,778 Stage-1 map = 23%,  reduce = 3%
2016-04-13 14:44:51,787 Stage-1 map = 24%,  reduce = 3%
2016-04-13 14:45:02,853 Stage-1 map = 26%,  reduce = 3%
2016-04-13 14:45:05,871 Stage-1 map = 27%,  reduce = 4%
2016-04-13 14:45:08,890 Stage-1 map = 28%,  reduce = 4%
2016-04-13 14:45:17,936 Stage-1 map = 29%,  reduce = 4%
2016-04-13 14:45:20,954 Stage-1 map = 31%,  reduce = 5%
2016-04-13 14:45:33,016 Stage-1 map = 33%,  reduce = 5%
2016-04-13 14:45:36,039 Stage-1 map = 34%,  reduce = 5%
2016-04-13 14:45:48,097 Stage-1 map = 36%,  reduce = 5%
2016-04-13 14:45:51,117 Stage-1 map = 38%,  reduce = 6%
2016-04-13 14:46:03,172 Stage-1 map = 39%,  reduce = 6%
2016-04-13 14:46:06,188 Stage-1 map = 41%,  reduce = 6%
2016-04-13 14:46:15,230 Stage-1 map = 41%,  reduce = 7%
2016-04-13 14:46:18,246 Stage-1 map = 43%,  reduce = 7%
2016-04-13 14:46:21,262 Stage-1 map = 45%,  reduce = 7%
2016-04-13 14:46:36,332 Stage-1 map = 46%,  reduce = 7%
2016-04-13 14:46:39,349 Stage-1 map = 47%,  reduce = 7%
2016-04-13 14:46:42,366 Stage-1 map = 48%,  reduce = 7%
2016-04-13 14:46:51,412 Stage-1 map = 50%,  reduce = 8%
2016-04-13 14:46:54,429 Stage-1 map = 52%,  reduce = 8%
2016-04-13 14:47:06,489 Stage-1 map = 53%,  reduce = 8%
2016-04-13 14:47:09,506 Stage-1 map = 54%,  reduce = 8%
2016-04-13 14:47:12,524 Stage-1 map = 55%,  reduce = 9%
2016-04-13 14:47:18,555 Stage-1 map = 56%,  reduce = 9%
2016-04-13 14:47:21,573 Stage-1 map = 57%,  reduce = 9%
2016-04-13 14:47:24,590 Stage-1 map = 58%,  reduce = 9%
2016-04-13 14:47:27,607 Stage-1 map = 59%,  reduce = 9%
2016-04-13 14:47:33,639 Stage-1 map = 60%,  reduce = 10%
2016-04-13 14:47:36,655 Stage-1 map = 61%,  reduce = 10%
2016-04-13 14:47:39,672 Stage-1 map = 62%,  reduce = 10%
2016-04-13 14:47:48,716 Stage-1 map = 63%,  reduce = 10%
2016-04-13 14:47:51,733 Stage-1 map = 64%,  reduce = 10%
2016-04-13 14:47:54,751 Stage-1 map = 65%,  reduce = 10%
2016-04-13 14:47:57,768 Stage-1 map = 66%,  reduce = 10%
2016-04-13 14:48:03,800 Stage-1 map = 66%,  reduce = 11%
2016-04-13 14:48:06,816 Stage-1 map = 68%,  reduce = 11%
2016-04-13 14:48:09,833 Stage-1 map = 69%,  reduce = 11%
2016-04-13 14:48:21,894 Stage-1 map = 71%,  reduce = 11%
2016-04-13 14:48:24,911 Stage-1 map = 72%,  reduce = 11%
2016-04-13 14:48:27,928 Stage-1 map = 72%,  reduce = 12%
2016-04-13 14:48:33,960 Stage-1 map = 73%,  reduce = 12%
2016-04-13 14:48:36,977 Stage-1 map = 75%,  reduce = 12%
2016-04-13 14:48:39,995 Stage-1 map = 76%,  reduce = 12%
2016-04-13 14:48:49,042 Stage-1 map = 76%,  reduce = 13%
2016-04-13 14:48:51,054 Stage-1 map = 78%,  reduce = 13%
2016-04-13 14:48:54,071 Stage-1 map = 79%,  reduce = 13%
2016-04-13 14:49:03,117 Stage-1 map = 80%,  reduce = 13%
2016-04-13 14:49:06,134 Stage-1 map = 82%,  reduce = 13%
2016-04-13 14:49:09,151 Stage-1 map = 83%,  reduce = 13%
2016-04-13 14:49:18,198 Stage-1 map = 84%,  reduce = 14%
2016-04-13 14:49:24,231 Stage-1 map = 85%,  reduce = 14%
2016-04-13 14:49:27,249 Stage-1 map = 86%,  reduce = 14%
2016-04-13 14:49:33,282 Stage-1 map = 87%,  reduce = 14%
2016-04-13 14:49:36,300 Stage-1 map = 89%,  reduce = 14%
2016-04-13 14:49:39,318 Stage-1 map = 90%,  reduce = 14%
2016-04-13 14:49:48,368 Stage-1 map = 90%,  reduce = 15%
2016-04-13 14:49:51,386 Stage-1 map = 91%,  reduce = 15%
2016-04-13 14:49:54,404 Stage-1 map = 92%,  reduce = 15%
2016-04-13 14:49:57,422 Stage-1 map = 93%,  reduce = 15%
2016-04-13 14:50:06,472 Stage-1 map = 95%,  reduce = 15%
2016-04-13 14:50:09,491 Stage-1 map = 96%,  reduce = 16%
2016-04-13 14:50:12,510 Stage-1 map = 97%,  reduce = 16%
2016-04-13 14:50:21,561 Stage-1 map = 98%,  reduce = 16%
2016-04-13 14:50:24,580 Stage-1 map = 100%,  reduce = 16%
2016-04-13 14:50:33,630 Stage-1 map = 100%,  reduce = 21%
2016-04-13 14:50:36,649 Stage-1 map = 100%,  reduce = 22%
2016-04-13 14:50:39,668 Stage-1 map = 100%,  reduce = 37%
2016-04-13 14:50:42,687 Stage-1 map = 100%,  reduce = 39%
2016-04-13 14:50:45,706 Stage-1 map = 100%,  reduce = 42%
2016-04-13 14:50:48,728 Stage-1 map = 100%,  reduce = 45%
2016-04-13 14:50:51,747 Stage-1 map = 100%,  reduce = 48%
2016-04-13 14:50:54,766 Stage-1 map = 100%,  reduce = 49%
2016-04-13 14:50:57,785 Stage-1 map = 100%,  reduce = 51%
2016-04-13 14:51:00,803 Stage-1 map = 100%,  reduce = 54%
2016-04-13 14:51:03,823 Stage-1 map = 100%,  reduce = 57%
2016-04-13 14:51:06,842 Stage-1 map = 100%,  reduce = 60%
2016-04-13 14:51:09,861 Stage-1 map = 100%,  reduce = 63%
2016-04-13 14:51:12,880 Stage-1 map = 100%,  reduce = 64%
2016-04-13 14:51:15,899 Stage-1 map = 100%,  reduce = 65%
2016-04-13 14:51:18,918 Stage-1 map = 100%,  reduce = 66%
2016-04-13 14:51:21,937 Stage-1 map = 100%,  reduce = 67%
2016-04-13 14:51:24,957 Stage-1 map = 100%,  reduce = 75%
2016-04-13 14:51:27,976 Stage-1 map = 100%,  reduce = 85%
2016-04-13 14:51:30,996 Stage-1 map = 100%,  reduce = 87%
2016-04-13 14:51:34,015 Stage-1 map = 100%,  reduce = 90%
2016-04-13 14:51:37,033 Stage-1 map = 100%,  reduce = 93%
2016-04-13 14:51:40,052 Stage-1 map = 100%,  reduce = 96%
2016-04-13 14:51:43,071 Stage-1 map = 100%,  reduce = 99%
2016-04-13 14:51:46,091 Stage-1 map = 100%,  reduce = 100%
Ended Job = job_201604131359_0003
Loading data to table q21_tmp1
15000000 Rows loaded to q21_tmp1
OK
Time taken: 528.565 seconds
Total MapReduce jobs = 1
Launching Job 1 out of 1
Number of reduce tasks not specified. Estimated from input data size: 8
In order to change the average load for a reducer (in bytes):
  set hive.exec.reducers.bytes.per.reducer=<number>
In order to limit the maximum number of reducers:
  set hive.exec.reducers.max=<number>
In order to set a constant number of reducers:
  set mapred.reduce.tasks=<number>
Starting Job = job_201604131359_0004, Tracking URL = http://belona.c3local:50030/jobdetails.jsp?jobid=job_201604131359_0004
Kill Command = /home/hadoop/hadoop/bin/../bin/hadoop job  -Dmapred.job.tracker=belona.c3local:9001 -kill job_201604131359_0004
2016-04-13 14:51:55,038 Stage-1 map = 0%,  reduce = 0%
2016-04-13 14:52:04,073 Stage-1 map = 1%,  reduce = 0%
2016-04-13 14:52:07,085 Stage-1 map = 3%,  reduce = 0%
2016-04-13 14:52:19,139 Stage-1 map = 4%,  reduce = 0%
2016-04-13 14:52:22,154 Stage-1 map = 6%,  reduce = 0%
2016-04-13 14:52:25,169 Stage-1 map = 7%,  reduce = 0%
2016-04-13 14:52:34,209 Stage-1 map = 7%,  reduce = 1%
2016-04-13 14:52:37,225 Stage-1 map = 8%,  reduce = 1%
2016-04-13 14:52:40,239 Stage-1 map = 9%,  reduce = 1%
2016-04-13 14:52:43,254 Stage-1 map = 10%,  reduce = 1%
2016-04-13 14:52:52,295 Stage-1 map = 11%,  reduce = 1%
2016-04-13 14:52:55,310 Stage-1 map = 13%,  reduce = 2%
2016-04-13 14:52:58,327 Stage-1 map = 14%,  reduce = 2%
2016-04-13 14:53:06,369 Stage-1 map = 15%,  reduce = 2%
2016-04-13 14:53:09,384 Stage-1 map = 17%,  reduce = 2%
2016-04-13 14:53:18,423 Stage-1 map = 17%,  reduce = 3%
2016-04-13 14:53:21,437 Stage-1 map = 18%,  reduce = 3%
2016-04-13 14:53:24,452 Stage-1 map = 20%,  reduce = 3%
2016-04-13 14:53:27,466 Stage-1 map = 21%,  reduce = 3%
2016-04-13 14:53:36,505 Stage-1 map = 22%,  reduce = 3%
2016-04-13 14:53:39,520 Stage-1 map = 23%,  reduce = 3%
2016-04-13 14:53:42,534 Stage-1 map = 24%,  reduce = 3%
2016-04-13 14:53:48,565 Stage-1 map = 24%,  reduce = 4%
2016-04-13 14:53:51,579 Stage-1 map = 25%,  reduce = 4%
2016-04-13 14:53:54,593 Stage-1 map = 27%,  reduce = 4%
2016-04-13 14:53:57,608 Stage-1 map = 28%,  reduce = 4%
2016-04-13 14:54:06,647 Stage-1 map = 29%,  reduce = 4%
2016-04-13 14:54:09,662 Stage-1 map = 30%,  reduce = 5%
2016-04-13 14:54:12,677 Stage-1 map = 31%,  reduce = 5%
2016-04-13 14:54:21,719 Stage-1 map = 32%,  reduce = 5%
2016-04-13 14:54:24,734 Stage-1 map = 34%,  reduce = 5%
2016-04-13 14:54:36,793 Stage-1 map = 36%,  reduce = 5%
2016-04-13 14:54:39,809 Stage-1 map = 37%,  reduce = 6%
2016-04-13 14:54:42,823 Stage-1 map = 38%,  reduce = 6%
2016-04-13 14:54:51,861 Stage-1 map = 39%,  reduce = 6%
2016-04-13 14:54:54,876 Stage-1 map = 41%,  reduce = 6%
2016-04-13 14:55:06,927 Stage-1 map = 42%,  reduce = 6%
2016-04-13 14:55:09,942 Stage-1 map = 44%,  reduce = 7%
2016-04-13 14:55:12,956 Stage-1 map = 45%,  reduce = 7%
2016-04-13 14:55:21,998 Stage-1 map = 46%,  reduce = 7%
2016-04-13 14:55:25,013 Stage-1 map = 48%,  reduce = 7%
2016-04-13 14:55:34,056 Stage-1 map = 48%,  reduce = 8%
2016-04-13 14:55:37,072 Stage-1 map = 49%,  reduce = 8%
2016-04-13 14:55:40,088 Stage-1 map = 51%,  reduce = 8%
2016-04-13 14:55:43,104 Stage-1 map = 52%,  reduce = 8%
2016-04-13 14:55:52,148 Stage-1 map = 53%,  reduce = 8%
2016-04-13 14:55:55,164 Stage-1 map = 54%,  reduce = 9%
2016-04-13 14:55:58,180 Stage-1 map = 55%,  reduce = 9%
2016-04-13 14:56:04,209 Stage-1 map = 56%,  reduce = 9%
2016-04-13 14:56:10,237 Stage-1 map = 58%,  reduce = 9%
2016-04-13 14:56:13,253 Stage-1 map = 59%,  reduce = 9%
2016-04-13 14:56:22,297 Stage-1 map = 60%,  reduce = 9%
2016-04-13 14:56:25,314 Stage-1 map = 61%,  reduce = 10%
2016-04-13 14:56:28,330 Stage-1 map = 62%,  reduce = 10%
2016-04-13 14:56:37,372 Stage-1 map = 63%,  reduce = 10%
2016-04-13 14:56:40,387 Stage-1 map = 64%,  reduce = 10%
2016-04-13 14:56:43,403 Stage-1 map = 65%,  reduce = 10%
2016-04-13 14:56:46,419 Stage-1 map = 66%,  reduce = 11%
2016-04-13 14:56:52,448 Stage-1 map = 67%,  reduce = 11%
2016-04-13 14:56:55,464 Stage-1 map = 68%,  reduce = 11%
2016-04-13 14:56:58,480 Stage-1 map = 69%,  reduce = 11%
2016-04-13 14:57:07,523 Stage-1 map = 70%,  reduce = 11%
2016-04-13 14:57:10,539 Stage-1 map = 71%,  reduce = 11%
2016-04-13 14:57:13,555 Stage-1 map = 72%,  reduce = 11%
2016-04-13 14:57:16,571 Stage-1 map = 72%,  reduce = 12%
2016-04-13 14:57:22,602 Stage-1 map = 73%,  reduce = 12%
2016-04-13 14:57:25,618 Stage-1 map = 74%,  reduce = 12%
2016-04-13 14:57:27,630 Stage-1 map = 75%,  reduce = 12%
2016-04-13 14:57:33,660 Stage-1 map = 76%,  reduce = 12%
2016-04-13 14:57:39,690 Stage-1 map = 77%,  reduce = 13%
2016-04-13 14:57:42,706 Stage-1 map = 78%,  reduce = 13%
2016-04-13 14:57:48,737 Stage-1 map = 79%,  reduce = 13%
2016-04-13 14:57:51,753 Stage-1 map = 80%,  reduce = 13%
2016-04-13 14:57:54,770 Stage-1 map = 81%,  reduce = 13%
2016-04-13 14:58:00,801 Stage-1 map = 82%,  reduce = 13%
2016-04-13 14:58:06,832 Stage-1 map = 83%,  reduce = 14%
2016-04-13 14:58:09,850 Stage-1 map = 84%,  reduce = 14%
2016-04-13 14:58:12,867 Stage-1 map = 85%,  reduce = 14%
2016-04-13 14:58:18,899 Stage-1 map = 86%,  reduce = 14%
2016-04-13 14:58:21,917 Stage-1 map = 87%,  reduce = 14%
2016-04-13 14:58:24,935 Stage-1 map = 88%,  reduce = 14%
2016-04-13 14:58:30,967 Stage-1 map = 89%,  reduce = 14%
2016-04-13 14:58:36,999 Stage-1 map = 90%,  reduce = 15%
2016-04-13 14:58:40,016 Stage-1 map = 91%,  reduce = 15%
2016-04-13 14:58:43,035 Stage-1 map = 92%,  reduce = 15%
2016-04-13 14:58:52,080 Stage-1 map = 93%,  reduce = 15%
2016-04-13 14:58:55,097 Stage-1 map = 94%,  reduce = 15%
2016-04-13 14:58:58,115 Stage-1 map = 95%,  reduce = 15%
2016-04-13 14:59:01,133 Stage-1 map = 96%,  reduce = 15%
2016-04-13 14:59:07,165 Stage-1 map = 96%,  reduce = 16%
2016-04-13 14:59:10,185 Stage-1 map = 98%,  reduce = 16%
2016-04-13 14:59:13,202 Stage-1 map = 99%,  reduce = 16%
2016-04-13 14:59:22,252 Stage-1 map = 100%,  reduce = 16%
2016-04-13 14:59:28,284 Stage-1 map = 100%,  reduce = 17%
2016-04-13 14:59:31,302 Stage-1 map = 100%,  reduce = 34%
2016-04-13 14:59:34,319 Stage-1 map = 100%,  reduce = 39%
2016-04-13 14:59:37,336 Stage-1 map = 100%,  reduce = 43%
2016-04-13 14:59:40,354 Stage-1 map = 100%,  reduce = 48%
2016-04-13 14:59:43,372 Stage-1 map = 100%,  reduce = 50%
2016-04-13 14:59:49,405 Stage-1 map = 100%,  reduce = 53%
2016-04-13 14:59:52,423 Stage-1 map = 100%,  reduce = 62%
2016-04-13 14:59:55,442 Stage-1 map = 100%,  reduce = 67%
2016-04-13 14:59:58,461 Stage-1 map = 100%,  reduce = 75%
2016-04-13 15:00:01,479 Stage-1 map = 100%,  reduce = 84%
2016-04-13 15:00:04,497 Stage-1 map = 100%,  reduce = 88%
2016-04-13 15:00:07,519 Stage-1 map = 100%,  reduce = 92%
2016-04-13 15:00:10,536 Stage-1 map = 100%,  reduce = 96%
2016-04-13 15:00:13,552 Stage-1 map = 100%,  reduce = 100%
Ended Job = job_201604131359_0004
Loading data to table q21_tmp2
13753474 Rows loaded to q21_tmp2
OK
Time taken: 507.425 seconds
Total MapReduce jobs = 8
Launching Job 1 out of 8
Number of reduce tasks not specified. Estimated from input data size: 1
In order to change the average load for a reducer (in bytes):
  set hive.exec.reducers.bytes.per.reducer=<number>
In order to limit the maximum number of reducers:
  set hive.exec.reducers.max=<number>
In order to set a constant number of reducers:
  set mapred.reduce.tasks=<number>
Starting Job = job_201604131359_0005, Tracking URL = http://belona.c3local:50030/jobdetails.jsp?jobid=job_201604131359_0005
Kill Command = /home/hadoop/hadoop/bin/../bin/hadoop job  -Dmapred.job.tracker=belona.c3local:9001 -kill job_201604131359_0005
2016-04-13 15:00:22,466 Stage-7 map = 0%,  reduce = 0%
2016-04-13 15:00:25,479 Stage-7 map = 100%,  reduce = 0%
2016-04-13 15:00:34,514 Stage-7 map = 100%,  reduce = 100%
Ended Job = job_201604131359_0005
Launching Job 2 out of 8
Number of reduce tasks not specified. Estimated from input data size: 8
In order to change the average load for a reducer (in bytes):
  set hive.exec.reducers.bytes.per.reducer=<number>
In order to limit the maximum number of reducers:
  set hive.exec.reducers.max=<number>
In order to set a constant number of reducers:
  set mapred.reduce.tasks=<number>
Starting Job = job_201604131359_0006, Tracking URL = http://belona.c3local:50030/jobdetails.jsp?jobid=job_201604131359_0006
Kill Command = /home/hadoop/hadoop/bin/../bin/hadoop job  -Dmapred.job.tracker=belona.c3local:9001 -kill job_201604131359_0006
2016-04-13 15:00:43,091 Stage-8 map = 0%,  reduce = 0%
2016-04-13 15:00:52,120 Stage-8 map = 1%,  reduce = 0%
2016-04-13 15:00:55,132 Stage-8 map = 3%,  reduce = 0%
2016-04-13 15:01:04,165 Stage-8 map = 5%,  reduce = 0%
2016-04-13 15:01:07,178 Stage-8 map = 7%,  reduce = 0%
2016-04-13 15:01:19,222 Stage-8 map = 8%,  reduce = 1%
2016-04-13 15:01:22,236 Stage-8 map = 10%,  reduce = 1%
2016-04-13 15:01:31,269 Stage-8 map = 12%,  reduce = 1%
2016-04-13 15:01:34,282 Stage-8 map = 13%,  reduce = 2%
2016-04-13 15:01:37,296 Stage-8 map = 14%,  reduce = 2%
2016-04-13 15:01:43,319 Stage-8 map = 15%,  reduce = 2%
2016-04-13 15:01:46,332 Stage-8 map = 17%,  reduce = 2%
2016-04-13 15:01:55,367 Stage-8 map = 18%,  reduce = 3%
2016-04-13 15:01:58,380 Stage-8 map = 20%,  reduce = 3%
2016-04-13 15:02:01,394 Stage-8 map = 21%,  reduce = 3%
2016-04-13 15:02:07,418 Stage-8 map = 22%,  reduce = 3%
2016-04-13 15:02:10,432 Stage-8 map = 24%,  reduce = 3%
2016-04-13 15:02:16,457 Stage-8 map = 24%,  reduce = 4%
2016-04-13 15:02:19,472 Stage-8 map = 25%,  reduce = 4%
2016-04-13 15:02:22,486 Stage-8 map = 27%,  reduce = 4%
2016-04-13 15:02:31,520 Stage-8 map = 29%,  reduce = 4%
2016-04-13 15:02:34,535 Stage-8 map = 30%,  reduce = 4%
2016-04-13 15:02:37,549 Stage-8 map = 31%,  reduce = 5%
2016-04-13 15:02:43,575 Stage-8 map = 32%,  reduce = 5%
2016-04-13 15:02:46,589 Stage-8 map = 34%,  reduce = 5%
2016-04-13 15:02:55,627 Stage-8 map = 36%,  reduce = 5%
2016-04-13 15:02:58,641 Stage-8 map = 37%,  reduce = 6%
2016-04-13 15:03:01,656 Stage-8 map = 38%,  reduce = 6%
2016-04-13 15:03:07,682 Stage-8 map = 39%,  reduce = 6%
2016-04-13 15:03:10,697 Stage-8 map = 41%,  reduce = 6%
2016-04-13 15:03:19,742 Stage-8 map = 42%,  reduce = 7%
2016-04-13 15:03:22,757 Stage-8 map = 43%,  reduce = 7%
2016-04-13 15:03:25,773 Stage-8 map = 44%,  reduce = 7%
2016-04-13 15:03:34,813 Stage-8 map = 46%,  reduce = 7%
2016-04-13 15:03:37,828 Stage-8 map = 47%,  reduce = 7%
2016-04-13 15:03:40,845 Stage-8 map = 48%,  reduce = 7%
2016-04-13 15:03:43,860 Stage-8 map = 48%,  reduce = 8%
2016-04-13 15:03:46,876 Stage-8 map = 49%,  reduce = 8%
2016-04-13 15:03:49,893 Stage-8 map = 51%,  reduce = 8%
2016-04-13 15:03:58,934 Stage-8 map = 52%,  reduce = 8%
2016-04-13 15:04:01,950 Stage-8 map = 54%,  reduce = 8%
2016-04-13 15:04:04,966 Stage-8 map = 55%,  reduce = 9%
2016-04-13 15:04:07,983 Stage-8 map = 56%,  reduce = 9%
2016-04-13 15:04:14,012 Stage-8 map = 58%,  reduce = 9%
2016-04-13 15:04:17,028 Stage-8 map = 59%,  reduce = 9%
2016-04-13 15:04:25,066 Stage-8 map = 60%,  reduce = 10%
2016-04-13 15:04:26,073 Stage-8 map = 61%,  reduce = 10%
2016-04-13 15:04:28,085 Stage-8 map = 62%,  reduce = 10%
2016-04-13 15:04:37,127 Stage-8 map = 65%,  reduce = 10%
2016-04-13 15:04:40,143 Stage-8 map = 66%,  reduce = 10%
2016-04-13 15:04:43,159 Stage-8 map = 66%,  reduce = 11%
2016-04-13 15:04:46,175 Stage-8 map = 67%,  reduce = 11%
2016-04-13 15:04:49,191 Stage-8 map = 68%,  reduce = 11%
2016-04-13 15:04:52,207 Stage-8 map = 69%,  reduce = 11%
2016-04-13 15:04:55,224 Stage-8 map = 70%,  reduce = 11%
2016-04-13 15:05:01,253 Stage-8 map = 72%,  reduce = 11%
2016-04-13 15:05:04,270 Stage-8 map = 73%,  reduce = 12%
2016-04-13 15:05:10,301 Stage-8 map = 74%,  reduce = 12%
2016-04-13 15:05:13,319 Stage-8 map = 76%,  reduce = 12%
2016-04-13 15:05:19,350 Stage-8 map = 77%,  reduce = 12%
2016-04-13 15:05:25,379 Stage-8 map = 79%,  reduce = 13%
2016-04-13 15:05:28,396 Stage-8 map = 80%,  reduce = 13%
2016-04-13 15:05:40,452 Stage-8 map = 83%,  reduce = 13%
2016-04-13 15:05:43,470 Stage-8 map = 84%,  reduce = 13%
2016-04-13 15:05:49,501 Stage-8 map = 84%,  reduce = 14%
2016-04-13 15:05:52,519 Stage-8 map = 87%,  reduce = 14%
2016-04-13 15:06:04,582 Stage-8 map = 90%,  reduce = 14%
2016-04-13 15:06:07,600 Stage-8 map = 91%,  reduce = 15%
2016-04-13 15:06:16,645 Stage-8 map = 93%,  reduce = 15%
2016-04-13 15:06:19,663 Stage-8 map = 94%,  reduce = 15%
2016-04-13 15:06:28,715 Stage-8 map = 97%,  reduce = 16%
2016-04-13 15:06:37,757 Stage-8 map = 98%,  reduce = 16%
2016-04-13 15:06:40,774 Stage-8 map = 100%,  reduce = 16%
2016-04-13 15:06:49,818 Stage-8 map = 100%,  reduce = 17%
2016-04-13 15:06:52,835 Stage-8 map = 100%,  reduce = 30%
2016-04-13 15:06:55,852 Stage-8 map = 100%,  reduce = 39%
2016-04-13 15:06:58,870 Stage-8 map = 100%,  reduce = 46%
2016-04-13 15:07:01,887 Stage-8 map = 100%,  reduce = 50%
2016-04-13 15:07:07,919 Stage-8 map = 100%,  reduce = 51%
2016-04-13 15:07:10,936 Stage-8 map = 100%,  reduce = 54%
2016-04-13 15:07:13,954 Stage-8 map = 100%,  reduce = 58%
2016-04-13 15:07:16,971 Stage-8 map = 100%,  reduce = 60%
2016-04-13 15:07:19,989 Stage-8 map = 100%,  reduce = 61%
2016-04-13 15:07:23,010 Stage-8 map = 100%,  reduce = 62%
2016-04-13 15:07:26,027 Stage-8 map = 100%,  reduce = 65%
2016-04-13 15:07:29,044 Stage-8 map = 100%,  reduce = 66%
2016-04-13 15:07:35,075 Stage-8 map = 100%,  reduce = 75%
2016-04-13 15:07:38,093 Stage-8 map = 100%,  reduce = 81%
2016-04-13 15:07:41,110 Stage-8 map = 100%,  reduce = 89%
2016-04-13 15:07:44,128 Stage-8 map = 100%,  reduce = 94%
2016-04-13 15:07:47,146 Stage-8 map = 100%,  reduce = 99%
2016-04-13 15:07:50,163 Stage-8 map = 100%,  reduce = 100%
Ended Job = job_201604131359_0006
Launching Job 3 out of 8
Number of reduce tasks not specified. Estimated from input data size: 2
In order to change the average load for a reducer (in bytes):
  set hive.exec.reducers.bytes.per.reducer=<number>
In order to limit the maximum number of reducers:
  set hive.exec.reducers.max=<number>
In order to set a constant number of reducers:
  set mapred.reduce.tasks=<number>
Starting Job = job_201604131359_0007, Tracking URL = http://belona.c3local:50030/jobdetails.jsp?jobid=job_201604131359_0007
Kill Command = /home/hadoop/hadoop/bin/../bin/hadoop job  -Dmapred.job.tracker=belona.c3local:9001 -kill job_201604131359_0007
2016-04-13 15:07:58,638 Stage-1 map = 0%,  reduce = 0%
2016-04-13 15:08:07,665 Stage-1 map = 11%,  reduce = 0%
2016-04-13 15:08:10,677 Stage-1 map = 12%,  reduce = 0%
2016-04-13 15:08:19,708 Stage-1 map = 12%,  reduce = 4%
2016-04-13 15:08:22,721 Stage-1 map = 24%,  reduce = 4%
2016-04-13 15:08:28,744 Stage-1 map = 24%,  reduce = 8%
2016-04-13 15:08:31,756 Stage-1 map = 35%,  reduce = 8%
2016-04-13 15:08:43,800 Stage-1 map = 47%,  reduce = 12%
2016-04-13 15:08:49,824 Stage-1 map = 47%,  reduce = 16%
2016-04-13 15:08:55,847 Stage-1 map = 59%,  reduce = 16%
2016-04-13 15:09:04,881 Stage-1 map = 59%,  reduce = 20%
2016-04-13 15:09:07,895 Stage-1 map = 71%,  reduce = 20%
2016-04-13 15:09:19,941 Stage-1 map = 82%,  reduce = 24%
2016-04-13 15:09:28,977 Stage-1 map = 94%,  reduce = 27%
2016-04-13 15:09:35,002 Stage-1 map = 97%,  reduce = 30%
2016-04-13 15:09:38,016 Stage-1 map = 100%,  reduce = 30%
2016-04-13 15:09:41,031 Stage-1 map = 100%,  reduce = 33%
2016-04-13 15:09:44,044 Stage-1 map = 100%,  reduce = 50%
2016-04-13 15:09:47,058 Stage-1 map = 100%,  reduce = 86%
2016-04-13 15:09:50,073 Stage-1 map = 100%,  reduce = 100%
Ended Job = job_201604131359_0007
Launching Job 4 out of 8
Number of reduce tasks not specified. Estimated from input data size: 1
In order to change the average load for a reducer (in bytes):
  set hive.exec.reducers.bytes.per.reducer=<number>
In order to limit the maximum number of reducers:
  set hive.exec.reducers.max=<number>
In order to set a constant number of reducers:
  set mapred.reduce.tasks=<number>
Starting Job = job_201604131359_0008, Tracking URL = http://belona.c3local:50030/jobdetails.jsp?jobid=job_201604131359_0008
Kill Command = /home/hadoop/hadoop/bin/../bin/hadoop job  -Dmapred.job.tracker=belona.c3local:9001 -kill job_201604131359_0008
2016-04-13 15:09:58,587 Stage-2 map = 0%,  reduce = 0%
2016-04-13 15:10:07,615 Stage-2 map = 16%,  reduce = 0%
2016-04-13 15:10:10,626 Stage-2 map = 30%,  reduce = 0%
2016-04-13 15:10:13,636 Stage-2 map = 40%,  reduce = 0%
2016-04-13 15:10:25,676 Stage-2 map = 51%,  reduce = 0%
2016-04-13 15:10:28,688 Stage-2 map = 63%,  reduce = 13%
2016-04-13 15:10:31,700 Stage-2 map = 75%,  reduce = 13%
2016-04-13 15:10:34,712 Stage-2 map = 79%,  reduce = 13%
2016-04-13 15:10:37,724 Stage-2 map = 80%,  reduce = 13%
2016-04-13 15:10:40,736 Stage-2 map = 80%,  reduce = 20%
2016-04-13 15:10:43,749 Stage-2 map = 95%,  reduce = 20%
2016-04-13 15:10:46,761 Stage-2 map = 100%,  reduce = 27%
2016-04-13 15:10:52,782 Stage-2 map = 100%,  reduce = 70%
2016-04-13 15:10:55,795 Stage-2 map = 100%,  reduce = 76%
2016-04-13 15:10:58,808 Stage-2 map = 100%,  reduce = 83%
2016-04-13 15:11:01,824 Stage-2 map = 100%,  reduce = 90%
2016-04-13 15:11:04,837 Stage-2 map = 100%,  reduce = 97%
2016-04-13 15:11:07,850 Stage-2 map = 100%,  reduce = 100%
Ended Job = job_201604131359_0008
Launching Job 5 out of 8
Number of reduce tasks not specified. Estimated from input data size: 1
In order to change the average load for a reducer (in bytes):
  set hive.exec.reducers.bytes.per.reducer=<number>
In order to limit the maximum number of reducers:
  set hive.exec.reducers.max=<number>
In order to set a constant number of reducers:
  set mapred.reduce.tasks=<number>
Starting Job = job_201604131359_0009, Tracking URL = http://belona.c3local:50030/jobdetails.jsp?jobid=job_201604131359_0009
Kill Command = /home/hadoop/hadoop/bin/../bin/hadoop job  -Dmapred.job.tracker=belona.c3local:9001 -kill job_201604131359_0009
2016-04-13 15:11:17,370 Stage-3 map = 0%,  reduce = 0%
2016-04-13 15:11:26,399 Stage-3 map = 19%,  reduce = 0%
2016-04-13 15:11:29,409 Stage-3 map = 38%,  reduce = 0%
2016-04-13 15:11:32,420 Stage-3 map = 44%,  reduce = 0%
2016-04-13 15:11:41,451 Stage-3 map = 55%,  reduce = 7%
2016-04-13 15:11:44,463 Stage-3 map = 69%,  reduce = 15%
2016-04-13 15:11:47,475 Stage-3 map = 81%,  reduce = 15%
2016-04-13 15:11:50,487 Stage-3 map = 89%,  reduce = 15%
2016-04-13 15:11:56,509 Stage-3 map = 100%,  reduce = 26%
2016-04-13 15:12:02,530 Stage-3 map = 100%,  reduce = 30%
2016-04-13 15:12:08,552 Stage-3 map = 100%,  reduce = 73%
2016-04-13 15:12:11,564 Stage-3 map = 100%,  reduce = 80%
2016-04-13 15:12:14,576 Stage-3 map = 100%,  reduce = 87%
2016-04-13 15:12:17,589 Stage-3 map = 100%,  reduce = 94%
2016-04-13 15:12:20,602 Stage-3 map = 100%,  reduce = 100%
Ended Job = job_201604131359_0009
Launching Job 6 out of 8
Number of reduce tasks not specified. Estimated from input data size: 1
In order to change the average load for a reducer (in bytes):
  set hive.exec.reducers.bytes.per.reducer=<number>
In order to limit the maximum number of reducers:
  set hive.exec.reducers.max=<number>
In order to set a constant number of reducers:
  set mapred.reduce.tasks=<number>
Starting Job = job_201604131359_0010, Tracking URL = http://belona.c3local:50030/jobdetails.jsp?jobid=job_201604131359_0010
Kill Command = /home/hadoop/hadoop/bin/../bin/hadoop job  -Dmapred.job.tracker=belona.c3local:9001 -kill job_201604131359_0010
2016-04-13 15:12:32,025 Stage-4 map = 0%,  reduce = 0%
2016-04-13 15:12:35,036 Stage-4 map = 100%,  reduce = 0%
2016-04-13 15:12:44,066 Stage-4 map = 100%,  reduce = 100%
Ended Job = job_201604131359_0010
Launching Job 7 out of 8
Number of reduce tasks determined at compile time: 1
In order to change the average load for a reducer (in bytes):
  set hive.exec.reducers.bytes.per.reducer=<number>
In order to limit the maximum number of reducers:
  set hive.exec.reducers.max=<number>
In order to set a constant number of reducers:
  set mapred.reduce.tasks=<number>
Starting Job = job_201604131359_0011, Tracking URL = http://belona.c3local:50030/jobdetails.jsp?jobid=job_201604131359_0011
Kill Command = /home/hadoop/hadoop/bin/../bin/hadoop job  -Dmapred.job.tracker=belona.c3local:9001 -kill job_201604131359_0011
2016-04-13 15:12:53,458 Stage-5 map = 0%,  reduce = 0%
2016-04-13 15:12:56,469 Stage-5 map = 100%,  reduce = 0%
2016-04-13 15:13:05,506 Stage-5 map = 100%,  reduce = 100%
Ended Job = job_201604131359_0011
Launching Job 8 out of 8
Number of reduce tasks determined at compile time: 1
In order to change the average load for a reducer (in bytes):
  set hive.exec.reducers.bytes.per.reducer=<number>
In order to limit the maximum number of reducers:
  set hive.exec.reducers.max=<number>
In order to set a constant number of reducers:
  set mapred.reduce.tasks=<number>
Starting Job = job_201604131359_0012, Tracking URL = http://belona.c3local:50030/jobdetails.jsp?jobid=job_201604131359_0012
Kill Command = /home/hadoop/hadoop/bin/../bin/hadoop job  -Dmapred.job.tracker=belona.c3local:9001 -kill job_201604131359_0012
2016-04-13 15:13:13,879 Stage-6 map = 0%,  reduce = 0%
2016-04-13 15:13:16,890 Stage-6 map = 100%,  reduce = 0%
2016-04-13 15:13:25,920 Stage-6 map = 100%,  reduce = 100%
Ended Job = job_201604131359_0012
Loading data to table q21_suppliers_who_kept_orders_waiting
100 Rows loaded to q21_suppliers_who_kept_orders_waiting
OK
Time taken: 792.311 seconds
Hive history file=/tmp/hadoop/hive_job_log_hadoop_201604131515_330493746.txt
OK
Time taken: 3.436 seconds
OK
Time taken: 0.097 seconds
OK
Time taken: 0.092 seconds
OK
Time taken: 0.091 seconds
FAILED: Error in metadata: MetaException(message:Got exception: org.apache.hadoop.ipc.RemoteException org.apache.hadoop.hdfs.server.namenode.SafeModeException: Cannot delete /user/hive/warehouse/q21_tmp1. Name node is in safe mode.
The ratio of reported blocks 1.0000 has reached the threshold 0.9990. Safe mode will be turned off automatically in 24 seconds.
	at org.apache.hadoop.hdfs.server.namenode.FSNamesystem.deleteInternal(FSNamesystem.java:1700)
	at org.apache.hadoop.hdfs.server.namenode.FSNamesystem.delete(FSNamesystem.java:1680)
	at org.apache.hadoop.hdfs.server.namenode.NameNode.delete(NameNode.java:517)
	at sun.reflect.NativeMethodAccessorImpl.invoke0(Native Method)
	at sun.reflect.NativeMethodAccessorImpl.invoke(NativeMethodAccessorImpl.java:57)
	at sun.reflect.DelegatingMethodAccessorImpl.invoke(DelegatingMethodAccessorImpl.java:43)
	at java.lang.reflect.Method.invoke(Method.java:606)
	at org.apache.hadoop.ipc.RPC$Server.call(RPC.java:508)
	at org.apache.hadoop.ipc.Server$Handler$1.run(Server.java:959)
	at org.apache.hadoop.ipc.Server$Handler$1.run(Server.java:955)
	at java.security.AccessController.doPrivileged(Native Method)
	at javax.security.auth.Subject.doAs(Subject.java:415)
	at org.apache.hadoop.ipc.Server$Handler.run(Server.java:953)
)
FAILED: Execution Error, return code 1 from org.apache.hadoop.hive.ql.exec.DDLTask
Hive history file=/tmp/hadoop/hive_job_log_hadoop_201604131515_510404589.txt
OK
Time taken: 2.902 seconds
OK
Time taken: 0.012 seconds
OK
Time taken: 0.013 seconds
OK
Time taken: 0.008 seconds
OK
Time taken: 0.007 seconds
OK
Time taken: 0.566 seconds
OK
Time taken: 0.073 seconds
OK
Time taken: 0.179 seconds
OK
Time taken: 0.041 seconds
OK
Time taken: 0.05 seconds
OK
Time taken: 0.041 seconds
OK
Time taken: 0.025 seconds
OK
Time taken: 0.074 seconds
OK
Time taken: 0.033 seconds
Total MapReduce jobs = 1
Launching Job 1 out of 1
Number of reduce tasks not specified. Estimated from input data size: 8
In order to change the average load for a reducer (in bytes):
  set hive.exec.reducers.bytes.per.reducer=<number>
In order to limit the maximum number of reducers:
  set hive.exec.reducers.max=<number>
In order to set a constant number of reducers:
  set mapred.reduce.tasks=<number>
Starting Job = job_201604131515_0001, Tracking URL = http://belona.c3local:50030/jobdetails.jsp?jobid=job_201604131515_0001
Kill Command = /home/hadoop/hadoop/bin/../bin/hadoop job  -Dmapred.job.tracker=belona.c3local:9001 -kill job_201604131515_0001
2016-04-13 15:15:28,149 Stage-1 map = 0%,  reduce = 0%
2016-04-13 15:15:37,215 Stage-1 map = 1%,  reduce = 0%
2016-04-13 15:15:40,239 Stage-1 map = 2%,  reduce = 0%
2016-04-13 15:15:43,271 Stage-1 map = 3%,  reduce = 0%
2016-04-13 15:15:52,356 Stage-1 map = 5%,  reduce = 0%
2016-04-13 15:15:55,386 Stage-1 map = 7%,  reduce = 0%
2016-04-13 15:16:10,523 Stage-1 map = 8%,  reduce = 1%
2016-04-13 15:16:13,551 Stage-1 map = 9%,  reduce = 1%
2016-04-13 15:16:16,578 Stage-1 map = 10%,  reduce = 1%
2016-04-13 15:16:25,652 Stage-1 map = 11%,  reduce = 1%
2016-04-13 15:16:28,680 Stage-1 map = 13%,  reduce = 2%
2016-04-13 15:16:31,710 Stage-1 map = 14%,  reduce = 2%
2016-04-13 15:16:40,785 Stage-1 map = 15%,  reduce = 2%
2016-04-13 15:16:43,811 Stage-1 map = 16%,  reduce = 2%
2016-04-13 15:16:46,839 Stage-1 map = 17%,  reduce = 2%
2016-04-13 15:16:52,888 Stage-1 map = 17%,  reduce = 3%
2016-04-13 15:16:55,914 Stage-1 map = 19%,  reduce = 3%
2016-04-13 15:16:58,941 Stage-1 map = 20%,  reduce = 3%
2016-04-13 15:17:01,967 Stage-1 map = 21%,  reduce = 3%
2016-04-13 15:17:11,037 Stage-1 map = 22%,  reduce = 3%
2016-04-13 15:17:13,056 Stage-1 map = 23%,  reduce = 3%
2016-04-13 15:17:16,085 Stage-1 map = 24%,  reduce = 3%
2016-04-13 15:17:22,133 Stage-1 map = 24%,  reduce = 4%
2016-04-13 15:17:25,159 Stage-1 map = 25%,  reduce = 4%
2016-04-13 15:17:28,179 Stage-1 map = 27%,  reduce = 4%
2016-04-13 15:17:31,202 Stage-1 map = 28%,  reduce = 4%
2016-04-13 15:17:40,266 Stage-1 map = 29%,  reduce = 4%
2016-04-13 15:17:43,286 Stage-1 map = 31%,  reduce = 5%
2016-04-13 15:17:55,359 Stage-1 map = 33%,  reduce = 5%
2016-04-13 15:17:58,380 Stage-1 map = 34%,  reduce = 5%
2016-04-13 15:18:10,450 Stage-1 map = 36%,  reduce = 5%
2016-04-13 15:18:13,469 Stage-1 map = 38%,  reduce = 6%
2016-04-13 15:18:25,539 Stage-1 map = 40%,  reduce = 6%
2016-04-13 15:18:28,559 Stage-1 map = 41%,  reduce = 6%
2016-04-13 15:18:37,613 Stage-1 map = 41%,  reduce = 7%
2016-04-13 15:18:40,632 Stage-1 map = 42%,  reduce = 7%
2016-04-13 15:18:43,652 Stage-1 map = 44%,  reduce = 7%
2016-04-13 15:18:46,672 Stage-1 map = 45%,  reduce = 7%
2016-04-13 15:18:58,744 Stage-1 map = 46%,  reduce = 7%
2016-04-13 15:19:01,764 Stage-1 map = 47%,  reduce = 7%
2016-04-13 15:19:04,784 Stage-1 map = 48%,  reduce = 7%
2016-04-13 15:19:13,838 Stage-1 map = 50%,  reduce = 8%
2016-04-13 15:19:16,859 Stage-1 map = 51%,  reduce = 8%
2016-04-13 15:19:19,878 Stage-1 map = 52%,  reduce = 8%
2016-04-13 15:19:28,938 Stage-1 map = 53%,  reduce = 9%
2016-04-13 15:19:31,957 Stage-1 map = 55%,  reduce = 9%
2016-04-13 15:19:44,033 Stage-1 map = 56%,  reduce = 9%
2016-04-13 15:19:47,052 Stage-1 map = 58%,  reduce = 9%
2016-04-13 15:19:50,073 Stage-1 map = 59%,  reduce = 9%
2016-04-13 15:19:59,127 Stage-1 map = 60%,  reduce = 10%
2016-04-13 15:20:02,148 Stage-1 map = 61%,  reduce = 10%
2016-04-13 15:20:05,168 Stage-1 map = 62%,  reduce = 10%
2016-04-13 15:20:11,205 Stage-1 map = 63%,  reduce = 10%
2016-04-13 15:20:17,243 Stage-1 map = 65%,  reduce = 10%
2016-04-13 15:20:20,263 Stage-1 map = 66%,  reduce = 10%
2016-04-13 15:20:25,294 Stage-1 map = 66%,  reduce = 11%
2016-04-13 15:20:28,314 Stage-1 map = 67%,  reduce = 11%
2016-04-13 15:20:31,333 Stage-1 map = 68%,  reduce = 11%
2016-04-13 15:20:32,341 Stage-1 map = 69%,  reduce = 11%
2016-04-13 15:20:38,377 Stage-1 map = 70%,  reduce = 11%
2016-04-13 15:20:41,398 Stage-1 map = 70%,  reduce = 12%
2016-04-13 15:20:43,412 Stage-1 map = 71%,  reduce = 12%
2016-04-13 15:20:46,433 Stage-1 map = 72%,  reduce = 12%
2016-04-13 15:20:49,453 Stage-1 map = 73%,  reduce = 12%
2016-04-13 15:20:58,507 Stage-1 map = 74%,  reduce = 12%
2016-04-13 15:21:01,535 Stage-1 map = 76%,  reduce = 12%
2016-04-13 15:21:07,570 Stage-1 map = 77%,  reduce = 12%
2016-04-13 15:21:10,590 Stage-1 map = 77%,  reduce = 13%
2016-04-13 15:21:13,611 Stage-1 map = 78%,  reduce = 13%
2016-04-13 15:21:19,646 Stage-1 map = 79%,  reduce = 13%
2016-04-13 15:21:22,666 Stage-1 map = 80%,  reduce = 13%
2016-04-13 15:21:28,719 Stage-1 map = 81%,  reduce = 13%
2016-04-13 15:21:31,738 Stage-1 map = 83%,  reduce = 13%
2016-04-13 15:21:34,758 Stage-1 map = 84%,  reduce = 13%
2016-04-13 15:21:40,796 Stage-1 map = 84%,  reduce = 14%
2016-04-13 15:21:46,833 Stage-1 map = 85%,  reduce = 14%
2016-04-13 15:21:49,854 Stage-1 map = 86%,  reduce = 14%
2016-04-13 15:21:52,874 Stage-1 map = 87%,  reduce = 14%
2016-04-13 15:21:58,911 Stage-1 map = 88%,  reduce = 14%
2016-04-13 15:22:01,930 Stage-1 map = 89%,  reduce = 15%
2016-04-13 15:22:04,949 Stage-1 map = 90%,  reduce = 15%
2016-04-13 15:22:07,969 Stage-1 map = 91%,  reduce = 15%
2016-04-13 15:22:20,041 Stage-1 map = 92%,  reduce = 15%
2016-04-13 15:22:23,060 Stage-1 map = 94%,  reduce = 15%
2016-04-13 15:22:32,121 Stage-1 map = 95%,  reduce = 16%
2016-04-13 15:22:35,140 Stage-1 map = 96%,  reduce = 16%
2016-04-13 15:22:38,160 Stage-1 map = 97%,  reduce = 16%
2016-04-13 15:22:50,231 Stage-1 map = 99%,  reduce = 16%
2016-04-13 15:22:53,252 Stage-1 map = 100%,  reduce = 16%
2016-04-13 15:23:02,308 Stage-1 map = 100%,  reduce = 25%
2016-04-13 15:23:05,329 Stage-1 map = 100%,  reduce = 30%
2016-04-13 15:23:08,349 Stage-1 map = 100%,  reduce = 36%
2016-04-13 15:23:11,370 Stage-1 map = 100%,  reduce = 39%
2016-04-13 15:23:14,390 Stage-1 map = 100%,  reduce = 42%
2016-04-13 15:23:17,410 Stage-1 map = 100%,  reduce = 45%
2016-04-13 15:23:20,434 Stage-1 map = 100%,  reduce = 48%
2016-04-13 15:23:23,456 Stage-1 map = 100%,  reduce = 50%
2016-04-13 15:23:29,495 Stage-1 map = 100%,  reduce = 51%
2016-04-13 15:23:32,516 Stage-1 map = 100%,  reduce = 55%
2016-04-13 15:23:35,537 Stage-1 map = 100%,  reduce = 59%
2016-04-13 15:23:38,559 Stage-1 map = 100%,  reduce = 62%
2016-04-13 15:23:41,581 Stage-1 map = 100%,  reduce = 63%
2016-04-13 15:23:44,602 Stage-1 map = 100%,  reduce = 64%
2016-04-13 15:23:47,623 Stage-1 map = 100%,  reduce = 65%
2016-04-13 15:23:49,639 Stage-1 map = 100%,  reduce = 66%
2016-04-13 15:23:53,666 Stage-1 map = 100%,  reduce = 67%
2016-04-13 15:23:55,685 Stage-1 map = 100%,  reduce = 75%
2016-04-13 15:23:58,705 Stage-1 map = 100%,  reduce = 84%
2016-04-13 15:24:01,726 Stage-1 map = 100%,  reduce = 86%
2016-04-13 15:24:04,746 Stage-1 map = 100%,  reduce = 89%
2016-04-13 15:24:07,766 Stage-1 map = 100%,  reduce = 92%
2016-04-13 15:24:10,787 Stage-1 map = 100%,  reduce = 95%
2016-04-13 15:24:13,808 Stage-1 map = 100%,  reduce = 100%
Ended Job = job_201604131515_0001
Loading data to table q21_tmp1
13125000 Rows loaded to q21_tmp1
OK
Time taken: 537.473 seconds
Total MapReduce jobs = 1
Launching Job 1 out of 1
Number of reduce tasks not specified. Estimated from input data size: 8
In order to change the average load for a reducer (in bytes):
  set hive.exec.reducers.bytes.per.reducer=<number>
In order to limit the maximum number of reducers:
  set hive.exec.reducers.max=<number>
In order to set a constant number of reducers:
  set mapred.reduce.tasks=<number>
Starting Job = job_201604131515_0002, Tracking URL = http://belona.c3local:50030/jobdetails.jsp?jobid=job_201604131515_0002
Kill Command = /home/hadoop/hadoop/bin/../bin/hadoop job  -Dmapred.job.tracker=belona.c3local:9001 -kill job_201604131515_0002
2016-04-13 15:24:25,737 Stage-1 map = 0%,  reduce = 0%
2016-04-13 15:24:34,778 Stage-1 map = 1%,  reduce = 0%
2016-04-13 15:24:37,792 Stage-1 map = 3%,  reduce = 0%
2016-04-13 15:24:49,862 Stage-1 map = 5%,  reduce = 0%
2016-04-13 15:24:52,882 Stage-1 map = 6%,  reduce = 0%
2016-04-13 15:24:55,902 Stage-1 map = 7%,  reduce = 0%
2016-04-13 15:25:07,974 Stage-1 map = 8%,  reduce = 1%
2016-04-13 15:25:10,993 Stage-1 map = 9%,  reduce = 1%
2016-04-13 15:25:14,012 Stage-1 map = 10%,  reduce = 1%
2016-04-13 15:25:20,047 Stage-1 map = 11%,  reduce = 1%
2016-04-13 15:25:23,066 Stage-1 map = 12%,  reduce = 2%
2016-04-13 15:25:26,084 Stage-1 map = 13%,  reduce = 2%
2016-04-13 15:25:29,104 Stage-1 map = 14%,  reduce = 2%
2016-04-13 15:25:38,156 Stage-1 map = 15%,  reduce = 2%
2016-04-13 15:25:41,175 Stage-1 map = 17%,  reduce = 2%
2016-04-13 15:25:50,228 Stage-1 map = 18%,  reduce = 3%
2016-04-13 15:25:53,247 Stage-1 map = 19%,  reduce = 3%
2016-04-13 15:25:56,267 Stage-1 map = 20%,  reduce = 3%
2016-04-13 15:25:59,285 Stage-1 map = 21%,  reduce = 3%
2016-04-13 15:26:08,336 Stage-1 map = 22%,  reduce = 3%
2016-04-13 15:26:11,355 Stage-1 map = 24%,  reduce = 3%
2016-04-13 15:26:20,404 Stage-1 map = 25%,  reduce = 4%
2016-04-13 15:26:23,421 Stage-1 map = 26%,  reduce = 4%
2016-04-13 15:26:26,439 Stage-1 map = 27%,  reduce = 4%
2016-04-13 15:26:29,457 Stage-1 map = 28%,  reduce = 4%
2016-04-13 15:26:38,505 Stage-1 map = 29%,  reduce = 4%
2016-04-13 15:26:41,523 Stage-1 map = 31%,  reduce = 5%
2016-04-13 15:26:50,576 Stage-1 map = 32%,  reduce = 5%
2016-04-13 15:26:53,594 Stage-1 map = 33%,  reduce = 5%
2016-04-13 15:26:56,613 Stage-1 map = 34%,  reduce = 5%
2016-04-13 15:27:05,663 Stage-1 map = 35%,  reduce = 5%
2016-04-13 15:27:08,681 Stage-1 map = 36%,  reduce = 5%
2016-04-13 15:27:11,699 Stage-1 map = 38%,  reduce = 6%
2016-04-13 15:27:23,765 Stage-1 map = 40%,  reduce = 6%
2016-04-13 15:27:26,783 Stage-1 map = 41%,  reduce = 6%
2016-04-13 15:27:35,840 Stage-1 map = 42%,  reduce = 7%
2016-04-13 15:27:38,857 Stage-1 map = 43%,  reduce = 7%
2016-04-13 15:27:41,875 Stage-1 map = 44%,  reduce = 7%
2016-04-13 15:27:44,894 Stage-1 map = 45%,  reduce = 7%
2016-04-13 15:27:53,942 Stage-1 map = 46%,  reduce = 7%
2016-04-13 15:27:55,954 Stage-1 map = 47%,  reduce = 7%
2016-04-13 15:27:58,972 Stage-1 map = 48%,  reduce = 7%
2016-04-13 15:28:01,989 Stage-1 map = 48%,  reduce = 8%
2016-04-13 15:28:06,012 Stage-1 map = 49%,  reduce = 8%
2016-04-13 15:28:08,026 Stage-1 map = 50%,  reduce = 8%
2016-04-13 15:28:11,043 Stage-1 map = 51%,  reduce = 8%
2016-04-13 15:28:14,083 Stage-1 map = 52%,  reduce = 8%
2016-04-13 15:28:23,130 Stage-1 map = 53%,  reduce = 8%
2016-04-13 15:28:26,148 Stage-1 map = 55%,  reduce = 9%
2016-04-13 15:28:35,194 Stage-1 map = 56%,  reduce = 9%
2016-04-13 15:28:38,212 Stage-1 map = 57%,  reduce = 9%
2016-04-13 15:28:41,231 Stage-1 map = 58%,  reduce = 9%
2016-04-13 15:28:44,248 Stage-1 map = 59%,  reduce = 9%
2016-04-13 15:28:53,294 Stage-1 map = 60%,  reduce = 10%
2016-04-13 15:28:56,311 Stage-1 map = 62%,  reduce = 10%
2016-04-13 15:29:05,358 Stage-1 map = 63%,  reduce = 10%
2016-04-13 15:29:08,376 Stage-1 map = 64%,  reduce = 10%
2016-04-13 15:29:11,395 Stage-1 map = 65%,  reduce = 10%
2016-04-13 15:29:14,412 Stage-1 map = 66%,  reduce = 10%
2016-04-13 15:29:20,444 Stage-1 map = 66%,  reduce = 11%
2016-04-13 15:29:23,461 Stage-1 map = 67%,  reduce = 11%
2016-04-13 15:29:26,479 Stage-1 map = 69%,  reduce = 11%
