Hive history file=/tmp/hadoop/hive_job_log_hadoop_201604121242_1606242850.txt
OK
Time taken: 4.47 seconds
OK
Time taken: 0.107 seconds
OK
Time taken: 0.091 seconds
OK
Time taken: 0.083 seconds
FAILED: Error in metadata: MetaException(message:Got exception: org.apache.hadoop.ipc.RemoteException org.apache.hadoop.hdfs.server.namenode.SafeModeException: Cannot delete /user/hive/warehouse/q10_returned_item. Name node is in safe mode.
The ratio of reported blocks 1.0000 has reached the threshold 0.9990. Safe mode will be turned off automatically in 23 seconds.
	at org.apache.hadoop.hdfs.server.namenode.FSNamesystem.deleteInternal(FSNamesystem.java:1700)
	at org.apache.hadoop.hdfs.server.namenode.FSNamesystem.delete(FSNamesystem.java:1680)
	at org.apache.hadoop.hdfs.server.namenode.NameNode.delete(NameNode.java:517)
	at sun.reflect.NativeMethodAccessorImpl.invoke0(Native Method)
	at sun.reflect.NativeMethodAccessorImpl.invoke(NativeMethodAccessorImpl.java:57)
	at sun.reflect.DelegatingMethodAccessorImpl.invoke(DelegatingMethodAccessorImpl.java:43)
	at java.lang.reflect.Method.invoke(Method.java:606)
	at org.apache.hadoop.ipc.RPC$Server.call(RPC.java:508)
	at org.apache.hadoop.ipc.Server$Handler$1.run(Server.java:959)
	at org.apache.hadoop.ipc.Server$Handler$1.run(Server.java:955)
	at java.security.AccessController.doPrivileged(Native Method)
	at javax.security.auth.Subject.doAs(Subject.java:415)
	at org.apache.hadoop.ipc.Server$Handler.run(Server.java:953)
)
FAILED: Execution Error, return code 1 from org.apache.hadoop.hive.ql.exec.DDLTask
Hive history file=/tmp/hadoop/hive_job_log_hadoop_201604121242_1285192354.txt
OK
Time taken: 4.204 seconds
OK
Time taken: 0.01 seconds
OK
Time taken: 0.011 seconds
OK
Time taken: 0.008 seconds
OK
Time taken: 0.007 seconds
OK
Time taken: 0.481 seconds
OK
Time taken: 0.056 seconds
OK
Time taken: 0.05 seconds
OK
Time taken: 0.051 seconds
OK
Time taken: 0.059 seconds
Total MapReduce jobs = 6
Launching Job 1 out of 6
Number of reduce tasks not specified. Estimated from input data size: 2
In order to change the average load for a reducer (in bytes):
  set hive.exec.reducers.bytes.per.reducer=<number>
In order to limit the maximum number of reducers:
  set hive.exec.reducers.max=<number>
In order to set a constant number of reducers:
  set mapred.reduce.tasks=<number>
Starting Job = job_201604121242_0001, Tracking URL = http://belona.c3local:50030/jobdetails.jsp?jobid=job_201604121242_0001
Kill Command = /home/hadoop/hadoop/bin/../bin/hadoop job  -Dmapred.job.tracker=belona.c3local:9001 -kill job_201604121242_0001
2016-04-12 12:42:35,998 Stage-1 map = 0%,  reduce = 0%
2016-04-12 12:42:45,066 Stage-1 map = 16%,  reduce = 0%
2016-04-12 12:42:48,093 Stage-1 map = 40%,  reduce = 0%
2016-04-12 12:42:51,139 Stage-1 map = 53%,  reduce = 0%
2016-04-12 12:42:54,172 Stage-1 map = 64%,  reduce = 0%
2016-04-12 12:42:57,206 Stage-1 map = 74%,  reduce = 0%
2016-04-12 12:43:00,242 Stage-1 map = 80%,  reduce = 0%
2016-04-12 12:43:03,274 Stage-1 map = 83%,  reduce = 13%
2016-04-12 12:43:06,307 Stage-1 map = 86%,  reduce = 13%
2016-04-12 12:43:09,342 Stage-1 map = 100%,  reduce = 13%
2016-04-12 12:43:12,378 Stage-1 map = 100%,  reduce = 20%
2016-04-12 12:43:18,446 Stage-1 map = 100%,  reduce = 92%
2016-04-12 12:43:21,484 Stage-1 map = 100%,  reduce = 100%
Ended Job = job_201604121242_0001
Launching Job 2 out of 6
Number of reduce tasks not specified. Estimated from input data size: 1
In order to change the average load for a reducer (in bytes):
  set hive.exec.reducers.bytes.per.reducer=<number>
In order to limit the maximum number of reducers:
  set hive.exec.reducers.max=<number>
In order to set a constant number of reducers:
  set mapred.reduce.tasks=<number>
Starting Job = job_201604121242_0002, Tracking URL = http://belona.c3local:50030/jobdetails.jsp?jobid=job_201604121242_0002
Kill Command = /home/hadoop/hadoop/bin/../bin/hadoop job  -Dmapred.job.tracker=belona.c3local:9001 -kill job_201604121242_0002
2016-04-12 12:43:30,064 Stage-2 map = 0%,  reduce = 0%
2016-04-12 12:43:36,103 Stage-2 map = 67%,  reduce = 0%
2016-04-12 12:43:39,133 Stage-2 map = 100%,  reduce = 0%
2016-04-12 12:43:45,183 Stage-2 map = 100%,  reduce = 33%
2016-04-12 12:43:48,211 Stage-2 map = 100%,  reduce = 76%
2016-04-12 12:43:51,240 Stage-2 map = 100%,  reduce = 100%
Ended Job = job_201604121242_0002
Launching Job 3 out of 6
Number of reduce tasks not specified. Estimated from input data size: 8
In order to change the average load for a reducer (in bytes):
  set hive.exec.reducers.bytes.per.reducer=<number>
In order to limit the maximum number of reducers:
  set hive.exec.reducers.max=<number>
In order to set a constant number of reducers:
  set mapred.reduce.tasks=<number>
Starting Job = job_201604121242_0003, Tracking URL = http://belona.c3local:50030/jobdetails.jsp?jobid=job_201604121242_0003
Kill Command = /home/hadoop/hadoop/bin/../bin/hadoop job  -Dmapred.job.tracker=belona.c3local:9001 -kill job_201604121242_0003
2016-04-12 12:44:00,900 Stage-3 map = 0%,  reduce = 0%
2016-04-12 12:44:09,953 Stage-3 map = 6%,  reduce = 0%
2016-04-12 12:44:12,973 Stage-3 map = 11%,  reduce = 0%
2016-04-12 12:44:14,987 Stage-3 map = 14%,  reduce = 0%
2016-04-12 12:44:15,996 Stage-3 map = 17%,  reduce = 0%
2016-04-12 12:44:18,028 Stage-3 map = 20%,  reduce = 0%
2016-04-12 12:44:21,057 Stage-3 map = 22%,  reduce = 0%
2016-04-12 12:44:24,085 Stage-3 map = 24%,  reduce = 0%
2016-04-12 12:44:27,112 Stage-3 map = 26%,  reduce = 1%
2016-04-12 12:44:30,142 Stage-3 map = 28%,  reduce = 2%
2016-04-12 12:44:33,173 Stage-3 map = 30%,  reduce = 2%
2016-04-12 12:44:36,204 Stage-3 map = 32%,  reduce = 3%
2016-04-12 12:44:39,232 Stage-3 map = 35%,  reduce = 4%
2016-04-12 12:44:42,258 Stage-3 map = 39%,  reduce = 4%
2016-04-12 12:44:45,285 Stage-3 map = 42%,  reduce = 4%
2016-04-12 12:44:48,312 Stage-3 map = 45%,  reduce = 4%
2016-04-12 12:44:51,338 Stage-3 map = 48%,  reduce = 4%
2016-04-12 12:44:54,364 Stage-3 map = 50%,  reduce = 5%
2016-04-12 12:44:57,388 Stage-3 map = 52%,  reduce = 6%
2016-04-12 12:45:00,412 Stage-3 map = 54%,  reduce = 7%
2016-04-12 12:45:03,436 Stage-3 map = 56%,  reduce = 8%
2016-04-12 12:45:06,458 Stage-3 map = 58%,  reduce = 8%
2016-04-12 12:45:09,479 Stage-3 map = 62%,  reduce = 8%
2016-04-12 12:45:12,501 Stage-3 map = 66%,  reduce = 8%
2016-04-12 12:45:15,523 Stage-3 map = 69%,  reduce = 8%
2016-04-12 12:45:18,545 Stage-3 map = 71%,  reduce = 9%
2016-04-12 12:45:21,566 Stage-3 map = 74%,  reduce = 9%
2016-04-12 12:45:24,587 Stage-3 map = 76%,  reduce = 10%
2016-04-12 12:45:27,609 Stage-3 map = 78%,  reduce = 10%
2016-04-12 12:45:30,632 Stage-3 map = 80%,  reduce = 12%
2016-04-12 12:45:33,653 Stage-3 map = 83%,  reduce = 13%
2016-04-12 12:45:36,674 Stage-3 map = 87%,  reduce = 13%
2016-04-12 12:45:39,695 Stage-3 map = 90%,  reduce = 13%
2016-04-12 12:45:42,717 Stage-3 map = 94%,  reduce = 13%
2016-04-12 12:45:45,738 Stage-3 map = 96%,  reduce = 13%
2016-04-12 12:45:48,760 Stage-3 map = 99%,  reduce = 14%
2016-04-12 12:45:51,783 Stage-3 map = 100%,  reduce = 14%
2016-04-12 12:45:57,819 Stage-3 map = 100%,  reduce = 15%
2016-04-12 12:46:00,840 Stage-3 map = 100%,  reduce = 20%
2016-04-12 12:46:03,860 Stage-3 map = 100%,  reduce = 32%
2016-04-12 12:46:06,881 Stage-3 map = 100%,  reduce = 43%
2016-04-12 12:46:09,901 Stage-3 map = 100%,  reduce = 48%
2016-04-12 12:46:12,922 Stage-3 map = 100%,  reduce = 50%
2016-04-12 12:46:18,960 Stage-3 map = 100%,  reduce = 54%
2016-04-12 12:46:21,982 Stage-3 map = 100%,  reduce = 65%
2016-04-12 12:46:25,004 Stage-3 map = 100%,  reduce = 73%
2016-04-12 12:46:28,026 Stage-3 map = 100%,  reduce = 84%
2016-04-12 12:46:31,048 Stage-3 map = 100%,  reduce = 95%
2016-04-12 12:46:34,070 Stage-3 map = 100%,  reduce = 100%
Ended Job = job_201604121242_0003
Launching Job 4 out of 6
Number of reduce tasks not specified. Estimated from input data size: 1
In order to change the average load for a reducer (in bytes):
  set hive.exec.reducers.bytes.per.reducer=<number>
In order to limit the maximum number of reducers:
  set hive.exec.reducers.max=<number>
In order to set a constant number of reducers:
  set mapred.reduce.tasks=<number>
Starting Job = job_201604121242_0004, Tracking URL = http://belona.c3local:50030/jobdetails.jsp?jobid=job_201604121242_0004
Kill Command = /home/hadoop/hadoop/bin/../bin/hadoop job  -Dmapred.job.tracker=belona.c3local:9001 -kill job_201604121242_0004
2016-04-12 12:46:42,578 Stage-4 map = 0%,  reduce = 0%
2016-04-12 12:46:51,621 Stage-4 map = 50%,  reduce = 0%
2016-04-12 12:47:00,669 Stage-4 map = 100%,  reduce = 17%
2016-04-12 12:47:09,719 Stage-4 map = 100%,  reduce = 97%
2016-04-12 12:47:12,738 Stage-4 map = 100%,  reduce = 100%
Ended Job = job_201604121242_0004
Launching Job 5 out of 6
Number of reduce tasks determined at compile time: 1
In order to change the average load for a reducer (in bytes):
  set hive.exec.reducers.bytes.per.reducer=<number>
In order to limit the maximum number of reducers:
  set hive.exec.reducers.max=<number>
In order to set a constant number of reducers:
  set mapred.reduce.tasks=<number>
Starting Job = job_201604121242_0005, Tracking URL = http://belona.c3local:50030/jobdetails.jsp?jobid=job_201604121242_0005
Kill Command = /home/hadoop/hadoop/bin/../bin/hadoop job  -Dmapred.job.tracker=belona.c3local:9001 -kill job_201604121242_0005
2016-04-12 12:47:21,402 Stage-5 map = 0%,  reduce = 0%
2016-04-12 12:47:30,446 Stage-5 map = 100%,  reduce = 0%
2016-04-12 12:47:39,505 Stage-5 map = 100%,  reduce = 100%
Ended Job = job_201604121242_0005
Launching Job 6 out of 6
Number of reduce tasks determined at compile time: 1
In order to change the average load for a reducer (in bytes):
  set hive.exec.reducers.bytes.per.reducer=<number>
In order to limit the maximum number of reducers:
  set hive.exec.reducers.max=<number>
In order to set a constant number of reducers:
  set mapred.reduce.tasks=<number>
Starting Job = job_201604121242_0006, Tracking URL = http://belona.c3local:50030/jobdetails.jsp?jobid=job_201604121242_0006
Kill Command = /home/hadoop/hadoop/bin/../bin/hadoop job  -Dmapred.job.tracker=belona.c3local:9001 -kill job_201604121242_0006
2016-04-12 12:47:48,974 Stage-6 map = 0%,  reduce = 0%
2016-04-12 12:47:51,991 Stage-6 map = 100%,  reduce = 0%
2016-04-12 12:48:01,045 Stage-6 map = 100%,  reduce = 100%
Ended Job = job_201604121242_0006
Loading data to table q10_returned_item
20 Rows loaded to q10_returned_item
OK
Time taken: 335.379 seconds
