Hive history file=/tmp/hadoop/hive_job_log_hadoop_201604051527_1467667928.txt
OK
Time taken: 3.554 seconds
OK
Time taken: 0.087 seconds
OK
Time taken: 0.067 seconds
OK
Time taken: 0.066 seconds
FAILED: Error in metadata: MetaException(message:Got exception: org.apache.hadoop.ipc.RemoteException org.apache.hadoop.hdfs.server.namenode.SafeModeException: Cannot delete /user/hive/warehouse/q10_returned_item. Name node is in safe mode.
The ratio of reported blocks 1.0000 has reached the threshold 0.9990. Safe mode will be turned off automatically in 23 seconds.
	at org.apache.hadoop.hdfs.server.namenode.FSNamesystem.deleteInternal(FSNamesystem.java:1700)
	at org.apache.hadoop.hdfs.server.namenode.FSNamesystem.delete(FSNamesystem.java:1680)
	at org.apache.hadoop.hdfs.server.namenode.NameNode.delete(NameNode.java:517)
	at sun.reflect.NativeMethodAccessorImpl.invoke0(Native Method)
	at sun.reflect.NativeMethodAccessorImpl.invoke(NativeMethodAccessorImpl.java:57)
	at sun.reflect.DelegatingMethodAccessorImpl.invoke(DelegatingMethodAccessorImpl.java:43)
	at java.lang.reflect.Method.invoke(Method.java:606)
	at org.apache.hadoop.ipc.RPC$Server.call(RPC.java:508)
	at org.apache.hadoop.ipc.Server$Handler$1.run(Server.java:959)
	at org.apache.hadoop.ipc.Server$Handler$1.run(Server.java:955)
	at java.security.AccessController.doPrivileged(Native Method)
	at javax.security.auth.Subject.doAs(Subject.java:415)
	at org.apache.hadoop.ipc.Server$Handler.run(Server.java:953)
)
FAILED: Execution Error, return code 1 from org.apache.hadoop.hive.ql.exec.DDLTask
Hive history file=/tmp/hadoop/hive_job_log_hadoop_201604051527_138217502.txt
OK
Time taken: 2.984 seconds
OK
Time taken: 0.01 seconds
OK
Time taken: 0.01 seconds
OK
Time taken: 0.008 seconds
OK
Time taken: 0.008 seconds
OK
Time taken: 0.6 seconds
OK
Time taken: 0.085 seconds
OK
Time taken: 0.072 seconds
OK
Time taken: 0.041 seconds
OK
Time taken: 0.042 seconds
Total MapReduce jobs = 6
Launching Job 1 out of 6
Number of reduce tasks not specified. Estimated from input data size: 2
In order to change the average load for a reducer (in bytes):
  set hive.exec.reducers.bytes.per.reducer=<number>
In order to limit the maximum number of reducers:
  set hive.exec.reducers.max=<number>
In order to set a constant number of reducers:
  set mapred.reduce.tasks=<number>
Starting Job = job_201604051527_0001, Tracking URL = http://belona.c3local:50030/jobdetails.jsp?jobid=job_201604051527_0001
Kill Command = /home/hadoop/hadoop/bin/../bin/hadoop job  -Dmapred.job.tracker=belona.c3local:9001 -kill job_201604051527_0001
2016-04-05 15:28:02,259 Stage-1 map = 0%,  reduce = 0%
2016-04-05 15:28:11,325 Stage-1 map = 6%,  reduce = 0%
2016-04-05 15:28:14,349 Stage-1 map = 26%,  reduce = 0%
2016-04-05 15:28:17,373 Stage-1 map = 50%,  reduce = 0%
2016-04-05 15:28:20,406 Stage-1 map = 63%,  reduce = 0%
2016-04-05 15:28:23,439 Stage-1 map = 72%,  reduce = 0%
2016-04-05 15:28:26,474 Stage-1 map = 78%,  reduce = 0%
2016-04-05 15:28:29,507 Stage-1 map = 80%,  reduce = 10%
2016-04-05 15:28:31,531 Stage-1 map = 83%,  reduce = 20%
2016-04-05 15:28:34,565 Stage-1 map = 88%,  reduce = 20%
2016-04-05 15:28:37,598 Stage-1 map = 93%,  reduce = 20%
2016-04-05 15:28:40,634 Stage-1 map = 100%,  reduce = 23%
2016-04-05 15:28:43,668 Stage-1 map = 100%,  reduce = 27%
2016-04-05 15:28:49,728 Stage-1 map = 100%,  reduce = 50%
2016-04-05 15:28:52,766 Stage-1 map = 100%,  reduce = 100%
Ended Job = job_201604051527_0001
Launching Job 2 out of 6
Number of reduce tasks not specified. Estimated from input data size: 1
In order to change the average load for a reducer (in bytes):
  set hive.exec.reducers.bytes.per.reducer=<number>
In order to limit the maximum number of reducers:
  set hive.exec.reducers.max=<number>
In order to set a constant number of reducers:
  set mapred.reduce.tasks=<number>
Starting Job = job_201604051527_0002, Tracking URL = http://belona.c3local:50030/jobdetails.jsp?jobid=job_201604051527_0002
Kill Command = /home/hadoop/hadoop/bin/../bin/hadoop job  -Dmapred.job.tracker=belona.c3local:9001 -kill job_201604051527_0002
2016-04-05 15:29:02,337 Stage-2 map = 0%,  reduce = 0%
2016-04-05 15:29:05,361 Stage-2 map = 33%,  reduce = 0%
2016-04-05 15:29:11,412 Stage-2 map = 94%,  reduce = 0%
2016-04-05 15:29:14,440 Stage-2 map = 100%,  reduce = 11%
2016-04-05 15:29:23,514 Stage-2 map = 100%,  reduce = 76%
2016-04-05 15:29:26,543 Stage-2 map = 100%,  reduce = 100%
Ended Job = job_201604051527_0002
Launching Job 3 out of 6
Number of reduce tasks not specified. Estimated from input data size: 8
In order to change the average load for a reducer (in bytes):
  set hive.exec.reducers.bytes.per.reducer=<number>
In order to limit the maximum number of reducers:
  set hive.exec.reducers.max=<number>
In order to set a constant number of reducers:
  set mapred.reduce.tasks=<number>
Starting Job = job_201604051527_0003, Tracking URL = http://belona.c3local:50030/jobdetails.jsp?jobid=job_201604051527_0003
Kill Command = /home/hadoop/hadoop/bin/../bin/hadoop job  -Dmapred.job.tracker=belona.c3local:9001 -kill job_201604051527_0003
2016-04-05 15:29:35,217 Stage-3 map = 0%,  reduce = 0%
2016-04-05 15:29:44,269 Stage-3 map = 6%,  reduce = 0%
2016-04-05 15:29:47,289 Stage-3 map = 12%,  reduce = 0%
2016-04-05 15:29:50,324 Stage-3 map = 18%,  reduce = 0%
2016-04-05 15:29:53,347 Stage-3 map = 20%,  reduce = 0%
2016-04-05 15:29:56,376 Stage-3 map = 23%,  reduce = 0%
2016-04-05 15:29:59,405 Stage-3 map = 24%,  reduce = 0%
2016-04-05 15:30:02,436 Stage-3 map = 26%,  reduce = 1%
2016-04-05 15:30:05,469 Stage-3 map = 28%,  reduce = 2%
2016-04-05 15:30:08,495 Stage-3 map = 30%,  reduce = 2%
2016-04-05 15:30:11,523 Stage-3 map = 32%,  reduce = 3%
2016-04-05 15:30:14,547 Stage-3 map = 36%,  reduce = 4%
2016-04-05 15:30:17,571 Stage-3 map = 39%,  reduce = 4%
2016-04-05 15:30:20,594 Stage-3 map = 43%,  reduce = 4%
2016-04-05 15:30:23,618 Stage-3 map = 45%,  reduce = 4%
2016-04-05 15:30:26,642 Stage-3 map = 48%,  reduce = 4%
2016-04-05 15:30:29,666 Stage-3 map = 50%,  reduce = 4%
2016-04-05 15:30:31,687 Stage-3 map = 51%,  reduce = 5%
2016-04-05 15:30:32,700 Stage-3 map = 52%,  reduce = 5%
2016-04-05 15:30:34,716 Stage-3 map = 54%,  reduce = 7%
2016-04-05 15:30:37,737 Stage-3 map = 56%,  reduce = 7%
2016-04-05 15:30:40,759 Stage-3 map = 60%,  reduce = 8%
2016-04-05 15:30:43,781 Stage-3 map = 63%,  reduce = 8%
2016-04-05 15:30:46,803 Stage-3 map = 68%,  reduce = 8%
2016-04-05 15:30:49,825 Stage-3 map = 71%,  reduce = 8%
2016-04-05 15:30:52,846 Stage-3 map = 73%,  reduce = 8%
2016-04-05 15:30:55,868 Stage-3 map = 75%,  reduce = 9%
2016-04-05 15:30:58,889 Stage-3 map = 77%,  reduce = 10%
2016-04-05 15:31:01,910 Stage-3 map = 79%,  reduce = 11%
2016-04-05 15:31:04,930 Stage-3 map = 81%,  reduce = 13%
2016-04-05 15:31:07,951 Stage-3 map = 85%,  reduce = 13%
2016-04-05 15:31:10,972 Stage-3 map = 88%,  reduce = 13%
2016-04-05 15:31:13,993 Stage-3 map = 92%,  reduce = 13%
2016-04-05 15:31:17,013 Stage-3 map = 95%,  reduce = 13%
2016-04-05 15:31:20,035 Stage-3 map = 98%,  reduce = 13%
2016-04-05 15:31:23,056 Stage-3 map = 100%,  reduce = 13%
2016-04-05 15:31:26,078 Stage-3 map = 100%,  reduce = 15%
2016-04-05 15:31:32,117 Stage-3 map = 100%,  reduce = 20%
2016-04-05 15:31:35,137 Stage-3 map = 100%,  reduce = 33%
2016-04-05 15:31:38,159 Stage-3 map = 100%,  reduce = 42%
2016-04-05 15:31:41,180 Stage-3 map = 100%,  reduce = 49%
2016-04-05 15:31:44,201 Stage-3 map = 100%,  reduce = 50%
2016-04-05 15:31:47,224 Stage-3 map = 100%,  reduce = 54%
2016-04-05 15:31:50,245 Stage-3 map = 100%,  reduce = 67%
2016-04-05 15:31:53,266 Stage-3 map = 100%,  reduce = 76%
2016-04-05 15:31:56,288 Stage-3 map = 100%,  reduce = 84%
2016-04-05 15:31:59,309 Stage-3 map = 100%,  reduce = 96%
2016-04-05 15:32:02,329 Stage-3 map = 100%,  reduce = 100%
Ended Job = job_201604051527_0003
Launching Job 4 out of 6
Number of reduce tasks not specified. Estimated from input data size: 1
In order to change the average load for a reducer (in bytes):
  set hive.exec.reducers.bytes.per.reducer=<number>
In order to limit the maximum number of reducers:
  set hive.exec.reducers.max=<number>
In order to set a constant number of reducers:
  set mapred.reduce.tasks=<number>
Starting Job = job_201604051527_0004, Tracking URL = http://belona.c3local:50030/jobdetails.jsp?jobid=job_201604051527_0004
Kill Command = /home/hadoop/hadoop/bin/../bin/hadoop job  -Dmapred.job.tracker=belona.c3local:9001 -kill job_201604051527_0004
2016-04-05 15:32:10,846 Stage-4 map = 0%,  reduce = 0%
2016-04-05 15:32:19,889 Stage-4 map = 50%,  reduce = 0%
2016-04-05 15:32:25,923 Stage-4 map = 63%,  reduce = 0%
2016-04-05 15:32:28,941 Stage-4 map = 100%,  reduce = 21%
2016-04-05 15:32:37,991 Stage-4 map = 100%,  reduce = 94%
2016-04-05 15:32:41,013 Stage-4 map = 100%,  reduce = 100%
Ended Job = job_201604051527_0004
Launching Job 5 out of 6
Number of reduce tasks determined at compile time: 1
In order to change the average load for a reducer (in bytes):
  set hive.exec.reducers.bytes.per.reducer=<number>
In order to limit the maximum number of reducers:
  set hive.exec.reducers.max=<number>
In order to set a constant number of reducers:
  set mapred.reduce.tasks=<number>
Starting Job = job_201604051527_0005, Tracking URL = http://belona.c3local:50030/jobdetails.jsp?jobid=job_201604051527_0005
Kill Command = /home/hadoop/hadoop/bin/../bin/hadoop job  -Dmapred.job.tracker=belona.c3local:9001 -kill job_201604051527_0005
2016-04-05 15:32:50,570 Stage-5 map = 0%,  reduce = 0%
2016-04-05 15:32:56,600 Stage-5 map = 100%,  reduce = 0%
2016-04-05 15:33:05,648 Stage-5 map = 100%,  reduce = 100%
Ended Job = job_201604051527_0005
Launching Job 6 out of 6
Number of reduce tasks determined at compile time: 1
In order to change the average load for a reducer (in bytes):
  set hive.exec.reducers.bytes.per.reducer=<number>
In order to limit the maximum number of reducers:
  set hive.exec.reducers.max=<number>
In order to set a constant number of reducers:
  set mapred.reduce.tasks=<number>
Starting Job = job_201604051527_0006, Tracking URL = http://belona.c3local:50030/jobdetails.jsp?jobid=job_201604051527_0006
Kill Command = /home/hadoop/hadoop/bin/../bin/hadoop job  -Dmapred.job.tracker=belona.c3local:9001 -kill job_201604051527_0006
2016-04-05 15:33:14,121 Stage-6 map = 0%,  reduce = 0%
2016-04-05 15:33:17,138 Stage-6 map = 100%,  reduce = 0%
2016-04-05 15:33:26,187 Stage-6 map = 100%,  reduce = 100%
Ended Job = job_201604051527_0006
Loading data to table q10_returned_item
20 Rows loaded to q10_returned_item
OK
Time taken: 333.04 seconds
