Hive history file=/tmp/hadoop/hive_job_log_hadoop_201604140012_1386973776.txt
OK
Time taken: 4.539 seconds
OK
Time taken: 0.106 seconds
FAILED: Error in metadata: MetaException(message:Got exception: org.apache.hadoop.ipc.RemoteException org.apache.hadoop.hdfs.server.namenode.SafeModeException: Cannot delete /user/hive/warehouse/q4_order_priority_tmp. Name node is in safe mode.
The ratio of reported blocks 1.0000 has reached the threshold 0.9990. Safe mode will be turned off automatically in 22 seconds.
	at org.apache.hadoop.hdfs.server.namenode.FSNamesystem.deleteInternal(FSNamesystem.java:1700)
	at org.apache.hadoop.hdfs.server.namenode.FSNamesystem.delete(FSNamesystem.java:1680)
	at org.apache.hadoop.hdfs.server.namenode.NameNode.delete(NameNode.java:517)
	at sun.reflect.NativeMethodAccessorImpl.invoke0(Native Method)
	at sun.reflect.NativeMethodAccessorImpl.invoke(NativeMethodAccessorImpl.java:57)
	at sun.reflect.DelegatingMethodAccessorImpl.invoke(DelegatingMethodAccessorImpl.java:43)
	at java.lang.reflect.Method.invoke(Method.java:606)
	at org.apache.hadoop.ipc.RPC$Server.call(RPC.java:508)
	at org.apache.hadoop.ipc.Server$Handler$1.run(Server.java:959)
	at org.apache.hadoop.ipc.Server$Handler$1.run(Server.java:955)
	at java.security.AccessController.doPrivileged(Native Method)
	at javax.security.auth.Subject.doAs(Subject.java:415)
	at org.apache.hadoop.ipc.Server$Handler.run(Server.java:953)
)
FAILED: Execution Error, return code 1 from org.apache.hadoop.hive.ql.exec.DDLTask
Hive history file=/tmp/hadoop/hive_job_log_hadoop_201604140012_2128905291.txt
OK
Time taken: 4.23 seconds
OK
Time taken: 0.007 seconds
OK
Time taken: 0.009 seconds
OK
Time taken: 0.644 seconds
OK
Time taken: 0.223 seconds
OK
Time taken: 0.06 seconds
OK
Time taken: 0.057 seconds
OK
Time taken: 0.075 seconds
Total MapReduce jobs = 1
Launching Job 1 out of 1
Number of reduce tasks not specified. Estimated from input data size: 8
In order to change the average load for a reducer (in bytes):
  set hive.exec.reducers.bytes.per.reducer=<number>
In order to limit the maximum number of reducers:
  set hive.exec.reducers.max=<number>
In order to set a constant number of reducers:
  set mapred.reduce.tasks=<number>
Starting Job = job_201604140012_0001, Tracking URL = http://belona.c3local:50030/jobdetails.jsp?jobid=job_201604140012_0001
Kill Command = /home/hadoop/hadoop/bin/../bin/hadoop job  -Dmapred.job.tracker=belona.c3local:9001 -kill job_201604140012_0001
2016-04-14 00:12:29,826 Stage-1 map = 0%,  reduce = 0%
2016-04-14 00:12:38,900 Stage-1 map = 1%,  reduce = 0%
2016-04-14 00:12:41,923 Stage-1 map = 2%,  reduce = 0%
2016-04-14 00:12:44,944 Stage-1 map = 4%,  reduce = 0%
2016-04-14 00:12:47,964 Stage-1 map = 6%,  reduce = 0%
2016-04-14 00:12:50,985 Stage-1 map = 7%,  reduce = 0%
2016-04-14 00:12:54,005 Stage-1 map = 9%,  reduce = 0%
2016-04-14 00:12:57,027 Stage-1 map = 10%,  reduce = 0%
2016-04-14 00:13:00,047 Stage-1 map = 11%,  reduce = 0%
2016-04-14 00:13:03,068 Stage-1 map = 12%,  reduce = 0%
2016-04-14 00:13:09,104 Stage-1 map = 13%,  reduce = 0%
2016-04-14 00:13:12,123 Stage-1 map = 14%,  reduce = 0%
2016-04-14 00:13:18,159 Stage-1 map = 15%,  reduce = 0%
2016-04-14 00:13:27,227 Stage-1 map = 16%,  reduce = 0%
2016-04-14 00:13:36,298 Stage-1 map = 17%,  reduce = 0%
2016-04-14 00:13:56,469 Stage-1 map = 18%,  reduce = 1%
2016-04-14 00:14:02,522 Stage-1 map = 19%,  reduce = 1%
2016-04-14 00:14:11,600 Stage-1 map = 20%,  reduce = 1%
2016-04-14 00:14:26,727 Stage-1 map = 21%,  reduce = 1%
2016-04-14 00:14:44,868 Stage-1 map = 22%,  reduce = 1%
2016-04-14 00:15:27,126 Stage-1 map = 23%,  reduce = 1%
2016-04-14 00:16:24,434 Stage-1 map = 19%,  reduce = 1%
2016-04-14 00:16:27,455 Stage-1 map = 15%,  reduce = 1%
2016-04-14 00:16:39,528 Stage-1 map = 11%,  reduce = 1%
2016-04-14 00:16:45,566 Stage-1 map = 12%,  reduce = 1%
2016-04-14 00:16:48,585 Stage-1 map = 13%,  reduce = 1%
2016-04-14 00:16:51,604 Stage-1 map = 14%,  reduce = 1%
2016-04-14 00:16:56,634 Stage-1 map = 15%,  reduce = 1%
2016-04-14 00:16:59,653 Stage-1 map = 16%,  reduce = 1%
2016-04-14 00:17:05,688 Stage-1 map = 17%,  reduce = 1%
2016-04-14 00:17:08,707 Stage-1 map = 18%,  reduce = 1%
2016-04-14 00:17:14,745 Stage-1 map = 19%,  reduce = 1%
2016-04-14 00:17:23,797 Stage-1 map = 20%,  reduce = 1%
2016-04-14 00:17:38,883 Stage-1 map = 21%,  reduce = 1%
2016-04-14 00:17:47,933 Stage-1 map = 17%,  reduce = 1%
2016-04-14 00:18:03,013 Stage-1 map = 18%,  reduce = 1%
2016-04-14 00:18:12,062 Stage-1 map = 19%,  reduce = 1%
2016-04-14 00:18:21,110 Stage-1 map = 20%,  reduce = 1%
2016-04-14 00:18:30,159 Stage-1 map = 21%,  reduce = 1%
2016-04-14 00:18:51,266 Stage-1 map = 22%,  reduce = 1%
2016-04-14 00:19:21,422 Stage-1 map = 23%,  reduce = 1%
2016-04-14 00:20:21,712 Stage-1 map = 23%,  reduce = 1%
2016-04-14 00:20:33,772 Stage-1 map = 19%,  reduce = 1%
2016-04-14 00:20:36,789 Stage-1 map = 15%,  reduce = 1%
2016-04-14 00:20:50,860 Stage-1 map = 11%,  reduce = 1%
2016-04-14 00:20:54,881 Stage-1 map = 12%,  reduce = 1%
2016-04-14 00:20:59,906 Stage-1 map = 13%,  reduce = 1%
2016-04-14 00:21:02,923 Stage-1 map = 14%,  reduce = 1%
2016-04-14 00:21:08,952 Stage-1 map = 15%,  reduce = 1%
2016-04-14 00:21:11,969 Stage-1 map = 16%,  reduce = 1%
2016-04-14 00:21:14,984 Stage-1 map = 17%,  reduce = 1%
2016-04-14 00:21:21,013 Stage-1 map = 18%,  reduce = 1%
2016-04-14 00:21:30,056 Stage-1 map = 19%,  reduce = 1%
2016-04-14 00:21:39,099 Stage-1 map = 20%,  reduce = 1%
2016-04-14 00:21:54,170 Stage-1 map = 21%,  reduce = 1%
2016-04-14 00:21:57,187 Stage-1 map = 17%,  reduce = 1%
2016-04-14 00:22:15,271 Stage-1 map = 18%,  reduce = 1%
2016-04-14 00:22:21,307 Stage-1 map = 19%,  reduce = 1%
2016-04-14 00:22:30,351 Stage-1 map = 20%,  reduce = 1%
2016-04-14 00:22:42,405 Stage-1 map = 21%,  reduce = 1%
2016-04-14 00:23:06,511 Stage-1 map = 22%,  reduce = 1%
2016-04-14 00:23:42,681 Stage-1 map = 23%,  reduce = 1%
2016-04-14 00:24:42,946 Stage-1 map = 23%,  reduce = 1%
2016-04-14 00:24:48,975 Stage-1 map = 19%,  reduce = 1%
2016-04-14 00:24:51,991 Stage-1 map = 15%,  reduce = 1%
2016-04-14 00:25:04,046 Stage-1 map = 11%,  reduce = 1%
2016-04-14 00:25:10,075 Stage-1 map = 12%,  reduce = 1%
2016-04-14 00:25:13,090 Stage-1 map = 13%,  reduce = 1%
2016-04-14 00:25:18,114 Stage-1 map = 14%,  reduce = 1%
2016-04-14 00:25:21,129 Stage-1 map = 15%,  reduce = 1%
2016-04-14 00:25:24,147 Stage-1 map = 16%,  reduce = 1%
2016-04-14 00:25:28,167 Stage-1 map = 17%,  reduce = 1%
2016-04-14 00:25:36,203 Stage-1 map = 18%,  reduce = 1%
2016-04-14 00:25:42,231 Stage-1 map = 19%,  reduce = 1%
2016-04-14 00:25:51,271 Stage-1 map = 20%,  reduce = 1%
2016-04-14 00:26:06,336 Stage-1 map = 21%,  reduce = 1%
2016-04-14 00:26:12,365 Stage-1 map = 17%,  reduce = 1%
2016-04-14 00:26:30,445 Stage-1 map = 18%,  reduce = 1%
2016-04-14 00:26:36,472 Stage-1 map = 19%,  reduce = 1%
2016-04-14 00:26:45,511 Stage-1 map = 20%,  reduce = 1%
2016-04-14 00:27:00,575 Stage-1 map = 21%,  reduce = 1%
2016-04-14 00:27:18,649 Stage-1 map = 22%,  reduce = 1%
2016-04-14 00:27:57,806 Stage-1 map = 23%,  reduce = 1%
2016-04-14 00:28:58,048 Stage-1 map = 19%,  reduce = 1%
2016-04-14 00:29:10,101 Stage-1 map = 100%,  reduce = 100%
Ended Job = job_201604140012_0001 with errors

Task with the most failures(4): 
-----
Task ID:
  task_201604140012_0001_m_000000

URL:
  http://belona.c3local:50030/taskdetails.jsp?jobid=job_201604140012_0001&tipid=task_201604140012_0001_m_000000
-----

FAILED: Execution Error, return code 2 from org.apache.hadoop.hive.ql.exec.ExecDriver
