Hive history file=/tmp/hadoop/hive_job_log_hadoop_201604121311_1711955285.txt
OK
Time taken: 3.527 seconds
OK
Time taken: 0.065 seconds
OK
Time taken: 0.058 seconds
OK
Time taken: 0.058 seconds
FAILED: Error in metadata: MetaException(message:Got exception: org.apache.hadoop.ipc.RemoteException org.apache.hadoop.hdfs.server.namenode.SafeModeException: Cannot delete /user/hive/warehouse/q10_returned_item. Name node is in safe mode.
The ratio of reported blocks 1.0000 has reached the threshold 0.9990. Safe mode will be turned off automatically in 24 seconds.
	at org.apache.hadoop.hdfs.server.namenode.FSNamesystem.deleteInternal(FSNamesystem.java:1700)
	at org.apache.hadoop.hdfs.server.namenode.FSNamesystem.delete(FSNamesystem.java:1680)
	at org.apache.hadoop.hdfs.server.namenode.NameNode.delete(NameNode.java:517)
	at sun.reflect.NativeMethodAccessorImpl.invoke0(Native Method)
	at sun.reflect.NativeMethodAccessorImpl.invoke(NativeMethodAccessorImpl.java:57)
	at sun.reflect.DelegatingMethodAccessorImpl.invoke(DelegatingMethodAccessorImpl.java:43)
	at java.lang.reflect.Method.invoke(Method.java:606)
	at org.apache.hadoop.ipc.RPC$Server.call(RPC.java:508)
	at org.apache.hadoop.ipc.Server$Handler$1.run(Server.java:959)
	at org.apache.hadoop.ipc.Server$Handler$1.run(Server.java:955)
	at java.security.AccessController.doPrivileged(Native Method)
	at javax.security.auth.Subject.doAs(Subject.java:415)
	at org.apache.hadoop.ipc.Server$Handler.run(Server.java:953)
)
FAILED: Execution Error, return code 1 from org.apache.hadoop.hive.ql.exec.DDLTask
Hive history file=/tmp/hadoop/hive_job_log_hadoop_201604121311_380334690.txt
OK
Time taken: 2.905 seconds
OK
Time taken: 0.01 seconds
OK
Time taken: 0.011 seconds
OK
Time taken: 0.007 seconds
OK
Time taken: 0.009 seconds
OK
Time taken: 0.461 seconds
OK
Time taken: 0.039 seconds
OK
Time taken: 0.033 seconds
OK
Time taken: 0.033 seconds
OK
Time taken: 0.042 seconds
Total MapReduce jobs = 6
Launching Job 1 out of 6
Number of reduce tasks not specified. Estimated from input data size: 2
In order to change the average load for a reducer (in bytes):
  set hive.exec.reducers.bytes.per.reducer=<number>
In order to limit the maximum number of reducers:
  set hive.exec.reducers.max=<number>
In order to set a constant number of reducers:
  set mapred.reduce.tasks=<number>
Starting Job = job_201604121311_0001, Tracking URL = http://belona.c3local:50030/jobdetails.jsp?jobid=job_201604121311_0001
Kill Command = /home/hadoop/hadoop/bin/../bin/hadoop job  -Dmapred.job.tracker=belona.c3local:9001 -kill job_201604121311_0001
2016-04-12 13:12:00,285 Stage-1 map = 0%,  reduce = 0%
2016-04-12 13:12:09,350 Stage-1 map = 6%,  reduce = 0%
2016-04-12 13:12:12,373 Stage-1 map = 14%,  reduce = 0%
2016-04-12 13:12:14,391 Stage-1 map = 21%,  reduce = 0%
2016-04-12 13:12:15,403 Stage-1 map = 32%,  reduce = 0%
2016-04-12 13:12:17,430 Stage-1 map = 57%,  reduce = 0%
2016-04-12 13:12:20,464 Stage-1 map = 68%,  reduce = 0%
2016-04-12 13:12:23,499 Stage-1 map = 74%,  reduce = 0%
2016-04-12 13:12:26,532 Stage-1 map = 80%,  reduce = 0%
2016-04-12 13:12:29,564 Stage-1 map = 86%,  reduce = 20%
2016-04-12 13:12:32,597 Stage-1 map = 93%,  reduce = 20%
2016-04-12 13:12:35,632 Stage-1 map = 100%,  reduce = 20%
2016-04-12 13:12:44,724 Stage-1 map = 100%,  reduce = 27%
2016-04-12 13:12:50,794 Stage-1 map = 100%,  reduce = 100%
Ended Job = job_201604121311_0001
Launching Job 2 out of 6
Number of reduce tasks not specified. Estimated from input data size: 1
In order to change the average load for a reducer (in bytes):
  set hive.exec.reducers.bytes.per.reducer=<number>
In order to limit the maximum number of reducers:
  set hive.exec.reducers.max=<number>
In order to set a constant number of reducers:
  set mapred.reduce.tasks=<number>
Starting Job = job_201604121311_0002, Tracking URL = http://belona.c3local:50030/jobdetails.jsp?jobid=job_201604121311_0002
Kill Command = /home/hadoop/hadoop/bin/../bin/hadoop job  -Dmapred.job.tracker=belona.c3local:9001 -kill job_201604121311_0002
2016-04-12 13:13:00,351 Stage-2 map = 0%,  reduce = 0%
2016-04-12 13:13:03,374 Stage-2 map = 33%,  reduce = 0%
2016-04-12 13:13:06,401 Stage-2 map = 67%,  reduce = 0%
2016-04-12 13:13:09,429 Stage-2 map = 100%,  reduce = 0%
2016-04-12 13:13:12,457 Stage-2 map = 100%,  reduce = 33%
2016-04-12 13:13:15,485 Stage-2 map = 100%,  reduce = 77%
2016-04-12 13:13:17,506 Stage-2 map = 100%,  reduce = 100%
Ended Job = job_201604121311_0002
Launching Job 3 out of 6
Number of reduce tasks not specified. Estimated from input data size: 8
In order to change the average load for a reducer (in bytes):
  set hive.exec.reducers.bytes.per.reducer=<number>
In order to limit the maximum number of reducers:
  set hive.exec.reducers.max=<number>
In order to set a constant number of reducers:
  set mapred.reduce.tasks=<number>
Starting Job = job_201604121311_0003, Tracking URL = http://belona.c3local:50030/jobdetails.jsp?jobid=job_201604121311_0003
Kill Command = /home/hadoop/hadoop/bin/../bin/hadoop job  -Dmapred.job.tracker=belona.c3local:9001 -kill job_201604121311_0003
2016-04-12 13:13:27,138 Stage-3 map = 0%,  reduce = 0%
2016-04-12 13:13:36,189 Stage-3 map = 6%,  reduce = 0%
2016-04-12 13:13:39,208 Stage-3 map = 12%,  reduce = 0%
2016-04-12 13:13:42,243 Stage-3 map = 17%,  reduce = 0%
2016-04-12 13:13:45,264 Stage-3 map = 20%,  reduce = 0%
2016-04-12 13:13:48,292 Stage-3 map = 22%,  reduce = 0%
2016-04-12 13:13:51,320 Stage-3 map = 24%,  reduce = 0%
2016-04-12 13:13:54,348 Stage-3 map = 26%,  reduce = 1%
2016-04-12 13:13:57,381 Stage-3 map = 27%,  reduce = 2%
2016-04-12 13:14:00,412 Stage-3 map = 29%,  reduce = 2%
2016-04-12 13:14:03,441 Stage-3 map = 31%,  reduce = 2%
2016-04-12 13:14:06,468 Stage-3 map = 35%,  reduce = 4%
2016-04-12 13:14:09,495 Stage-3 map = 38%,  reduce = 4%
2016-04-12 13:14:12,521 Stage-3 map = 42%,  reduce = 4%
2016-04-12 13:14:15,546 Stage-3 map = 45%,  reduce = 4%
2016-04-12 13:14:18,573 Stage-3 map = 48%,  reduce = 4%
2016-04-12 13:14:21,598 Stage-3 map = 49%,  reduce = 5%
2016-04-12 13:14:23,616 Stage-3 map = 52%,  reduce = 6%
2016-04-12 13:14:26,642 Stage-3 map = 54%,  reduce = 7%
2016-04-12 13:14:29,669 Stage-3 map = 57%,  reduce = 7%
2016-04-12 13:14:32,696 Stage-3 map = 60%,  reduce = 7%
2016-04-12 13:14:35,717 Stage-3 map = 63%,  reduce = 8%
2016-04-12 13:14:38,739 Stage-3 map = 66%,  reduce = 8%
2016-04-12 13:14:41,760 Stage-3 map = 69%,  reduce = 9%
2016-04-12 13:14:44,783 Stage-3 map = 71%,  reduce = 9%
2016-04-12 13:14:47,804 Stage-3 map = 74%,  reduce = 9%
2016-04-12 13:14:50,826 Stage-3 map = 76%,  reduce = 10%
2016-04-12 13:14:53,847 Stage-3 map = 78%,  reduce = 10%
2016-04-12 13:14:56,870 Stage-3 map = 82%,  reduce = 11%
2016-04-12 13:14:59,890 Stage-3 map = 84%,  reduce = 11%
2016-04-12 13:15:02,911 Stage-3 map = 87%,  reduce = 12%
2016-04-12 13:15:05,933 Stage-3 map = 90%,  reduce = 12%
2016-04-12 13:15:08,954 Stage-3 map = 93%,  reduce = 12%
2016-04-12 13:15:11,974 Stage-3 map = 96%,  reduce = 12%
2016-04-12 13:15:14,995 Stage-3 map = 98%,  reduce = 13%
2016-04-12 13:15:18,016 Stage-3 map = 100%,  reduce = 14%
2016-04-12 13:15:27,072 Stage-3 map = 100%,  reduce = 29%
2016-04-12 13:15:30,094 Stage-3 map = 100%,  reduce = 39%
2016-04-12 13:15:33,115 Stage-3 map = 100%,  reduce = 48%
2016-04-12 13:15:36,137 Stage-3 map = 100%,  reduce = 50%
2016-04-12 13:15:42,176 Stage-3 map = 100%,  reduce = 58%
2016-04-12 13:15:45,197 Stage-3 map = 100%,  reduce = 75%
2016-04-12 13:15:48,222 Stage-3 map = 100%,  reduce = 78%
2016-04-12 13:15:51,243 Stage-3 map = 100%,  reduce = 92%
2016-04-12 13:15:54,273 Stage-3 map = 100%,  reduce = 100%
Ended Job = job_201604121311_0003
Launching Job 4 out of 6
Number of reduce tasks not specified. Estimated from input data size: 1
In order to change the average load for a reducer (in bytes):
  set hive.exec.reducers.bytes.per.reducer=<number>
In order to limit the maximum number of reducers:
  set hive.exec.reducers.max=<number>
In order to set a constant number of reducers:
  set mapred.reduce.tasks=<number>
Starting Job = job_201604121311_0004, Tracking URL = http://belona.c3local:50030/jobdetails.jsp?jobid=job_201604121311_0004
Kill Command = /home/hadoop/hadoop/bin/../bin/hadoop job  -Dmapred.job.tracker=belona.c3local:9001 -kill job_201604121311_0004
2016-04-12 13:16:02,744 Stage-4 map = 0%,  reduce = 0%
2016-04-12 13:16:11,786 Stage-4 map = 25%,  reduce = 0%
2016-04-12 13:16:12,794 Stage-4 map = 50%,  reduce = 0%
2016-04-12 13:16:20,838 Stage-4 map = 75%,  reduce = 17%
2016-04-12 13:16:21,846 Stage-4 map = 100%,  reduce = 17%
2016-04-12 13:16:29,891 Stage-4 map = 100%,  reduce = 100%
Ended Job = job_201604121311_0004
Launching Job 5 out of 6
Number of reduce tasks determined at compile time: 1
In order to change the average load for a reducer (in bytes):
  set hive.exec.reducers.bytes.per.reducer=<number>
In order to limit the maximum number of reducers:
  set hive.exec.reducers.max=<number>
In order to set a constant number of reducers:
  set mapred.reduce.tasks=<number>
Starting Job = job_201604121311_0005, Tracking URL = http://belona.c3local:50030/jobdetails.jsp?jobid=job_201604121311_0005
Kill Command = /home/hadoop/hadoop/bin/../bin/hadoop job  -Dmapred.job.tracker=belona.c3local:9001 -kill job_201604121311_0005
2016-04-12 13:16:39,328 Stage-5 map = 0%,  reduce = 0%
2016-04-12 13:16:48,370 Stage-5 map = 100%,  reduce = 0%
2016-04-12 13:16:57,419 Stage-5 map = 100%,  reduce = 100%
Ended Job = job_201604121311_0005
Launching Job 6 out of 6
Number of reduce tasks determined at compile time: 1
In order to change the average load for a reducer (in bytes):
  set hive.exec.reducers.bytes.per.reducer=<number>
In order to limit the maximum number of reducers:
  set hive.exec.reducers.max=<number>
In order to set a constant number of reducers:
  set mapred.reduce.tasks=<number>
Starting Job = job_201604121311_0006, Tracking URL = http://belona.c3local:50030/jobdetails.jsp?jobid=job_201604121311_0006
Kill Command = /home/hadoop/hadoop/bin/../bin/hadoop job  -Dmapred.job.tracker=belona.c3local:9001 -kill job_201604121311_0006
2016-04-12 13:17:05,894 Stage-6 map = 0%,  reduce = 0%
2016-04-12 13:17:08,910 Stage-6 map = 100%,  reduce = 0%
2016-04-12 13:17:17,960 Stage-6 map = 100%,  reduce = 100%
Ended Job = job_201604121311_0006
Loading data to table q10_returned_item
20 Rows loaded to q10_returned_item
OK
Time taken: 327.654 seconds
