Hive history file=/tmp/hadoop/hive_job_log_hadoop_201604112314_1467815529.txt
OK
Time taken: 3.523 seconds
OK
Time taken: 0.087 seconds
OK
Time taken: 0.067 seconds
OK
Time taken: 0.066 seconds
FAILED: Error in metadata: MetaException(message:Got exception: org.apache.hadoop.ipc.RemoteException org.apache.hadoop.hdfs.server.namenode.SafeModeException: Cannot delete /user/hive/warehouse/q10_returned_item. Name node is in safe mode.
The ratio of reported blocks 1.0000 has reached the threshold 0.9990. Safe mode will be turned off automatically in 24 seconds.
	at org.apache.hadoop.hdfs.server.namenode.FSNamesystem.deleteInternal(FSNamesystem.java:1700)
	at org.apache.hadoop.hdfs.server.namenode.FSNamesystem.delete(FSNamesystem.java:1680)
	at org.apache.hadoop.hdfs.server.namenode.NameNode.delete(NameNode.java:517)
	at sun.reflect.NativeMethodAccessorImpl.invoke0(Native Method)
	at sun.reflect.NativeMethodAccessorImpl.invoke(NativeMethodAccessorImpl.java:57)
	at sun.reflect.DelegatingMethodAccessorImpl.invoke(DelegatingMethodAccessorImpl.java:43)
	at java.lang.reflect.Method.invoke(Method.java:606)
	at org.apache.hadoop.ipc.RPC$Server.call(RPC.java:508)
	at org.apache.hadoop.ipc.Server$Handler$1.run(Server.java:959)
	at org.apache.hadoop.ipc.Server$Handler$1.run(Server.java:955)
	at java.security.AccessController.doPrivileged(Native Method)
	at javax.security.auth.Subject.doAs(Subject.java:415)
	at org.apache.hadoop.ipc.Server$Handler.run(Server.java:953)
)
FAILED: Execution Error, return code 1 from org.apache.hadoop.hive.ql.exec.DDLTask
Hive history file=/tmp/hadoop/hive_job_log_hadoop_201604112314_1828122824.txt
OK
Time taken: 2.942 seconds
OK
Time taken: 0.011 seconds
OK
Time taken: 0.012 seconds
OK
Time taken: 0.008 seconds
OK
Time taken: 0.007 seconds
OK
Time taken: 0.392 seconds
OK
Time taken: 0.039 seconds
OK
Time taken: 0.033 seconds
OK
Time taken: 0.032 seconds
OK
Time taken: 0.033 seconds
Total MapReduce jobs = 6
Launching Job 1 out of 6
Number of reduce tasks not specified. Estimated from input data size: 2
In order to change the average load for a reducer (in bytes):
  set hive.exec.reducers.bytes.per.reducer=<number>
In order to limit the maximum number of reducers:
  set hive.exec.reducers.max=<number>
In order to set a constant number of reducers:
  set mapred.reduce.tasks=<number>
Starting Job = job_201604112314_0001, Tracking URL = http://belona.c3local:50030/jobdetails.jsp?jobid=job_201604112314_0001
Kill Command = /home/hadoop/hadoop/bin/../bin/hadoop job  -Dmapred.job.tracker=belona.c3local:9001 -kill job_201604112314_0001
2016-04-11 23:14:24,279 Stage-1 map = 0%,  reduce = 0%
2016-04-11 23:14:33,346 Stage-1 map = 7%,  reduce = 0%
2016-04-11 23:14:36,370 Stage-1 map = 26%,  reduce = 0%
2016-04-11 23:14:39,405 Stage-1 map = 45%,  reduce = 0%
2016-04-11 23:14:42,440 Stage-1 map = 54%,  reduce = 0%
2016-04-11 23:14:45,474 Stage-1 map = 63%,  reduce = 0%
2016-04-11 23:14:48,508 Stage-1 map = 74%,  reduce = 7%
2016-04-11 23:14:51,544 Stage-1 map = 83%,  reduce = 7%
2016-04-11 23:14:54,577 Stage-1 map = 91%,  reduce = 7%
2016-04-11 23:14:57,611 Stage-1 map = 96%,  reduce = 7%
2016-04-11 23:15:00,645 Stage-1 map = 100%,  reduce = 7%
2016-04-11 23:15:03,680 Stage-1 map = 100%,  reduce = 20%
2016-04-11 23:15:09,742 Stage-1 map = 100%,  reduce = 27%
2016-04-11 23:15:12,774 Stage-1 map = 100%,  reduce = 50%
2016-04-11 23:15:15,812 Stage-1 map = 100%,  reduce = 100%
Ended Job = job_201604112314_0001
Launching Job 2 out of 6
Number of reduce tasks not specified. Estimated from input data size: 1
In order to change the average load for a reducer (in bytes):
  set hive.exec.reducers.bytes.per.reducer=<number>
In order to limit the maximum number of reducers:
  set hive.exec.reducers.max=<number>
In order to set a constant number of reducers:
  set mapred.reduce.tasks=<number>
Starting Job = job_201604112314_0002, Tracking URL = http://belona.c3local:50030/jobdetails.jsp?jobid=job_201604112314_0002
Kill Command = /home/hadoop/hadoop/bin/../bin/hadoop job  -Dmapred.job.tracker=belona.c3local:9001 -kill job_201604112314_0002
2016-04-11 23:15:24,401 Stage-2 map = 0%,  reduce = 0%
2016-04-11 23:15:27,424 Stage-2 map = 33%,  reduce = 0%
2016-04-11 23:15:30,452 Stage-2 map = 67%,  reduce = 0%
2016-04-11 23:15:33,480 Stage-2 map = 100%,  reduce = 0%
2016-04-11 23:15:36,509 Stage-2 map = 100%,  reduce = 33%
2016-04-11 23:15:39,536 Stage-2 map = 100%,  reduce = 76%
2016-04-11 23:15:42,565 Stage-2 map = 100%,  reduce = 100%
Ended Job = job_201604112314_0002
Launching Job 3 out of 6
Number of reduce tasks not specified. Estimated from input data size: 8
In order to change the average load for a reducer (in bytes):
  set hive.exec.reducers.bytes.per.reducer=<number>
In order to limit the maximum number of reducers:
  set hive.exec.reducers.max=<number>
In order to set a constant number of reducers:
  set mapred.reduce.tasks=<number>
Starting Job = job_201604112314_0003, Tracking URL = http://belona.c3local:50030/jobdetails.jsp?jobid=job_201604112314_0003
Kill Command = /home/hadoop/hadoop/bin/../bin/hadoop job  -Dmapred.job.tracker=belona.c3local:9001 -kill job_201604112314_0003
2016-04-11 23:15:52,203 Stage-3 map = 0%,  reduce = 0%
2016-04-11 23:16:01,254 Stage-3 map = 6%,  reduce = 0%
2016-04-11 23:16:04,288 Stage-3 map = 11%,  reduce = 0%
2016-04-11 23:16:07,306 Stage-3 map = 17%,  reduce = 0%
2016-04-11 23:16:10,329 Stage-3 map = 20%,  reduce = 0%
2016-04-11 23:16:13,357 Stage-3 map = 22%,  reduce = 0%
2016-04-11 23:16:16,384 Stage-3 map = 23%,  reduce = 0%
2016-04-11 23:16:18,403 Stage-3 map = 26%,  reduce = 1%
2016-04-11 23:16:21,433 Stage-3 map = 28%,  reduce = 2%
2016-04-11 23:16:24,464 Stage-3 map = 31%,  reduce = 2%
2016-04-11 23:16:27,495 Stage-3 map = 33%,  reduce = 2%
2016-04-11 23:16:30,522 Stage-3 map = 36%,  reduce = 3%
2016-04-11 23:16:33,550 Stage-3 map = 39%,  reduce = 4%
2016-04-11 23:16:36,575 Stage-3 map = 42%,  reduce = 4%
2016-04-11 23:16:39,598 Stage-3 map = 44%,  reduce = 4%
2016-04-11 23:16:42,622 Stage-3 map = 46%,  reduce = 4%
2016-04-11 23:16:45,646 Stage-3 map = 49%,  reduce = 5%
2016-04-11 23:16:48,669 Stage-3 map = 52%,  reduce = 6%
2016-04-11 23:16:51,693 Stage-3 map = 55%,  reduce = 7%
2016-04-11 23:16:54,717 Stage-3 map = 57%,  reduce = 7%
2016-04-11 23:16:57,738 Stage-3 map = 60%,  reduce = 8%
2016-04-11 23:17:00,759 Stage-3 map = 64%,  reduce = 8%
2016-04-11 23:17:03,781 Stage-3 map = 67%,  reduce = 8%
2016-04-11 23:17:06,802 Stage-3 map = 70%,  reduce = 8%
2016-04-11 23:17:09,824 Stage-3 map = 73%,  reduce = 8%
2016-04-11 23:17:12,845 Stage-3 map = 74%,  reduce = 9%
2016-04-11 23:17:15,866 Stage-3 map = 77%,  reduce = 10%
2016-04-11 23:17:18,887 Stage-3 map = 79%,  reduce = 10%
2016-04-11 23:17:21,909 Stage-3 map = 81%,  reduce = 11%
2016-04-11 23:17:24,930 Stage-3 map = 84%,  reduce = 12%
2016-04-11 23:17:27,950 Stage-3 map = 88%,  reduce = 12%
2016-04-11 23:17:30,973 Stage-3 map = 92%,  reduce = 12%
2016-04-11 23:17:33,994 Stage-3 map = 95%,  reduce = 12%
2016-04-11 23:17:37,015 Stage-3 map = 98%,  reduce = 12%
2016-04-11 23:17:40,036 Stage-3 map = 100%,  reduce = 14%
2016-04-11 23:17:46,074 Stage-3 map = 100%,  reduce = 15%
2016-04-11 23:17:49,096 Stage-3 map = 100%,  reduce = 20%
2016-04-11 23:17:52,116 Stage-3 map = 100%,  reduce = 32%
2016-04-11 23:17:55,137 Stage-3 map = 100%,  reduce = 42%
2016-04-11 23:17:58,159 Stage-3 map = 100%,  reduce = 49%
2016-04-11 23:18:01,182 Stage-3 map = 100%,  reduce = 50%
2016-04-11 23:18:07,223 Stage-3 map = 100%,  reduce = 58%
2016-04-11 23:18:10,245 Stage-3 map = 100%,  reduce = 75%
2016-04-11 23:18:13,266 Stage-3 map = 100%,  reduce = 82%
2016-04-11 23:18:16,290 Stage-3 map = 100%,  reduce = 92%
2016-04-11 23:18:19,312 Stage-3 map = 100%,  reduce = 100%
Ended Job = job_201604112314_0003
Launching Job 4 out of 6
Number of reduce tasks not specified. Estimated from input data size: 1
In order to change the average load for a reducer (in bytes):
  set hive.exec.reducers.bytes.per.reducer=<number>
In order to limit the maximum number of reducers:
  set hive.exec.reducers.max=<number>
In order to set a constant number of reducers:
  set mapred.reduce.tasks=<number>
Starting Job = job_201604112314_0004, Tracking URL = http://belona.c3local:50030/jobdetails.jsp?jobid=job_201604112314_0004
Kill Command = /home/hadoop/hadoop/bin/../bin/hadoop job  -Dmapred.job.tracker=belona.c3local:9001 -kill job_201604112314_0004
2016-04-11 23:18:27,831 Stage-4 map = 0%,  reduce = 0%
2016-04-11 23:18:33,860 Stage-4 map = 13%,  reduce = 0%
2016-04-11 23:18:36,878 Stage-4 map = 50%,  reduce = 0%
2016-04-11 23:18:39,896 Stage-4 map = 63%,  reduce = 0%
2016-04-11 23:18:42,914 Stage-4 map = 75%,  reduce = 17%
2016-04-11 23:18:45,932 Stage-4 map = 100%,  reduce = 17%
2016-04-11 23:18:51,965 Stage-4 map = 100%,  reduce = 25%
2016-04-11 23:18:57,999 Stage-4 map = 100%,  reduce = 100%
Ended Job = job_201604112314_0004
Launching Job 5 out of 6
Number of reduce tasks determined at compile time: 1
In order to change the average load for a reducer (in bytes):
  set hive.exec.reducers.bytes.per.reducer=<number>
In order to limit the maximum number of reducers:
  set hive.exec.reducers.max=<number>
In order to set a constant number of reducers:
  set mapred.reduce.tasks=<number>
Starting Job = job_201604112314_0005, Tracking URL = http://belona.c3local:50030/jobdetails.jsp?jobid=job_201604112314_0005
Kill Command = /home/hadoop/hadoop/bin/../bin/hadoop job  -Dmapred.job.tracker=belona.c3local:9001 -kill job_201604112314_0005
2016-04-11 23:19:07,481 Stage-5 map = 0%,  reduce = 0%
2016-04-11 23:19:16,523 Stage-5 map = 100%,  reduce = 0%
2016-04-11 23:19:25,571 Stage-5 map = 100%,  reduce = 100%
Ended Job = job_201604112314_0005
Launching Job 6 out of 6
Number of reduce tasks determined at compile time: 1
In order to change the average load for a reducer (in bytes):
  set hive.exec.reducers.bytes.per.reducer=<number>
In order to limit the maximum number of reducers:
  set hive.exec.reducers.max=<number>
In order to set a constant number of reducers:
  set mapred.reduce.tasks=<number>
Starting Job = job_201604112314_0006, Tracking URL = http://belona.c3local:50030/jobdetails.jsp?jobid=job_201604112314_0006
Kill Command = /home/hadoop/hadoop/bin/../bin/hadoop job  -Dmapred.job.tracker=belona.c3local:9001 -kill job_201604112314_0006
2016-04-11 23:19:34,403 Stage-6 map = 0%,  reduce = 0%
2016-04-11 23:19:37,420 Stage-6 map = 100%,  reduce = 0%
2016-04-11 23:19:46,470 Stage-6 map = 100%,  reduce = 100%
Ended Job = job_201604112314_0006
Loading data to table q10_returned_item
20 Rows loaded to q10_returned_item
OK
Time taken: 331.237 seconds
