Hive history file=/tmp/hadoop/hive_job_log_hadoop_201604121344_1038702549.txt
OK
Time taken: 3.408 seconds
OK
Time taken: 0.065 seconds
OK
Time taken: 0.058 seconds
OK
Time taken: 0.058 seconds
FAILED: Error in metadata: MetaException(message:Got exception: org.apache.hadoop.ipc.RemoteException org.apache.hadoop.hdfs.server.namenode.SafeModeException: Cannot delete /user/hive/warehouse/q10_returned_item. Name node is in safe mode.
The ratio of reported blocks 1.0000 has reached the threshold 0.9990. Safe mode will be turned off automatically in 24 seconds.
	at org.apache.hadoop.hdfs.server.namenode.FSNamesystem.deleteInternal(FSNamesystem.java:1700)
	at org.apache.hadoop.hdfs.server.namenode.FSNamesystem.delete(FSNamesystem.java:1680)
	at org.apache.hadoop.hdfs.server.namenode.NameNode.delete(NameNode.java:517)
	at sun.reflect.NativeMethodAccessorImpl.invoke0(Native Method)
	at sun.reflect.NativeMethodAccessorImpl.invoke(NativeMethodAccessorImpl.java:57)
	at sun.reflect.DelegatingMethodAccessorImpl.invoke(DelegatingMethodAccessorImpl.java:43)
	at java.lang.reflect.Method.invoke(Method.java:606)
	at org.apache.hadoop.ipc.RPC$Server.call(RPC.java:508)
	at org.apache.hadoop.ipc.Server$Handler$1.run(Server.java:959)
	at org.apache.hadoop.ipc.Server$Handler$1.run(Server.java:955)
	at java.security.AccessController.doPrivileged(Native Method)
	at javax.security.auth.Subject.doAs(Subject.java:415)
	at org.apache.hadoop.ipc.Server$Handler.run(Server.java:953)
)
FAILED: Execution Error, return code 1 from org.apache.hadoop.hive.ql.exec.DDLTask
Hive history file=/tmp/hadoop/hive_job_log_hadoop_201604121344_935691984.txt
OK
Time taken: 2.924 seconds
OK
Time taken: 0.009 seconds
OK
Time taken: 0.01 seconds
OK
Time taken: 0.008 seconds
OK
Time taken: 0.008 seconds
OK
Time taken: 0.43 seconds
OK
Time taken: 0.04 seconds
OK
Time taken: 0.049 seconds
OK
Time taken: 0.041 seconds
OK
Time taken: 0.042 seconds
Total MapReduce jobs = 6
Launching Job 1 out of 6
Number of reduce tasks not specified. Estimated from input data size: 2
In order to change the average load for a reducer (in bytes):
  set hive.exec.reducers.bytes.per.reducer=<number>
In order to limit the maximum number of reducers:
  set hive.exec.reducers.max=<number>
In order to set a constant number of reducers:
  set mapred.reduce.tasks=<number>
Starting Job = job_201604121344_0001, Tracking URL = http://belona.c3local:50030/jobdetails.jsp?jobid=job_201604121344_0001
Kill Command = /home/hadoop/hadoop/bin/../bin/hadoop job  -Dmapred.job.tracker=belona.c3local:9001 -kill job_201604121344_0001
2016-04-12 13:45:01,458 Stage-1 map = 0%,  reduce = 0%
2016-04-12 13:45:09,517 Stage-1 map = 6%,  reduce = 0%
2016-04-12 13:45:12,543 Stage-1 map = 14%,  reduce = 0%
2016-04-12 13:45:15,568 Stage-1 map = 32%,  reduce = 0%
2016-04-12 13:45:18,602 Stage-1 map = 56%,  reduce = 0%
2016-04-12 13:45:21,636 Stage-1 map = 66%,  reduce = 0%
2016-04-12 13:45:24,672 Stage-1 map = 74%,  reduce = 0%
2016-04-12 13:45:27,706 Stage-1 map = 80%,  reduce = 13%
2016-04-12 13:45:30,740 Stage-1 map = 86%,  reduce = 13%
2016-04-12 13:45:33,775 Stage-1 map = 91%,  reduce = 13%
2016-04-12 13:45:36,809 Stage-1 map = 99%,  reduce = 20%
2016-04-12 13:45:39,843 Stage-1 map = 100%,  reduce = 20%
2016-04-12 13:45:42,877 Stage-1 map = 100%,  reduce = 27%
2016-04-12 13:45:48,941 Stage-1 map = 100%,  reduce = 99%
2016-04-12 13:45:51,978 Stage-1 map = 100%,  reduce = 100%
Ended Job = job_201604121344_0001
Launching Job 2 out of 6
Number of reduce tasks not specified. Estimated from input data size: 1
In order to change the average load for a reducer (in bytes):
  set hive.exec.reducers.bytes.per.reducer=<number>
In order to limit the maximum number of reducers:
  set hive.exec.reducers.max=<number>
In order to set a constant number of reducers:
  set mapred.reduce.tasks=<number>
Starting Job = job_201604121344_0002, Tracking URL = http://belona.c3local:50030/jobdetails.jsp?jobid=job_201604121344_0002
Kill Command = /home/hadoop/hadoop/bin/../bin/hadoop job  -Dmapred.job.tracker=belona.c3local:9001 -kill job_201604121344_0002
2016-04-12 13:46:01,487 Stage-2 map = 0%,  reduce = 0%
2016-04-12 13:46:04,510 Stage-2 map = 33%,  reduce = 0%
2016-04-12 13:46:10,559 Stage-2 map = 95%,  reduce = 0%
2016-04-12 13:46:13,586 Stage-2 map = 100%,  reduce = 11%
2016-04-12 13:46:21,652 Stage-2 map = 100%,  reduce = 76%
2016-04-12 13:46:24,683 Stage-2 map = 100%,  reduce = 100%
Ended Job = job_201604121344_0002
Launching Job 3 out of 6
Number of reduce tasks not specified. Estimated from input data size: 8
In order to change the average load for a reducer (in bytes):
  set hive.exec.reducers.bytes.per.reducer=<number>
In order to limit the maximum number of reducers:
  set hive.exec.reducers.max=<number>
In order to set a constant number of reducers:
  set mapred.reduce.tasks=<number>
Starting Job = job_201604121344_0003, Tracking URL = http://belona.c3local:50030/jobdetails.jsp?jobid=job_201604121344_0003
Kill Command = /home/hadoop/hadoop/bin/../bin/hadoop job  -Dmapred.job.tracker=belona.c3local:9001 -kill job_201604121344_0003
2016-04-12 13:46:34,314 Stage-3 map = 0%,  reduce = 0%
2016-04-12 13:46:43,364 Stage-3 map = 6%,  reduce = 0%
2016-04-12 13:46:46,387 Stage-3 map = 11%,  reduce = 0%
2016-04-12 13:46:49,407 Stage-3 map = 16%,  reduce = 0%
2016-04-12 13:46:52,444 Stage-3 map = 19%,  reduce = 0%
2016-04-12 13:46:55,471 Stage-3 map = 22%,  reduce = 0%
2016-04-12 13:46:58,501 Stage-3 map = 23%,  reduce = 0%
2016-04-12 13:47:01,530 Stage-3 map = 25%,  reduce = 1%
2016-04-12 13:47:04,561 Stage-3 map = 27%,  reduce = 2%
2016-04-12 13:47:07,589 Stage-3 map = 30%,  reduce = 2%
2016-04-12 13:47:10,618 Stage-3 map = 32%,  reduce = 2%
2016-04-12 13:47:13,642 Stage-3 map = 35%,  reduce = 3%
2016-04-12 13:47:16,666 Stage-3 map = 39%,  reduce = 4%
2016-04-12 13:47:19,692 Stage-3 map = 42%,  reduce = 4%
2016-04-12 13:47:21,709 Stage-3 map = 43%,  reduce = 4%
2016-04-12 13:47:22,720 Stage-3 map = 45%,  reduce = 4%
2016-04-12 13:47:24,736 Stage-3 map = 46%,  reduce = 4%
2016-04-12 13:47:25,746 Stage-3 map = 48%,  reduce = 4%
2016-04-12 13:47:27,763 Stage-3 map = 50%,  reduce = 4%
2016-04-12 13:47:28,774 Stage-3 map = 50%,  reduce = 5%
2016-04-12 13:47:30,793 Stage-3 map = 52%,  reduce = 5%
2016-04-12 13:47:33,815 Stage-3 map = 55%,  reduce = 7%
2016-04-12 13:47:36,836 Stage-3 map = 57%,  reduce = 7%
2016-04-12 13:47:39,857 Stage-3 map = 60%,  reduce = 7%
2016-04-12 13:47:42,879 Stage-3 map = 63%,  reduce = 8%
2016-04-12 13:47:45,901 Stage-3 map = 66%,  reduce = 8%
2016-04-12 13:47:48,922 Stage-3 map = 69%,  reduce = 9%
2016-04-12 13:47:51,945 Stage-3 map = 72%,  reduce = 9%
2016-04-12 13:47:54,966 Stage-3 map = 75%,  reduce = 9%
2016-04-12 13:47:57,987 Stage-3 map = 76%,  reduce = 10%
2016-04-12 13:48:01,008 Stage-3 map = 78%,  reduce = 10%
2016-04-12 13:48:04,029 Stage-3 map = 80%,  reduce = 11%
2016-04-12 13:48:07,050 Stage-3 map = 83%,  reduce = 11%
2016-04-12 13:48:10,071 Stage-3 map = 85%,  reduce = 12%
2016-04-12 13:48:13,092 Stage-3 map = 89%,  reduce = 12%
2016-04-12 13:48:16,113 Stage-3 map = 92%,  reduce = 12%
2016-04-12 13:48:19,134 Stage-3 map = 95%,  reduce = 13%
2016-04-12 13:48:22,156 Stage-3 map = 97%,  reduce = 13%
2016-04-12 13:48:25,176 Stage-3 map = 99%,  reduce = 14%
2016-04-12 13:48:28,198 Stage-3 map = 100%,  reduce = 14%
2016-04-12 13:48:34,236 Stage-3 map = 100%,  reduce = 15%
2016-04-12 13:48:40,275 Stage-3 map = 100%,  reduce = 30%
2016-04-12 13:48:43,296 Stage-3 map = 100%,  reduce = 41%
2016-04-12 13:48:46,318 Stage-3 map = 100%,  reduce = 49%
2016-04-12 13:48:49,340 Stage-3 map = 100%,  reduce = 50%
2016-04-12 13:48:55,380 Stage-3 map = 100%,  reduce = 58%
2016-04-12 13:48:58,403 Stage-3 map = 100%,  reduce = 70%
2016-04-12 13:49:01,424 Stage-3 map = 100%,  reduce = 76%
2016-04-12 13:49:04,445 Stage-3 map = 100%,  reduce = 90%
2016-04-12 13:49:07,467 Stage-3 map = 100%,  reduce = 98%
2016-04-12 13:49:10,488 Stage-3 map = 100%,  reduce = 100%
Ended Job = job_201604121344_0003
Launching Job 4 out of 6
Number of reduce tasks not specified. Estimated from input data size: 1
In order to change the average load for a reducer (in bytes):
  set hive.exec.reducers.bytes.per.reducer=<number>
In order to limit the maximum number of reducers:
  set hive.exec.reducers.max=<number>
In order to set a constant number of reducers:
  set mapred.reduce.tasks=<number>
Starting Job = job_201604121344_0004, Tracking URL = http://belona.c3local:50030/jobdetails.jsp?jobid=job_201604121344_0004
Kill Command = /home/hadoop/hadoop/bin/../bin/hadoop job  -Dmapred.job.tracker=belona.c3local:9001 -kill job_201604121344_0004
2016-04-12 13:49:18,976 Stage-4 map = 0%,  reduce = 0%
2016-04-12 13:49:28,019 Stage-4 map = 50%,  reduce = 0%
2016-04-12 13:49:37,068 Stage-4 map = 100%,  reduce = 17%
2016-04-12 13:49:46,114 Stage-4 map = 100%,  reduce = 100%
Ended Job = job_201604121344_0004
Launching Job 5 out of 6
Number of reduce tasks determined at compile time: 1
In order to change the average load for a reducer (in bytes):
  set hive.exec.reducers.bytes.per.reducer=<number>
In order to limit the maximum number of reducers:
  set hive.exec.reducers.max=<number>
In order to set a constant number of reducers:
  set mapred.reduce.tasks=<number>
Starting Job = job_201604121344_0005, Tracking URL = http://belona.c3local:50030/jobdetails.jsp?jobid=job_201604121344_0005
Kill Command = /home/hadoop/hadoop/bin/../bin/hadoop job  -Dmapred.job.tracker=belona.c3local:9001 -kill job_201604121344_0005
2016-04-12 13:49:55,593 Stage-5 map = 0%,  reduce = 0%
2016-04-12 13:50:04,635 Stage-5 map = 100%,  reduce = 0%
2016-04-12 13:50:13,681 Stage-5 map = 100%,  reduce = 100%
Ended Job = job_201604121344_0005
Launching Job 6 out of 6
Number of reduce tasks determined at compile time: 1
In order to change the average load for a reducer (in bytes):
  set hive.exec.reducers.bytes.per.reducer=<number>
In order to limit the maximum number of reducers:
  set hive.exec.reducers.max=<number>
In order to set a constant number of reducers:
  set mapred.reduce.tasks=<number>
Starting Job = job_201604121344_0006, Tracking URL = http://belona.c3local:50030/jobdetails.jsp?jobid=job_201604121344_0006
Kill Command = /home/hadoop/hadoop/bin/../bin/hadoop job  -Dmapred.job.tracker=belona.c3local:9001 -kill job_201604121344_0006
2016-04-12 13:50:22,095 Stage-6 map = 0%,  reduce = 0%
2016-04-12 13:50:25,111 Stage-6 map = 100%,  reduce = 0%
2016-04-12 13:50:34,159 Stage-6 map = 100%,  reduce = 100%
Ended Job = job_201604121344_0006
Loading data to table q10_returned_item
20 Rows loaded to q10_returned_item
OK
Time taken: 342.767 seconds
