Hive history file=/tmp/hadoop/hive_job_log_hadoop_201604112243_447930351.txt
OK
Time taken: 3.535 seconds
OK
Time taken: 0.096 seconds
OK
Time taken: 0.066 seconds
OK
Time taken: 0.058 seconds
FAILED: Error in metadata: MetaException(message:Got exception: org.apache.hadoop.ipc.RemoteException org.apache.hadoop.hdfs.server.namenode.SafeModeException: Cannot delete /user/hive/warehouse/q10_returned_item. Name node is in safe mode.
The ratio of reported blocks 1.0000 has reached the threshold 0.9990. Safe mode will be turned off automatically in 24 seconds.
	at org.apache.hadoop.hdfs.server.namenode.FSNamesystem.deleteInternal(FSNamesystem.java:1700)
	at org.apache.hadoop.hdfs.server.namenode.FSNamesystem.delete(FSNamesystem.java:1680)
	at org.apache.hadoop.hdfs.server.namenode.NameNode.delete(NameNode.java:517)
	at sun.reflect.NativeMethodAccessorImpl.invoke0(Native Method)
	at sun.reflect.NativeMethodAccessorImpl.invoke(NativeMethodAccessorImpl.java:57)
	at sun.reflect.DelegatingMethodAccessorImpl.invoke(DelegatingMethodAccessorImpl.java:43)
	at java.lang.reflect.Method.invoke(Method.java:606)
	at org.apache.hadoop.ipc.RPC$Server.call(RPC.java:508)
	at org.apache.hadoop.ipc.Server$Handler$1.run(Server.java:959)
	at org.apache.hadoop.ipc.Server$Handler$1.run(Server.java:955)
	at java.security.AccessController.doPrivileged(Native Method)
	at javax.security.auth.Subject.doAs(Subject.java:415)
	at org.apache.hadoop.ipc.Server$Handler.run(Server.java:953)
)
FAILED: Execution Error, return code 1 from org.apache.hadoop.hive.ql.exec.DDLTask
Hive history file=/tmp/hadoop/hive_job_log_hadoop_201604112243_874468327.txt
OK
Time taken: 2.821 seconds
OK
Time taken: 0.007 seconds
OK
Time taken: 0.008 seconds
OK
Time taken: 0.008 seconds
OK
Time taken: 0.007 seconds
OK
Time taken: 0.422 seconds
OK
Time taken: 0.031 seconds
OK
Time taken: 0.033 seconds
OK
Time taken: 0.033 seconds
OK
Time taken: 0.034 seconds
Total MapReduce jobs = 6
Launching Job 1 out of 6
Number of reduce tasks not specified. Estimated from input data size: 2
In order to change the average load for a reducer (in bytes):
  set hive.exec.reducers.bytes.per.reducer=<number>
In order to limit the maximum number of reducers:
  set hive.exec.reducers.max=<number>
In order to set a constant number of reducers:
  set mapred.reduce.tasks=<number>
Starting Job = job_201604112243_0001, Tracking URL = http://belona.c3local:50030/jobdetails.jsp?jobid=job_201604112243_0001
Kill Command = /home/hadoop/hadoop/bin/../bin/hadoop job  -Dmapred.job.tracker=belona.c3local:9001 -kill job_201604112243_0001
2016-04-11 22:43:53,942 Stage-1 map = 0%,  reduce = 0%
2016-04-11 22:44:03,007 Stage-1 map = 13%,  reduce = 0%
2016-04-11 22:44:06,043 Stage-1 map = 32%,  reduce = 0%
2016-04-11 22:44:09,080 Stage-1 map = 42%,  reduce = 0%
2016-04-11 22:44:11,105 Stage-1 map = 44%,  reduce = 0%
2016-04-11 22:44:12,120 Stage-1 map = 49%,  reduce = 0%
2016-04-11 22:44:14,144 Stage-1 map = 64%,  reduce = 7%
2016-04-11 22:44:17,178 Stage-1 map = 78%,  reduce = 7%
2016-04-11 22:44:20,211 Stage-1 map = 90%,  reduce = 7%
2016-04-11 22:44:23,244 Stage-1 map = 99%,  reduce = 7%
2016-04-11 22:44:26,279 Stage-1 map = 100%,  reduce = 7%
2016-04-11 22:44:29,311 Stage-1 map = 100%,  reduce = 20%
2016-04-11 22:44:32,344 Stage-1 map = 100%,  reduce = 67%
2016-04-11 22:44:35,377 Stage-1 map = 100%,  reduce = 91%
2016-04-11 22:44:38,415 Stage-1 map = 100%,  reduce = 100%
Ended Job = job_201604112243_0001
Launching Job 2 out of 6
Number of reduce tasks not specified. Estimated from input data size: 1
In order to change the average load for a reducer (in bytes):
  set hive.exec.reducers.bytes.per.reducer=<number>
In order to limit the maximum number of reducers:
  set hive.exec.reducers.max=<number>
In order to set a constant number of reducers:
  set mapred.reduce.tasks=<number>
Starting Job = job_201604112243_0002, Tracking URL = http://belona.c3local:50030/jobdetails.jsp?jobid=job_201604112243_0002
Kill Command = /home/hadoop/hadoop/bin/../bin/hadoop job  -Dmapred.job.tracker=belona.c3local:9001 -kill job_201604112243_0002
2016-04-11 22:44:47,994 Stage-2 map = 0%,  reduce = 0%
2016-04-11 22:44:51,017 Stage-2 map = 33%,  reduce = 0%
2016-04-11 22:44:54,045 Stage-2 map = 67%,  reduce = 0%
2016-04-11 22:44:57,073 Stage-2 map = 100%,  reduce = 0%
2016-04-11 22:45:00,100 Stage-2 map = 100%,  reduce = 33%
2016-04-11 22:45:03,128 Stage-2 map = 100%,  reduce = 79%
2016-04-11 22:45:06,158 Stage-2 map = 100%,  reduce = 100%
Ended Job = job_201604112243_0002
Launching Job 3 out of 6
Number of reduce tasks not specified. Estimated from input data size: 8
In order to change the average load for a reducer (in bytes):
  set hive.exec.reducers.bytes.per.reducer=<number>
In order to limit the maximum number of reducers:
  set hive.exec.reducers.max=<number>
In order to set a constant number of reducers:
  set mapred.reduce.tasks=<number>
Starting Job = job_201604112243_0003, Tracking URL = http://belona.c3local:50030/jobdetails.jsp?jobid=job_201604112243_0003
Kill Command = /home/hadoop/hadoop/bin/../bin/hadoop job  -Dmapred.job.tracker=belona.c3local:9001 -kill job_201604112243_0003
2016-04-11 22:45:14,803 Stage-3 map = 0%,  reduce = 0%
2016-04-11 22:45:23,854 Stage-3 map = 6%,  reduce = 0%
2016-04-11 22:45:26,890 Stage-3 map = 11%,  reduce = 0%
2016-04-11 22:45:29,908 Stage-3 map = 17%,  reduce = 0%
2016-04-11 22:45:32,930 Stage-3 map = 20%,  reduce = 0%
2016-04-11 22:45:35,957 Stage-3 map = 22%,  reduce = 0%
2016-04-11 22:45:38,984 Stage-3 map = 23%,  reduce = 0%
2016-04-11 22:45:42,013 Stage-3 map = 26%,  reduce = 1%
2016-04-11 22:45:45,042 Stage-3 map = 28%,  reduce = 2%
2016-04-11 22:45:48,070 Stage-3 map = 30%,  reduce = 2%
2016-04-11 22:45:51,101 Stage-3 map = 32%,  reduce = 3%
2016-04-11 22:45:54,129 Stage-3 map = 36%,  reduce = 4%
2016-04-11 22:45:57,156 Stage-3 map = 39%,  reduce = 4%
2016-04-11 22:46:00,184 Stage-3 map = 43%,  reduce = 4%
2016-04-11 22:46:03,211 Stage-3 map = 45%,  reduce = 4%
2016-04-11 22:46:06,238 Stage-3 map = 47%,  reduce = 4%
2016-04-11 22:46:08,257 Stage-3 map = 48%,  reduce = 4%
2016-04-11 22:46:09,270 Stage-3 map = 49%,  reduce = 5%
2016-04-11 22:46:11,292 Stage-3 map = 51%,  reduce = 5%
2016-04-11 22:46:12,304 Stage-3 map = 52%,  reduce = 6%
2016-04-11 22:46:14,323 Stage-3 map = 54%,  reduce = 7%
2016-04-11 22:46:17,348 Stage-3 map = 56%,  reduce = 7%
2016-04-11 22:46:20,372 Stage-3 map = 60%,  reduce = 8%
2016-04-11 22:46:23,396 Stage-3 map = 64%,  reduce = 8%
2016-04-11 22:46:26,419 Stage-3 map = 68%,  reduce = 8%
2016-04-11 22:46:29,443 Stage-3 map = 71%,  reduce = 8%
2016-04-11 22:46:32,464 Stage-3 map = 74%,  reduce = 8%
2016-04-11 22:46:35,486 Stage-3 map = 75%,  reduce = 9%
2016-04-11 22:46:38,509 Stage-3 map = 77%,  reduce = 9%
2016-04-11 22:46:41,535 Stage-3 map = 79%,  reduce = 11%
2016-04-11 22:46:44,556 Stage-3 map = 81%,  reduce = 13%
2016-04-11 22:46:47,577 Stage-3 map = 85%,  reduce = 13%
2016-04-11 22:46:50,600 Stage-3 map = 88%,  reduce = 13%
2016-04-11 22:46:53,621 Stage-3 map = 92%,  reduce = 13%
2016-04-11 22:46:56,643 Stage-3 map = 96%,  reduce = 13%
2016-04-11 22:46:59,665 Stage-3 map = 98%,  reduce = 13%
2016-04-11 22:47:02,687 Stage-3 map = 100%,  reduce = 13%
2016-04-11 22:47:05,709 Stage-3 map = 100%,  reduce = 14%
2016-04-11 22:47:08,730 Stage-3 map = 100%,  reduce = 15%
2016-04-11 22:47:11,751 Stage-3 map = 100%,  reduce = 20%
2016-04-11 22:47:14,771 Stage-3 map = 100%,  reduce = 33%
2016-04-11 22:47:17,793 Stage-3 map = 100%,  reduce = 43%
2016-04-11 22:47:20,815 Stage-3 map = 100%,  reduce = 50%
2016-04-11 22:47:26,855 Stage-3 map = 100%,  reduce = 54%
2016-04-11 22:47:29,876 Stage-3 map = 100%,  reduce = 67%
2016-04-11 22:47:32,899 Stage-3 map = 100%,  reduce = 76%
2016-04-11 22:47:35,921 Stage-3 map = 100%,  reduce = 85%
2016-04-11 22:47:38,944 Stage-3 map = 100%,  reduce = 96%
2016-04-11 22:47:41,966 Stage-3 map = 100%,  reduce = 100%
Ended Job = job_201604112243_0003
Launching Job 4 out of 6
Number of reduce tasks not specified. Estimated from input data size: 1
In order to change the average load for a reducer (in bytes):
  set hive.exec.reducers.bytes.per.reducer=<number>
In order to limit the maximum number of reducers:
  set hive.exec.reducers.max=<number>
In order to set a constant number of reducers:
  set mapred.reduce.tasks=<number>
Starting Job = job_201604112243_0004, Tracking URL = http://belona.c3local:50030/jobdetails.jsp?jobid=job_201604112243_0004
Kill Command = /home/hadoop/hadoop/bin/../bin/hadoop job  -Dmapred.job.tracker=belona.c3local:9001 -kill job_201604112243_0004
2016-04-11 22:47:50,466 Stage-4 map = 0%,  reduce = 0%
2016-04-11 22:47:56,497 Stage-4 map = 13%,  reduce = 0%
2016-04-11 22:47:59,516 Stage-4 map = 50%,  reduce = 0%
2016-04-11 22:48:02,534 Stage-4 map = 63%,  reduce = 0%
2016-04-11 22:48:05,553 Stage-4 map = 75%,  reduce = 17%
2016-04-11 22:48:08,572 Stage-4 map = 100%,  reduce = 17%
2016-04-11 22:48:14,606 Stage-4 map = 100%,  reduce = 25%
2016-04-11 22:48:20,641 Stage-4 map = 100%,  reduce = 100%
Ended Job = job_201604112243_0004
Launching Job 5 out of 6
Number of reduce tasks determined at compile time: 1
In order to change the average load for a reducer (in bytes):
  set hive.exec.reducers.bytes.per.reducer=<number>
In order to limit the maximum number of reducers:
  set hive.exec.reducers.max=<number>
In order to set a constant number of reducers:
  set mapred.reduce.tasks=<number>
Starting Job = job_201604112243_0005, Tracking URL = http://belona.c3local:50030/jobdetails.jsp?jobid=job_201604112243_0005
Kill Command = /home/hadoop/hadoop/bin/../bin/hadoop job  -Dmapred.job.tracker=belona.c3local:9001 -kill job_201604112243_0005
2016-04-11 22:48:30,100 Stage-5 map = 0%,  reduce = 0%
2016-04-11 22:48:36,130 Stage-5 map = 100%,  reduce = 0%
2016-04-11 22:48:45,180 Stage-5 map = 100%,  reduce = 100%
Ended Job = job_201604112243_0005
Launching Job 6 out of 6
Number of reduce tasks determined at compile time: 1
In order to change the average load for a reducer (in bytes):
  set hive.exec.reducers.bytes.per.reducer=<number>
In order to limit the maximum number of reducers:
  set hive.exec.reducers.max=<number>
In order to set a constant number of reducers:
  set mapred.reduce.tasks=<number>
Starting Job = job_201604112243_0006, Tracking URL = http://belona.c3local:50030/jobdetails.jsp?jobid=job_201604112243_0006
Kill Command = /home/hadoop/hadoop/bin/../bin/hadoop job  -Dmapred.job.tracker=belona.c3local:9001 -kill job_201604112243_0006
2016-04-11 22:48:53,585 Stage-6 map = 0%,  reduce = 0%
2016-04-11 22:48:56,601 Stage-6 map = 100%,  reduce = 0%
2016-04-11 22:49:05,650 Stage-6 map = 100%,  reduce = 100%
Ended Job = job_201604112243_0006
Loading data to table q10_returned_item
20 Rows loaded to q10_returned_item
OK
Time taken: 321.653 seconds
