Hive history file=/tmp/hadoop/hive_job_log_hadoop_201604051522_1785065835.txt
OK
Time taken: 3.536 seconds
OK
Time taken: 0.064 seconds
OK
Time taken: 0.059 seconds
OK
Time taken: 0.066 seconds
FAILED: Error in metadata: MetaException(message:Got exception: org.apache.hadoop.ipc.RemoteException org.apache.hadoop.hdfs.server.namenode.SafeModeException: Cannot delete /user/hive/warehouse/q10_returned_item. Name node is in safe mode.
The ratio of reported blocks 1.0000 has reached the threshold 0.9990. Safe mode will be turned off automatically in 24 seconds.
	at org.apache.hadoop.hdfs.server.namenode.FSNamesystem.deleteInternal(FSNamesystem.java:1700)
	at org.apache.hadoop.hdfs.server.namenode.FSNamesystem.delete(FSNamesystem.java:1680)
	at org.apache.hadoop.hdfs.server.namenode.NameNode.delete(NameNode.java:517)
	at sun.reflect.NativeMethodAccessorImpl.invoke0(Native Method)
	at sun.reflect.NativeMethodAccessorImpl.invoke(NativeMethodAccessorImpl.java:57)
	at sun.reflect.DelegatingMethodAccessorImpl.invoke(DelegatingMethodAccessorImpl.java:43)
	at java.lang.reflect.Method.invoke(Method.java:606)
	at org.apache.hadoop.ipc.RPC$Server.call(RPC.java:508)
	at org.apache.hadoop.ipc.Server$Handler$1.run(Server.java:959)
	at org.apache.hadoop.ipc.Server$Handler$1.run(Server.java:955)
	at java.security.AccessController.doPrivileged(Native Method)
	at javax.security.auth.Subject.doAs(Subject.java:415)
	at org.apache.hadoop.ipc.Server$Handler.run(Server.java:953)
)
FAILED: Execution Error, return code 1 from org.apache.hadoop.hive.ql.exec.DDLTask
Hive history file=/tmp/hadoop/hive_job_log_hadoop_201604051522_248360811.txt
OK
Time taken: 2.841 seconds
OK
Time taken: 0.008 seconds
OK
Time taken: 0.011 seconds
OK
Time taken: 0.01 seconds
OK
Time taken: 0.009 seconds
OK
Time taken: 0.439 seconds
OK
Time taken: 0.039 seconds
OK
Time taken: 0.033 seconds
OK
Time taken: 0.05 seconds
OK
Time taken: 0.041 seconds
Total MapReduce jobs = 6
Launching Job 1 out of 6
Number of reduce tasks not specified. Estimated from input data size: 2
In order to change the average load for a reducer (in bytes):
  set hive.exec.reducers.bytes.per.reducer=<number>
In order to limit the maximum number of reducers:
  set hive.exec.reducers.max=<number>
In order to set a constant number of reducers:
  set mapred.reduce.tasks=<number>
Starting Job = job_201604051522_0001, Tracking URL = http://belona.c3local:50030/jobdetails.jsp?jobid=job_201604051522_0001
Kill Command = /home/hadoop/hadoop/bin/../bin/hadoop job  -Dmapred.job.tracker=belona.c3local:9001 -kill job_201604051522_0001
2016-04-05 15:22:55,000 Stage-1 map = 0%,  reduce = 0%
2016-04-05 15:23:04,070 Stage-1 map = 17%,  reduce = 0%
2016-04-05 15:23:07,101 Stage-1 map = 38%,  reduce = 0%
2016-04-05 15:23:10,137 Stage-1 map = 54%,  reduce = 0%
2016-04-05 15:23:13,185 Stage-1 map = 64%,  reduce = 0%
2016-04-05 15:23:16,219 Stage-1 map = 73%,  reduce = 0%
2016-04-05 15:23:19,255 Stage-1 map = 80%,  reduce = 0%
2016-04-05 15:23:22,289 Stage-1 map = 82%,  reduce = 7%
2016-04-05 15:23:25,324 Stage-1 map = 88%,  reduce = 7%
2016-04-05 15:23:28,366 Stage-1 map = 100%,  reduce = 7%
2016-04-05 15:23:31,400 Stage-1 map = 100%,  reduce = 20%
2016-04-05 15:23:37,467 Stage-1 map = 100%,  reduce = 89%
2016-04-05 15:23:40,508 Stage-1 map = 100%,  reduce = 100%
Ended Job = job_201604051522_0001
Launching Job 2 out of 6
Number of reduce tasks not specified. Estimated from input data size: 1
In order to change the average load for a reducer (in bytes):
  set hive.exec.reducers.bytes.per.reducer=<number>
In order to limit the maximum number of reducers:
  set hive.exec.reducers.max=<number>
In order to set a constant number of reducers:
  set mapred.reduce.tasks=<number>
Starting Job = job_201604051522_0002, Tracking URL = http://belona.c3local:50030/jobdetails.jsp?jobid=job_201604051522_0002
Kill Command = /home/hadoop/hadoop/bin/../bin/hadoop job  -Dmapred.job.tracker=belona.c3local:9001 -kill job_201604051522_0002
2016-04-05 15:23:50,011 Stage-2 map = 0%,  reduce = 0%
2016-04-05 15:23:53,036 Stage-2 map = 33%,  reduce = 0%
