Hive history file=/tmp/hadoop/hive_job_log_hadoop_201604141940_873913300.txt
OK
Time taken: 3.425 seconds
OK
Time taken: 0.065 seconds
FAILED: Error in metadata: MetaException(message:Got exception: org.apache.hadoop.ipc.RemoteException org.apache.hadoop.hdfs.server.namenode.SafeModeException: Cannot delete /user/hive/warehouse/q4_order_priority_tmp. Name node is in safe mode.
The ratio of reported blocks 1.0000 has reached the threshold 0.9990. Safe mode will be turned off automatically in 24 seconds.
	at org.apache.hadoop.hdfs.server.namenode.FSNamesystem.deleteInternal(FSNamesystem.java:1700)
	at org.apache.hadoop.hdfs.server.namenode.FSNamesystem.delete(FSNamesystem.java:1680)
	at org.apache.hadoop.hdfs.server.namenode.NameNode.delete(NameNode.java:517)
	at sun.reflect.NativeMethodAccessorImpl.invoke0(Native Method)
	at sun.reflect.NativeMethodAccessorImpl.invoke(NativeMethodAccessorImpl.java:57)
	at sun.reflect.DelegatingMethodAccessorImpl.invoke(DelegatingMethodAccessorImpl.java:43)
	at java.lang.reflect.Method.invoke(Method.java:606)
	at org.apache.hadoop.ipc.RPC$Server.call(RPC.java:508)
	at org.apache.hadoop.ipc.Server$Handler$1.run(Server.java:959)
	at org.apache.hadoop.ipc.Server$Handler$1.run(Server.java:955)
	at java.security.AccessController.doPrivileged(Native Method)
	at javax.security.auth.Subject.doAs(Subject.java:415)
	at org.apache.hadoop.ipc.Server$Handler.run(Server.java:953)
)
FAILED: Execution Error, return code 1 from org.apache.hadoop.hive.ql.exec.DDLTask
Hive history file=/tmp/hadoop/hive_job_log_hadoop_201604141940_1359714097.txt
OK
Time taken: 2.995 seconds
OK
Time taken: 0.009 seconds
OK
Time taken: 0.01 seconds
OK
Time taken: 0.626 seconds
OK
Time taken: 0.172 seconds
OK
Time taken: 0.05 seconds
OK
Time taken: 0.04 seconds
OK
Time taken: 0.057 seconds
Total MapReduce jobs = 1
Launching Job 1 out of 1
Number of reduce tasks not specified. Estimated from input data size: 8
In order to change the average load for a reducer (in bytes):
  set hive.exec.reducers.bytes.per.reducer=<number>
In order to limit the maximum number of reducers:
  set hive.exec.reducers.max=<number>
In order to set a constant number of reducers:
  set mapred.reduce.tasks=<number>
Starting Job = job_201604141940_0001, Tracking URL = http://belona.c3local:50030/jobdetails.jsp?jobid=job_201604141940_0001
Kill Command = /home/hadoop/hadoop/bin/../bin/hadoop job  -Dmapred.job.tracker=belona.c3local:9001 -kill job_201604141940_0001
2016-04-14 19:41:10,037 Stage-1 map = 0%,  reduce = 0%
2016-04-14 19:41:19,105 Stage-1 map = 1%,  reduce = 0%
2016-04-14 19:41:22,127 Stage-1 map = 2%,  reduce = 0%
2016-04-14 19:41:25,150 Stage-1 map = 4%,  reduce = 0%
2016-04-14 19:41:28,171 Stage-1 map = 6%,  reduce = 0%
2016-04-14 19:41:31,192 Stage-1 map = 7%,  reduce = 0%
2016-04-14 19:41:34,213 Stage-1 map = 9%,  reduce = 0%
2016-04-14 19:41:37,234 Stage-1 map = 10%,  reduce = 0%
2016-04-14 19:41:40,255 Stage-1 map = 11%,  reduce = 0%
2016-04-14 19:41:43,276 Stage-1 map = 12%,  reduce = 0%
2016-04-14 19:41:46,296 Stage-1 map = 13%,  reduce = 0%
2016-04-14 19:41:52,334 Stage-1 map = 14%,  reduce = 0%
2016-04-14 19:41:58,371 Stage-1 map = 15%,  reduce = 0%
2016-04-14 19:42:07,435 Stage-1 map = 16%,  reduce = 0%
2016-04-14 19:42:15,500 Stage-1 map = 17%,  reduce = 0%
2016-04-14 19:42:33,662 Stage-1 map = 18%,  reduce = 0%
2016-04-14 19:42:36,695 Stage-1 map = 18%,  reduce = 1%
2016-04-14 19:42:42,752 Stage-1 map = 19%,  reduce = 1%
2016-04-14 19:42:48,807 Stage-1 map = 20%,  reduce = 1%
2016-04-14 19:43:03,944 Stage-1 map = 21%,  reduce = 1%
2016-04-14 19:43:25,122 Stage-1 map = 22%,  reduce = 1%
2016-04-14 19:44:01,372 Stage-1 map = 23%,  reduce = 1%
2016-04-14 19:45:01,720 Stage-1 map = 23%,  reduce = 1%
2016-04-14 19:45:03,736 Stage-1 map = 19%,  reduce = 1%
2016-04-14 19:45:09,777 Stage-1 map = 15%,  reduce = 1%
2016-04-14 19:45:12,798 Stage-1 map = 11%,  reduce = 1%
2016-04-14 19:45:24,869 Stage-1 map = 13%,  reduce = 1%
2016-04-14 19:45:27,889 Stage-1 map = 14%,  reduce = 1%
2016-04-14 19:45:30,908 Stage-1 map = 15%,  reduce = 1%
2016-04-14 19:45:33,927 Stage-1 map = 16%,  reduce = 1%
2016-04-14 19:45:39,962 Stage-1 map = 17%,  reduce = 1%
2016-04-14 19:45:45,998 Stage-1 map = 18%,  reduce = 1%
2016-04-14 19:45:52,034 Stage-1 map = 19%,  reduce = 1%
2016-04-14 19:46:04,101 Stage-1 map = 20%,  reduce = 1%
2016-04-14 19:46:16,168 Stage-1 map = 21%,  reduce = 1%
2016-04-14 19:46:25,221 Stage-1 map = 17%,  reduce = 1%
2016-04-14 19:46:43,319 Stage-1 map = 18%,  reduce = 1%
2016-04-14 19:46:49,352 Stage-1 map = 19%,  reduce = 1%
2016-04-14 19:46:58,399 Stage-1 map = 20%,  reduce = 1%
2016-04-14 19:47:10,463 Stage-1 map = 21%,  reduce = 1%
2016-04-14 19:47:28,555 Stage-1 map = 22%,  reduce = 1%
2016-04-14 19:48:04,732 Stage-1 map = 23%,  reduce = 1%
2016-04-14 19:49:04,038 Stage-1 map = 19%,  reduce = 1%
2016-04-14 19:49:16,102 Stage-1 map = 15%,  reduce = 1%
2016-04-14 19:49:19,131 Stage-1 map = 11%,  reduce = 1%
2016-04-14 19:49:28,175 Stage-1 map = 12%,  reduce = 1%
2016-04-14 19:49:34,206 Stage-1 map = 14%,  reduce = 1%
2016-04-14 19:49:37,223 Stage-1 map = 15%,  reduce = 1%
2016-04-14 19:49:43,252 Stage-1 map = 16%,  reduce = 1%
2016-04-14 19:49:46,268 Stage-1 map = 17%,  reduce = 1%
2016-04-14 19:49:52,299 Stage-1 map = 18%,  reduce = 1%
2016-04-14 19:49:58,328 Stage-1 map = 19%,  reduce = 1%
2016-04-14 19:50:10,390 Stage-1 map = 20%,  reduce = 1%
2016-04-14 19:50:22,449 Stage-1 map = 21%,  reduce = 1%
2016-04-14 19:50:34,507 Stage-1 map = 17%,  reduce = 1%
2016-04-14 19:50:49,585 Stage-1 map = 18%,  reduce = 1%
2016-04-14 19:50:58,628 Stage-1 map = 19%,  reduce = 1%
2016-04-14 19:51:07,673 Stage-1 map = 20%,  reduce = 1%
2016-04-14 19:51:19,730 Stage-1 map = 21%,  reduce = 1%
2016-04-14 19:51:40,826 Stage-1 map = 22%,  reduce = 1%
2016-04-14 19:52:19,997 Stage-1 map = 23%,  reduce = 1%
2016-04-14 19:53:14,238 Stage-1 map = 19%,  reduce = 1%
2016-04-14 19:53:28,301 Stage-1 map = 11%,  reduce = 1%
2016-04-14 19:53:40,355 Stage-1 map = 12%,  reduce = 1%
2016-04-14 19:53:46,383 Stage-1 map = 13%,  reduce = 1%
2016-04-14 19:53:49,399 Stage-1 map = 14%,  reduce = 1%
2016-04-14 19:53:52,415 Stage-1 map = 15%,  reduce = 1%
2016-04-14 19:53:55,430 Stage-1 map = 16%,  reduce = 1%
2016-04-14 19:54:01,457 Stage-1 map = 17%,  reduce = 1%
2016-04-14 19:54:04,473 Stage-1 map = 18%,  reduce = 1%
2016-04-14 19:54:13,515 Stage-1 map = 19%,  reduce = 1%
2016-04-14 19:54:25,569 Stage-1 map = 20%,  reduce = 1%
2016-04-14 19:54:40,633 Stage-1 map = 21%,  reduce = 1%
2016-04-14 19:54:43,649 Stage-1 map = 17%,  reduce = 1%
2016-04-14 19:55:01,728 Stage-1 map = 18%,  reduce = 1%
2016-04-14 19:55:07,757 Stage-1 map = 19%,  reduce = 1%
2016-04-14 19:55:19,808 Stage-1 map = 20%,  reduce = 1%
2016-04-14 19:55:31,858 Stage-1 map = 21%,  reduce = 1%
2016-04-14 19:55:49,932 Stage-1 map = 22%,  reduce = 1%
2016-04-14 19:56:26,082 Stage-1 map = 23%,  reduce = 1%
2016-04-14 19:57:23,307 Stage-1 map = 19%,  reduce = 1%
2016-04-14 19:57:35,353 Stage-1 map = 15%,  reduce = 1%
2016-04-14 19:57:41,379 Stage-1 map = 11%,  reduce = 1%
2016-04-14 19:57:47,403 Stage-1 map = 100%,  reduce = 100%
Ended Job = job_201604141940_0001 with errors

Task with the most failures(4): 
-----
Task ID:
  task_201604141940_0001_m_000000

URL:
  http://belona.c3local:50030/taskdetails.jsp?jobid=job_201604141940_0001&tipid=task_201604141940_0001_m_000000
-----

FAILED: Execution Error, return code 2 from org.apache.hadoop.hive.ql.exec.ExecDriver
