Hive history file=/tmp/hadoop/hive_job_log_hadoop_201604120017_778485009.txt
OK
Time taken: 2.432 seconds
OK
Time taken: 0.008 seconds
OK
Time taken: 0.008 seconds
OK
Time taken: 0.008 seconds
OK
Time taken: 0.007 seconds
OK
Time taken: 0.417 seconds
OK
Time taken: 0.041 seconds
OK
Time taken: 0.049 seconds
OK
Time taken: 0.04 seconds
OK
Time taken: 0.041 seconds
FAILED: Hive Internal Error: java.lang.RuntimeException(org.apache.hadoop.ipc.RemoteException: org.apache.hadoop.hdfs.server.namenode.SafeModeException: Cannot create directory /home/hadoop/tmp/hive-hadoop/hive_2016-04-12_00-17-52_945_8732758053758894966. Name node is in safe mode.
The ratio of reported blocks 1.0000 has reached the threshold 0.9990. Safe mode will be turned off automatically in 24 seconds.
	at org.apache.hadoop.hdfs.server.namenode.FSNamesystem.mkdirsInternal(FSNamesystem.java:1761)
	at org.apache.hadoop.hdfs.server.namenode.FSNamesystem.mkdirs(FSNamesystem.java:1735)
	at org.apache.hadoop.hdfs.server.namenode.NameNode.mkdirs(NameNode.java:542)
	at sun.reflect.NativeMethodAccessorImpl.invoke0(Native Method)
	at sun.reflect.NativeMethodAccessorImpl.invoke(NativeMethodAccessorImpl.java:57)
	at sun.reflect.DelegatingMethodAccessorImpl.invoke(DelegatingMethodAccessorImpl.java:43)
	at java.lang.reflect.Method.invoke(Method.java:606)
	at org.apache.hadoop.ipc.RPC$Server.call(RPC.java:508)
	at org.apache.hadoop.ipc.Server$Handler$1.run(Server.java:959)
	at org.apache.hadoop.ipc.Server$Handler$1.run(Server.java:955)
	at java.security.AccessController.doPrivileged(Native Method)
	at javax.security.auth.Subject.doAs(Subject.java:415)
	at org.apache.hadoop.ipc.Server$Handler.run(Server.java:953)
)
java.lang.RuntimeException: org.apache.hadoop.ipc.RemoteException: org.apache.hadoop.hdfs.server.namenode.SafeModeException: Cannot create directory /home/hadoop/tmp/hive-hadoop/hive_2016-04-12_00-17-52_945_8732758053758894966. Name node is in safe mode.
The ratio of reported blocks 1.0000 has reached the threshold 0.9990. Safe mode will be turned off automatically in 24 seconds.
	at org.apache.hadoop.hdfs.server.namenode.FSNamesystem.mkdirsInternal(FSNamesystem.java:1761)
	at org.apache.hadoop.hdfs.server.namenode.FSNamesystem.mkdirs(FSNamesystem.java:1735)
	at org.apache.hadoop.hdfs.server.namenode.NameNode.mkdirs(NameNode.java:542)
	at sun.reflect.NativeMethodAccessorImpl.invoke0(Native Method)
	at sun.reflect.NativeMethodAccessorImpl.invoke(NativeMethodAccessorImpl.java:57)
	at sun.reflect.DelegatingMethodAccessorImpl.invoke(DelegatingMethodAccessorImpl.java:43)
	at java.lang.reflect.Method.invoke(Method.java:606)
	at org.apache.hadoop.ipc.RPC$Server.call(RPC.java:508)
	at org.apache.hadoop.ipc.Server$Handler$1.run(Server.java:959)
	at org.apache.hadoop.ipc.Server$Handler$1.run(Server.java:955)
	at java.security.AccessController.doPrivileged(Native Method)
	at javax.security.auth.Subject.doAs(Subject.java:415)
	at org.apache.hadoop.ipc.Server$Handler.run(Server.java:953)

	at org.apache.hadoop.hive.ql.Context.getExternalScratchDir(Context.java:195)
	at org.apache.hadoop.hive.ql.Context.getExternalTmpFileURI(Context.java:312)
	at org.apache.hadoop.hive.ql.parse.SemanticAnalyzer.genFileSinkPlan(SemanticAnalyzer.java:3239)
	at org.apache.hadoop.hive.ql.parse.SemanticAnalyzer.genBodyPlan(SemanticAnalyzer.java:5077)
	at org.apache.hadoop.hive.ql.parse.SemanticAnalyzer.genPlan(SemanticAnalyzer.java:5547)
	at org.apache.hadoop.hive.ql.parse.SemanticAnalyzer.analyzeInternal(SemanticAnalyzer.java:6100)
	at org.apache.hadoop.hive.ql.parse.BaseSemanticAnalyzer.analyze(BaseSemanticAnalyzer.java:125)
	at org.apache.hadoop.hive.ql.Driver.compile(Driver.java:304)
	at org.apache.hadoop.hive.ql.Driver.run(Driver.java:379)
	at org.apache.hadoop.hive.cli.CliDriver.processCmd(CliDriver.java:138)
	at org.apache.hadoop.hive.cli.CliDriver.processLine(CliDriver.java:197)
	at org.apache.hadoop.hive.cli.CliDriver.processReader(CliDriver.java:216)
	at org.apache.hadoop.hive.cli.CliDriver.main(CliDriver.java:272)
	at sun.reflect.NativeMethodAccessorImpl.invoke0(Native Method)
	at sun.reflect.NativeMethodAccessorImpl.invoke(NativeMethodAccessorImpl.java:57)
	at sun.reflect.DelegatingMethodAccessorImpl.invoke(DelegatingMethodAccessorImpl.java:43)
	at java.lang.reflect.Method.invoke(Method.java:606)
	at org.apache.hadoop.util.RunJar.main(RunJar.java:156)
Caused by: org.apache.hadoop.ipc.RemoteException: org.apache.hadoop.hdfs.server.namenode.SafeModeException: Cannot create directory /home/hadoop/tmp/hive-hadoop/hive_2016-04-12_00-17-52_945_8732758053758894966. Name node is in safe mode.
The ratio of reported blocks 1.0000 has reached the threshold 0.9990. Safe mode will be turned off automatically in 24 seconds.
	at org.apache.hadoop.hdfs.server.namenode.FSNamesystem.mkdirsInternal(FSNamesystem.java:1761)
	at org.apache.hadoop.hdfs.server.namenode.FSNamesystem.mkdirs(FSNamesystem.java:1735)
	at org.apache.hadoop.hdfs.server.namenode.NameNode.mkdirs(NameNode.java:542)
	at sun.reflect.NativeMethodAccessorImpl.invoke0(Native Method)
	at sun.reflect.NativeMethodAccessorImpl.invoke(NativeMethodAccessorImpl.java:57)
	at sun.reflect.DelegatingMethodAccessorImpl.invoke(DelegatingMethodAccessorImpl.java:43)
	at java.lang.reflect.Method.invoke(Method.java:606)
	at org.apache.hadoop.ipc.RPC$Server.call(RPC.java:508)
	at org.apache.hadoop.ipc.Server$Handler$1.run(Server.java:959)
	at org.apache.hadoop.ipc.Server$Handler$1.run(Server.java:955)
	at java.security.AccessController.doPrivileged(Native Method)
	at javax.security.auth.Subject.doAs(Subject.java:415)
	at org.apache.hadoop.ipc.Server$Handler.run(Server.java:953)

	at org.apache.hadoop.ipc.Client.call(Client.java:740)
	at org.apache.hadoop.ipc.RPC$Invoker.invoke(RPC.java:220)
	at com.sun.proxy.$Proxy2.mkdirs(Unknown Source)
	at sun.reflect.NativeMethodAccessorImpl.invoke0(Native Method)
	at sun.reflect.NativeMethodAccessorImpl.invoke(NativeMethodAccessorImpl.java:57)
	at sun.reflect.DelegatingMethodAccessorImpl.invoke(DelegatingMethodAccessorImpl.java:43)
	at java.lang.reflect.Method.invoke(Method.java:606)
	at org.apache.hadoop.io.retry.RetryInvocationHandler.invokeMethod(RetryInvocationHandler.java:82)
	at org.apache.hadoop.io.retry.RetryInvocationHandler.invoke(RetryInvocationHandler.java:59)
	at com.sun.proxy.$Proxy2.mkdirs(Unknown Source)
	at org.apache.hadoop.hdfs.DFSClient.mkdirs(DFSClient.java:912)
	at org.apache.hadoop.hdfs.DistributedFileSystem.mkdirs(DistributedFileSystem.java:262)
	at org.apache.hadoop.fs.FileSystem.mkdirs(FileSystem.java:1120)
	at org.apache.hadoop.hive.ql.Context.makeExternalScratchDir(Context.java:155)
	at org.apache.hadoop.hive.ql.Context.getExternalScratchDir(Context.java:190)
	... 17 more

Hive history file=/tmp/hadoop/hive_job_log_hadoop_201604120017_745686880.txt
OK
Time taken: 3.826 seconds
OK
Time taken: 0.087 seconds
OK
Time taken: 0.067 seconds
OK
Time taken: 0.058 seconds
OK
Time taken: 0.183 seconds
OK
Time taken: 0.218 seconds
OK
Time taken: 0.041 seconds
OK
Time taken: 0.035 seconds
OK
Time taken: 0.047 seconds
OK
Time taken: 0.065 seconds
Total MapReduce jobs = 6
Launching Job 1 out of 6
Number of reduce tasks not specified. Estimated from input data size: 2
In order to change the average load for a reducer (in bytes):
  set hive.exec.reducers.bytes.per.reducer=<number>
In order to limit the maximum number of reducers:
  set hive.exec.reducers.max=<number>
In order to set a constant number of reducers:
  set mapred.reduce.tasks=<number>
java.io.FileNotFoundException: File does not exist: /home/hadoop/tmp/hive-hadoop/hive_2016-04-12_00-17-59_163_3695942527953591190/df0eb84a-be1f-4129-8092-95b949457eaf
	at org.apache.hadoop.hdfs.DistributedFileSystem.getFileStatus(DistributedFileSystem.java:457)
	at org.apache.hadoop.filecache.DistributedCache.getTimestamp(DistributedCache.java:509)
	at org.apache.hadoop.mapred.JobClient.configureCommandLineOptions(JobClient.java:640)
	at org.apache.hadoop.mapred.JobClient.submitJobInternal(JobClient.java:761)
	at org.apache.hadoop.mapred.JobClient.submitJob(JobClient.java:730)
	at org.apache.hadoop.hive.ql.exec.ExecDriver.execute(ExecDriver.java:688)
	at org.apache.hadoop.hive.ql.exec.Task.executeTask(Task.java:107)
	at org.apache.hadoop.hive.ql.exec.TaskRunner.runSequential(TaskRunner.java:55)
	at org.apache.hadoop.hive.ql.Driver.launchTask(Driver.java:633)
	at org.apache.hadoop.hive.ql.Driver.execute(Driver.java:506)
	at org.apache.hadoop.hive.ql.Driver.run(Driver.java:384)
	at org.apache.hadoop.hive.cli.CliDriver.processCmd(CliDriver.java:138)
	at org.apache.hadoop.hive.cli.CliDriver.processLine(CliDriver.java:197)
	at org.apache.hadoop.hive.cli.CliDriver.processReader(CliDriver.java:216)
	at org.apache.hadoop.hive.cli.CliDriver.main(CliDriver.java:272)
	at sun.reflect.NativeMethodAccessorImpl.invoke0(Native Method)
	at sun.reflect.NativeMethodAccessorImpl.invoke(NativeMethodAccessorImpl.java:57)
	at sun.reflect.DelegatingMethodAccessorImpl.invoke(DelegatingMethodAccessorImpl.java:43)
	at java.lang.reflect.Method.invoke(Method.java:606)
	at org.apache.hadoop.util.RunJar.main(RunJar.java:156)
Job Submission failed with exception 'java.io.FileNotFoundException(File does not exist: /home/hadoop/tmp/hive-hadoop/hive_2016-04-12_00-17-59_163_3695942527953591190/df0eb84a-be1f-4129-8092-95b949457eaf)'
FAILED: Execution Error, return code 1 from org.apache.hadoop.hive.ql.exec.ExecDriver
