Hive history file=/tmp/hadoop/hive_job_log_hadoop_201604112345_887649604.txt
OK
Time taken: 4.247 seconds
OK
Time taken: 0.064 seconds
OK
Time taken: 0.067 seconds
OK
Time taken: 0.058 seconds
OK
Time taken: 0.136 seconds
OK
Time taken: 0.165 seconds
OK
Time taken: 0.032 seconds
OK
Time taken: 0.033 seconds
OK
Time taken: 0.032 seconds
OK
Time taken: 0.1 seconds
Total MapReduce jobs = 6
Launching Job 1 out of 6
Number of reduce tasks not specified. Estimated from input data size: 2
In order to change the average load for a reducer (in bytes):
  set hive.exec.reducers.bytes.per.reducer=<number>
In order to limit the maximum number of reducers:
  set hive.exec.reducers.max=<number>
In order to set a constant number of reducers:
  set mapred.reduce.tasks=<number>
Starting Job = job_201604112340_0001, Tracking URL = http://belona.c3local:50030/jobdetails.jsp?jobid=job_201604112340_0001
Kill Command = /home/hadoop/hadoop/bin/../bin/hadoop job  -Dmapred.job.tracker=belona.c3local:9001 -kill job_201604112340_0001
2016-04-11 23:46:08,862 Stage-1 map = 0%,  reduce = 0%
2016-04-11 23:46:17,929 Stage-1 map = 14%,  reduce = 0%
2016-04-11 23:46:20,964 Stage-1 map = 32%,  reduce = 0%
2016-04-11 23:46:22,990 Stage-1 map = 39%,  reduce = 0%
2016-04-11 23:46:24,006 Stage-1 map = 43%,  reduce = 0%
2016-04-11 23:46:26,030 Stage-1 map = 47%,  reduce = 0%
2016-04-11 23:46:27,045 Stage-1 map = 49%,  reduce = 0%
2016-04-11 23:46:29,068 Stage-1 map = 63%,  reduce = 3%
2016-04-11 23:46:32,102 Stage-1 map = 75%,  reduce = 7%
2016-04-11 23:46:35,136 Stage-1 map = 88%,  reduce = 7%
2016-04-11 23:46:38,169 Stage-1 map = 100%,  reduce = 7%
2016-04-11 23:46:41,204 Stage-1 map = 100%,  reduce = 10%
2016-04-11 23:46:44,239 Stage-1 map = 100%,  reduce = 17%
2016-04-11 23:46:47,273 Stage-1 map = 100%,  reduce = 44%
2016-04-11 23:46:50,316 Stage-1 map = 100%,  reduce = 60%
2016-04-11 23:46:53,353 Stage-1 map = 100%,  reduce = 100%
Ended Job = job_201604112340_0001
Launching Job 2 out of 6
Number of reduce tasks not specified. Estimated from input data size: 1
In order to change the average load for a reducer (in bytes):
  set hive.exec.reducers.bytes.per.reducer=<number>
In order to limit the maximum number of reducers:
  set hive.exec.reducers.max=<number>
In order to set a constant number of reducers:
  set mapred.reduce.tasks=<number>
Starting Job = job_201604112340_0002, Tracking URL = http://belona.c3local:50030/jobdetails.jsp?jobid=job_201604112340_0002
Kill Command = /home/hadoop/hadoop/bin/../bin/hadoop job  -Dmapred.job.tracker=belona.c3local:9001 -kill job_201604112340_0002
2016-04-11 23:47:02,959 Stage-2 map = 0%,  reduce = 0%
2016-04-11 23:47:05,982 Stage-2 map = 33%,  reduce = 0%
2016-04-11 23:47:12,031 Stage-2 map = 96%,  reduce = 0%
2016-04-11 23:47:15,060 Stage-2 map = 100%,  reduce = 11%
2016-04-11 23:47:24,136 Stage-2 map = 100%,  reduce = 77%
2016-04-11 23:47:27,166 Stage-2 map = 100%,  reduce = 100%
Ended Job = job_201604112340_0002
Launching Job 3 out of 6
Number of reduce tasks not specified. Estimated from input data size: 8
In order to change the average load for a reducer (in bytes):
  set hive.exec.reducers.bytes.per.reducer=<number>
In order to limit the maximum number of reducers:
  set hive.exec.reducers.max=<number>
In order to set a constant number of reducers:
  set mapred.reduce.tasks=<number>
Starting Job = job_201604112340_0003, Tracking URL = http://belona.c3local:50030/jobdetails.jsp?jobid=job_201604112340_0003
Kill Command = /home/hadoop/hadoop/bin/../bin/hadoop job  -Dmapred.job.tracker=belona.c3local:9001 -kill job_201604112340_0003
2016-04-11 23:47:35,872 Stage-3 map = 0%,  reduce = 0%
2016-04-11 23:47:44,924 Stage-3 map = 7%,  reduce = 0%
2016-04-11 23:47:47,945 Stage-3 map = 12%,  reduce = 0%
2016-04-11 23:47:50,966 Stage-3 map = 18%,  reduce = 0%
2016-04-11 23:47:53,989 Stage-3 map = 20%,  reduce = 0%
2016-04-11 23:47:57,018 Stage-3 map = 22%,  reduce = 0%
2016-04-11 23:48:00,047 Stage-3 map = 23%,  reduce = 0%
2016-04-11 23:48:03,074 Stage-3 map = 25%,  reduce = 1%
2016-04-11 23:48:06,102 Stage-3 map = 27%,  reduce = 2%
2016-04-11 23:48:09,129 Stage-3 map = 29%,  reduce = 2%
2016-04-11 23:48:12,158 Stage-3 map = 31%,  reduce = 2%
2016-04-11 23:48:15,184 Stage-3 map = 35%,  reduce = 4%
2016-04-11 23:48:17,201 Stage-3 map = 36%,  reduce = 4%
2016-04-11 23:48:18,212 Stage-3 map = 38%,  reduce = 4%
2016-04-11 23:48:20,229 Stage-3 map = 40%,  reduce = 4%
2016-04-11 23:48:21,240 Stage-3 map = 42%,  reduce = 4%
2016-04-11 23:48:23,258 Stage-3 map = 43%,  reduce = 4%
2016-04-11 23:48:24,269 Stage-3 map = 45%,  reduce = 4%
2016-04-11 23:48:26,286 Stage-3 map = 46%,  reduce = 4%
2016-04-11 23:48:27,297 Stage-3 map = 47%,  reduce = 4%
2016-04-11 23:48:29,314 Stage-3 map = 49%,  reduce = 5%
2016-04-11 23:48:32,337 Stage-3 map = 52%,  reduce = 6%
2016-04-11 23:48:35,360 Stage-3 map = 54%,  reduce = 6%
2016-04-11 23:48:38,381 Stage-3 map = 57%,  reduce = 6%
2016-04-11 23:48:41,403 Stage-3 map = 59%,  reduce = 6%
2016-04-11 23:48:44,425 Stage-3 map = 63%,  reduce = 8%
2016-04-11 23:48:47,450 Stage-3 map = 66%,  reduce = 8%
2016-04-11 23:48:50,473 Stage-3 map = 69%,  reduce = 8%
2016-04-11 23:48:53,494 Stage-3 map = 71%,  reduce = 8%
2016-04-11 23:48:56,515 Stage-3 map = 73%,  reduce = 8%
2016-04-11 23:48:59,537 Stage-3 map = 77%,  reduce = 10%
2016-04-11 23:49:02,558 Stage-3 map = 79%,  reduce = 10%
2016-04-11 23:49:05,580 Stage-3 map = 82%,  reduce = 11%
2016-04-11 23:49:08,601 Stage-3 map = 84%,  reduce = 11%
2016-04-11 23:49:11,622 Stage-3 map = 87%,  reduce = 11%
2016-04-11 23:49:14,645 Stage-3 map = 90%,  reduce = 12%
2016-04-11 23:49:17,667 Stage-3 map = 92%,  reduce = 13%
2016-04-11 23:49:20,688 Stage-3 map = 95%,  reduce = 13%
2016-04-11 23:49:23,710 Stage-3 map = 98%,  reduce = 14%
2016-04-11 23:49:26,732 Stage-3 map = 99%,  reduce = 15%
2016-04-11 23:49:29,753 Stage-3 map = 100%,  reduce = 15%
2016-04-11 23:49:35,792 Stage-3 map = 100%,  reduce = 25%
2016-04-11 23:49:38,814 Stage-3 map = 100%,  reduce = 34%
2016-04-11 23:49:41,837 Stage-3 map = 100%,  reduce = 44%
2016-04-11 23:49:44,860 Stage-3 map = 100%,  reduce = 50%
2016-04-11 23:49:50,900 Stage-3 map = 100%,  reduce = 54%
2016-04-11 23:49:53,922 Stage-3 map = 100%,  reduce = 66%
2016-04-11 23:49:56,943 Stage-3 map = 100%,  reduce = 77%
2016-04-11 23:49:59,964 Stage-3 map = 100%,  reduce = 90%
2016-04-11 23:50:02,986 Stage-3 map = 100%,  reduce = 97%
2016-04-11 23:50:06,008 Stage-3 map = 100%,  reduce = 100%
Ended Job = job_201604112340_0003
Launching Job 4 out of 6
Number of reduce tasks not specified. Estimated from input data size: 1
In order to change the average load for a reducer (in bytes):
  set hive.exec.reducers.bytes.per.reducer=<number>
In order to limit the maximum number of reducers:
  set hive.exec.reducers.max=<number>
In order to set a constant number of reducers:
  set mapred.reduce.tasks=<number>
Starting Job = job_201604112340_0004, Tracking URL = http://belona.c3local:50030/jobdetails.jsp?jobid=job_201604112340_0004
Kill Command = /home/hadoop/hadoop/bin/../bin/hadoop job  -Dmapred.job.tracker=belona.c3local:9001 -kill job_201604112340_0004
2016-04-11 23:50:14,487 Stage-4 map = 0%,  reduce = 0%
2016-04-11 23:50:23,529 Stage-4 map = 25%,  reduce = 0%
2016-04-11 23:50:24,538 Stage-4 map = 50%,  reduce = 0%
2016-04-11 23:50:32,582 Stage-4 map = 100%,  reduce = 17%
2016-04-11 23:50:41,630 Stage-4 map = 100%,  reduce = 100%
Ended Job = job_201604112340_0004
Launching Job 5 out of 6
Number of reduce tasks determined at compile time: 1
In order to change the average load for a reducer (in bytes):
  set hive.exec.reducers.bytes.per.reducer=<number>
In order to limit the maximum number of reducers:
  set hive.exec.reducers.max=<number>
In order to set a constant number of reducers:
  set mapred.reduce.tasks=<number>
Starting Job = job_201604112340_0005, Tracking URL = http://belona.c3local:50030/jobdetails.jsp?jobid=job_201604112340_0005
Kill Command = /home/hadoop/hadoop/bin/../bin/hadoop job  -Dmapred.job.tracker=belona.c3local:9001 -kill job_201604112340_0005
2016-04-11 23:50:51,069 Stage-5 map = 0%,  reduce = 0%
2016-04-11 23:50:57,099 Stage-5 map = 100%,  reduce = 0%
2016-04-11 23:51:06,146 Stage-5 map = 100%,  reduce = 100%
Ended Job = job_201604112340_0005
Launching Job 6 out of 6
Number of reduce tasks determined at compile time: 1
In order to change the average load for a reducer (in bytes):
  set hive.exec.reducers.bytes.per.reducer=<number>
In order to limit the maximum number of reducers:
  set hive.exec.reducers.max=<number>
In order to set a constant number of reducers:
  set mapred.reduce.tasks=<number>
Starting Job = job_201604112340_0006, Tracking URL = http://belona.c3local:50030/jobdetails.jsp?jobid=job_201604112340_0006
Kill Command = /home/hadoop/hadoop/bin/../bin/hadoop job  -Dmapred.job.tracker=belona.c3local:9001 -kill job_201604112340_0006
2016-04-11 23:51:14,676 Stage-6 map = 0%,  reduce = 0%
2016-04-11 23:51:17,693 Stage-6 map = 100%,  reduce = 0%
2016-04-11 23:51:26,743 Stage-6 map = 100%,  reduce = 100%
Ended Job = job_201604112340_0006
Loading data to table q10_returned_item
20 Rows loaded to q10_returned_item
OK
Time taken: 328.424 seconds
Hive history file=/tmp/hadoop/hive_job_log_hadoop_201604112351_834838582.txt
OK
Time taken: 3.441 seconds
OK
Time taken: 0.066 seconds
OK
Time taken: 0.092 seconds
OK
Time taken: 0.099 seconds
FAILED: Error in metadata: MetaException(message:Got exception: org.apache.hadoop.ipc.RemoteException org.apache.hadoop.hdfs.server.namenode.SafeModeException: Cannot delete /user/hive/warehouse/q10_returned_item. Name node is in safe mode.
The ratio of reported blocks 1.0000 has reached the threshold 0.9990. Safe mode will be turned off automatically in 24 seconds.
	at org.apache.hadoop.hdfs.server.namenode.FSNamesystem.deleteInternal(FSNamesystem.java:1700)
	at org.apache.hadoop.hdfs.server.namenode.FSNamesystem.delete(FSNamesystem.java:1680)
	at org.apache.hadoop.hdfs.server.namenode.NameNode.delete(NameNode.java:517)
	at sun.reflect.NativeMethodAccessorImpl.invoke0(Native Method)
	at sun.reflect.NativeMethodAccessorImpl.invoke(NativeMethodAccessorImpl.java:57)
	at sun.reflect.DelegatingMethodAccessorImpl.invoke(DelegatingMethodAccessorImpl.java:43)
	at java.lang.reflect.Method.invoke(Method.java:606)
	at org.apache.hadoop.ipc.RPC$Server.call(RPC.java:508)
	at org.apache.hadoop.ipc.Server$Handler$1.run(Server.java:959)
	at org.apache.hadoop.ipc.Server$Handler$1.run(Server.java:955)
	at java.security.AccessController.doPrivileged(Native Method)
	at javax.security.auth.Subject.doAs(Subject.java:415)
	at org.apache.hadoop.ipc.Server$Handler.run(Server.java:953)
)
FAILED: Execution Error, return code 1 from org.apache.hadoop.hive.ql.exec.DDLTask
Hive history file=/tmp/hadoop/hive_job_log_hadoop_201604112351_557205565.txt
OK
Time taken: 2.953 seconds
OK
Time taken: 0.008 seconds
OK
Time taken: 0.008 seconds
OK
Time taken: 0.009 seconds
OK
Time taken: 0.009 seconds
OK
Time taken: 0.42 seconds
OK
Time taken: 0.053 seconds
OK
Time taken: 0.033 seconds
OK
Time taken: 0.05 seconds
OK
Time taken: 0.041 seconds
Total MapReduce jobs = 6
Launching Job 1 out of 6
Number of reduce tasks not specified. Estimated from input data size: 2
In order to change the average load for a reducer (in bytes):
  set hive.exec.reducers.bytes.per.reducer=<number>
In order to limit the maximum number of reducers:
  set hive.exec.reducers.max=<number>
In order to set a constant number of reducers:
  set mapred.reduce.tasks=<number>
Starting Job = job_201604112351_0001, Tracking URL = http://belona.c3local:50030/jobdetails.jsp?jobid=job_201604112351_0001
Kill Command = /home/hadoop/hadoop/bin/../bin/hadoop job  -Dmapred.job.tracker=belona.c3local:9001 -kill job_201604112351_0001
2016-04-11 23:51:54,657 Stage-1 map = 0%,  reduce = 0%
2016-04-11 23:52:03,722 Stage-1 map = 7%,  reduce = 0%
2016-04-11 23:52:06,749 Stage-1 map = 13%,  reduce = 0%
2016-04-11 23:52:09,773 Stage-1 map = 32%,  reduce = 0%
2016-04-11 23:52:12,809 Stage-1 map = 53%,  reduce = 0%
2016-04-11 23:52:15,842 Stage-1 map = 66%,  reduce = 0%
2016-04-11 23:52:18,877 Stage-1 map = 71%,  reduce = 0%
2016-04-11 23:52:21,912 Stage-1 map = 78%,  reduce = 3%
2016-04-11 23:52:24,946 Stage-1 map = 87%,  reduce = 7%
2016-04-11 23:52:27,982 Stage-1 map = 91%,  reduce = 13%
2016-04-11 23:52:30,006 Stage-1 map = 99%,  reduce = 27%
2016-04-11 23:52:33,042 Stage-1 map = 100%,  reduce = 27%
2016-04-11 23:52:42,139 Stage-1 map = 100%,  reduce = 63%
2016-04-11 23:52:45,178 Stage-1 map = 100%,  reduce = 100%
Ended Job = job_201604112351_0001
Launching Job 2 out of 6
Number of reduce tasks not specified. Estimated from input data size: 1
In order to change the average load for a reducer (in bytes):
  set hive.exec.reducers.bytes.per.reducer=<number>
In order to limit the maximum number of reducers:
  set hive.exec.reducers.max=<number>
In order to set a constant number of reducers:
  set mapred.reduce.tasks=<number>
Starting Job = job_201604112351_0002, Tracking URL = http://belona.c3local:50030/jobdetails.jsp?jobid=job_201604112351_0002
Kill Command = /home/hadoop/hadoop/bin/../bin/hadoop job  -Dmapred.job.tracker=belona.c3local:9001 -kill job_201604112351_0002
2016-04-11 23:52:54,762 Stage-2 map = 0%,  reduce = 0%
2016-04-11 23:52:57,784 Stage-2 map = 33%,  reduce = 0%
2016-04-11 23:53:03,835 Stage-2 map = 96%,  reduce = 0%
2016-04-11 23:53:06,863 Stage-2 map = 100%,  reduce = 11%
