Hive history file=/tmp/hadoop/hive_job_log_hadoop_201604122319_799214344.txt
OK
Time taken: 3.499 seconds
OK
Time taken: 0.088 seconds
OK
Time taken: 0.058 seconds
OK
Time taken: 0.058 seconds
OK
Time taken: 0.007 seconds
OK
Time taken: 0.005 seconds
OK
Time taken: 0.006 seconds
OK
Time taken: 0.23 seconds
OK
Time taken: 0.033 seconds
OK
Time taken: 0.041 seconds
OK
Time taken: 0.033 seconds
FAILED: Error in metadata: MetaException(message:Got exception: org.apache.hadoop.ipc.RemoteException org.apache.hadoop.hdfs.server.namenode.SafeModeException: Cannot create directory /user/hive/warehouse/q21_tmp1. Name node is in safe mode.
The ratio of reported blocks 1.0000 has reached the threshold 0.9990. Safe mode will be turned off automatically in 23 seconds.
	at org.apache.hadoop.hdfs.server.namenode.FSNamesystem.mkdirsInternal(FSNamesystem.java:1761)
	at org.apache.hadoop.hdfs.server.namenode.FSNamesystem.mkdirs(FSNamesystem.java:1735)
	at org.apache.hadoop.hdfs.server.namenode.NameNode.mkdirs(NameNode.java:542)
	at sun.reflect.NativeMethodAccessorImpl.invoke0(Native Method)
	at sun.reflect.NativeMethodAccessorImpl.invoke(NativeMethodAccessorImpl.java:57)
	at sun.reflect.DelegatingMethodAccessorImpl.invoke(DelegatingMethodAccessorImpl.java:43)
	at java.lang.reflect.Method.invoke(Method.java:606)
	at org.apache.hadoop.ipc.RPC$Server.call(RPC.java:508)
	at org.apache.hadoop.ipc.Server$Handler$1.run(Server.java:959)
	at org.apache.hadoop.ipc.Server$Handler$1.run(Server.java:955)
	at java.security.AccessController.doPrivileged(Native Method)
	at javax.security.auth.Subject.doAs(Subject.java:415)
	at org.apache.hadoop.ipc.Server$Handler.run(Server.java:953)
)
FAILED: Execution Error, return code 1 from org.apache.hadoop.hive.ql.exec.DDLTask
Hive history file=/tmp/hadoop/hive_job_log_hadoop_201604122319_866107891.txt
OK
Time taken: 3.604 seconds
OK
Time taken: 0.081 seconds
OK
Time taken: 0.075 seconds
OK
Time taken: 0.058 seconds
OK
Time taken: 0.009 seconds
OK
Time taken: 0.006 seconds
OK
Time taken: 0.007 seconds
OK
Time taken: 0.336 seconds
OK
Time taken: 0.036 seconds
OK
Time taken: 0.065 seconds
OK
Time taken: 0.049 seconds
OK
Time taken: 0.041 seconds
OK
Time taken: 0.075 seconds
OK
Time taken: 0.041 seconds
Total MapReduce jobs = 1
Launching Job 1 out of 1
Number of reduce tasks not specified. Estimated from input data size: 8
In order to change the average load for a reducer (in bytes):
  set hive.exec.reducers.bytes.per.reducer=<number>
In order to limit the maximum number of reducers:
  set hive.exec.reducers.max=<number>
In order to set a constant number of reducers:
  set mapred.reduce.tasks=<number>
Starting Job = job_201604122319_0001, Tracking URL = http://belona.c3local:50030/jobdetails.jsp?jobid=job_201604122319_0001
Kill Command = /home/hadoop/hadoop/bin/../bin/hadoop job  -Dmapred.job.tracker=belona.c3local:9001 -kill job_201604122319_0001
2016-04-12 23:19:29,501 Stage-1 map = 0%,  reduce = 0%
2016-04-12 23:19:38,570 Stage-1 map = 1%,  reduce = 0%
2016-04-12 23:19:44,624 Stage-1 map = 3%,  reduce = 0%
2016-04-12 23:19:53,711 Stage-1 map = 4%,  reduce = 0%
2016-04-12 23:19:59,768 Stage-1 map = 6%,  reduce = 0%
2016-04-12 23:20:02,802 Stage-1 map = 7%,  reduce = 0%
2016-04-12 23:20:11,886 Stage-1 map = 7%,  reduce = 1%
2016-04-12 23:20:14,914 Stage-1 map = 8%,  reduce = 1%
2016-04-12 23:20:17,944 Stage-1 map = 9%,  reduce = 1%
2016-04-12 23:20:20,972 Stage-1 map = 10%,  reduce = 1%
2016-04-12 23:20:27,024 Stage-1 map = 11%,  reduce = 1%
2016-04-12 23:20:30,053 Stage-1 map = 11%,  reduce = 2%
2016-04-12 23:20:33,082 Stage-1 map = 13%,  reduce = 2%
2016-04-12 23:20:39,132 Stage-1 map = 14%,  reduce = 2%
2016-04-12 23:20:45,182 Stage-1 map = 15%,  reduce = 2%
2016-04-12 23:20:48,209 Stage-1 map = 16%,  reduce = 2%
2016-04-12 23:20:51,236 Stage-1 map = 17%,  reduce = 2%
2016-04-12 23:20:57,284 Stage-1 map = 17%,  reduce = 3%
2016-04-12 23:21:00,311 Stage-1 map = 18%,  reduce = 3%
2016-04-12 23:21:03,338 Stage-1 map = 20%,  reduce = 3%
2016-04-12 23:21:09,386 Stage-1 map = 21%,  reduce = 3%
2016-04-12 23:21:14,427 Stage-1 map = 22%,  reduce = 3%
2016-04-12 23:21:17,455 Stage-1 map = 23%,  reduce = 3%
2016-04-12 23:21:20,479 Stage-1 map = 24%,  reduce = 3%
2016-04-12 23:21:23,505 Stage-1 map = 24%,  reduce = 4%
2016-04-12 23:21:26,533 Stage-1 map = 25%,  reduce = 4%
2016-04-12 23:21:29,554 Stage-1 map = 26%,  reduce = 4%
2016-04-12 23:21:32,575 Stage-1 map = 27%,  reduce = 4%
2016-04-12 23:21:38,614 Stage-1 map = 28%,  reduce = 4%
2016-04-12 23:21:44,653 Stage-1 map = 29%,  reduce = 4%
2016-04-12 23:21:47,674 Stage-1 map = 30%,  reduce = 5%
2016-04-12 23:21:53,712 Stage-1 map = 31%,  reduce = 5%
2016-04-12 23:21:56,731 Stage-1 map = 32%,  reduce = 5%
2016-04-12 23:22:02,769 Stage-1 map = 34%,  reduce = 5%
2016-04-12 23:22:11,823 Stage-1 map = 35%,  reduce = 5%
2016-04-12 23:22:14,842 Stage-1 map = 36%,  reduce = 6%
2016-04-12 23:22:20,878 Stage-1 map = 37%,  reduce = 6%
2016-04-12 23:22:23,897 Stage-1 map = 38%,  reduce = 6%
2016-04-12 23:22:29,932 Stage-1 map = 39%,  reduce = 6%
2016-04-12 23:22:32,951 Stage-1 map = 40%,  reduce = 6%
2016-04-12 23:22:38,986 Stage-1 map = 41%,  reduce = 6%
2016-04-12 23:22:45,023 Stage-1 map = 42%,  reduce = 6%
2016-04-12 23:22:48,043 Stage-1 map = 42%,  reduce = 7%
2016-04-12 23:22:51,062 Stage-1 map = 44%,  reduce = 7%
2016-04-12 23:22:54,080 Stage-1 map = 45%,  reduce = 7%
2016-04-12 23:23:06,149 Stage-1 map = 46%,  reduce = 7%
2016-04-12 23:23:09,168 Stage-1 map = 47%,  reduce = 7%
2016-04-12 23:23:12,188 Stage-1 map = 48%,  reduce = 7%
2016-04-12 23:23:21,241 Stage-1 map = 49%,  reduce = 8%
2016-04-12 23:23:24,260 Stage-1 map = 50%,  reduce = 8%
2016-04-12 23:23:27,279 Stage-1 map = 51%,  reduce = 8%
2016-04-12 23:23:30,298 Stage-1 map = 52%,  reduce = 8%
2016-04-12 23:23:39,349 Stage-1 map = 54%,  reduce = 9%
2016-04-12 23:23:42,368 Stage-1 map = 55%,  reduce = 9%
2016-04-12 23:23:54,438 Stage-1 map = 57%,  reduce = 9%
2016-04-12 23:23:57,457 Stage-1 map = 58%,  reduce = 9%
2016-04-12 23:24:00,477 Stage-1 map = 59%,  reduce = 9%
2016-04-12 23:24:06,513 Stage-1 map = 59%,  reduce = 10%
2016-04-12 23:24:09,532 Stage-1 map = 61%,  reduce = 10%
2016-04-12 23:24:12,554 Stage-1 map = 62%,  reduce = 10%
2016-04-12 23:24:21,605 Stage-1 map = 63%,  reduce = 10%
2016-04-12 23:24:24,625 Stage-1 map = 64%,  reduce = 10%
2016-04-12 23:24:27,645 Stage-1 map = 65%,  reduce = 10%
2016-04-12 23:24:30,664 Stage-1 map = 66%,  reduce = 10%
2016-04-12 23:24:36,700 Stage-1 map = 66%,  reduce = 11%
2016-04-12 23:24:38,714 Stage-1 map = 67%,  reduce = 11%
2016-04-12 23:24:41,733 Stage-1 map = 68%,  reduce = 11%
2016-04-12 23:24:45,758 Stage-1 map = 69%,  reduce = 11%
2016-04-12 23:24:53,806 Stage-1 map = 71%,  reduce = 11%
2016-04-12 23:24:56,832 Stage-1 map = 72%,  reduce = 11%
2016-04-12 23:25:02,866 Stage-1 map = 72%,  reduce = 12%
2016-04-12 23:25:05,884 Stage-1 map = 73%,  reduce = 12%
2016-04-12 23:25:08,903 Stage-1 map = 75%,  reduce = 12%
2016-04-12 23:25:11,922 Stage-1 map = 76%,  reduce = 12%
2016-04-12 23:25:20,973 Stage-1 map = 77%,  reduce = 12%
2016-04-12 23:25:23,992 Stage-1 map = 78%,  reduce = 13%
2016-04-12 23:25:27,011 Stage-1 map = 79%,  reduce = 13%
2016-04-12 23:25:36,062 Stage-1 map = 80%,  reduce = 13%
2016-04-12 23:25:39,082 Stage-1 map = 81%,  reduce = 13%
2016-04-12 23:25:42,101 Stage-1 map = 82%,  reduce = 13%
2016-04-12 23:25:45,119 Stage-1 map = 83%,  reduce = 13%
2016-04-12 23:25:48,138 Stage-1 map = 83%,  reduce = 14%
2016-04-12 23:25:54,174 Stage-1 map = 85%,  reduce = 14%
2016-04-12 23:25:57,192 Stage-1 map = 86%,  reduce = 14%
2016-04-12 23:26:06,244 Stage-1 map = 87%,  reduce = 14%
2016-04-12 23:26:09,264 Stage-1 map = 88%,  reduce = 14%
2016-04-12 23:26:12,284 Stage-1 map = 89%,  reduce = 14%
2016-04-12 23:26:15,304 Stage-1 map = 90%,  reduce = 14%
2016-04-12 23:26:18,324 Stage-1 map = 90%,  reduce = 15%
2016-04-12 23:26:24,360 Stage-1 map = 91%,  reduce = 15%
2016-04-12 23:26:27,379 Stage-1 map = 92%,  reduce = 15%
2016-04-12 23:26:30,399 Stage-1 map = 93%,  reduce = 15%
2016-04-12 23:26:39,453 Stage-1 map = 94%,  reduce = 15%
2016-04-12 23:26:42,473 Stage-1 map = 95%,  reduce = 15%
2016-04-12 23:26:45,493 Stage-1 map = 96%,  reduce = 16%
2016-04-12 23:26:48,513 Stage-1 map = 97%,  reduce = 16%
2016-04-12 23:26:57,567 Stage-1 map = 99%,  reduce = 16%
2016-04-12 23:27:03,604 Stage-1 map = 100%,  reduce = 16%
2016-04-12 23:27:12,658 Stage-1 map = 100%,  reduce = 29%
2016-04-12 23:27:15,678 Stage-1 map = 100%,  reduce = 35%
2016-04-12 23:27:18,699 Stage-1 map = 100%,  reduce = 38%
2016-04-12 23:27:21,719 Stage-1 map = 100%,  reduce = 41%
2016-04-12 23:27:24,739 Stage-1 map = 100%,  reduce = 44%
2016-04-12 23:27:27,759 Stage-1 map = 100%,  reduce = 47%
2016-04-12 23:27:30,782 Stage-1 map = 100%,  reduce = 50%
2016-04-12 23:27:39,838 Stage-1 map = 100%,  reduce = 52%
2016-04-12 23:27:42,859 Stage-1 map = 100%,  reduce = 57%
2016-04-12 23:27:45,884 Stage-1 map = 100%,  reduce = 61%
2016-04-12 23:27:48,912 Stage-1 map = 100%,  reduce = 62%
2016-04-12 23:27:51,932 Stage-1 map = 100%,  reduce = 64%
2016-04-12 23:27:54,953 Stage-1 map = 100%,  reduce = 65%
2016-04-12 23:27:57,973 Stage-1 map = 100%,  reduce = 66%
2016-04-12 23:28:00,993 Stage-1 map = 100%,  reduce = 67%
2016-04-12 23:28:03,009 Stage-1 map = 100%,  reduce = 71%
2016-04-12 23:28:06,029 Stage-1 map = 100%,  reduce = 75%
2016-04-12 23:28:07,039 Stage-1 map = 100%,  reduce = 84%
2016-04-12 23:28:09,054 Stage-1 map = 100%,  reduce = 86%
2016-04-12 23:28:12,075 Stage-1 map = 100%,  reduce = 88%
2016-04-12 23:28:15,095 Stage-1 map = 100%,  reduce = 92%
2016-04-12 23:28:18,116 Stage-1 map = 100%,  reduce = 95%
2016-04-12 23:28:21,136 Stage-1 map = 100%,  reduce = 98%
2016-04-12 23:28:24,157 Stage-1 map = 100%,  reduce = 100%
Ended Job = job_201604122319_0001
Loading data to table q21_tmp1
15000000 Rows loaded to q21_tmp1
OK
Time taken: 542.918 seconds
Total MapReduce jobs = 1
Launching Job 1 out of 1
Number of reduce tasks not specified. Estimated from input data size: 8
In order to change the average load for a reducer (in bytes):
  set hive.exec.reducers.bytes.per.reducer=<number>
In order to limit the maximum number of reducers:
  set hive.exec.reducers.max=<number>
In order to set a constant number of reducers:
  set mapred.reduce.tasks=<number>
Starting Job = job_201604122319_0002, Tracking URL = http://belona.c3local:50030/jobdetails.jsp?jobid=job_201604122319_0002
Kill Command = /home/hadoop/hadoop/bin/../bin/hadoop job  -Dmapred.job.tracker=belona.c3local:9001 -kill job_201604122319_0002
2016-04-12 23:28:33,472 Stage-1 map = 0%,  reduce = 0%
2016-04-12 23:28:42,511 Stage-1 map = 1%,  reduce = 0%
2016-04-12 23:28:45,525 Stage-1 map = 3%,  reduce = 0%
2016-04-12 23:28:57,586 Stage-1 map = 4%,  reduce = 0%
2016-04-12 23:29:00,603 Stage-1 map = 6%,  reduce = 0%
2016-04-12 23:29:03,621 Stage-1 map = 7%,  reduce = 0%
2016-04-12 23:29:12,668 Stage-1 map = 7%,  reduce = 1%
2016-04-12 23:29:15,685 Stage-1 map = 8%,  reduce = 1%
2016-04-12 23:29:18,703 Stage-1 map = 9%,  reduce = 1%
2016-04-12 23:29:21,720 Stage-1 map = 10%,  reduce = 1%
2016-04-12 23:29:30,767 Stage-1 map = 11%,  reduce = 1%
2016-04-12 23:29:33,785 Stage-1 map = 13%,  reduce = 2%
2016-04-12 23:29:36,801 Stage-1 map = 14%,  reduce = 2%
2016-04-12 23:29:48,865 Stage-1 map = 16%,  reduce = 2%
2016-04-12 23:29:51,883 Stage-1 map = 17%,  reduce = 2%
2016-04-12 23:30:00,935 Stage-1 map = 18%,  reduce = 2%
2016-04-12 23:30:03,953 Stage-1 map = 19%,  reduce = 3%
2016-04-12 23:30:09,985 Stage-1 map = 20%,  reduce = 3%
2016-04-12 23:30:13,002 Stage-1 map = 21%,  reduce = 3%
2016-04-12 23:30:19,033 Stage-1 map = 22%,  reduce = 3%
2016-04-12 23:30:25,065 Stage-1 map = 23%,  reduce = 3%
2016-04-12 23:30:28,082 Stage-1 map = 24%,  reduce = 4%
2016-04-12 23:30:31,099 Stage-1 map = 25%,  reduce = 4%
2016-04-12 23:30:37,132 Stage-1 map = 26%,  reduce = 4%
2016-04-12 23:30:43,165 Stage-1 map = 27%,  reduce = 4%
2016-04-12 23:30:46,186 Stage-1 map = 28%,  reduce = 4%
2016-04-12 23:30:49,204 Stage-1 map = 29%,  reduce = 4%
2016-04-12 23:30:54,232 Stage-1 map = 30%,  reduce = 4%
2016-04-12 23:30:57,279 Stage-1 map = 31%,  reduce = 4%
2016-04-12 23:30:58,287 Stage-1 map = 31%,  reduce = 5%
2016-04-12 23:31:00,299 Stage-1 map = 32%,  reduce = 5%
2016-04-12 23:31:06,332 Stage-1 map = 33%,  reduce = 5%
2016-04-12 23:31:12,364 Stage-1 map = 34%,  reduce = 5%
2016-04-12 23:31:15,381 Stage-1 map = 35%,  reduce = 5%
2016-04-12 23:31:18,399 Stage-1 map = 36%,  reduce = 6%
2016-04-12 23:31:24,432 Stage-1 map = 37%,  reduce = 6%
2016-04-12 23:31:30,464 Stage-1 map = 38%,  reduce = 6%
2016-04-12 23:31:33,481 Stage-1 map = 39%,  reduce = 6%
2016-04-12 23:31:36,500 Stage-1 map = 40%,  reduce = 6%
2016-04-12 23:31:45,546 Stage-1 map = 41%,  reduce = 6%
2016-04-12 23:31:48,564 Stage-1 map = 43%,  reduce = 7%
2016-04-12 23:32:00,624 Stage-1 map = 44%,  reduce = 7%
2016-04-12 23:32:03,640 Stage-1 map = 45%,  reduce = 7%
2016-04-12 23:32:06,657 Stage-1 map = 46%,  reduce = 7%
2016-04-12 23:32:09,677 Stage-1 map = 47%,  reduce = 7%
2016-04-12 23:32:18,724 Stage-1 map = 48%,  reduce = 8%
2016-04-12 23:32:21,742 Stage-1 map = 49%,  reduce = 8%
2016-04-12 23:32:24,759 Stage-1 map = 50%,  reduce = 8%
2016-04-12 23:32:36,821 Stage-1 map = 51%,  reduce = 8%
2016-04-12 23:32:39,838 Stage-1 map = 52%,  reduce = 8%
2016-04-12 23:32:42,855 Stage-1 map = 53%,  reduce = 8%
2016-04-12 23:32:48,888 Stage-1 map = 54%,  reduce = 9%
2016-04-12 23:32:51,905 Stage-1 map = 55%,  reduce = 9%
2016-04-12 23:32:54,922 Stage-1 map = 56%,  reduce = 9%
2016-04-12 23:32:57,938 Stage-1 map = 57%,  reduce = 9%
2016-04-12 23:33:06,983 Stage-1 map = 58%,  reduce = 9%
2016-04-12 23:33:09,999 Stage-1 map = 59%,  reduce = 9%
2016-04-12 23:33:13,016 Stage-1 map = 60%,  reduce = 9%
2016-04-12 23:33:16,034 Stage-1 map = 60%,  reduce = 10%
2016-04-12 23:33:19,051 Stage-1 map = 61%,  reduce = 10%
2016-04-12 23:33:25,084 Stage-1 map = 62%,  reduce = 10%
2016-04-12 23:33:28,102 Stage-1 map = 63%,  reduce = 10%
2016-04-12 23:33:31,120 Stage-1 map = 64%,  reduce = 10%
2016-04-12 23:33:34,137 Stage-1 map = 65%,  reduce = 10%
2016-04-12 23:33:40,170 Stage-1 map = 66%,  reduce = 11%
2016-04-12 23:33:43,187 Stage-1 map = 67%,  reduce = 11%
2016-04-12 23:33:46,205 Stage-1 map = 68%,  reduce = 11%
2016-04-12 23:33:55,253 Stage-1 map = 69%,  reduce = 11%
2016-04-12 23:33:58,270 Stage-1 map = 70%,  reduce = 11%
2016-04-12 23:34:01,291 Stage-1 map = 71%,  reduce = 11%
2016-04-12 23:34:04,308 Stage-1 map = 72%,  reduce = 11%
2016-04-12 23:34:10,341 Stage-1 map = 72%,  reduce = 12%
2016-04-12 23:34:13,358 Stage-1 map = 73%,  reduce = 12%
2016-04-12 23:34:19,391 Stage-1 map = 75%,  reduce = 12%
2016-04-12 23:34:28,438 Stage-1 map = 76%,  reduce = 12%
2016-04-12 23:34:31,456 Stage-1 map = 77%,  reduce = 12%
2016-04-12 23:34:34,474 Stage-1 map = 78%,  reduce = 13%
2016-04-12 23:34:40,508 Stage-1 map = 79%,  reduce = 13%
2016-04-12 23:34:45,535 Stage-1 map = 80%,  reduce = 13%
2016-04-12 23:34:48,553 Stage-1 map = 81%,  reduce = 13%
2016-04-12 23:34:51,570 Stage-1 map = 82%,  reduce = 13%
2016-04-12 23:34:57,603 Stage-1 map = 83%,  reduce = 14%
2016-04-12 23:35:00,620 Stage-1 map = 84%,  reduce = 14%
2016-04-12 23:35:03,639 Stage-1 map = 85%,  reduce = 14%
2016-04-12 23:35:09,673 Stage-1 map = 86%,  reduce = 14%
2016-04-12 23:35:15,706 Stage-1 map = 87%,  reduce = 14%
2016-04-12 23:35:18,725 Stage-1 map = 88%,  reduce = 14%
2016-04-12 23:35:21,743 Stage-1 map = 89%,  reduce = 14%
2016-04-12 23:35:24,761 Stage-1 map = 90%,  reduce = 15%
2016-04-12 23:35:30,797 Stage-1 map = 91%,  reduce = 15%
2016-04-12 23:35:33,815 Stage-1 map = 92%,  reduce = 15%
2016-04-12 23:35:36,834 Stage-1 map = 93%,  reduce = 15%
2016-04-12 23:35:45,884 Stage-1 map = 94%,  reduce = 15%
2016-04-12 23:35:51,919 Stage-1 map = 96%,  reduce = 15%
2016-04-12 23:35:54,938 Stage-1 map = 97%,  reduce = 16%
2016-04-12 23:36:07,005 Stage-1 map = 99%,  reduce = 16%
2016-04-12 23:36:10,024 Stage-1 map = 100%,  reduce = 16%
2016-04-12 23:36:22,089 Stage-1 map = 100%,  reduce = 21%
2016-04-12 23:36:25,108 Stage-1 map = 100%,  reduce = 35%
2016-04-12 23:36:28,126 Stage-1 map = 100%,  reduce = 39%
2016-04-12 23:36:31,145 Stage-1 map = 100%,  reduce = 43%
2016-04-12 23:36:34,163 Stage-1 map = 100%,  reduce = 47%
2016-04-12 23:36:37,182 Stage-1 map = 100%,  reduce = 50%
2016-04-12 23:36:46,233 Stage-1 map = 100%,  reduce = 53%
2016-04-12 23:36:49,252 Stage-1 map = 100%,  reduce = 62%
2016-04-12 23:36:52,271 Stage-1 map = 100%,  reduce = 67%
2016-04-12 23:36:55,289 Stage-1 map = 100%,  reduce = 75%
2016-04-12 23:36:58,308 Stage-1 map = 100%,  reduce = 84%
2016-04-12 23:37:01,326 Stage-1 map = 100%,  reduce = 88%
2016-04-12 23:37:04,344 Stage-1 map = 100%,  reduce = 92%
2016-04-12 23:37:07,362 Stage-1 map = 100%,  reduce = 96%
2016-04-12 23:37:10,380 Stage-1 map = 100%,  reduce = 100%
Ended Job = job_201604122319_0002
Loading data to table q21_tmp2
13753474 Rows loaded to q21_tmp2
OK
Time taken: 526.234 seconds
Total MapReduce jobs = 8
Launching Job 1 out of 8
Number of reduce tasks not specified. Estimated from input data size: 1
In order to change the average load for a reducer (in bytes):
  set hive.exec.reducers.bytes.per.reducer=<number>
In order to limit the maximum number of reducers:
  set hive.exec.reducers.max=<number>
In order to set a constant number of reducers:
  set mapred.reduce.tasks=<number>
Starting Job = job_201604122319_0003, Tracking URL = http://belona.c3local:50030/jobdetails.jsp?jobid=job_201604122319_0003
Kill Command = /home/hadoop/hadoop/bin/../bin/hadoop job  -Dmapred.job.tracker=belona.c3local:9001 -kill job_201604122319_0003
2016-04-12 23:37:19,305 Stage-7 map = 0%,  reduce = 0%
2016-04-12 23:37:22,319 Stage-7 map = 100%,  reduce = 0%
2016-04-12 23:37:31,358 Stage-7 map = 100%,  reduce = 100%
Ended Job = job_201604122319_0003
Launching Job 2 out of 8
Number of reduce tasks not specified. Estimated from input data size: 8
In order to change the average load for a reducer (in bytes):
  set hive.exec.reducers.bytes.per.reducer=<number>
In order to limit the maximum number of reducers:
  set hive.exec.reducers.max=<number>
In order to set a constant number of reducers:
  set mapred.reduce.tasks=<number>
Starting Job = job_201604122319_0004, Tracking URL = http://belona.c3local:50030/jobdetails.jsp?jobid=job_201604122319_0004
Kill Command = /home/hadoop/hadoop/bin/../bin/hadoop job  -Dmapred.job.tracker=belona.c3local:9001 -kill job_201604122319_0004
2016-04-12 23:37:39,919 Stage-8 map = 0%,  reduce = 0%
2016-04-12 23:37:48,952 Stage-8 map = 3%,  reduce = 0%
2016-04-12 23:38:01,000 Stage-8 map = 6%,  reduce = 0%
2016-04-12 23:38:04,017 Stage-8 map = 7%,  reduce = 0%
2016-04-12 23:38:13,063 Stage-8 map = 8%,  reduce = 1%
2016-04-12 23:38:16,078 Stage-8 map = 9%,  reduce = 1%
2016-04-12 23:38:19,095 Stage-8 map = 10%,  reduce = 1%
2016-04-12 23:38:28,132 Stage-8 map = 13%,  reduce = 2%
2016-04-12 23:38:31,147 Stage-8 map = 14%,  reduce = 2%
2016-04-12 23:38:40,185 Stage-8 map = 16%,  reduce = 2%
2016-04-12 23:38:43,200 Stage-8 map = 17%,  reduce = 2%
2016-04-12 23:38:52,240 Stage-8 map = 20%,  reduce = 3%
2016-04-12 23:38:55,256 Stage-8 map = 21%,  reduce = 3%
2016-04-12 23:39:04,297 Stage-8 map = 23%,  reduce = 3%
2016-04-12 23:39:07,313 Stage-8 map = 24%,  reduce = 3%
2016-04-12 23:39:13,342 Stage-8 map = 24%,  reduce = 4%
2016-04-12 23:39:16,358 Stage-8 map = 27%,  reduce = 4%
2016-04-12 23:39:28,412 Stage-8 map = 30%,  reduce = 4%
2016-04-12 23:39:31,429 Stage-8 map = 31%,  reduce = 4%
2016-04-12 23:39:34,446 Stage-8 map = 31%,  reduce = 5%
2016-04-12 23:39:40,475 Stage-8 map = 34%,  reduce = 5%
2016-04-12 23:39:52,530 Stage-8 map = 37%,  reduce = 5%
2016-04-12 23:39:55,547 Stage-8 map = 38%,  reduce = 6%
2016-04-12 23:40:04,589 Stage-8 map = 40%,  reduce = 6%
2016-04-12 23:40:07,605 Stage-8 map = 41%,  reduce = 6%
2016-04-12 23:40:16,647 Stage-8 map = 42%,  reduce = 6%
2016-04-12 23:40:19,663 Stage-8 map = 44%,  reduce = 7%
2016-04-12 23:40:31,724 Stage-8 map = 47%,  reduce = 7%
2016-04-12 23:40:34,741 Stage-8 map = 48%,  reduce = 7%
2016-04-12 23:40:40,772 Stage-8 map = 48%,  reduce = 8%
2016-04-12 23:40:43,789 Stage-8 map = 51%,  reduce = 8%
2016-04-12 23:40:55,846 Stage-8 map = 54%,  reduce = 9%
2016-04-12 23:40:58,867 Stage-8 map = 55%,  reduce = 9%
2016-04-12 23:41:06,907 Stage-8 map = 56%,  reduce = 9%
2016-04-12 23:41:07,915 Stage-8 map = 57%,  reduce = 9%
2016-04-12 23:41:09,928 Stage-8 map = 58%,  reduce = 9%
2016-04-12 23:41:18,974 Stage-8 map = 61%,  reduce = 10%
2016-04-12 23:41:21,992 Stage-8 map = 62%,  reduce = 10%
2016-04-12 23:41:31,037 Stage-8 map = 64%,  reduce = 10%
2016-04-12 23:41:34,055 Stage-8 map = 65%,  reduce = 10%
2016-04-12 23:41:40,087 Stage-8 map = 65%,  reduce = 11%
2016-04-12 23:41:43,108 Stage-8 map = 68%,  reduce = 11%
2016-04-12 23:41:55,170 Stage-8 map = 71%,  reduce = 11%
2016-04-12 23:41:58,189 Stage-8 map = 72%,  reduce = 11%
2016-04-12 23:42:04,223 Stage-8 map = 72%,  reduce = 12%
2016-04-12 23:42:07,242 Stage-8 map = 75%,  reduce = 12%
2016-04-12 23:42:19,304 Stage-8 map = 78%,  reduce = 13%
2016-04-12 23:42:22,322 Stage-8 map = 79%,  reduce = 13%
2016-04-12 23:42:31,371 Stage-8 map = 80%,  reduce = 13%
2016-04-12 23:42:34,391 Stage-8 map = 82%,  reduce = 13%
2016-04-12 23:42:46,458 Stage-8 map = 85%,  reduce = 14%
2016-04-12 23:42:58,523 Stage-8 map = 88%,  reduce = 14%
2016-04-12 23:43:01,542 Stage-8 map = 89%,  reduce = 14%
2016-04-12 23:43:07,578 Stage-8 map = 89%,  reduce = 15%
2016-04-12 23:43:10,598 Stage-8 map = 92%,  reduce = 15%
2016-04-12 23:43:22,665 Stage-8 map = 95%,  reduce = 15%
2016-04-12 23:43:25,685 Stage-8 map = 96%,  reduce = 15%
2016-04-12 23:43:31,720 Stage-8 map = 96%,  reduce = 16%
2016-04-12 23:43:34,740 Stage-8 map = 99%,  reduce = 16%
2016-04-12 23:43:40,775 Stage-8 map = 100%,  reduce = 16%
2016-04-12 23:43:46,812 Stage-8 map = 100%,  reduce = 17%
2016-04-12 23:43:49,832 Stage-8 map = 100%,  reduce = 25%
2016-04-12 23:43:52,852 Stage-8 map = 100%,  reduce = 37%
2016-04-12 23:43:55,872 Stage-8 map = 100%,  reduce = 42%
2016-04-12 23:43:58,898 Stage-8 map = 100%,  reduce = 50%
2016-04-12 23:44:07,946 Stage-8 map = 100%,  reduce = 52%
2016-04-12 23:44:10,965 Stage-8 map = 100%,  reduce = 57%
2016-04-12 23:44:13,983 Stage-8 map = 100%,  reduce = 60%
2016-04-12 23:44:20,016 Stage-8 map = 100%,  reduce = 61%
2016-04-12 23:44:23,035 Stage-8 map = 100%,  reduce = 65%
2016-04-12 23:44:26,053 Stage-8 map = 100%,  reduce = 66%
2016-04-12 23:44:35,101 Stage-8 map = 100%,  reduce = 83%
2016-04-12 23:44:38,120 Stage-8 map = 100%,  reduce = 87%
2016-04-12 23:44:40,134 Stage-8 map = 100%,  reduce = 90%
2016-04-12 23:44:41,143 Stage-8 map = 100%,  reduce = 93%
2016-04-12 23:44:43,157 Stage-8 map = 100%,  reduce = 97%
2016-04-12 23:44:44,166 Stage-8 map = 100%,  reduce = 100%
Ended Job = job_201604122319_0004
Launching Job 3 out of 8
Number of reduce tasks not specified. Estimated from input data size: 2
In order to change the average load for a reducer (in bytes):
  set hive.exec.reducers.bytes.per.reducer=<number>
In order to limit the maximum number of reducers:
  set hive.exec.reducers.max=<number>
In order to set a constant number of reducers:
  set mapred.reduce.tasks=<number>
Starting Job = job_201604122319_0005, Tracking URL = http://belona.c3local:50030/jobdetails.jsp?jobid=job_201604122319_0005
Kill Command = /home/hadoop/hadoop/bin/../bin/hadoop job  -Dmapred.job.tracker=belona.c3local:9001 -kill job_201604122319_0005
2016-04-12 23:44:52,664 Stage-1 map = 0%,  reduce = 0%
2016-04-12 23:45:01,696 Stage-1 map = 11%,  reduce = 0%
2016-04-12 23:45:04,710 Stage-1 map = 12%,  reduce = 0%
2016-04-12 23:45:13,746 Stage-1 map = 15%,  reduce = 4%
2016-04-12 23:45:16,760 Stage-1 map = 24%,  reduce = 4%
2016-04-12 23:45:22,785 Stage-1 map = 24%,  reduce = 6%
2016-04-12 23:45:25,798 Stage-1 map = 35%,  reduce = 6%
2016-04-12 23:45:28,811 Stage-1 map = 35%,  reduce = 8%
2016-04-12 23:45:37,847 Stage-1 map = 47%,  reduce = 12%
2016-04-12 23:45:43,872 Stage-1 map = 47%,  reduce = 14%
2016-04-12 23:45:49,898 Stage-1 map = 59%,  reduce = 14%
2016-04-12 23:45:52,914 Stage-1 map = 59%,  reduce = 16%
2016-04-12 23:45:58,942 Stage-1 map = 59%,  reduce = 20%
2016-04-12 23:46:01,957 Stage-1 map = 71%,  reduce = 20%
2016-04-12 23:46:14,008 Stage-1 map = 82%,  reduce = 23%
2016-04-12 23:46:17,023 Stage-1 map = 82%,  reduce = 24%
2016-04-12 23:46:20,039 Stage-1 map = 82%,  reduce = 27%
2016-04-12 23:46:23,053 Stage-1 map = 94%,  reduce = 27%
2016-04-12 23:46:29,080 Stage-1 map = 97%,  reduce = 30%
2016-04-12 23:46:32,095 Stage-1 map = 100%,  reduce = 30%
2016-04-12 23:46:35,109 Stage-1 map = 100%,  reduce = 33%
2016-04-12 23:46:38,124 Stage-1 map = 100%,  reduce = 50%
2016-04-12 23:46:41,139 Stage-1 map = 100%,  reduce = 85%
2016-04-12 23:46:44,153 Stage-1 map = 100%,  reduce = 100%
Ended Job = job_201604122319_0005
Launching Job 4 out of 8
Number of reduce tasks not specified. Estimated from input data size: 1
In order to change the average load for a reducer (in bytes):
  set hive.exec.reducers.bytes.per.reducer=<number>
In order to limit the maximum number of reducers:
  set hive.exec.reducers.max=<number>
In order to set a constant number of reducers:
  set mapred.reduce.tasks=<number>
Starting Job = job_201604122319_0006, Tracking URL = http://belona.c3local:50030/jobdetails.jsp?jobid=job_201604122319_0006
Kill Command = /home/hadoop/hadoop/bin/../bin/hadoop job  -Dmapred.job.tracker=belona.c3local:9001 -kill job_201604122319_0006
2016-04-12 23:46:52,633 Stage-2 map = 0%,  reduce = 0%
2016-04-12 23:47:01,664 Stage-2 map = 15%,  reduce = 0%
2016-04-12 23:47:04,677 Stage-2 map = 29%,  reduce = 0%
2016-04-12 23:47:07,692 Stage-2 map = 40%,  reduce = 0%
2016-04-12 23:47:19,737 Stage-2 map = 51%,  reduce = 3%
2016-04-12 23:47:22,751 Stage-2 map = 63%,  reduce = 13%
2016-04-12 23:47:25,764 Stage-2 map = 75%,  reduce = 13%
2016-04-12 23:47:28,778 Stage-2 map = 80%,  reduce = 13%
2016-04-12 23:47:37,811 Stage-2 map = 96%,  reduce = 13%
2016-04-12 23:47:40,824 Stage-2 map = 100%,  reduce = 27%
2016-04-12 23:47:49,858 Stage-2 map = 100%,  reduce = 67%
2016-04-12 23:47:52,872 Stage-2 map = 100%,  reduce = 68%
2016-04-12 23:47:55,899 Stage-2 map = 100%,  reduce = 75%
2016-04-12 23:47:58,913 Stage-2 map = 100%,  reduce = 82%
2016-04-12 23:48:01,927 Stage-2 map = 100%,  reduce = 88%
2016-04-12 23:48:04,942 Stage-2 map = 100%,  reduce = 95%
2016-04-12 23:48:07,955 Stage-2 map = 100%,  reduce = 100%
Ended Job = job_201604122319_0006
Launching Job 5 out of 8
Number of reduce tasks not specified. Estimated from input data size: 1
In order to change the average load for a reducer (in bytes):
  set hive.exec.reducers.bytes.per.reducer=<number>
In order to limit the maximum number of reducers:
  set hive.exec.reducers.max=<number>
In order to set a constant number of reducers:
  set mapred.reduce.tasks=<number>
Starting Job = job_201604122319_0007, Tracking URL = http://belona.c3local:50030/jobdetails.jsp?jobid=job_201604122319_0007
Kill Command = /home/hadoop/hadoop/bin/../bin/hadoop job  -Dmapred.job.tracker=belona.c3local:9001 -kill job_201604122319_0007
2016-04-12 23:48:16,885 Stage-3 map = 0%,  reduce = 0%
2016-04-12 23:48:25,915 Stage-3 map = 18%,  reduce = 0%
2016-04-12 23:48:28,927 Stage-3 map = 37%,  reduce = 0%
2016-04-12 23:48:31,940 Stage-3 map = 44%,  reduce = 0%
2016-04-12 23:48:40,974 Stage-3 map = 44%,  reduce = 7%
2016-04-12 23:48:43,987 Stage-3 map = 60%,  reduce = 15%
2016-04-12 23:48:47,000 Stage-3 map = 77%,  reduce = 15%
2016-04-12 23:48:50,012 Stage-3 map = 89%,  reduce = 15%
2016-04-12 23:48:56,036 Stage-3 map = 89%,  reduce = 22%
2016-04-12 23:48:59,049 Stage-3 map = 100%,  reduce = 22%
2016-04-12 23:49:02,062 Stage-3 map = 100%,  reduce = 30%
2016-04-12 23:49:08,086 Stage-3 map = 100%,  reduce = 71%
2016-04-12 23:49:11,099 Stage-3 map = 100%,  reduce = 78%
2016-04-12 23:49:14,112 Stage-3 map = 100%,  reduce = 85%
2016-04-12 23:49:17,126 Stage-3 map = 100%,  reduce = 92%
2016-04-12 23:49:20,139 Stage-3 map = 100%,  reduce = 99%
2016-04-12 23:49:23,153 Stage-3 map = 100%,  reduce = 100%
Ended Job = job_201604122319_0007
Launching Job 6 out of 8
Number of reduce tasks not specified. Estimated from input data size: 1
In order to change the average load for a reducer (in bytes):
  set hive.exec.reducers.bytes.per.reducer=<number>
In order to limit the maximum number of reducers:
  set hive.exec.reducers.max=<number>
In order to set a constant number of reducers:
  set mapred.reduce.tasks=<number>
Starting Job = job_201604122319_0008, Tracking URL = http://belona.c3local:50030/jobdetails.jsp?jobid=job_201604122319_0008
Kill Command = /home/hadoop/hadoop/bin/../bin/hadoop job  -Dmapred.job.tracker=belona.c3local:9001 -kill job_201604122319_0008
2016-04-12 23:49:31,567 Stage-4 map = 0%,  reduce = 0%
2016-04-12 23:49:34,579 Stage-4 map = 50%,  reduce = 0%
2016-04-12 23:49:35,585 Stage-4 map = 100%,  reduce = 0%
2016-04-12 23:49:43,616 Stage-4 map = 100%,  reduce = 100%
Ended Job = job_201604122319_0008
Launching Job 7 out of 8
Number of reduce tasks determined at compile time: 1
In order to change the average load for a reducer (in bytes):
  set hive.exec.reducers.bytes.per.reducer=<number>
In order to limit the maximum number of reducers:
  set hive.exec.reducers.max=<number>
In order to set a constant number of reducers:
  set mapred.reduce.tasks=<number>
Starting Job = job_201604122319_0009, Tracking URL = http://belona.c3local:50030/jobdetails.jsp?jobid=job_201604122319_0009
Kill Command = /home/hadoop/hadoop/bin/../bin/hadoop job  -Dmapred.job.tracker=belona.c3local:9001 -kill job_201604122319_0009
2016-04-12 23:49:53,029 Stage-5 map = 0%,  reduce = 0%
2016-04-12 23:49:56,041 Stage-5 map = 100%,  reduce = 0%
2016-04-12 23:50:05,076 Stage-5 map = 100%,  reduce = 100%
Ended Job = job_201604122319_0009
Launching Job 8 out of 8
Number of reduce tasks determined at compile time: 1
In order to change the average load for a reducer (in bytes):
  set hive.exec.reducers.bytes.per.reducer=<number>
In order to limit the maximum number of reducers:
  set hive.exec.reducers.max=<number>
In order to set a constant number of reducers:
  set mapred.reduce.tasks=<number>
Starting Job = job_201604122319_0010, Tracking URL = http://belona.c3local:50030/jobdetails.jsp?jobid=job_201604122319_0010
Kill Command = /home/hadoop/hadoop/bin/../bin/hadoop job  -Dmapred.job.tracker=belona.c3local:9001 -kill job_201604122319_0010
2016-04-12 23:50:14,525 Stage-6 map = 0%,  reduce = 0%
2016-04-12 23:50:17,537 Stage-6 map = 100%,  reduce = 0%
2016-04-12 23:50:26,572 Stage-6 map = 100%,  reduce = 100%
Ended Job = job_201604122319_0010
Loading data to table q21_suppliers_who_kept_orders_waiting
100 Rows loaded to q21_suppliers_who_kept_orders_waiting
OK
Time taken: 796.095 seconds
Hive history file=/tmp/hadoop/hive_job_log_hadoop_201604122352_640249642.txt
OK
Time taken: 3.571 seconds
OK
Time taken: 0.097 seconds
OK
Time taken: 0.066 seconds
OK
Time taken: 0.067 seconds
FAILED: Error in metadata: MetaException(message:Got exception: org.apache.hadoop.ipc.RemoteException org.apache.hadoop.hdfs.server.namenode.SafeModeException: Cannot delete /user/hive/warehouse/q21_tmp1. Name node is in safe mode.
The ratio of reported blocks 1.0000 has reached the threshold 0.9990. Safe mode will be turned off automatically in 24 seconds.
	at org.apache.hadoop.hdfs.server.namenode.FSNamesystem.deleteInternal(FSNamesystem.java:1700)
	at org.apache.hadoop.hdfs.server.namenode.FSNamesystem.delete(FSNamesystem.java:1680)
	at org.apache.hadoop.hdfs.server.namenode.NameNode.delete(NameNode.java:517)
	at sun.reflect.NativeMethodAccessorImpl.invoke0(Native Method)
	at sun.reflect.NativeMethodAccessorImpl.invoke(NativeMethodAccessorImpl.java:57)
	at sun.reflect.DelegatingMethodAccessorImpl.invoke(DelegatingMethodAccessorImpl.java:43)
	at java.lang.reflect.Method.invoke(Method.java:606)
	at org.apache.hadoop.ipc.RPC$Server.call(RPC.java:508)
	at org.apache.hadoop.ipc.Server$Handler$1.run(Server.java:959)
	at org.apache.hadoop.ipc.Server$Handler$1.run(Server.java:955)
	at java.security.AccessController.doPrivileged(Native Method)
	at javax.security.auth.Subject.doAs(Subject.java:415)
	at org.apache.hadoop.ipc.Server$Handler.run(Server.java:953)
)
FAILED: Execution Error, return code 1 from org.apache.hadoop.hive.ql.exec.DDLTask
Hive history file=/tmp/hadoop/hive_job_log_hadoop_201604122352_1546214799.txt
OK
Time taken: 2.864 seconds
OK
Time taken: 0.011 seconds
OK
Time taken: 0.012 seconds
OK
Time taken: 0.008 seconds
OK
Time taken: 0.008 seconds
OK
Time taken: 0.63 seconds
OK
Time taken: 0.098 seconds
OK
Time taken: 0.185 seconds
OK
Time taken: 0.033 seconds
OK
Time taken: 0.034 seconds
OK
Time taken: 0.041 seconds
OK
Time taken: 0.033 seconds
OK
Time taken: 0.1 seconds
OK
Time taken: 0.075 seconds
Total MapReduce jobs = 1
Launching Job 1 out of 1
Number of reduce tasks not specified. Estimated from input data size: 8
In order to change the average load for a reducer (in bytes):
  set hive.exec.reducers.bytes.per.reducer=<number>
In order to limit the maximum number of reducers:
  set hive.exec.reducers.max=<number>
In order to set a constant number of reducers:
  set mapred.reduce.tasks=<number>
Starting Job = job_201604122352_0001, Tracking URL = http://belona.c3local:50030/jobdetails.jsp?jobid=job_201604122352_0001
Kill Command = /home/hadoop/hadoop/bin/../bin/hadoop job  -Dmapred.job.tracker=belona.c3local:9001 -kill job_201604122352_0001
2016-04-12 23:52:31,526 Stage-1 map = 0%,  reduce = 0%
2016-04-12 23:52:43,615 Stage-1 map = 1%,  reduce = 0%
2016-04-12 23:52:46,639 Stage-1 map = 2%,  reduce = 0%
2016-04-12 23:52:49,673 Stage-1 map = 3%,  reduce = 0%
2016-04-12 23:52:58,761 Stage-1 map = 4%,  reduce = 0%
2016-04-12 23:53:01,793 Stage-1 map = 5%,  reduce = 0%
2016-04-12 23:53:04,825 Stage-1 map = 7%,  reduce = 0%
2016-04-12 23:53:13,918 Stage-1 map = 7%,  reduce = 1%
2016-04-12 23:53:19,973 Stage-1 map = 9%,  reduce = 1%
2016-04-12 23:53:23,002 Stage-1 map = 10%,  reduce = 1%
2016-04-12 23:53:32,080 Stage-1 map = 10%,  reduce = 2%
2016-04-12 23:53:35,109 Stage-1 map = 11%,  reduce = 2%
2016-04-12 23:53:38,138 Stage-1 map = 13%,  reduce = 2%
2016-04-12 23:53:41,166 Stage-1 map = 14%,  reduce = 2%
2016-04-12 23:53:50,240 Stage-1 map = 16%,  reduce = 2%
2016-04-12 23:53:53,266 Stage-1 map = 17%,  reduce = 2%
2016-04-12 23:53:59,315 Stage-1 map = 17%,  reduce = 3%
2016-04-12 23:54:02,342 Stage-1 map = 18%,  reduce = 3%
2016-04-12 23:54:05,368 Stage-1 map = 19%,  reduce = 3%
2016-04-12 23:54:08,395 Stage-1 map = 21%,  reduce = 3%
2016-04-12 23:54:20,487 Stage-1 map = 23%,  reduce = 3%
2016-04-12 23:54:23,513 Stage-1 map = 24%,  reduce = 3%
2016-04-12 23:54:32,582 Stage-1 map = 25%,  reduce = 4%
2016-04-12 23:54:34,598 Stage-1 map = 26%,  reduce = 4%
2016-04-12 23:54:37,620 Stage-1 map = 27%,  reduce = 4%
2016-04-12 23:54:40,643 Stage-1 map = 28%,  reduce = 4%
2016-04-12 23:54:49,712 Stage-1 map = 29%,  reduce = 5%
2016-04-12 23:54:52,734 Stage-1 map = 31%,  reduce = 5%
2016-04-12 23:55:01,791 Stage-1 map = 32%,  reduce = 5%
2016-04-12 23:55:04,811 Stage-1 map = 33%,  reduce = 5%
2016-04-12 23:55:07,831 Stage-1 map = 34%,  reduce = 5%
2016-04-12 23:55:16,887 Stage-1 map = 35%,  reduce = 5%
2016-04-12 23:55:19,908 Stage-1 map = 36%,  reduce = 6%
2016-04-12 23:55:22,927 Stage-1 map = 37%,  reduce = 6%
2016-04-12 23:55:25,947 Stage-1 map = 38%,  reduce = 6%
2016-04-12 23:55:31,982 Stage-1 map = 39%,  reduce = 6%
2016-04-12 23:55:38,019 Stage-1 map = 41%,  reduce = 6%
2016-04-12 23:55:47,071 Stage-1 map = 42%,  reduce = 7%
2016-04-12 23:55:50,091 Stage-1 map = 43%,  reduce = 7%
2016-04-12 23:55:53,110 Stage-1 map = 44%,  reduce = 7%
2016-04-12 23:55:56,130 Stage-1 map = 45%,  reduce = 7%
2016-04-12 23:56:05,183 Stage-1 map = 46%,  reduce = 7%
2016-04-12 23:56:08,204 Stage-1 map = 47%,  reduce = 7%
2016-04-12 23:56:11,223 Stage-1 map = 48%,  reduce = 7%
2016-04-12 23:56:20,280 Stage-1 map = 48%,  reduce = 8%
2016-04-12 23:56:23,301 Stage-1 map = 50%,  reduce = 8%
2016-04-12 23:56:26,322 Stage-1 map = 51%,  reduce = 8%
2016-04-12 23:56:29,342 Stage-1 map = 52%,  reduce = 8%
2016-04-12 23:56:38,397 Stage-1 map = 53%,  reduce = 8%
2016-04-12 23:56:41,417 Stage-1 map = 54%,  reduce = 9%
2016-04-12 23:56:44,438 Stage-1 map = 55%,  reduce = 9%
2016-04-12 23:56:53,492 Stage-1 map = 57%,  reduce = 9%
2016-04-12 23:56:56,512 Stage-1 map = 58%,  reduce = 9%
2016-04-12 23:56:59,532 Stage-1 map = 59%,  reduce = 9%
2016-04-12 23:57:08,585 Stage-1 map = 60%,  reduce = 9%
2016-04-12 23:57:11,605 Stage-1 map = 61%,  reduce = 10%
2016-04-12 23:57:14,624 Stage-1 map = 62%,  reduce = 10%
2016-04-12 23:57:23,679 Stage-1 map = 63%,  reduce = 10%
2016-04-12 23:57:26,699 Stage-1 map = 65%,  reduce = 10%
2016-04-12 23:57:29,719 Stage-1 map = 66%,  reduce = 10%
2016-04-12 23:57:38,772 Stage-1 map = 67%,  reduce = 11%
2016-04-12 23:57:41,791 Stage-1 map = 68%,  reduce = 11%
2016-04-12 23:57:44,811 Stage-1 map = 69%,  reduce = 11%
2016-04-12 23:57:53,864 Stage-1 map = 71%,  reduce = 11%
2016-04-12 23:57:56,883 Stage-1 map = 72%,  reduce = 11%
2016-04-12 23:58:01,915 Stage-1 map = 72%,  reduce = 12%
2016-04-12 23:58:07,950 Stage-1 map = 74%,  reduce = 12%
2016-04-12 23:58:10,970 Stage-1 map = 75%,  reduce = 12%
2016-04-12 23:58:13,989 Stage-1 map = 76%,  reduce = 12%
2016-04-12 23:58:23,043 Stage-1 map = 77%,  reduce = 13%
2016-04-12 23:58:26,061 Stage-1 map = 79%,  reduce = 13%
2016-04-12 23:58:38,129 Stage-1 map = 81%,  reduce = 13%
2016-04-12 23:58:41,148 Stage-1 map = 82%,  reduce = 13%
2016-04-12 23:58:44,168 Stage-1 map = 83%,  reduce = 13%
2016-04-12 23:58:47,188 Stage-1 map = 83%,  reduce = 14%
2016-04-12 23:58:53,223 Stage-1 map = 84%,  reduce = 14%
2016-04-12 23:58:56,242 Stage-1 map = 85%,  reduce = 14%
2016-04-12 23:58:59,261 Stage-1 map = 86%,  reduce = 14%
2016-04-12 23:59:08,314 Stage-1 map = 87%,  reduce = 14%
2016-04-12 23:59:11,333 Stage-1 map = 89%,  reduce = 14%
2016-04-12 23:59:14,353 Stage-1 map = 90%,  reduce = 14%
2016-04-12 23:59:17,372 Stage-1 map = 90%,  reduce = 15%
2016-04-12 23:59:26,425 Stage-1 map = 92%,  reduce = 15%
2016-04-12 23:59:29,444 Stage-1 map = 93%,  reduce = 15%
2016-04-12 23:59:41,513 Stage-1 map = 95%,  reduce = 16%
2016-04-12 23:59:44,533 Stage-1 map = 96%,  reduce = 16%
2016-04-12 23:59:47,553 Stage-1 map = 97%,  reduce = 16%
2016-04-12 23:59:56,606 Stage-1 map = 98%,  reduce = 16%
2016-04-12 23:59:59,626 Stage-1 map = 100%,  reduce = 16%
2016-04-13 00:00:08,678 Stage-1 map = 100%,  reduce = 21%
2016-04-13 00:00:11,698 Stage-1 map = 100%,  reduce = 34%
2016-04-13 00:00:14,718 Stage-1 map = 100%,  reduce = 36%
2016-04-13 00:00:17,737 Stage-1 map = 100%,  reduce = 39%
2016-04-13 00:00:20,757 Stage-1 map = 100%,  reduce = 42%
2016-04-13 00:00:23,778 Stage-1 map = 100%,  reduce = 45%
2016-04-13 00:00:26,798 Stage-1 map = 100%,  reduce = 48%
2016-04-13 00:00:29,820 Stage-1 map = 100%,  reduce = 50%
2016-04-13 00:00:38,877 Stage-1 map = 100%,  reduce = 52%
2016-04-13 00:00:41,898 Stage-1 map = 100%,  reduce = 57%
2016-04-13 00:00:44,919 Stage-1 map = 100%,  reduce = 61%
2016-04-13 00:00:47,941 Stage-1 map = 100%,  reduce = 62%
2016-04-13 00:00:50,963 Stage-1 map = 100%,  reduce = 64%
2016-04-13 00:00:53,984 Stage-1 map = 100%,  reduce = 65%
2016-04-13 00:00:57,005 Stage-1 map = 100%,  reduce = 66%
2016-04-13 00:01:00,026 Stage-1 map = 100%,  reduce = 71%
2016-04-13 00:01:03,048 Stage-1 map = 100%,  reduce = 75%
2016-04-13 00:01:06,069 Stage-1 map = 100%,  reduce = 81%
2016-04-13 00:01:09,090 Stage-1 map = 100%,  reduce = 86%
2016-04-13 00:01:12,111 Stage-1 map = 100%,  reduce = 89%
2016-04-13 00:01:15,132 Stage-1 map = 100%,  reduce = 92%
2016-04-13 00:01:18,152 Stage-1 map = 100%,  reduce = 96%
2016-04-13 00:01:21,173 Stage-1 map = 100%,  reduce = 98%
2016-04-13 00:01:24,193 Stage-1 map = 100%,  reduce = 100%
Ended Job = job_201604122352_0001
Loading data to table q21_tmp1
15000000 Rows loaded to q21_tmp1
OK
Time taken: 541.142 seconds
Total MapReduce jobs = 1
Launching Job 1 out of 1
Number of reduce tasks not specified. Estimated from input data size: 8
In order to change the average load for a reducer (in bytes):
  set hive.exec.reducers.bytes.per.reducer=<number>
In order to limit the maximum number of reducers:
  set hive.exec.reducers.max=<number>
In order to set a constant number of reducers:
  set mapred.reduce.tasks=<number>
Starting Job = job_201604122352_0002, Tracking URL = http://belona.c3local:50030/jobdetails.jsp?jobid=job_201604122352_0002
Kill Command = /home/hadoop/hadoop/bin/../bin/hadoop job  -Dmapred.job.tracker=belona.c3local:9001 -kill job_201604122352_0002
2016-04-13 00:01:33,099 Stage-1 map = 0%,  reduce = 0%
2016-04-13 00:01:42,138 Stage-1 map = 1%,  reduce = 0%
2016-04-13 00:01:45,152 Stage-1 map = 3%,  reduce = 0%
2016-04-13 00:01:57,216 Stage-1 map = 5%,  reduce = 0%
2016-04-13 00:02:00,234 Stage-1 map = 6%,  reduce = 0%
2016-04-13 00:02:03,252 Stage-1 map = 7%,  reduce = 0%
2016-04-13 00:02:14,319 Stage-1 map = 8%,  reduce = 1%
2016-04-13 00:02:17,336 Stage-1 map = 9%,  reduce = 1%
2016-04-13 00:02:20,354 Stage-1 map = 10%,  reduce = 1%
2016-04-13 00:02:26,386 Stage-1 map = 11%,  reduce = 1%
2016-04-13 00:02:29,404 Stage-1 map = 12%,  reduce = 2%
2016-04-13 00:02:32,421 Stage-1 map = 13%,  reduce = 2%
2016-04-13 00:02:35,440 Stage-1 map = 14%,  reduce = 2%
2016-04-13 00:02:44,489 Stage-1 map = 15%,  reduce = 2%
2016-04-13 00:02:47,507 Stage-1 map = 16%,  reduce = 2%
2016-04-13 00:02:50,525 Stage-1 map = 17%,  reduce = 2%
2016-04-13 00:02:53,543 Stage-1 map = 18%,  reduce = 2%
2016-04-13 00:02:56,561 Stage-1 map = 18%,  reduce = 3%
2016-04-13 00:02:59,579 Stage-1 map = 19%,  reduce = 3%
2016-04-13 00:03:02,598 Stage-1 map = 20%,  reduce = 3%
2016-04-13 00:03:05,616 Stage-1 map = 21%,  reduce = 3%
2016-04-13 00:03:14,666 Stage-1 map = 22%,  reduce = 3%
2016-04-13 00:03:17,684 Stage-1 map = 23%,  reduce = 3%
2016-04-13 00:03:20,702 Stage-1 map = 24%,  reduce = 3%
2016-04-13 00:03:23,721 Stage-1 map = 25%,  reduce = 3%
2016-04-13 00:03:26,739 Stage-1 map = 25%,  reduce = 4%
2016-04-13 00:03:29,757 Stage-1 map = 26%,  reduce = 4%
2016-04-13 00:03:32,774 Stage-1 map = 27%,  reduce = 4%
2016-04-13 00:03:35,793 Stage-1 map = 28%,  reduce = 4%
2016-04-13 00:03:44,841 Stage-1 map = 29%,  reduce = 4%
2016-04-13 00:03:47,859 Stage-1 map = 31%,  reduce = 5%
2016-04-13 00:03:56,909 Stage-1 map = 32%,  reduce = 5%
2016-04-13 00:03:59,927 Stage-1 map = 33%,  reduce = 5%
2016-04-13 00:04:02,945 Stage-1 map = 34%,  reduce = 5%
2016-04-13 00:04:08,979 Stage-1 map = 35%,  reduce = 5%
2016-04-13 00:04:15,012 Stage-1 map = 36%,  reduce = 5%
2016-04-13 00:04:18,031 Stage-1 map = 37%,  reduce = 6%
2016-04-13 00:04:21,049 Stage-1 map = 38%,  reduce = 6%
2016-04-13 00:04:27,083 Stage-1 map = 39%,  reduce = 6%
2016-04-13 00:04:33,115 Stage-1 map = 40%,  reduce = 6%
2016-04-13 00:04:36,134 Stage-1 map = 41%,  reduce = 6%
2016-04-13 00:04:39,152 Stage-1 map = 42%,  reduce = 6%
2016-04-13 00:04:45,183 Stage-1 map = 43%,  reduce = 7%
2016-04-13 00:04:51,213 Stage-1 map = 44%,  reduce = 7%
2016-04-13 00:04:54,230 Stage-1 map = 45%,  reduce = 7%
2016-04-13 00:05:00,262 Stage-1 map = 46%,  reduce = 7%
2016-04-13 00:05:03,279 Stage-1 map = 47%,  reduce = 7%
2016-04-13 00:05:06,296 Stage-1 map = 48%,  reduce = 7%
2016-04-13 00:05:09,314 Stage-1 map = 48%,  reduce = 8%
2016-04-13 00:05:12,332 Stage-1 map = 49%,  reduce = 8%
2016-04-13 00:05:15,349 Stage-1 map = 50%,  reduce = 8%
2016-04-13 00:05:21,382 Stage-1 map = 51%,  reduce = 8%
2016-04-13 00:05:24,400 Stage-1 map = 52%,  reduce = 8%
2016-04-13 00:05:30,434 Stage-1 map = 53%,  reduce = 8%
2016-04-13 00:05:36,468 Stage-1 map = 54%,  reduce = 8%
2016-04-13 00:05:39,485 Stage-1 map = 55%,  reduce = 9%
2016-04-13 00:05:42,502 Stage-1 map = 56%,  reduce = 9%
2016-04-13 00:05:45,521 Stage-1 map = 57%,  reduce = 9%
2016-04-13 00:05:53,564 Stage-1 map = 58%,  reduce = 9%
2016-04-13 00:05:56,582 Stage-1 map = 59%,  reduce = 9%
2016-04-13 00:05:59,601 Stage-1 map = 60%,  reduce = 9%
2016-04-13 00:06:02,619 Stage-1 map = 60%,  reduce = 10%
2016-04-13 00:06:05,637 Stage-1 map = 61%,  reduce = 10%
2016-04-13 00:06:08,655 Stage-1 map = 62%,  reduce = 10%
2016-04-13 00:06:11,672 Stage-1 map = 63%,  reduce = 10%
2016-04-13 00:06:14,691 Stage-1 map = 64%,  reduce = 10%
2016-04-13 00:06:23,740 Stage-1 map = 65%,  reduce = 10%
2016-04-13 00:06:26,758 Stage-1 map = 66%,  reduce = 10%
2016-04-13 00:06:29,777 Stage-1 map = 66%,  reduce = 11%
2016-04-13 00:06:32,795 Stage-1 map = 67%,  reduce = 11%
2016-04-13 00:06:35,814 Stage-1 map = 68%,  reduce = 11%
2016-04-13 00:06:38,833 Stage-1 map = 69%,  reduce = 11%
2016-04-13 00:06:47,884 Stage-1 map = 70%,  reduce = 11%
2016-04-13 00:06:50,903 Stage-1 map = 71%,  reduce = 11%
2016-04-13 00:06:53,922 Stage-1 map = 72%,  reduce = 11%
2016-04-13 00:06:59,957 Stage-1 map = 72%,  reduce = 12%
2016-04-13 00:07:02,977 Stage-1 map = 73%,  reduce = 12%
2016-04-13 00:07:05,997 Stage-1 map = 74%,  reduce = 12%
2016-04-13 00:07:09,015 Stage-1 map = 75%,  reduce = 12%
2016-04-13 00:07:15,050 Stage-1 map = 76%,  reduce = 12%
2016-04-13 00:07:24,100 Stage-1 map = 78%,  reduce = 13%
2016-04-13 00:07:27,118 Stage-1 map = 79%,  reduce = 13%
2016-04-13 00:07:36,169 Stage-1 map = 80%,  reduce = 13%
2016-04-13 00:07:39,188 Stage-1 map = 81%,  reduce = 13%
2016-04-13 00:07:42,207 Stage-1 map = 82%,  reduce = 13%
2016-04-13 00:07:45,226 Stage-1 map = 83%,  reduce = 13%
2016-04-13 00:07:54,279 Stage-1 map = 84%,  reduce = 14%
2016-04-13 00:07:57,298 Stage-1 map = 86%,  reduce = 14%
2016-04-13 00:08:06,349 Stage-1 map = 87%,  reduce = 14%
2016-04-13 00:08:12,385 Stage-1 map = 88%,  reduce = 14%
2016-04-13 00:08:15,406 Stage-1 map = 89%,  reduce = 14%
2016-04-13 00:08:18,425 Stage-1 map = 90%,  reduce = 14%
2016-04-13 00:08:21,444 Stage-1 map = 90%,  reduce = 15%
2016-04-13 00:08:24,463 Stage-1 map = 91%,  reduce = 15%
2016-04-13 00:08:27,482 Stage-1 map = 92%,  reduce = 15%
2016-04-13 00:08:30,501 Stage-1 map = 93%,  reduce = 15%
2016-04-13 00:08:36,536 Stage-1 map = 94%,  reduce = 15%
2016-04-13 00:08:39,554 Stage-1 map = 95%,  reduce = 15%
2016-04-13 00:08:45,590 Stage-1 map = 96%,  reduce = 16%
2016-04-13 00:08:48,609 Stage-1 map = 97%,  reduce = 16%
2016-04-13 00:08:54,644 Stage-1 map = 98%,  reduce = 16%
2016-04-13 00:08:57,662 Stage-1 map = 99%,  reduce = 16%
2016-04-13 00:09:00,681 Stage-1 map = 100%,  reduce = 16%
2016-04-13 00:09:11,744 Stage-1 map = 100%,  reduce = 21%
2016-04-13 00:09:14,763 Stage-1 map = 100%,  reduce = 26%
2016-04-13 00:09:15,771 Stage-1 map = 100%,  reduce = 35%
2016-04-13 00:09:17,784 Stage-1 map = 100%,  reduce = 37%
2016-04-13 00:09:18,792 Stage-1 map = 100%,  reduce = 39%
2016-04-13 00:09:20,806 Stage-1 map = 100%,  reduce = 41%
2016-04-13 00:09:21,814 Stage-1 map = 100%,  reduce = 43%
2016-04-13 00:09:23,829 Stage-1 map = 100%,  reduce = 49%
2016-04-13 00:09:26,849 Stage-1 map = 100%,  reduce = 50%
2016-04-13 00:09:32,884 Stage-1 map = 100%,  reduce = 53%
2016-04-13 00:09:35,904 Stage-1 map = 100%,  reduce = 62%
2016-04-13 00:09:38,923 Stage-1 map = 100%,  reduce = 67%
2016-04-13 00:09:41,942 Stage-1 map = 100%,  reduce = 79%
2016-04-13 00:09:44,960 Stage-1 map = 100%,  reduce = 84%
2016-04-13 00:09:47,979 Stage-1 map = 100%,  reduce = 88%
2016-04-13 00:09:50,998 Stage-1 map = 100%,  reduce = 92%
2016-04-13 00:09:54,016 Stage-1 map = 100%,  reduce = 96%
2016-04-13 00:09:57,034 Stage-1 map = 100%,  reduce = 100%
Ended Job = job_201604122352_0002
Loading data to table q21_tmp2
13753474 Rows loaded to q21_tmp2
OK
Time taken: 512.825 seconds
Total MapReduce jobs = 8
Launching Job 1 out of 8
Number of reduce tasks not specified. Estimated from input data size: 1
In order to change the average load for a reducer (in bytes):
  set hive.exec.reducers.bytes.per.reducer=<number>
In order to limit the maximum number of reducers:
  set hive.exec.reducers.max=<number>
In order to set a constant number of reducers:
  set mapred.reduce.tasks=<number>
Starting Job = job_201604122352_0003, Tracking URL = http://belona.c3local:50030/jobdetails.jsp?jobid=job_201604122352_0003
Kill Command = /home/hadoop/hadoop/bin/../bin/hadoop job  -Dmapred.job.tracker=belona.c3local:9001 -kill job_201604122352_0003
2016-04-13 00:10:05,930 Stage-7 map = 0%,  reduce = 0%
2016-04-13 00:10:08,945 Stage-7 map = 100%,  reduce = 0%
2016-04-13 00:10:17,985 Stage-7 map = 100%,  reduce = 33%
2016-04-13 00:10:21,003 Stage-7 map = 100%,  reduce = 100%
Ended Job = job_201604122352_0003
Launching Job 2 out of 8
Number of reduce tasks not specified. Estimated from input data size: 8
In order to change the average load for a reducer (in bytes):
  set hive.exec.reducers.bytes.per.reducer=<number>
In order to limit the maximum number of reducers:
  set hive.exec.reducers.max=<number>
In order to set a constant number of reducers:
  set mapred.reduce.tasks=<number>
Starting Job = job_201604122352_0004, Tracking URL = http://belona.c3local:50030/jobdetails.jsp?jobid=job_201604122352_0004
Kill Command = /home/hadoop/hadoop/bin/../bin/hadoop job  -Dmapred.job.tracker=belona.c3local:9001 -kill job_201604122352_0004
2016-04-13 00:10:30,518 Stage-8 map = 0%,  reduce = 0%
2016-04-13 00:10:39,552 Stage-8 map = 3%,  reduce = 0%
2016-04-13 00:10:51,605 Stage-8 map = 6%,  reduce = 0%
2016-04-13 00:10:54,623 Stage-8 map = 7%,  reduce = 0%
2016-04-13 00:11:03,662 Stage-8 map = 8%,  reduce = 1%
2016-04-13 00:11:06,678 Stage-8 map = 9%,  reduce = 1%
2016-04-13 00:11:09,694 Stage-8 map = 10%,  reduce = 1%
2016-04-13 00:11:18,733 Stage-8 map = 13%,  reduce = 2%
2016-04-13 00:11:21,749 Stage-8 map = 14%,  reduce = 2%
2016-04-13 00:11:30,789 Stage-8 map = 16%,  reduce = 2%
2016-04-13 00:11:33,805 Stage-8 map = 17%,  reduce = 2%
2016-04-13 00:11:39,835 Stage-8 map = 17%,  reduce = 3%
2016-04-13 00:11:42,851 Stage-8 map = 20%,  reduce = 3%
2016-04-13 00:11:45,868 Stage-8 map = 21%,  reduce = 3%
2016-04-13 00:11:54,910 Stage-8 map = 23%,  reduce = 3%
2016-04-13 00:11:57,927 Stage-8 map = 24%,  reduce = 3%
2016-04-13 00:12:03,956 Stage-8 map = 24%,  reduce = 4%
2016-04-13 00:12:06,972 Stage-8 map = 27%,  reduce = 4%
2016-04-13 00:12:18,028 Stage-8 map = 30%,  reduce = 5%
2016-04-13 00:12:21,045 Stage-8 map = 31%,  reduce = 5%
2016-04-13 00:12:30,086 Stage-8 map = 34%,  reduce = 5%
2016-04-13 00:12:42,141 Stage-8 map = 37%,  reduce = 5%
2016-04-13 00:12:45,159 Stage-8 map = 38%,  reduce = 6%
2016-04-13 00:12:54,202 Stage-8 map = 40%,  reduce = 6%
2016-04-13 00:12:57,219 Stage-8 map = 41%,  reduce = 6%
2016-04-13 00:13:06,267 Stage-8 map = 42%,  reduce = 6%
2016-04-13 00:13:09,283 Stage-8 map = 44%,  reduce = 7%
2016-04-13 00:13:21,344 Stage-8 map = 47%,  reduce = 7%
2016-04-13 00:13:24,361 Stage-8 map = 48%,  reduce = 7%
2016-04-13 00:13:30,390 Stage-8 map = 48%,  reduce = 8%
2016-04-13 00:13:33,408 Stage-8 map = 51%,  reduce = 8%
2016-04-13 00:13:45,463 Stage-8 map = 54%,  reduce = 9%
2016-04-13 00:13:48,480 Stage-8 map = 55%,  reduce = 9%
2016-04-13 00:13:57,524 Stage-8 map = 57%,  reduce = 9%
2016-04-13 00:14:00,542 Stage-8 map = 58%,  reduce = 9%
2016-04-13 00:14:09,586 Stage-8 map = 61%,  reduce = 10%
2016-04-13 00:14:12,604 Stage-8 map = 62%,  reduce = 10%
2016-04-13 00:14:21,650 Stage-8 map = 64%,  reduce = 10%
2016-04-13 00:14:24,668 Stage-8 map = 65%,  reduce = 10%
2016-04-13 00:14:30,700 Stage-8 map = 65%,  reduce = 11%
2016-04-13 00:14:33,718 Stage-8 map = 68%,  reduce = 11%
2016-04-13 00:14:45,783 Stage-8 map = 71%,  reduce = 11%
2016-04-13 00:14:48,802 Stage-8 map = 72%,  reduce = 11%
2016-04-13 00:14:57,849 Stage-8 map = 75%,  reduce = 11%
2016-04-13 00:15:00,868 Stage-8 map = 75%,  reduce = 12%
2016-04-13 00:15:09,916 Stage-8 map = 78%,  reduce = 13%
2016-04-13 00:15:12,934 Stage-8 map = 79%,  reduce = 13%
2016-04-13 00:15:21,982 Stage-8 map = 80%,  reduce = 13%
2016-04-13 00:15:25,001 Stage-8 map = 82%,  reduce = 13%
2016-04-13 00:15:37,065 Stage-8 map = 85%,  reduce = 14%
2016-04-13 00:15:49,128 Stage-8 map = 88%,  reduce = 14%
2016-04-13 00:15:52,148 Stage-8 map = 89%,  reduce = 14%
2016-04-13 00:15:58,183 Stage-8 map = 89%,  reduce = 15%
2016-04-13 00:16:01,203 Stage-8 map = 92%,  reduce = 15%
2016-04-13 00:16:12,263 Stage-8 map = 94%,  reduce = 15%
2016-04-13 00:16:13,272 Stage-8 map = 95%,  reduce = 15%
2016-04-13 00:16:16,292 Stage-8 map = 96%,  reduce = 15%
2016-04-13 00:16:21,322 Stage-8 map = 97%,  reduce = 16%
2016-04-13 00:16:24,342 Stage-8 map = 99%,  reduce = 16%
2016-04-13 00:16:30,378 Stage-8 map = 100%,  reduce = 16%
2016-04-13 00:16:36,413 Stage-8 map = 100%,  reduce = 17%
2016-04-13 00:16:39,433 Stage-8 map = 100%,  reduce = 25%
2016-04-13 00:16:42,452 Stage-8 map = 100%,  reduce = 36%
2016-04-13 00:16:45,472 Stage-8 map = 100%,  reduce = 41%
2016-04-13 00:16:48,491 Stage-8 map = 100%,  reduce = 50%
2016-04-13 00:16:57,541 Stage-8 map = 100%,  reduce = 52%
2016-04-13 00:17:00,560 Stage-8 map = 100%,  reduce = 57%
2016-04-13 00:17:03,579 Stage-8 map = 100%,  reduce = 60%
2016-04-13 00:17:12,629 Stage-8 map = 100%,  reduce = 64%
2016-04-13 00:17:15,652 Stage-8 map = 100%,  reduce = 66%
2016-04-13 00:17:24,701 Stage-8 map = 100%,  reduce = 75%
2016-04-13 00:17:27,720 Stage-8 map = 100%,  reduce = 84%
2016-04-13 00:17:30,738 Stage-8 map = 100%,  reduce = 90%
2016-04-13 00:17:33,757 Stage-8 map = 100%,  reduce = 100%
Ended Job = job_201604122352_0004
Launching Job 3 out of 8
Number of reduce tasks not specified. Estimated from input data size: 2
In order to change the average load for a reducer (in bytes):
  set hive.exec.reducers.bytes.per.reducer=<number>
In order to limit the maximum number of reducers:
  set hive.exec.reducers.max=<number>
In order to set a constant number of reducers:
  set mapred.reduce.tasks=<number>
Starting Job = job_201604122352_0005, Tracking URL = http://belona.c3local:50030/jobdetails.jsp?jobid=job_201604122352_0005
Kill Command = /home/hadoop/hadoop/bin/../bin/hadoop job  -Dmapred.job.tracker=belona.c3local:9001 -kill job_201604122352_0005
2016-04-13 00:17:43,243 Stage-1 map = 0%,  reduce = 0%
2016-04-13 00:17:52,276 Stage-1 map = 11%,  reduce = 0%
2016-04-13 00:17:55,290 Stage-1 map = 12%,  reduce = 0%
2016-04-13 00:18:04,326 Stage-1 map = 15%,  reduce = 4%
2016-04-13 00:18:07,340 Stage-1 map = 24%,  reduce = 4%
2016-04-13 00:18:13,365 Stage-1 map = 24%,  reduce = 8%
2016-04-13 00:18:16,379 Stage-1 map = 35%,  reduce = 8%
2016-04-13 00:18:28,428 Stage-1 map = 47%,  reduce = 12%
2016-04-13 00:18:34,455 Stage-1 map = 47%,  reduce = 16%
2016-04-13 00:18:40,481 Stage-1 map = 59%,  reduce = 16%
2016-04-13 00:18:48,517 Stage-1 map = 59%,  reduce = 20%
2016-04-13 00:18:51,532 Stage-1 map = 71%,  reduce = 20%
2016-04-13 00:19:03,584 Stage-1 map = 82%,  reduce = 24%
2016-04-13 00:19:12,624 Stage-1 map = 94%,  reduce = 27%
2016-04-13 00:19:18,652 Stage-1 map = 97%,  reduce = 29%
2016-04-13 00:19:21,668 Stage-1 map = 100%,  reduce = 29%
2016-04-13 00:19:24,684 Stage-1 map = 100%,  reduce = 33%
2016-04-13 00:19:27,699 Stage-1 map = 100%,  reduce = 50%
2016-04-13 00:19:30,714 Stage-1 map = 100%,  reduce = 84%
2016-04-13 00:19:33,729 Stage-1 map = 100%,  reduce = 100%
Ended Job = job_201604122352_0005
Launching Job 4 out of 8
Number of reduce tasks not specified. Estimated from input data size: 1
In order to change the average load for a reducer (in bytes):
  set hive.exec.reducers.bytes.per.reducer=<number>
In order to limit the maximum number of reducers:
  set hive.exec.reducers.max=<number>
In order to set a constant number of reducers:
  set mapred.reduce.tasks=<number>
Starting Job = job_201604122352_0006, Tracking URL = http://belona.c3local:50030/jobdetails.jsp?jobid=job_201604122352_0006
Kill Command = /home/hadoop/hadoop/bin/../bin/hadoop job  -Dmapred.job.tracker=belona.c3local:9001 -kill job_201604122352_0006
2016-04-13 00:19:43,225 Stage-2 map = 0%,  reduce = 0%
2016-04-13 00:19:52,256 Stage-2 map = 14%,  reduce = 0%
2016-04-13 00:19:55,268 Stage-2 map = 29%,  reduce = 0%
2016-04-13 00:19:58,280 Stage-2 map = 40%,  reduce = 0%
2016-04-13 00:20:10,324 Stage-2 map = 52%,  reduce = 3%
2016-04-13 00:20:13,338 Stage-2 map = 65%,  reduce = 13%
2016-04-13 00:20:16,351 Stage-2 map = 78%,  reduce = 13%
2016-04-13 00:20:19,364 Stage-2 map = 80%,  reduce = 13%
2016-04-13 00:20:22,378 Stage-2 map = 80%,  reduce = 17%
2016-04-13 00:20:25,391 Stage-2 map = 80%,  reduce = 20%
2016-04-13 00:20:28,407 Stage-2 map = 95%,  reduce = 27%
2016-04-13 00:20:31,420 Stage-2 map = 100%,  reduce = 27%
2016-04-13 00:20:43,465 Stage-2 map = 100%,  reduce = 72%
2016-04-13 00:20:46,478 Stage-2 map = 100%,  reduce = 78%
2016-04-13 00:20:49,491 Stage-2 map = 100%,  reduce = 85%
2016-04-13 00:20:52,505 Stage-2 map = 100%,  reduce = 92%
2016-04-13 00:20:55,518 Stage-2 map = 100%,  reduce = 98%
2016-04-13 00:20:58,532 Stage-2 map = 100%,  reduce = 100%
Ended Job = job_201604122352_0006
Launching Job 5 out of 8
Number of reduce tasks not specified. Estimated from input data size: 1
In order to change the average load for a reducer (in bytes):
  set hive.exec.reducers.bytes.per.reducer=<number>
In order to limit the maximum number of reducers:
  set hive.exec.reducers.max=<number>
In order to set a constant number of reducers:
  set mapred.reduce.tasks=<number>
Starting Job = job_201604122352_0007, Tracking URL = http://belona.c3local:50030/jobdetails.jsp?jobid=job_201604122352_0007
Kill Command = /home/hadoop/hadoop/bin/../bin/hadoop job  -Dmapred.job.tracker=belona.c3local:9001 -kill job_201604122352_0007
2016-04-13 00:21:07,078 Stage-3 map = 0%,  reduce = 0%
2016-04-13 00:21:16,110 Stage-3 map = 18%,  reduce = 0%
2016-04-13 00:21:19,122 Stage-3 map = 38%,  reduce = 0%
2016-04-13 00:21:22,134 Stage-3 map = 44%,  reduce = 0%
2016-04-13 00:21:31,169 Stage-3 map = 44%,  reduce = 7%
2016-04-13 00:21:34,182 Stage-3 map = 61%,  reduce = 15%
2016-04-13 00:21:37,196 Stage-3 map = 77%,  reduce = 15%
2016-04-13 00:21:40,213 Stage-3 map = 89%,  reduce = 15%
2016-04-13 00:21:46,237 Stage-3 map = 89%,  reduce = 22%
2016-04-13 00:21:49,251 Stage-3 map = 100%,  reduce = 22%
2016-04-13 00:21:52,265 Stage-3 map = 100%,  reduce = 30%
2016-04-13 00:21:58,289 Stage-3 map = 100%,  reduce = 73%
2016-04-13 00:22:01,303 Stage-3 map = 100%,  reduce = 79%
2016-04-13 00:22:04,317 Stage-3 map = 100%,  reduce = 86%
2016-04-13 00:22:07,331 Stage-3 map = 100%,  reduce = 93%
2016-04-13 00:22:10,345 Stage-3 map = 100%,  reduce = 100%
Ended Job = job_201604122352_0007
Launching Job 6 out of 8
Number of reduce tasks not specified. Estimated from input data size: 1
In order to change the average load for a reducer (in bytes):
  set hive.exec.reducers.bytes.per.reducer=<number>
In order to limit the maximum number of reducers:
  set hive.exec.reducers.max=<number>
In order to set a constant number of reducers:
  set mapred.reduce.tasks=<number>
Starting Job = job_201604122352_0008, Tracking URL = http://belona.c3local:50030/jobdetails.jsp?jobid=job_201604122352_0008
Kill Command = /home/hadoop/hadoop/bin/../bin/hadoop job  -Dmapred.job.tracker=belona.c3local:9001 -kill job_201604122352_0008
2016-04-13 00:22:21,792 Stage-4 map = 0%,  reduce = 0%
2016-04-13 00:22:24,809 Stage-4 map = 100%,  reduce = 0%
2016-04-13 00:22:33,848 Stage-4 map = 100%,  reduce = 100%
Ended Job = job_201604122352_0008
Launching Job 7 out of 8
Number of reduce tasks determined at compile time: 1
In order to change the average load for a reducer (in bytes):
  set hive.exec.reducers.bytes.per.reducer=<number>
In order to limit the maximum number of reducers:
  set hive.exec.reducers.max=<number>
In order to set a constant number of reducers:
  set mapred.reduce.tasks=<number>
Starting Job = job_201604122352_0009, Tracking URL = http://belona.c3local:50030/jobdetails.jsp?jobid=job_201604122352_0009
Kill Command = /home/hadoop/hadoop/bin/../bin/hadoop job  -Dmapred.job.tracker=belona.c3local:9001 -kill job_201604122352_0009
2016-04-13 00:22:43,257 Stage-5 map = 0%,  reduce = 0%
2016-04-13 00:22:46,269 Stage-5 map = 100%,  reduce = 0%
2016-04-13 00:22:55,302 Stage-5 map = 100%,  reduce = 100%
Ended Job = job_201604122352_0009
Launching Job 8 out of 8
Number of reduce tasks determined at compile time: 1
In order to change the average load for a reducer (in bytes):
  set hive.exec.reducers.bytes.per.reducer=<number>
In order to limit the maximum number of reducers:
  set hive.exec.reducers.max=<number>
In order to set a constant number of reducers:
  set mapred.reduce.tasks=<number>
Starting Job = job_201604122352_0010, Tracking URL = http://belona.c3local:50030/jobdetails.jsp?jobid=job_201604122352_0010
Kill Command = /home/hadoop/hadoop/bin/../bin/hadoop job  -Dmapred.job.tracker=belona.c3local:9001 -kill job_201604122352_0010
2016-04-13 00:23:04,722 Stage-6 map = 0%,  reduce = 0%
2016-04-13 00:23:07,734 Stage-6 map = 100%,  reduce = 0%
2016-04-13 00:23:16,768 Stage-6 map = 100%,  reduce = 100%
Ended Job = job_201604122352_0010
Loading data to table q21_suppliers_who_kept_orders_waiting
100 Rows loaded to q21_suppliers_who_kept_orders_waiting
OK
Time taken: 799.637 seconds
Hive history file=/tmp/hadoop/hive_job_log_hadoop_201604130025_143889097.txt
OK
Time taken: 3.544 seconds
OK
Time taken: 0.073 seconds
OK
Time taken: 0.058 seconds
OK
Time taken: 0.058 seconds
FAILED: Error in metadata: MetaException(message:Got exception: org.apache.hadoop.ipc.RemoteException org.apache.hadoop.hdfs.server.namenode.SafeModeException: Cannot delete /user/hive/warehouse/q21_tmp1. Name node is in safe mode.
The ratio of reported blocks 1.0000 has reached the threshold 0.9990. Safe mode will be turned off automatically in 24 seconds.
	at org.apache.hadoop.hdfs.server.namenode.FSNamesystem.deleteInternal(FSNamesystem.java:1700)
	at org.apache.hadoop.hdfs.server.namenode.FSNamesystem.delete(FSNamesystem.java:1680)
	at org.apache.hadoop.hdfs.server.namenode.NameNode.delete(NameNode.java:517)
	at sun.reflect.NativeMethodAccessorImpl.invoke0(Native Method)
	at sun.reflect.NativeMethodAccessorImpl.invoke(NativeMethodAccessorImpl.java:57)
	at sun.reflect.DelegatingMethodAccessorImpl.invoke(DelegatingMethodAccessorImpl.java:43)
	at java.lang.reflect.Method.invoke(Method.java:606)
	at org.apache.hadoop.ipc.RPC$Server.call(RPC.java:508)
	at org.apache.hadoop.ipc.Server$Handler$1.run(Server.java:959)
	at org.apache.hadoop.ipc.Server$Handler$1.run(Server.java:955)
	at java.security.AccessController.doPrivileged(Native Method)
	at javax.security.auth.Subject.doAs(Subject.java:415)
	at org.apache.hadoop.ipc.Server$Handler.run(Server.java:953)
)
FAILED: Execution Error, return code 1 from org.apache.hadoop.hive.ql.exec.DDLTask
Hive history file=/tmp/hadoop/hive_job_log_hadoop_201604130025_2026069034.txt
OK
Time taken: 2.91 seconds
OK
Time taken: 0.01 seconds
OK
Time taken: 0.01 seconds
OK
Time taken: 0.008 seconds
OK
Time taken: 0.008 seconds
OK
Time taken: 0.642 seconds
OK
Time taken: 0.099 seconds
OK
Time taken: 0.225 seconds
OK
Time taken: 0.041 seconds
OK
Time taken: 0.034 seconds
OK
Time taken: 0.041 seconds
OK
Time taken: 0.033 seconds
OK
Time taken: 0.1 seconds
OK
Time taken: 0.075 seconds
Total MapReduce jobs = 1
Launching Job 1 out of 1
Number of reduce tasks not specified. Estimated from input data size: 8
In order to change the average load for a reducer (in bytes):
  set hive.exec.reducers.bytes.per.reducer=<number>
In order to limit the maximum number of reducers:
  set hive.exec.reducers.max=<number>
In order to set a constant number of reducers:
  set mapred.reduce.tasks=<number>
Starting Job = job_201604130025_0001, Tracking URL = http://belona.c3local:50030/jobdetails.jsp?jobid=job_201604130025_0001
Kill Command = /home/hadoop/hadoop/bin/../bin/hadoop job  -Dmapred.job.tracker=belona.c3local:9001 -kill job_201604130025_0001
2016-04-13 00:25:19,620 Stage-1 map = 0%,  reduce = 0%
2016-04-13 00:25:28,689 Stage-1 map = 1%,  reduce = 0%
2016-04-13 00:25:31,712 Stage-1 map = 2%,  reduce = 0%
2016-04-13 00:25:34,747 Stage-1 map = 3%,  reduce = 0%
2016-04-13 00:25:43,832 Stage-1 map = 4%,  reduce = 0%
2016-04-13 00:25:46,863 Stage-1 map = 6%,  reduce = 0%
2016-04-13 00:25:49,895 Stage-1 map = 7%,  reduce = 0%
2016-04-13 00:25:58,980 Stage-1 map = 7%,  reduce = 1%
2016-04-13 00:26:05,032 Stage-1 map = 8%,  reduce = 1%
2016-04-13 00:26:08,059 Stage-1 map = 10%,  reduce = 1%
2016-04-13 00:26:17,132 Stage-1 map = 11%,  reduce = 1%
2016-04-13 00:26:20,160 Stage-1 map = 12%,  reduce = 2%
2016-04-13 00:26:23,188 Stage-1 map = 13%,  reduce = 2%
2016-04-13 00:26:26,217 Stage-1 map = 14%,  reduce = 2%
2016-04-13 00:26:32,266 Stage-1 map = 15%,  reduce = 2%
2016-04-13 00:26:35,292 Stage-1 map = 16%,  reduce = 2%
2016-04-13 00:26:38,318 Stage-1 map = 17%,  reduce = 2%
2016-04-13 00:26:44,368 Stage-1 map = 17%,  reduce = 3%
2016-04-13 00:26:47,394 Stage-1 map = 18%,  reduce = 3%
2016-04-13 00:26:50,420 Stage-1 map = 19%,  reduce = 3%
2016-04-13 00:26:53,446 Stage-1 map = 20%,  reduce = 3%
2016-04-13 00:26:56,473 Stage-1 map = 21%,  reduce = 3%
2016-04-13 00:27:02,521 Stage-1 map = 22%,  reduce = 3%
2016-04-13 00:27:08,569 Stage-1 map = 23%,  reduce = 3%
2016-04-13 00:27:11,596 Stage-1 map = 24%,  reduce = 3%
2016-04-13 00:27:14,622 Stage-1 map = 24%,  reduce = 4%
2016-04-13 00:27:17,645 Stage-1 map = 25%,  reduce = 4%
2016-04-13 00:27:23,686 Stage-1 map = 27%,  reduce = 4%
2016-04-13 00:27:26,708 Stage-1 map = 28%,  reduce = 4%
2016-04-13 00:27:35,765 Stage-1 map = 29%,  reduce = 5%
2016-04-13 00:27:38,786 Stage-1 map = 30%,  reduce = 5%
2016-04-13 00:27:41,807 Stage-1 map = 31%,  reduce = 5%
2016-04-13 00:27:46,841 Stage-1 map = 32%,  reduce = 5%
2016-04-13 00:27:49,862 Stage-1 map = 33%,  reduce = 5%
2016-04-13 00:27:52,882 Stage-1 map = 34%,  reduce = 5%
2016-04-13 00:28:01,936 Stage-1 map = 35%,  reduce = 5%
2016-04-13 00:28:04,955 Stage-1 map = 36%,  reduce = 6%
2016-04-13 00:28:07,975 Stage-1 map = 38%,  reduce = 6%
2016-04-13 00:28:17,028 Stage-1 map = 39%,  reduce = 6%
2016-04-13 00:28:20,047 Stage-1 map = 40%,  reduce = 6%
2016-04-13 00:28:23,067 Stage-1 map = 41%,  reduce = 6%
2016-04-13 00:28:32,120 Stage-1 map = 42%,  reduce = 7%
2016-04-13 00:28:35,140 Stage-1 map = 43%,  reduce = 7%
2016-04-13 00:28:38,159 Stage-1 map = 45%,  reduce = 7%
2016-04-13 00:28:50,230 Stage-1 map = 46%,  reduce = 7%
2016-04-13 00:28:53,250 Stage-1 map = 47%,  reduce = 7%
2016-04-13 00:28:56,270 Stage-1 map = 48%,  reduce = 7%
2016-04-13 00:29:02,307 Stage-1 map = 48%,  reduce = 8%
2016-04-13 00:29:05,327 Stage-1 map = 49%,  reduce = 8%
2016-04-13 00:29:08,348 Stage-1 map = 50%,  reduce = 8%
2016-04-13 00:29:11,368 Stage-1 map = 51%,  reduce = 8%
2016-04-13 00:29:14,388 Stage-1 map = 52%,  reduce = 8%
2016-04-13 00:29:23,441 Stage-1 map = 53%,  reduce = 8%
2016-04-13 00:29:26,461 Stage-1 map = 55%,  reduce = 9%
2016-04-13 00:29:35,521 Stage-1 map = 56%,  reduce = 9%
2016-04-13 00:29:38,542 Stage-1 map = 57%,  reduce = 9%
2016-04-13 00:29:41,563 Stage-1 map = 58%,  reduce = 9%
2016-04-13 00:29:44,583 Stage-1 map = 59%,  reduce = 9%
2016-04-13 00:29:50,620 Stage-1 map = 59%,  reduce = 10%
2016-04-13 00:29:53,640 Stage-1 map = 61%,  reduce = 10%
2016-04-13 00:29:56,659 Stage-1 map = 62%,  reduce = 10%
2016-04-13 00:30:05,712 Stage-1 map = 63%,  reduce = 10%
2016-04-13 00:30:08,732 Stage-1 map = 64%,  reduce = 10%
2016-04-13 00:30:11,751 Stage-1 map = 65%,  reduce = 10%
2016-04-13 00:30:14,772 Stage-1 map = 66%,  reduce = 10%
2016-04-13 00:30:17,792 Stage-1 map = 66%,  reduce = 11%
2016-04-13 00:30:23,828 Stage-1 map = 68%,  reduce = 11%
2016-04-13 00:30:26,849 Stage-1 map = 69%,  reduce = 11%
2016-04-13 00:30:35,903 Stage-1 map = 70%,  reduce = 11%
2016-04-13 00:30:38,924 Stage-1 map = 71%,  reduce = 11%
2016-04-13 00:30:41,944 Stage-1 map = 72%,  reduce = 11%
2016-04-13 00:30:44,964 Stage-1 map = 72%,  reduce = 12%
2016-04-13 00:30:50,999 Stage-1 map = 73%,  reduce = 12%
2016-04-13 00:30:54,018 Stage-1 map = 75%,  reduce = 12%
2016-04-13 00:30:57,038 Stage-1 map = 76%,  reduce = 12%
2016-04-13 00:31:05,086 Stage-1 map = 77%,  reduce = 12%
2016-04-13 00:31:06,094 Stage-1 map = 77%,  reduce = 13%
2016-04-13 00:31:09,113 Stage-1 map = 78%,  reduce = 13%
2016-04-13 00:31:11,127 Stage-1 map = 79%,  reduce = 13%
2016-04-13 00:31:20,178 Stage-1 map = 80%,  reduce = 13%
2016-04-13 00:31:23,197 Stage-1 map = 82%,  reduce = 13%
2016-04-13 00:31:26,217 Stage-1 map = 83%,  reduce = 13%
2016-04-13 00:31:32,252 Stage-1 map = 83%,  reduce = 14%
2016-04-13 00:31:35,272 Stage-1 map = 84%,  reduce = 14%
2016-04-13 00:31:38,292 Stage-1 map = 85%,  reduce = 14%
2016-04-13 00:31:41,311 Stage-1 map = 86%,  reduce = 14%
2016-04-13 00:31:50,365 Stage-1 map = 87%,  reduce = 14%
2016-04-13 00:31:53,385 Stage-1 map = 89%,  reduce = 14%
2016-04-13 00:31:59,421 Stage-1 map = 90%,  reduce = 14%
2016-04-13 00:32:02,441 Stage-1 map = 90%,  reduce = 15%
2016-04-13 00:32:08,477 Stage-1 map = 91%,  reduce = 15%
2016-04-13 00:32:11,497 Stage-1 map = 92%,  reduce = 15%
2016-04-13 00:32:14,517 Stage-1 map = 93%,  reduce = 15%
2016-04-13 00:32:23,571 Stage-1 map = 94%,  reduce = 15%
2016-04-13 00:32:26,591 Stage-1 map = 96%,  reduce = 16%
2016-04-13 00:32:32,628 Stage-1 map = 97%,  reduce = 16%
2016-04-13 00:32:41,683 Stage-1 map = 99%,  reduce = 16%
2016-04-13 00:32:44,703 Stage-1 map = 100%,  reduce = 16%
2016-04-13 00:32:53,758 Stage-1 map = 100%,  reduce = 21%
2016-04-13 00:32:56,779 Stage-1 map = 100%,  reduce = 34%
2016-04-13 00:32:59,799 Stage-1 map = 100%,  reduce = 36%
2016-04-13 00:33:02,819 Stage-1 map = 100%,  reduce = 39%
2016-04-13 00:33:05,840 Stage-1 map = 100%,  reduce = 41%
2016-04-13 00:33:08,860 Stage-1 map = 100%,  reduce = 44%
2016-04-13 00:33:11,882 Stage-1 map = 100%,  reduce = 48%
2016-04-13 00:33:14,906 Stage-1 map = 100%,  reduce = 50%
2016-04-13 00:33:23,963 Stage-1 map = 100%,  reduce = 52%
2016-04-13 00:33:26,985 Stage-1 map = 100%,  reduce = 58%
2016-04-13 00:33:30,007 Stage-1 map = 100%,  reduce = 61%
2016-04-13 00:33:33,031 Stage-1 map = 100%,  reduce = 62%
2016-04-13 00:33:36,052 Stage-1 map = 100%,  reduce = 64%
2016-04-13 00:33:39,074 Stage-1 map = 100%,  reduce = 65%
2016-04-13 00:33:42,094 Stage-1 map = 100%,  reduce = 66%
2016-04-13 00:33:45,115 Stage-1 map = 100%,  reduce = 67%
2016-04-13 00:33:51,152 Stage-1 map = 100%,  reduce = 83%
2016-04-13 00:33:54,173 Stage-1 map = 100%,  reduce = 85%
2016-04-13 00:33:57,194 Stage-1 map = 100%,  reduce = 88%
2016-04-13 00:34:00,216 Stage-1 map = 100%,  reduce = 91%
2016-04-13 00:34:03,236 Stage-1 map = 100%,  reduce = 94%
2016-04-13 00:34:06,256 Stage-1 map = 100%,  reduce = 97%
2016-04-13 00:34:09,278 Stage-1 map = 100%,  reduce = 100%
Ended Job = job_201604130025_0001
Loading data to table q21_tmp1
15000000 Rows loaded to q21_tmp1
OK
Time taken: 538.167 seconds
Total MapReduce jobs = 1
Launching Job 1 out of 1
Number of reduce tasks not specified. Estimated from input data size: 8
In order to change the average load for a reducer (in bytes):
  set hive.exec.reducers.bytes.per.reducer=<number>
In order to limit the maximum number of reducers:
  set hive.exec.reducers.max=<number>
In order to set a constant number of reducers:
  set mapred.reduce.tasks=<number>
Starting Job = job_201604130025_0002, Tracking URL = http://belona.c3local:50030/jobdetails.jsp?jobid=job_201604130025_0002
Kill Command = /home/hadoop/hadoop/bin/../bin/hadoop job  -Dmapred.job.tracker=belona.c3local:9001 -kill job_201604130025_0002
2016-04-13 00:34:17,614 Stage-1 map = 0%,  reduce = 0%
2016-04-13 00:34:26,653 Stage-1 map = 1%,  reduce = 0%
2016-04-13 00:34:29,668 Stage-1 map = 3%,  reduce = 0%
2016-04-13 00:34:41,732 Stage-1 map = 4%,  reduce = 0%
2016-04-13 00:34:44,749 Stage-1 map = 5%,  reduce = 0%
2016-04-13 00:34:47,767 Stage-1 map = 7%,  reduce = 0%
2016-04-13 00:34:59,832 Stage-1 map = 8%,  reduce = 1%
2016-04-13 00:35:02,852 Stage-1 map = 9%,  reduce = 1%
2016-04-13 00:35:05,870 Stage-1 map = 10%,  reduce = 1%
2016-04-13 00:35:14,917 Stage-1 map = 12%,  reduce = 2%
2016-04-13 00:35:17,935 Stage-1 map = 13%,  reduce = 2%
2016-04-13 00:35:23,969 Stage-1 map = 14%,  reduce = 2%
2016-04-13 00:35:30,003 Stage-1 map = 15%,  reduce = 2%
2016-04-13 00:35:33,021 Stage-1 map = 16%,  reduce = 2%
2016-04-13 00:35:36,039 Stage-1 map = 17%,  reduce = 2%
2016-04-13 00:35:42,073 Stage-1 map = 18%,  reduce = 2%
2016-04-13 00:35:45,092 Stage-1 map = 18%,  reduce = 3%
2016-04-13 00:35:48,113 Stage-1 map = 19%,  reduce = 3%
2016-04-13 00:35:51,131 Stage-1 map = 20%,  reduce = 3%
2016-04-13 00:35:54,150 Stage-1 map = 21%,  reduce = 3%
2016-04-13 00:36:00,184 Stage-1 map = 22%,  reduce = 3%
2016-04-13 00:36:03,202 Stage-1 map = 23%,  reduce = 3%
2016-04-13 00:36:06,220 Stage-1 map = 24%,  reduce = 3%
2016-04-13 00:36:12,255 Stage-1 map = 24%,  reduce = 4%
2016-04-13 00:36:15,274 Stage-1 map = 26%,  reduce = 4%
2016-04-13 00:36:21,308 Stage-1 map = 27%,  reduce = 4%
2016-04-13 00:36:24,326 Stage-1 map = 28%,  reduce = 4%
2016-04-13 00:36:30,359 Stage-1 map = 29%,  reduce = 4%
2016-04-13 00:36:33,377 Stage-1 map = 30%,  reduce = 4%
2016-04-13 00:36:36,395 Stage-1 map = 30%,  reduce = 5%
2016-04-13 00:36:39,413 Stage-1 map = 31%,  reduce = 5%
2016-04-13 00:36:42,430 Stage-1 map = 32%,  reduce = 5%
2016-04-13 00:36:48,463 Stage-1 map = 33%,  reduce = 5%
2016-04-13 00:36:51,482 Stage-1 map = 34%,  reduce = 5%
2016-04-13 00:36:54,501 Stage-1 map = 35%,  reduce = 5%
2016-04-13 00:37:00,534 Stage-1 map = 36%,  reduce = 5%
2016-04-13 00:37:03,553 Stage-1 map = 36%,  reduce = 6%
2016-04-13 00:37:06,570 Stage-1 map = 37%,  reduce = 6%
2016-04-13 00:37:09,589 Stage-1 map = 38%,  reduce = 6%
2016-04-13 00:37:12,608 Stage-1 map = 39%,  reduce = 6%
2016-04-13 00:37:20,652 Stage-1 map = 40%,  reduce = 6%
2016-04-13 00:37:21,660 Stage-1 map = 41%,  reduce = 6%
2016-04-13 00:37:24,678 Stage-1 map = 42%,  reduce = 6%
2016-04-13 00:37:32,720 Stage-1 map = 43%,  reduce = 7%
2016-04-13 00:37:38,753 Stage-1 map = 44%,  reduce = 7%
2016-04-13 00:37:41,774 Stage-1 map = 45%,  reduce = 7%
2016-04-13 00:37:44,792 Stage-1 map = 46%,  reduce = 7%
2016-04-13 00:37:53,837 Stage-1 map = 47%,  reduce = 8%
2016-04-13 00:37:56,854 Stage-1 map = 49%,  reduce = 8%
2016-04-13 00:38:08,915 Stage-1 map = 50%,  reduce = 8%
2016-04-13 00:38:11,933 Stage-1 map = 52%,  reduce = 8%
2016-04-13 00:38:14,949 Stage-1 map = 53%,  reduce = 8%
2016-04-13 00:38:23,996 Stage-1 map = 53%,  reduce = 9%
2016-04-13 00:38:27,012 Stage-1 map = 54%,  reduce = 9%
2016-04-13 00:38:30,029 Stage-1 map = 55%,  reduce = 9%
2016-04-13 00:38:33,046 Stage-1 map = 56%,  reduce = 9%
2016-04-13 00:38:39,078 Stage-1 map = 57%,  reduce = 9%
2016-04-13 00:38:42,094 Stage-1 map = 58%,  reduce = 9%
2016-04-13 00:38:45,111 Stage-1 map = 59%,  reduce = 9%
2016-04-13 00:38:51,144 Stage-1 map = 59%,  reduce = 10%
2016-04-13 00:38:54,162 Stage-1 map = 60%,  reduce = 10%
2016-04-13 00:38:57,180 Stage-1 map = 61%,  reduce = 10%
2016-04-13 00:39:00,198 Stage-1 map = 63%,  reduce = 10%
2016-04-13 00:39:12,263 Stage-1 map = 65%,  reduce = 10%
2016-04-13 00:39:15,279 Stage-1 map = 66%,  reduce = 10%
2016-04-13 00:39:21,313 Stage-1 map = 66%,  reduce = 11%
2016-04-13 00:39:24,332 Stage-1 map = 67%,  reduce = 11%
2016-04-13 00:39:27,350 Stage-1 map = 68%,  reduce = 11%
2016-04-13 00:39:30,368 Stage-1 map = 69%,  reduce = 11%
2016-04-13 00:39:33,386 Stage-1 map = 70%,  reduce = 11%
