Hive history file=/tmp/hadoop/hive_job_log_hadoop_201604051444_525076326.txt
OK
Time taken: 4.59 seconds
OK
Time taken: 0.081 seconds
OK
Time taken: 0.058 seconds
OK
Time taken: 0.058 seconds
OK
Time taken: 0.147 seconds
OK
Time taken: 0.147 seconds
OK
Time taken: 0.058 seconds
OK
Time taken: 0.042 seconds
OK
Time taken: 0.108 seconds
FAILED: Error in metadata: MetaException(message:Got exception: org.apache.hadoop.ipc.RemoteException org.apache.hadoop.hdfs.server.namenode.SafeModeException: Cannot create directory /user/hive/warehouse/q10_returned_item. Name node is in safe mode.
The ratio of reported blocks 1.0000 has reached the threshold 0.9990. Safe mode will be turned off automatically in 25 seconds.
	at org.apache.hadoop.hdfs.server.namenode.FSNamesystem.mkdirsInternal(FSNamesystem.java:1761)
	at org.apache.hadoop.hdfs.server.namenode.FSNamesystem.mkdirs(FSNamesystem.java:1735)
	at org.apache.hadoop.hdfs.server.namenode.NameNode.mkdirs(NameNode.java:542)
	at sun.reflect.NativeMethodAccessorImpl.invoke0(Native Method)
	at sun.reflect.NativeMethodAccessorImpl.invoke(NativeMethodAccessorImpl.java:57)
	at sun.reflect.DelegatingMethodAccessorImpl.invoke(DelegatingMethodAccessorImpl.java:43)
	at java.lang.reflect.Method.invoke(Method.java:606)
	at org.apache.hadoop.ipc.RPC$Server.call(RPC.java:508)
	at org.apache.hadoop.ipc.Server$Handler$1.run(Server.java:959)
	at org.apache.hadoop.ipc.Server$Handler$1.run(Server.java:955)
	at java.security.AccessController.doPrivileged(Native Method)
	at javax.security.auth.Subject.doAs(Subject.java:415)
	at org.apache.hadoop.ipc.Server$Handler.run(Server.java:953)
)
FAILED: Execution Error, return code 1 from org.apache.hadoop.hive.ql.exec.DDLTask
Hive history file=/tmp/hadoop/hive_job_log_hadoop_201604051444_755352062.txt
OK
Time taken: 3.61 seconds
OK
Time taken: 0.065 seconds
OK
Time taken: 0.083 seconds
OK
Time taken: 0.066 seconds
OK
Time taken: 0.01 seconds
OK
Time taken: 0.24 seconds
OK
Time taken: 0.033 seconds
OK
Time taken: 0.033 seconds
OK
Time taken: 0.041 seconds
OK
Time taken: 0.058 seconds
Total MapReduce jobs = 6
Launching Job 1 out of 6
Number of reduce tasks not specified. Estimated from input data size: 2
In order to change the average load for a reducer (in bytes):
  set hive.exec.reducers.bytes.per.reducer=<number>
In order to limit the maximum number of reducers:
  set hive.exec.reducers.max=<number>
In order to set a constant number of reducers:
  set mapred.reduce.tasks=<number>
Starting Job = job_201604051444_0001, Tracking URL = http://belona.c3local:50030/jobdetails.jsp?jobid=job_201604051444_0001
Kill Command = /home/hadoop/hadoop/bin/../bin/hadoop job  -Dmapred.job.tracker=belona.c3local:9001 -kill job_201604051444_0001
2016-04-05 14:44:29,743 Stage-1 map = 0%,  reduce = 0%
2016-04-05 14:44:42,832 Stage-1 map = 3%,  reduce = 0%
2016-04-05 14:44:51,888 Stage-1 map = 0%,  reduce = 0%
2016-04-05 14:45:39,169 Stage-1 map = 100%,  reduce = 100%
Ended Job = job_201604051444_0001 with errors

Task with the most failures(4): 
-----
Task ID:
  task_201604051444_0001_m_000000

URL:
  http://belona.c3local:50030/taskdetails.jsp?jobid=job_201604051444_0001&tipid=task_201604051444_0001_m_000000
-----

FAILED: Execution Error, return code 2 from org.apache.hadoop.hive.ql.exec.ExecDriver
