Hive history file=/tmp/hadoop/hive_job_log_hadoop_201604131326_2104605150.txt
OK
Time taken: 3.579 seconds
OK
Time taken: 0.096 seconds
OK
Time taken: 0.067 seconds
OK
Time taken: 0.058 seconds
FAILED: Error in metadata: MetaException(message:Got exception: org.apache.hadoop.ipc.RemoteException org.apache.hadoop.hdfs.server.namenode.SafeModeException: Cannot delete /user/hive/warehouse/q21_tmp1. Name node is in safe mode.
The ratio of reported blocks 1.0000 has reached the threshold 0.9990. Safe mode will be turned off automatically in 24 seconds.
	at org.apache.hadoop.hdfs.server.namenode.FSNamesystem.deleteInternal(FSNamesystem.java:1700)
	at org.apache.hadoop.hdfs.server.namenode.FSNamesystem.delete(FSNamesystem.java:1680)
	at org.apache.hadoop.hdfs.server.namenode.NameNode.delete(NameNode.java:517)
	at sun.reflect.NativeMethodAccessorImpl.invoke0(Native Method)
	at sun.reflect.NativeMethodAccessorImpl.invoke(NativeMethodAccessorImpl.java:57)
	at sun.reflect.DelegatingMethodAccessorImpl.invoke(DelegatingMethodAccessorImpl.java:43)
	at java.lang.reflect.Method.invoke(Method.java:606)
	at org.apache.hadoop.ipc.RPC$Server.call(RPC.java:508)
	at org.apache.hadoop.ipc.Server$Handler$1.run(Server.java:959)
	at org.apache.hadoop.ipc.Server$Handler$1.run(Server.java:955)
	at java.security.AccessController.doPrivileged(Native Method)
	at javax.security.auth.Subject.doAs(Subject.java:415)
	at org.apache.hadoop.ipc.Server$Handler.run(Server.java:953)
)
FAILED: Execution Error, return code 1 from org.apache.hadoop.hive.ql.exec.DDLTask
Hive history file=/tmp/hadoop/hive_job_log_hadoop_201604131326_803596301.txt
OK
Time taken: 3.002 seconds
OK
Time taken: 0.008 seconds
OK
Time taken: 0.011 seconds
OK
Time taken: 0.008 seconds
OK
Time taken: 0.007 seconds
OK
Time taken: 0.633 seconds
OK
Time taken: 0.074 seconds
OK
Time taken: 0.187 seconds
OK
Time taken: 0.042 seconds
OK
Time taken: 0.041 seconds
OK
Time taken: 0.041 seconds
OK
Time taken: 0.033 seconds
OK
Time taken: 0.066 seconds
OK
Time taken: 0.033 seconds
Total MapReduce jobs = 1
Launching Job 1 out of 1
Number of reduce tasks not specified. Estimated from input data size: 8
In order to change the average load for a reducer (in bytes):
  set hive.exec.reducers.bytes.per.reducer=<number>
In order to limit the maximum number of reducers:
  set hive.exec.reducers.max=<number>
In order to set a constant number of reducers:
  set mapred.reduce.tasks=<number>
Starting Job = job_201604131326_0001, Tracking URL = http://belona.c3local:50030/jobdetails.jsp?jobid=job_201604131326_0001
Kill Command = /home/hadoop/hadoop/bin/../bin/hadoop job  -Dmapred.job.tracker=belona.c3local:9001 -kill job_201604131326_0001
2016-04-13 13:27:02,219 Stage-1 map = 0%,  reduce = 0%
2016-04-13 13:27:11,288 Stage-1 map = 1%,  reduce = 0%
2016-04-13 13:27:14,311 Stage-1 map = 2%,  reduce = 0%
2016-04-13 13:27:17,348 Stage-1 map = 3%,  reduce = 0%
2016-04-13 13:27:26,434 Stage-1 map = 4%,  reduce = 0%
2016-04-13 13:27:29,464 Stage-1 map = 5%,  reduce = 0%
2016-04-13 13:27:32,496 Stage-1 map = 6%,  reduce = 0%
2016-04-13 13:27:35,528 Stage-1 map = 7%,  reduce = 0%
2016-04-13 13:27:47,634 Stage-1 map = 8%,  reduce = 1%
2016-04-13 13:27:50,662 Stage-1 map = 10%,  reduce = 1%
2016-04-13 13:27:59,737 Stage-1 map = 11%,  reduce = 1%
2016-04-13 13:28:02,765 Stage-1 map = 12%,  reduce = 2%
2016-04-13 13:28:05,793 Stage-1 map = 13%,  reduce = 2%
2016-04-13 13:28:08,821 Stage-1 map = 14%,  reduce = 2%
2016-04-13 13:28:14,871 Stage-1 map = 15%,  reduce = 2%
2016-04-13 13:28:17,898 Stage-1 map = 16%,  reduce = 2%
2016-04-13 13:28:19,917 Stage-1 map = 17%,  reduce = 2%
2016-04-13 13:28:28,990 Stage-1 map = 18%,  reduce = 3%
2016-04-13 13:28:32,017 Stage-1 map = 20%,  reduce = 3%
2016-04-13 13:28:35,044 Stage-1 map = 21%,  reduce = 3%
2016-04-13 13:28:44,114 Stage-1 map = 22%,  reduce = 3%
2016-04-13 13:28:47,140 Stage-1 map = 23%,  reduce = 3%
2016-04-13 13:28:50,169 Stage-1 map = 24%,  reduce = 3%
2016-04-13 13:28:59,237 Stage-1 map = 25%,  reduce = 4%
2016-04-13 13:29:02,262 Stage-1 map = 26%,  reduce = 4%
2016-04-13 13:29:05,283 Stage-1 map = 27%,  reduce = 4%
2016-04-13 13:29:08,304 Stage-1 map = 28%,  reduce = 4%
2016-04-13 13:29:17,361 Stage-1 map = 29%,  reduce = 4%
2016-04-13 13:29:20,383 Stage-1 map = 30%,  reduce = 5%
2016-04-13 13:29:23,405 Stage-1 map = 31%,  reduce = 5%
2016-04-13 13:29:29,444 Stage-1 map = 32%,  reduce = 5%
2016-04-13 13:29:32,465 Stage-1 map = 34%,  reduce = 5%
2016-04-13 13:29:44,537 Stage-1 map = 35%,  reduce = 6%
2016-04-13 13:29:47,556 Stage-1 map = 37%,  reduce = 6%
2016-04-13 13:29:50,575 Stage-1 map = 38%,  reduce = 6%
2016-04-13 13:29:59,628 Stage-1 map = 39%,  reduce = 6%
2016-04-13 13:30:02,648 Stage-1 map = 40%,  reduce = 6%
2016-04-13 13:30:05,667 Stage-1 map = 41%,  reduce = 6%
2016-04-13 13:30:11,703 Stage-1 map = 41%,  reduce = 7%
2016-04-13 13:30:14,723 Stage-1 map = 42%,  reduce = 7%
2016-04-13 13:30:17,742 Stage-1 map = 44%,  reduce = 7%
2016-04-13 13:30:20,762 Stage-1 map = 45%,  reduce = 7%
2016-04-13 13:30:32,832 Stage-1 map = 46%,  reduce = 7%
2016-04-13 13:30:35,852 Stage-1 map = 47%,  reduce = 7%
2016-04-13 13:30:41,889 Stage-1 map = 48%,  reduce = 8%
2016-04-13 13:30:47,926 Stage-1 map = 49%,  reduce = 8%
2016-04-13 13:30:50,947 Stage-1 map = 51%,  reduce = 8%
2016-04-13 13:30:56,984 Stage-1 map = 52%,  reduce = 8%
2016-04-13 13:31:06,051 Stage-1 map = 54%,  reduce = 9%
2016-04-13 13:31:09,070 Stage-1 map = 55%,  reduce = 9%
2016-04-13 13:31:18,125 Stage-1 map = 56%,  reduce = 9%
2016-04-13 13:31:21,144 Stage-1 map = 58%,  reduce = 9%
2016-04-13 13:31:27,181 Stage-1 map = 59%,  reduce = 9%
2016-04-13 13:31:33,217 Stage-1 map = 59%,  reduce = 10%
2016-04-13 13:31:35,231 Stage-1 map = 60%,  reduce = 10%
2016-04-13 13:31:38,251 Stage-1 map = 61%,  reduce = 10%
2016-04-13 13:31:39,259 Stage-1 map = 62%,  reduce = 10%
2016-04-13 13:31:47,307 Stage-1 map = 63%,  reduce = 10%
2016-04-13 13:31:50,327 Stage-1 map = 65%,  reduce = 10%
2016-04-13 13:31:56,363 Stage-1 map = 66%,  reduce = 10%
2016-04-13 13:31:59,383 Stage-1 map = 66%,  reduce = 11%
2016-04-13 13:32:05,418 Stage-1 map = 67%,  reduce = 11%
2016-04-13 13:32:08,436 Stage-1 map = 69%,  reduce = 11%
2016-04-13 13:32:17,487 Stage-1 map = 70%,  reduce = 11%
2016-04-13 13:32:20,507 Stage-1 map = 72%,  reduce = 11%
2016-04-13 13:32:26,541 Stage-1 map = 72%,  reduce = 12%
2016-04-13 13:32:32,576 Stage-1 map = 73%,  reduce = 12%
2016-04-13 13:32:35,595 Stage-1 map = 74%,  reduce = 12%
2016-04-13 13:32:38,623 Stage-1 map = 76%,  reduce = 12%
2016-04-13 13:32:47,676 Stage-1 map = 77%,  reduce = 13%
2016-04-13 13:32:50,696 Stage-1 map = 78%,  reduce = 13%
2016-04-13 13:32:53,715 Stage-1 map = 79%,  reduce = 13%
2016-04-13 13:33:02,768 Stage-1 map = 80%,  reduce = 13%
2016-04-13 13:33:05,788 Stage-1 map = 82%,  reduce = 13%
2016-04-13 13:33:08,806 Stage-1 map = 83%,  reduce = 13%
2016-04-13 13:33:14,843 Stage-1 map = 83%,  reduce = 14%
2016-04-13 13:33:17,863 Stage-1 map = 84%,  reduce = 14%
2016-04-13 13:33:20,883 Stage-1 map = 85%,  reduce = 14%
2016-04-13 13:33:23,901 Stage-1 map = 86%,  reduce = 14%
2016-04-13 13:33:32,953 Stage-1 map = 87%,  reduce = 14%
2016-04-13 13:33:35,972 Stage-1 map = 89%,  reduce = 14%
2016-04-13 13:33:38,992 Stage-1 map = 90%,  reduce = 14%
2016-04-13 13:33:45,028 Stage-1 map = 90%,  reduce = 15%
2016-04-13 13:33:54,080 Stage-1 map = 91%,  reduce = 15%
2016-04-13 13:33:57,099 Stage-1 map = 93%,  reduce = 15%
2016-04-13 13:34:06,160 Stage-1 map = 94%,  reduce = 15%
2016-04-13 13:34:09,179 Stage-1 map = 96%,  reduce = 16%
2016-04-13 13:34:12,198 Stage-1 map = 97%,  reduce = 16%
2016-04-13 13:34:24,266 Stage-1 map = 99%,  reduce = 16%
2016-04-13 13:34:27,285 Stage-1 map = 100%,  reduce = 16%
2016-04-13 13:34:36,337 Stage-1 map = 100%,  reduce = 21%
2016-04-13 13:34:39,356 Stage-1 map = 100%,  reduce = 34%
2016-04-13 13:34:42,376 Stage-1 map = 100%,  reduce = 36%
2016-04-13 13:34:45,396 Stage-1 map = 100%,  reduce = 39%
2016-04-13 13:34:48,416 Stage-1 map = 100%,  reduce = 42%
2016-04-13 13:34:51,436 Stage-1 map = 100%,  reduce = 45%
2016-04-13 13:34:54,456 Stage-1 map = 100%,  reduce = 49%
2016-04-13 13:34:57,479 Stage-1 map = 100%,  reduce = 50%
2016-04-13 13:35:06,536 Stage-1 map = 100%,  reduce = 52%
2016-04-13 13:35:08,551 Stage-1 map = 100%,  reduce = 58%
2016-04-13 13:35:11,572 Stage-1 map = 100%,  reduce = 60%
2016-04-13 13:35:12,582 Stage-1 map = 100%,  reduce = 61%
2016-04-13 13:35:14,597 Stage-1 map = 100%,  reduce = 62%
2016-04-13 13:35:17,618 Stage-1 map = 100%,  reduce = 64%
2016-04-13 13:35:20,639 Stage-1 map = 100%,  reduce = 65%
2016-04-13 13:35:23,660 Stage-1 map = 100%,  reduce = 66%
2016-04-13 13:35:26,681 Stage-1 map = 100%,  reduce = 67%
2016-04-13 13:35:29,702 Stage-1 map = 100%,  reduce = 71%
2016-04-13 13:35:32,727 Stage-1 map = 100%,  reduce = 84%
2016-04-13 13:35:35,748 Stage-1 map = 100%,  reduce = 86%
2016-04-13 13:35:38,770 Stage-1 map = 100%,  reduce = 89%
2016-04-13 13:35:41,791 Stage-1 map = 100%,  reduce = 92%
2016-04-13 13:35:44,811 Stage-1 map = 100%,  reduce = 95%
2016-04-13 13:35:47,832 Stage-1 map = 100%,  reduce = 99%
2016-04-13 13:35:50,854 Stage-1 map = 100%,  reduce = 100%
Ended Job = job_201604131326_0001
Loading data to table q21_tmp1
15000000 Rows loaded to q21_tmp1
OK
Time taken: 537.387 seconds
Total MapReduce jobs = 1
Launching Job 1 out of 1
Number of reduce tasks not specified. Estimated from input data size: 8
In order to change the average load for a reducer (in bytes):
  set hive.exec.reducers.bytes.per.reducer=<number>
In order to limit the maximum number of reducers:
  set hive.exec.reducers.max=<number>
In order to set a constant number of reducers:
  set mapred.reduce.tasks=<number>
Starting Job = job_201604131326_0002, Tracking URL = http://belona.c3local:50030/jobdetails.jsp?jobid=job_201604131326_0002
Kill Command = /home/hadoop/hadoop/bin/../bin/hadoop job  -Dmapred.job.tracker=belona.c3local:9001 -kill job_201604131326_0002
2016-04-13 13:35:59,699 Stage-1 map = 0%,  reduce = 0%
2016-04-13 13:36:08,740 Stage-1 map = 1%,  reduce = 0%
2016-04-13 13:36:11,755 Stage-1 map = 3%,  reduce = 0%
2016-04-13 13:36:23,834 Stage-1 map = 4%,  reduce = 0%
2016-04-13 13:36:26,852 Stage-1 map = 5%,  reduce = 0%
2016-04-13 13:36:29,870 Stage-1 map = 7%,  reduce = 0%
2016-04-13 13:36:41,933 Stage-1 map = 7%,  reduce = 1%
2016-04-13 13:36:44,952 Stage-1 map = 8%,  reduce = 1%
2016-04-13 13:36:47,969 Stage-1 map = 10%,  reduce = 1%
2016-04-13 13:36:57,017 Stage-1 map = 11%,  reduce = 2%
2016-04-13 13:37:00,035 Stage-1 map = 12%,  reduce = 2%
2016-04-13 13:37:03,052 Stage-1 map = 13%,  reduce = 2%
2016-04-13 13:37:06,071 Stage-1 map = 14%,  reduce = 2%
2016-04-13 13:37:15,120 Stage-1 map = 15%,  reduce = 2%
2016-04-13 13:37:18,138 Stage-1 map = 17%,  reduce = 2%
2016-04-13 13:37:24,171 Stage-1 map = 18%,  reduce = 3%
2016-04-13 13:37:30,205 Stage-1 map = 19%,  reduce = 3%
2016-04-13 13:37:33,223 Stage-1 map = 20%,  reduce = 3%
2016-04-13 13:37:36,244 Stage-1 map = 21%,  reduce = 3%
2016-04-13 13:37:45,289 Stage-1 map = 22%,  reduce = 3%
2016-04-13 13:37:48,306 Stage-1 map = 24%,  reduce = 3%
2016-04-13 13:37:54,338 Stage-1 map = 25%,  reduce = 4%
2016-04-13 13:38:00,369 Stage-1 map = 26%,  reduce = 4%
2016-04-13 13:38:03,387 Stage-1 map = 27%,  reduce = 4%
2016-04-13 13:38:06,404 Stage-1 map = 28%,  reduce = 4%
2016-04-13 13:38:15,450 Stage-1 map = 30%,  reduce = 5%
2016-04-13 13:38:18,468 Stage-1 map = 31%,  reduce = 5%
2016-04-13 13:38:27,514 Stage-1 map = 32%,  reduce = 5%
2016-04-13 13:38:30,531 Stage-1 map = 33%,  reduce = 5%
2016-04-13 13:38:33,548 Stage-1 map = 34%,  reduce = 5%
2016-04-13 13:38:39,579 Stage-1 map = 35%,  reduce = 5%
2016-04-13 13:38:45,611 Stage-1 map = 37%,  reduce = 6%
2016-04-13 13:38:48,628 Stage-1 map = 38%,  reduce = 6%
2016-04-13 13:39:00,692 Stage-1 map = 40%,  reduce = 6%
2016-04-13 13:39:03,712 Stage-1 map = 41%,  reduce = 6%
2016-04-13 13:39:12,760 Stage-1 map = 42%,  reduce = 6%
2016-04-13 13:39:15,781 Stage-1 map = 43%,  reduce = 7%
2016-04-13 13:39:18,798 Stage-1 map = 45%,  reduce = 7%
2016-04-13 13:39:30,860 Stage-1 map = 47%,  reduce = 7%
2016-04-13 13:39:33,877 Stage-1 map = 48%,  reduce = 7%
2016-04-13 13:39:39,909 Stage-1 map = 48%,  reduce = 8%
2016-04-13 13:39:42,926 Stage-1 map = 49%,  reduce = 8%
2016-04-13 13:39:45,943 Stage-1 map = 50%,  reduce = 8%
2016-04-13 13:39:47,955 Stage-1 map = 51%,  reduce = 8%
2016-04-13 13:39:50,973 Stage-1 map = 52%,  reduce = 8%
2016-04-13 13:40:00,020 Stage-1 map = 54%,  reduce = 9%
2016-04-13 13:40:03,038 Stage-1 map = 55%,  reduce = 9%
2016-04-13 13:40:12,086 Stage-1 map = 56%,  reduce = 9%
2016-04-13 13:40:15,103 Stage-1 map = 57%,  reduce = 9%
2016-04-13 13:40:18,121 Stage-1 map = 58%,  reduce = 9%
2016-04-13 13:40:24,155 Stage-1 map = 59%,  reduce = 9%
2016-04-13 13:40:30,187 Stage-1 map = 60%,  reduce = 10%
2016-04-13 13:40:33,204 Stage-1 map = 61%,  reduce = 10%
2016-04-13 13:40:36,226 Stage-1 map = 62%,  reduce = 10%
2016-04-13 13:40:42,258 Stage-1 map = 63%,  reduce = 10%
2016-04-13 13:40:45,280 Stage-1 map = 64%,  reduce = 10%
2016-04-13 13:40:48,298 Stage-1 map = 65%,  reduce = 10%
2016-04-13 13:40:51,315 Stage-1 map = 66%,  reduce = 10%
2016-04-13 13:40:57,347 Stage-1 map = 66%,  reduce = 11%
2016-04-13 13:41:00,365 Stage-1 map = 67%,  reduce = 11%
2016-04-13 13:41:03,382 Stage-1 map = 69%,  reduce = 11%
2016-04-13 13:41:12,430 Stage-1 map = 70%,  reduce = 11%
2016-04-13 13:41:15,448 Stage-1 map = 71%,  reduce = 11%
2016-04-13 13:41:18,466 Stage-1 map = 72%,  reduce = 11%
2016-04-13 13:41:21,484 Stage-1 map = 72%,  reduce = 12%
2016-04-13 13:41:27,519 Stage-1 map = 73%,  reduce = 12%
2016-04-13 13:41:30,537 Stage-1 map = 74%,  reduce = 12%
2016-04-13 13:41:33,554 Stage-1 map = 75%,  reduce = 12%
2016-04-13 13:41:36,571 Stage-1 map = 76%,  reduce = 12%
2016-04-13 13:41:45,620 Stage-1 map = 77%,  reduce = 13%
2016-04-13 13:41:48,638 Stage-1 map = 78%,  reduce = 13%
2016-04-13 13:41:51,656 Stage-1 map = 79%,  reduce = 13%
2016-04-13 13:42:00,704 Stage-1 map = 80%,  reduce = 13%
2016-04-13 13:42:03,721 Stage-1 map = 81%,  reduce = 13%
2016-04-13 13:42:06,739 Stage-1 map = 82%,  reduce = 13%
2016-04-13 13:42:09,757 Stage-1 map = 83%,  reduce = 13%
2016-04-13 13:42:12,775 Stage-1 map = 83%,  reduce = 14%
2016-04-13 13:42:18,809 Stage-1 map = 85%,  reduce = 14%
2016-04-13 13:42:24,843 Stage-1 map = 86%,  reduce = 14%
2016-04-13 13:42:30,877 Stage-1 map = 87%,  reduce = 14%
2016-04-13 13:42:33,897 Stage-1 map = 88%,  reduce = 14%
2016-04-13 13:42:39,936 Stage-1 map = 89%,  reduce = 14%
2016-04-13 13:42:42,955 Stage-1 map = 90%,  reduce = 15%
2016-04-13 13:42:48,989 Stage-1 map = 91%,  reduce = 15%
2016-04-13 13:42:52,007 Stage-1 map = 92%,  reduce = 15%
2016-04-13 13:42:55,026 Stage-1 map = 93%,  reduce = 15%
2016-04-13 13:43:01,060 Stage-1 map = 94%,  reduce = 15%
2016-04-13 13:43:07,095 Stage-1 map = 95%,  reduce = 16%
2016-04-13 13:43:10,113 Stage-1 map = 96%,  reduce = 16%
2016-04-13 13:43:13,131 Stage-1 map = 97%,  reduce = 16%
2016-04-13 13:43:19,165 Stage-1 map = 98%,  reduce = 16%
2016-04-13 13:43:22,183 Stage-1 map = 99%,  reduce = 16%
2016-04-13 13:43:25,202 Stage-1 map = 100%,  reduce = 16%
2016-04-13 13:43:33,246 Stage-1 map = 100%,  reduce = 21%
2016-04-13 13:43:34,254 Stage-1 map = 100%,  reduce = 26%
2016-04-13 13:43:36,268 Stage-1 map = 100%,  reduce = 31%
2016-04-13 13:43:37,282 Stage-1 map = 100%,  reduce = 36%
2016-04-13 13:43:39,295 Stage-1 map = 100%,  reduce = 40%
2016-04-13 13:43:42,313 Stage-1 map = 100%,  reduce = 44%
2016-04-13 13:43:45,332 Stage-1 map = 100%,  reduce = 48%
2016-04-13 13:43:48,351 Stage-1 map = 100%,  reduce = 50%
2016-04-13 13:43:54,387 Stage-1 map = 100%,  reduce = 53%
2016-04-13 13:43:57,405 Stage-1 map = 100%,  reduce = 62%
2016-04-13 13:44:00,424 Stage-1 map = 100%,  reduce = 67%
2016-04-13 13:44:03,442 Stage-1 map = 100%,  reduce = 75%
2016-04-13 13:44:06,461 Stage-1 map = 100%,  reduce = 84%
2016-04-13 13:44:09,479 Stage-1 map = 100%,  reduce = 87%
2016-04-13 13:44:12,497 Stage-1 map = 100%,  reduce = 91%
2016-04-13 13:44:15,514 Stage-1 map = 100%,  reduce = 96%
2016-04-13 13:44:18,533 Stage-1 map = 100%,  reduce = 100%
Ended Job = job_201604131326_0002
Loading data to table q21_tmp2
13753474 Rows loaded to q21_tmp2
OK
Time taken: 507.667 seconds
Total MapReduce jobs = 8
Launching Job 1 out of 8
Number of reduce tasks not specified. Estimated from input data size: 1
In order to change the average load for a reducer (in bytes):
  set hive.exec.reducers.bytes.per.reducer=<number>
In order to limit the maximum number of reducers:
  set hive.exec.reducers.max=<number>
In order to set a constant number of reducers:
  set mapred.reduce.tasks=<number>
Starting Job = job_201604131326_0003, Tracking URL = http://belona.c3local:50030/jobdetails.jsp?jobid=job_201604131326_0003
Kill Command = /home/hadoop/hadoop/bin/../bin/hadoop job  -Dmapred.job.tracker=belona.c3local:9001 -kill job_201604131326_0003
2016-04-13 13:44:27,430 Stage-7 map = 0%,  reduce = 0%
2016-04-13 13:44:30,445 Stage-7 map = 100%,  reduce = 0%
2016-04-13 13:44:39,488 Stage-7 map = 100%,  reduce = 33%
2016-04-13 13:44:42,507 Stage-7 map = 100%,  reduce = 100%
Ended Job = job_201604131326_0003
Launching Job 2 out of 8
Number of reduce tasks not specified. Estimated from input data size: 8
In order to change the average load for a reducer (in bytes):
  set hive.exec.reducers.bytes.per.reducer=<number>
In order to limit the maximum number of reducers:
  set hive.exec.reducers.max=<number>
In order to set a constant number of reducers:
  set mapred.reduce.tasks=<number>
Starting Job = job_201604131326_0004, Tracking URL = http://belona.c3local:50030/jobdetails.jsp?jobid=job_201604131326_0004
Kill Command = /home/hadoop/hadoop/bin/../bin/hadoop job  -Dmapred.job.tracker=belona.c3local:9001 -kill job_201604131326_0004
2016-04-13 13:44:52,141 Stage-8 map = 0%,  reduce = 0%
2016-04-13 13:45:01,176 Stage-8 map = 3%,  reduce = 0%
2016-04-13 13:45:13,227 Stage-8 map = 6%,  reduce = 0%
2016-04-13 13:45:16,243 Stage-8 map = 7%,  reduce = 0%
2016-04-13 13:45:25,282 Stage-8 map = 8%,  reduce = 1%
2016-04-13 13:45:28,299 Stage-8 map = 10%,  reduce = 1%
2016-04-13 13:45:40,352 Stage-8 map = 13%,  reduce = 2%
2016-04-13 13:45:43,368 Stage-8 map = 14%,  reduce = 2%
2016-04-13 13:45:51,404 Stage-8 map = 15%,  reduce = 2%
2016-04-13 13:45:52,412 Stage-8 map = 16%,  reduce = 2%
2016-04-13 13:45:54,425 Stage-8 map = 17%,  reduce = 2%
2016-04-13 13:46:00,453 Stage-8 map = 17%,  reduce = 3%
2016-04-13 13:46:03,469 Stage-8 map = 20%,  reduce = 3%
2016-04-13 13:46:06,486 Stage-8 map = 21%,  reduce = 3%
2016-04-13 13:46:15,527 Stage-8 map = 23%,  reduce = 3%
2016-04-13 13:46:18,544 Stage-8 map = 24%,  reduce = 3%
2016-04-13 13:46:24,572 Stage-8 map = 24%,  reduce = 4%
2016-04-13 13:46:27,594 Stage-8 map = 27%,  reduce = 4%
2016-04-13 13:46:39,648 Stage-8 map = 30%,  reduce = 5%
2016-04-13 13:46:42,665 Stage-8 map = 31%,  reduce = 5%
2016-04-13 13:46:51,707 Stage-8 map = 34%,  reduce = 5%
2016-04-13 13:47:03,761 Stage-8 map = 37%,  reduce = 5%
2016-04-13 13:47:06,778 Stage-8 map = 38%,  reduce = 6%
2016-04-13 13:47:15,821 Stage-8 map = 40%,  reduce = 6%
2016-04-13 13:47:18,838 Stage-8 map = 41%,  reduce = 6%
2016-04-13 13:47:27,882 Stage-8 map = 42%,  reduce = 6%
2016-04-13 13:47:30,898 Stage-8 map = 44%,  reduce = 7%
2016-04-13 13:47:42,954 Stage-8 map = 47%,  reduce = 7%
2016-04-13 13:47:45,971 Stage-8 map = 48%,  reduce = 7%
2016-04-13 13:47:52,000 Stage-8 map = 48%,  reduce = 8%
2016-04-13 13:47:55,017 Stage-8 map = 51%,  reduce = 8%
2016-04-13 13:48:07,077 Stage-8 map = 54%,  reduce = 9%
2016-04-13 13:48:10,094 Stage-8 map = 55%,  reduce = 9%
2016-04-13 13:48:19,138 Stage-8 map = 57%,  reduce = 9%
2016-04-13 13:48:22,155 Stage-8 map = 58%,  reduce = 9%
2016-04-13 13:48:31,199 Stage-8 map = 59%,  reduce = 9%
2016-04-13 13:48:34,216 Stage-8 map = 61%,  reduce = 9%
2016-04-13 13:48:37,233 Stage-8 map = 62%,  reduce = 10%
2016-04-13 13:48:43,264 Stage-8 map = 63%,  reduce = 10%
2016-04-13 13:48:46,281 Stage-8 map = 65%,  reduce = 10%
2016-04-13 13:48:55,325 Stage-8 map = 66%,  reduce = 11%
2016-04-13 13:48:58,343 Stage-8 map = 68%,  reduce = 11%
2016-04-13 13:49:07,387 Stage-8 map = 70%,  reduce = 11%
2016-04-13 13:49:10,405 Stage-8 map = 72%,  reduce = 11%
2016-04-13 13:49:16,437 Stage-8 map = 72%,  reduce = 12%
2016-04-13 13:49:19,455 Stage-8 map = 73%,  reduce = 12%
2016-04-13 13:49:22,475 Stage-8 map = 75%,  reduce = 12%
2016-04-13 13:49:31,523 Stage-8 map = 77%,  reduce = 12%
2016-04-13 13:49:34,542 Stage-8 map = 78%,  reduce = 12%
2016-04-13 13:49:37,560 Stage-8 map = 79%,  reduce = 13%
2016-04-13 13:49:46,610 Stage-8 map = 80%,  reduce = 13%
2016-04-13 13:49:49,629 Stage-8 map = 82%,  reduce = 13%
2016-04-13 13:49:58,678 Stage-8 map = 83%,  reduce = 13%
2016-04-13 13:50:01,696 Stage-8 map = 85%,  reduce = 14%
2016-04-13 13:50:09,740 Stage-8 map = 87%,  reduce = 14%
2016-04-13 13:50:13,765 Stage-8 map = 89%,  reduce = 14%
2016-04-13 13:50:21,808 Stage-8 map = 90%,  reduce = 15%
2016-04-13 13:50:24,826 Stage-8 map = 92%,  reduce = 15%
2016-04-13 13:50:33,874 Stage-8 map = 94%,  reduce = 15%
2016-04-13 13:50:36,893 Stage-8 map = 95%,  reduce = 15%
2016-04-13 13:50:39,912 Stage-8 map = 96%,  reduce = 15%
2016-04-13 13:50:42,930 Stage-8 map = 97%,  reduce = 16%
2016-04-13 13:50:48,964 Stage-8 map = 99%,  reduce = 16%
2016-04-13 13:50:51,983 Stage-8 map = 100%,  reduce = 16%
2016-04-13 13:51:01,031 Stage-8 map = 100%,  reduce = 25%
2016-04-13 13:51:04,050 Stage-8 map = 100%,  reduce = 36%
2016-04-13 13:51:07,069 Stage-8 map = 100%,  reduce = 42%
2016-04-13 13:51:10,089 Stage-8 map = 100%,  reduce = 50%
2016-04-13 13:51:19,139 Stage-8 map = 100%,  reduce = 52%
2016-04-13 13:51:22,158 Stage-8 map = 100%,  reduce = 57%
2016-04-13 13:51:25,178 Stage-8 map = 100%,  reduce = 60%
2016-04-13 13:51:31,213 Stage-8 map = 100%,  reduce = 61%
2016-04-13 13:51:34,232 Stage-8 map = 100%,  reduce = 64%
2016-04-13 13:51:37,251 Stage-8 map = 100%,  reduce = 66%
2016-04-13 13:51:46,300 Stage-8 map = 100%,  reduce = 75%
2016-04-13 13:51:49,319 Stage-8 map = 100%,  reduce = 80%
2016-04-13 13:51:52,338 Stage-8 map = 100%,  reduce = 89%
2016-04-13 13:51:55,358 Stage-8 map = 100%,  reduce = 96%
2016-04-13 13:51:58,377 Stage-8 map = 100%,  reduce = 100%
Ended Job = job_201604131326_0004
Launching Job 3 out of 8
Number of reduce tasks not specified. Estimated from input data size: 2
In order to change the average load for a reducer (in bytes):
  set hive.exec.reducers.bytes.per.reducer=<number>
In order to limit the maximum number of reducers:
  set hive.exec.reducers.max=<number>
In order to set a constant number of reducers:
  set mapred.reduce.tasks=<number>
Starting Job = job_201604131326_0005, Tracking URL = http://belona.c3local:50030/jobdetails.jsp?jobid=job_201604131326_0005
Kill Command = /home/hadoop/hadoop/bin/../bin/hadoop job  -Dmapred.job.tracker=belona.c3local:9001 -kill job_201604131326_0005
2016-04-13 13:52:06,923 Stage-1 map = 0%,  reduce = 0%
2016-04-13 13:52:15,956 Stage-1 map = 12%,  reduce = 0%
2016-04-13 13:52:28,003 Stage-1 map = 15%,  reduce = 4%
2016-04-13 13:52:31,017 Stage-1 map = 24%,  reduce = 4%
2016-04-13 13:52:37,043 Stage-1 map = 24%,  reduce = 7%
2016-04-13 13:52:40,057 Stage-1 map = 35%,  reduce = 7%
2016-04-13 13:52:43,072 Stage-1 map = 35%,  reduce = 8%
2016-04-13 13:52:52,110 Stage-1 map = 47%,  reduce = 12%
2016-04-13 13:52:58,136 Stage-1 map = 47%,  reduce = 15%
2016-04-13 13:53:04,163 Stage-1 map = 59%,  reduce = 15%
2016-04-13 13:53:07,177 Stage-1 map = 59%,  reduce = 16%
2016-04-13 13:53:13,204 Stage-1 map = 59%,  reduce = 20%
2016-04-13 13:53:16,219 Stage-1 map = 71%,  reduce = 20%
2016-04-13 13:53:28,270 Stage-1 map = 82%,  reduce = 23%
2016-04-13 13:53:31,285 Stage-1 map = 82%,  reduce = 24%
2016-04-13 13:53:34,299 Stage-1 map = 82%,  reduce = 27%
2016-04-13 13:53:37,313 Stage-1 map = 94%,  reduce = 27%
2016-04-13 13:53:43,339 Stage-1 map = 97%,  reduce = 30%
2016-04-13 13:53:46,353 Stage-1 map = 100%,  reduce = 30%
2016-04-13 13:53:49,368 Stage-1 map = 100%,  reduce = 33%
2016-04-13 13:53:52,383 Stage-1 map = 100%,  reduce = 50%
2016-04-13 13:53:55,398 Stage-1 map = 100%,  reduce = 86%
2016-04-13 13:53:58,414 Stage-1 map = 100%,  reduce = 100%
Ended Job = job_201604131326_0005
Launching Job 4 out of 8
Number of reduce tasks not specified. Estimated from input data size: 1
In order to change the average load for a reducer (in bytes):
  set hive.exec.reducers.bytes.per.reducer=<number>
In order to limit the maximum number of reducers:
  set hive.exec.reducers.max=<number>
In order to set a constant number of reducers:
  set mapred.reduce.tasks=<number>
Starting Job = job_201604131326_0006, Tracking URL = http://belona.c3local:50030/jobdetails.jsp?jobid=job_201604131326_0006
Kill Command = /home/hadoop/hadoop/bin/../bin/hadoop job  -Dmapred.job.tracker=belona.c3local:9001 -kill job_201604131326_0006
2016-04-13 13:54:07,895 Stage-2 map = 0%,  reduce = 0%
2016-04-13 13:54:16,928 Stage-2 map = 15%,  reduce = 0%
2016-04-13 13:54:19,940 Stage-2 map = 29%,  reduce = 0%
2016-04-13 13:54:22,952 Stage-2 map = 40%,  reduce = 0%
2016-04-13 13:54:34,997 Stage-2 map = 46%,  reduce = 0%
2016-04-13 13:54:37,007 Stage-2 map = 52%,  reduce = 13%
2016-04-13 13:54:38,013 Stage-2 map = 59%,  reduce = 13%
2016-04-13 13:54:40,023 Stage-2 map = 66%,  reduce = 13%
2016-04-13 13:54:41,029 Stage-2 map = 72%,  reduce = 13%
2016-04-13 13:54:43,042 Stage-2 map = 80%,  reduce = 13%
2016-04-13 13:54:53,080 Stage-2 map = 95%,  reduce = 13%
2016-04-13 13:54:55,089 Stage-2 map = 95%,  reduce = 27%
2016-04-13 13:54:56,095 Stage-2 map = 100%,  reduce = 27%
2016-04-13 13:55:07,137 Stage-2 map = 100%,  reduce = 69%
2016-04-13 13:55:10,150 Stage-2 map = 100%,  reduce = 75%
2016-04-13 13:55:13,163 Stage-2 map = 100%,  reduce = 82%
2016-04-13 13:55:16,177 Stage-2 map = 100%,  reduce = 88%
2016-04-13 13:55:19,190 Stage-2 map = 100%,  reduce = 95%
2016-04-13 13:55:22,204 Stage-2 map = 100%,  reduce = 100%
Ended Job = job_201604131326_0006
Launching Job 5 out of 8
Number of reduce tasks not specified. Estimated from input data size: 1
In order to change the average load for a reducer (in bytes):
  set hive.exec.reducers.bytes.per.reducer=<number>
In order to limit the maximum number of reducers:
  set hive.exec.reducers.max=<number>
In order to set a constant number of reducers:
  set mapred.reduce.tasks=<number>
Starting Job = job_201604131326_0007, Tracking URL = http://belona.c3local:50030/jobdetails.jsp?jobid=job_201604131326_0007
Kill Command = /home/hadoop/hadoop/bin/../bin/hadoop job  -Dmapred.job.tracker=belona.c3local:9001 -kill job_201604131326_0007
2016-04-13 13:55:31,688 Stage-3 map = 0%,  reduce = 0%
2016-04-13 13:55:40,718 Stage-3 map = 18%,  reduce = 0%
2016-04-13 13:55:43,729 Stage-3 map = 38%,  reduce = 0%
2016-04-13 13:55:46,741 Stage-3 map = 44%,  reduce = 0%
2016-04-13 13:55:55,774 Stage-3 map = 44%,  reduce = 7%
2016-04-13 13:55:58,787 Stage-3 map = 64%,  reduce = 15%
2016-04-13 13:56:01,800 Stage-3 map = 81%,  reduce = 15%
2016-04-13 13:56:04,813 Stage-3 map = 89%,  reduce = 15%
2016-04-13 13:56:13,846 Stage-3 map = 100%,  reduce = 15%
2016-04-13 13:56:16,859 Stage-3 map = 100%,  reduce = 22%
2016-04-13 13:56:19,872 Stage-3 map = 100%,  reduce = 30%
2016-04-13 13:56:25,896 Stage-3 map = 100%,  reduce = 69%
2016-04-13 13:56:28,909 Stage-3 map = 100%,  reduce = 76%
2016-04-13 13:56:31,922 Stage-3 map = 100%,  reduce = 83%
2016-04-13 13:56:34,935 Stage-3 map = 100%,  reduce = 90%
2016-04-13 13:56:37,949 Stage-3 map = 100%,  reduce = 97%
2016-04-13 13:56:40,962 Stage-3 map = 100%,  reduce = 100%
Ended Job = job_201604131326_0007
Launching Job 6 out of 8
Number of reduce tasks not specified. Estimated from input data size: 1
In order to change the average load for a reducer (in bytes):
  set hive.exec.reducers.bytes.per.reducer=<number>
In order to limit the maximum number of reducers:
  set hive.exec.reducers.max=<number>
In order to set a constant number of reducers:
  set mapred.reduce.tasks=<number>
Starting Job = job_201604131326_0008, Tracking URL = http://belona.c3local:50030/jobdetails.jsp?jobid=job_201604131326_0008
Kill Command = /home/hadoop/hadoop/bin/../bin/hadoop job  -Dmapred.job.tracker=belona.c3local:9001 -kill job_201604131326_0008
2016-04-13 13:56:49,388 Stage-4 map = 0%,  reduce = 0%
2016-04-13 13:56:52,401 Stage-4 map = 100%,  reduce = 0%
2016-04-13 13:57:01,434 Stage-4 map = 100%,  reduce = 100%
Ended Job = job_201604131326_0008
Launching Job 7 out of 8
Number of reduce tasks determined at compile time: 1
In order to change the average load for a reducer (in bytes):
  set hive.exec.reducers.bytes.per.reducer=<number>
In order to limit the maximum number of reducers:
  set hive.exec.reducers.max=<number>
In order to set a constant number of reducers:
  set mapred.reduce.tasks=<number>
Starting Job = job_201604131326_0009, Tracking URL = http://belona.c3local:50030/jobdetails.jsp?jobid=job_201604131326_0009
Kill Command = /home/hadoop/hadoop/bin/../bin/hadoop job  -Dmapred.job.tracker=belona.c3local:9001 -kill job_201604131326_0009
2016-04-13 13:57:10,830 Stage-5 map = 0%,  reduce = 0%
2016-04-13 13:57:13,842 Stage-5 map = 100%,  reduce = 0%
2016-04-13 13:57:22,876 Stage-5 map = 100%,  reduce = 100%
Ended Job = job_201604131326_0009
Launching Job 8 out of 8
Number of reduce tasks determined at compile time: 1
In order to change the average load for a reducer (in bytes):
  set hive.exec.reducers.bytes.per.reducer=<number>
In order to limit the maximum number of reducers:
  set hive.exec.reducers.max=<number>
In order to set a constant number of reducers:
  set mapred.reduce.tasks=<number>
Starting Job = job_201604131326_0010, Tracking URL = http://belona.c3local:50030/jobdetails.jsp?jobid=job_201604131326_0010
Kill Command = /home/hadoop/hadoop/bin/../bin/hadoop job  -Dmapred.job.tracker=belona.c3local:9001 -kill job_201604131326_0010
2016-04-13 13:57:31,337 Stage-6 map = 0%,  reduce = 0%
2016-04-13 13:57:34,350 Stage-6 map = 100%,  reduce = 0%
2016-04-13 13:57:43,383 Stage-6 map = 100%,  reduce = 100%
Ended Job = job_201604131326_0010
Loading data to table q21_suppliers_who_kept_orders_waiting
100 Rows loaded to q21_suppliers_who_kept_orders_waiting
OK
Time taken: 804.737 seconds
Hive history file=/tmp/hadoop/hive_job_log_hadoop_201604131359_696909863.txt
OK
Time taken: 3.518 seconds
OK
Time taken: 0.096 seconds
OK
Time taken: 0.066 seconds
OK
Time taken: 0.066 seconds
FAILED: Error in metadata: MetaException(message:Got exception: org.apache.hadoop.ipc.RemoteException org.apache.hadoop.hdfs.server.namenode.SafeModeException: Cannot delete /user/hive/warehouse/q21_tmp1. Name node is in safe mode.
The ratio of reported blocks 1.0000 has reached the threshold 0.9990. Safe mode will be turned off automatically in 24 seconds.
	at org.apache.hadoop.hdfs.server.namenode.FSNamesystem.deleteInternal(FSNamesystem.java:1700)
	at org.apache.hadoop.hdfs.server.namenode.FSNamesystem.delete(FSNamesystem.java:1680)
	at org.apache.hadoop.hdfs.server.namenode.NameNode.delete(NameNode.java:517)
	at sun.reflect.NativeMethodAccessorImpl.invoke0(Native Method)
	at sun.reflect.NativeMethodAccessorImpl.invoke(NativeMethodAccessorImpl.java:57)
	at sun.reflect.DelegatingMethodAccessorImpl.invoke(DelegatingMethodAccessorImpl.java:43)
	at java.lang.reflect.Method.invoke(Method.java:606)
	at org.apache.hadoop.ipc.RPC$Server.call(RPC.java:508)
	at org.apache.hadoop.ipc.Server$Handler$1.run(Server.java:959)
	at org.apache.hadoop.ipc.Server$Handler$1.run(Server.java:955)
	at java.security.AccessController.doPrivileged(Native Method)
	at javax.security.auth.Subject.doAs(Subject.java:415)
	at org.apache.hadoop.ipc.Server$Handler.run(Server.java:953)
)
FAILED: Execution Error, return code 1 from org.apache.hadoop.hive.ql.exec.DDLTask
Hive history file=/tmp/hadoop/hive_job_log_hadoop_201604131359_647233761.txt
OK
Time taken: 2.955 seconds
OK
Time taken: 0.009 seconds
OK
Time taken: 0.008 seconds
OK
Time taken: 0.008 seconds
OK
Time taken: 0.008 seconds
OK
Time taken: 0.561 seconds
OK
Time taken: 0.074 seconds
OK
Time taken: 0.182 seconds
OK
Time taken: 0.066 seconds
OK
Time taken: 0.041 seconds
OK
Time taken: 0.041 seconds
OK
Time taken: 0.042 seconds
OK
Time taken: 0.057 seconds
OK
Time taken: 0.033 seconds
Total MapReduce jobs = 1
Launching Job 1 out of 1
Number of reduce tasks not specified. Estimated from input data size: 8
In order to change the average load for a reducer (in bytes):
  set hive.exec.reducers.bytes.per.reducer=<number>
In order to limit the maximum number of reducers:
  set hive.exec.reducers.max=<number>
In order to set a constant number of reducers:
  set mapred.reduce.tasks=<number>
Starting Job = job_201604131359_0001, Tracking URL = http://belona.c3local:50030/jobdetails.jsp?jobid=job_201604131359_0001
Kill Command = /home/hadoop/hadoop/bin/../bin/hadoop job  -Dmapred.job.tracker=belona.c3local:9001 -kill job_201604131359_0001
2016-04-13 13:59:43,063 Stage-1 map = 0%,  reduce = 0%
2016-04-13 13:59:52,131 Stage-1 map = 1%,  reduce = 0%
2016-04-13 13:59:55,153 Stage-1 map = 3%,  reduce = 0%
2016-04-13 14:00:06,260 Stage-1 map = 4%,  reduce = 0%
2016-04-13 14:00:09,292 Stage-1 map = 6%,  reduce = 0%
2016-04-13 14:00:12,325 Stage-1 map = 7%,  reduce = 0%
2016-04-13 14:00:24,443 Stage-1 map = 7%,  reduce = 1%
2016-04-13 14:00:27,471 Stage-1 map = 8%,  reduce = 1%
2016-04-13 14:00:30,500 Stage-1 map = 10%,  reduce = 1%
2016-04-13 14:00:39,576 Stage-1 map = 11%,  reduce = 1%
2016-04-13 14:00:42,606 Stage-1 map = 13%,  reduce = 2%
2016-04-13 14:00:48,661 Stage-1 map = 14%,  reduce = 2%
2016-04-13 14:00:54,709 Stage-1 map = 15%,  reduce = 2%
2016-04-13 14:00:57,736 Stage-1 map = 16%,  reduce = 2%
2016-04-13 14:01:00,762 Stage-1 map = 17%,  reduce = 2%
2016-04-13 14:01:06,812 Stage-1 map = 17%,  reduce = 3%
2016-04-13 14:01:09,838 Stage-1 map = 18%,  reduce = 3%
2016-04-13 14:01:12,865 Stage-1 map = 20%,  reduce = 3%
2016-04-13 14:01:15,891 Stage-1 map = 21%,  reduce = 3%
2016-04-13 14:01:27,984 Stage-1 map = 22%,  reduce = 3%
2016-04-13 14:01:31,012 Stage-1 map = 24%,  reduce = 3%
2016-04-13 14:01:37,062 Stage-1 map = 24%,  reduce = 4%
2016-04-13 14:01:40,090 Stage-1 map = 25%,  reduce = 4%
2016-04-13 14:01:43,113 Stage-1 map = 27%,  reduce = 4%
2016-04-13 14:01:46,136 Stage-1 map = 28%,  reduce = 4%
2016-04-13 14:01:58,213 Stage-1 map = 30%,  reduce = 5%
2016-04-13 14:02:01,234 Stage-1 map = 31%,  reduce = 5%
2016-04-13 14:02:10,293 Stage-1 map = 32%,  reduce = 5%
2016-04-13 14:02:13,314 Stage-1 map = 34%,  reduce = 5%
2016-04-13 14:02:25,385 Stage-1 map = 35%,  reduce = 5%
2016-04-13 14:02:28,406 Stage-1 map = 37%,  reduce = 6%
2016-04-13 14:02:31,425 Stage-1 map = 38%,  reduce = 6%
2016-04-13 14:02:42,491 Stage-1 map = 39%,  reduce = 6%
2016-04-13 14:02:43,499 Stage-1 map = 40%,  reduce = 6%
2016-04-13 14:02:45,514 Stage-1 map = 41%,  reduce = 6%
2016-04-13 14:02:54,567 Stage-1 map = 42%,  reduce = 7%
2016-04-13 14:02:57,587 Stage-1 map = 43%,  reduce = 7%
2016-04-13 14:03:00,607 Stage-1 map = 44%,  reduce = 7%
2016-04-13 14:03:03,627 Stage-1 map = 45%,  reduce = 7%
2016-04-13 14:03:12,681 Stage-1 map = 46%,  reduce = 7%
2016-04-13 14:03:15,701 Stage-1 map = 47%,  reduce = 7%
2016-04-13 14:03:18,722 Stage-1 map = 48%,  reduce = 7%
2016-04-13 14:03:24,758 Stage-1 map = 48%,  reduce = 8%
2016-04-13 14:03:27,777 Stage-1 map = 49%,  reduce = 8%
2016-04-13 14:03:30,796 Stage-1 map = 50%,  reduce = 8%
2016-04-13 14:03:36,834 Stage-1 map = 51%,  reduce = 8%
2016-04-13 14:03:39,854 Stage-1 map = 52%,  reduce = 8%
2016-04-13 14:03:42,874 Stage-1 map = 53%,  reduce = 8%
2016-04-13 14:03:48,910 Stage-1 map = 54%,  reduce = 9%
2016-04-13 14:03:51,930 Stage-1 map = 55%,  reduce = 9%
2016-04-13 14:04:00,984 Stage-1 map = 56%,  reduce = 9%
2016-04-13 14:04:04,003 Stage-1 map = 57%,  reduce = 9%
2016-04-13 14:04:07,023 Stage-1 map = 58%,  reduce = 9%
2016-04-13 14:04:10,043 Stage-1 map = 59%,  reduce = 9%
2016-04-13 14:04:16,080 Stage-1 map = 60%,  reduce = 9%
2016-04-13 14:04:19,101 Stage-1 map = 61%,  reduce = 10%
2016-04-13 14:04:22,121 Stage-1 map = 62%,  reduce = 10%
2016-04-13 14:04:31,176 Stage-1 map = 63%,  reduce = 10%
2016-04-13 14:04:34,196 Stage-1 map = 65%,  reduce = 10%
2016-04-13 14:04:40,233 Stage-1 map = 66%,  reduce = 10%
2016-04-13 14:04:46,269 Stage-1 map = 66%,  reduce = 11%
2016-04-13 14:04:49,289 Stage-1 map = 68%,  reduce = 11%
2016-04-13 14:04:55,326 Stage-1 map = 69%,  reduce = 11%
2016-04-13 14:05:01,364 Stage-1 map = 70%,  reduce = 11%
2016-04-13 14:05:04,384 Stage-1 map = 72%,  reduce = 11%
2016-04-13 14:05:13,437 Stage-1 map = 72%,  reduce = 12%
2016-04-13 14:05:16,456 Stage-1 map = 73%,  reduce = 12%
2016-04-13 14:05:19,475 Stage-1 map = 75%,  reduce = 12%
2016-04-13 14:05:22,494 Stage-1 map = 76%,  reduce = 12%
2016-04-13 14:05:31,546 Stage-1 map = 77%,  reduce = 12%
2016-04-13 14:05:34,565 Stage-1 map = 78%,  reduce = 13%
2016-04-13 14:05:37,585 Stage-1 map = 79%,  reduce = 13%
2016-04-13 14:05:46,637 Stage-1 map = 80%,  reduce = 13%
2016-04-13 14:05:49,660 Stage-1 map = 81%,  reduce = 13%
2016-04-13 14:05:52,680 Stage-1 map = 83%,  reduce = 13%
2016-04-13 14:06:01,731 Stage-1 map = 83%,  reduce = 14%
2016-04-13 14:06:04,750 Stage-1 map = 84%,  reduce = 14%
2016-04-13 14:06:07,769 Stage-1 map = 86%,  reduce = 14%
2016-04-13 14:06:18,837 Stage-1 map = 87%,  reduce = 14%
2016-04-13 14:06:21,856 Stage-1 map = 89%,  reduce = 14%
2016-04-13 14:06:24,877 Stage-1 map = 90%,  reduce = 14%
2016-04-13 14:06:27,897 Stage-1 map = 90%,  reduce = 15%
2016-04-13 14:06:33,932 Stage-1 map = 91%,  reduce = 15%
2016-04-13 14:06:36,952 Stage-1 map = 92%,  reduce = 15%
2016-04-13 14:06:39,972 Stage-1 map = 93%,  reduce = 15%
2016-04-13 14:06:49,026 Stage-1 map = 94%,  reduce = 15%
2016-04-13 14:06:52,046 Stage-1 map = 96%,  reduce = 15%
2016-04-13 14:06:55,066 Stage-1 map = 96%,  reduce = 16%
2016-04-13 14:06:58,086 Stage-1 map = 97%,  reduce = 16%
2016-04-13 14:07:07,138 Stage-1 map = 99%,  reduce = 16%
2016-04-13 14:07:10,158 Stage-1 map = 100%,  reduce = 16%
2016-04-13 14:07:19,211 Stage-1 map = 100%,  reduce = 21%
2016-04-13 14:07:22,231 Stage-1 map = 100%,  reduce = 30%
2016-04-13 14:07:25,251 Stage-1 map = 100%,  reduce = 36%
2016-04-13 14:07:28,272 Stage-1 map = 100%,  reduce = 39%
2016-04-13 14:07:31,292 Stage-1 map = 100%,  reduce = 42%
2016-04-13 14:07:34,313 Stage-1 map = 100%,  reduce = 45%
2016-04-13 14:07:37,336 Stage-1 map = 100%,  reduce = 48%
2016-04-13 14:07:40,357 Stage-1 map = 100%,  reduce = 50%
2016-04-13 14:07:46,397 Stage-1 map = 100%,  reduce = 51%
2016-04-13 14:07:49,419 Stage-1 map = 100%,  reduce = 55%
2016-04-13 14:07:52,440 Stage-1 map = 100%,  reduce = 60%
2016-04-13 14:07:55,461 Stage-1 map = 100%,  reduce = 62%
2016-04-13 14:07:58,483 Stage-1 map = 100%,  reduce = 63%
2016-04-13 14:08:01,508 Stage-1 map = 100%,  reduce = 64%
2016-04-13 14:08:04,540 Stage-1 map = 100%,  reduce = 65%
2016-04-13 14:08:07,561 Stage-1 map = 100%,  reduce = 66%
2016-04-13 14:08:10,583 Stage-1 map = 100%,  reduce = 67%
2016-04-13 14:08:13,604 Stage-1 map = 100%,  reduce = 75%
2016-04-13 14:08:16,625 Stage-1 map = 100%,  reduce = 84%
2016-04-13 14:08:19,645 Stage-1 map = 100%,  reduce = 87%
2016-04-13 14:08:22,668 Stage-1 map = 100%,  reduce = 90%
2016-04-13 14:08:25,690 Stage-1 map = 100%,  reduce = 93%
2016-04-13 14:08:28,710 Stage-1 map = 100%,  reduce = 96%
2016-04-13 14:08:31,731 Stage-1 map = 100%,  reduce = 99%
2016-04-13 14:08:34,752 Stage-1 map = 100%,  reduce = 100%
Ended Job = job_201604131359_0001
Loading data to table q21_tmp1
15000000 Rows loaded to q21_tmp1
OK
Time taken: 541.007 seconds
Total MapReduce jobs = 1
Launching Job 1 out of 1
Number of reduce tasks not specified. Estimated from input data size: 8
In order to change the average load for a reducer (in bytes):
  set hive.exec.reducers.bytes.per.reducer=<number>
In order to limit the maximum number of reducers:
  set hive.exec.reducers.max=<number>
In order to set a constant number of reducers:
  set mapred.reduce.tasks=<number>
Starting Job = job_201604131359_0002, Tracking URL = http://belona.c3local:50030/jobdetails.jsp?jobid=job_201604131359_0002
Kill Command = /home/hadoop/hadoop/bin/../bin/hadoop job  -Dmapred.job.tracker=belona.c3local:9001 -kill job_201604131359_0002
2016-04-13 14:08:43,575 Stage-1 map = 0%,  reduce = 0%
2016-04-13 14:08:52,615 Stage-1 map = 1%,  reduce = 0%
2016-04-13 14:08:55,630 Stage-1 map = 3%,  reduce = 0%
2016-04-13 14:09:07,695 Stage-1 map = 4%,  reduce = 0%
2016-04-13 14:09:10,714 Stage-1 map = 6%,  reduce = 0%
2016-04-13 14:09:13,737 Stage-1 map = 7%,  reduce = 0%
2016-04-13 14:09:25,802 Stage-1 map = 8%,  reduce = 1%
2016-04-13 14:09:28,819 Stage-1 map = 9%,  reduce = 1%
2016-04-13 14:09:31,837 Stage-1 map = 10%,  reduce = 1%
2016-04-13 14:09:40,886 Stage-1 map = 11%,  reduce = 1%
2016-04-13 14:09:43,905 Stage-1 map = 13%,  reduce = 2%
2016-04-13 14:09:46,923 Stage-1 map = 14%,  reduce = 2%
2016-04-13 14:09:55,973 Stage-1 map = 15%,  reduce = 2%
2016-04-13 14:09:58,993 Stage-1 map = 17%,  reduce = 2%
2016-04-13 14:10:08,041 Stage-1 map = 17%,  reduce = 3%
2016-04-13 14:10:11,059 Stage-1 map = 18%,  reduce = 3%
2016-04-13 14:10:14,077 Stage-1 map = 20%,  reduce = 3%
2016-04-13 14:10:17,095 Stage-1 map = 21%,  reduce = 3%
2016-04-13 14:10:26,145 Stage-1 map = 22%,  reduce = 3%
2016-04-13 14:10:29,162 Stage-1 map = 23%,  reduce = 3%
2016-04-13 14:10:31,177 Stage-1 map = 24%,  reduce = 3%
2016-04-13 14:10:37,223 Stage-1 map = 24%,  reduce = 4%
2016-04-13 14:10:40,241 Stage-1 map = 25%,  reduce = 4%
2016-04-13 14:10:43,259 Stage-1 map = 27%,  reduce = 4%
2016-04-13 14:10:46,277 Stage-1 map = 28%,  reduce = 4%
2016-04-13 14:10:55,325 Stage-1 map = 29%,  reduce = 4%
2016-04-13 14:10:58,342 Stage-1 map = 30%,  reduce = 5%
2016-04-13 14:11:01,360 Stage-1 map = 31%,  reduce = 5%
2016-04-13 14:11:10,408 Stage-1 map = 32%,  reduce = 5%
2016-04-13 14:11:13,425 Stage-1 map = 33%,  reduce = 5%
2016-04-13 14:11:16,443 Stage-1 map = 34%,  reduce = 5%
2016-04-13 14:11:25,491 Stage-1 map = 35%,  reduce = 5%
2016-04-13 14:11:28,509 Stage-1 map = 36%,  reduce = 6%
2016-04-13 14:11:31,527 Stage-1 map = 38%,  reduce = 6%
2016-04-13 14:11:43,591 Stage-1 map = 40%,  reduce = 6%
2016-04-13 14:11:46,612 Stage-1 map = 41%,  reduce = 6%
2016-04-13 14:11:55,657 Stage-1 map = 42%,  reduce = 6%
2016-04-13 14:11:58,675 Stage-1 map = 43%,  reduce = 7%
2016-04-13 14:12:01,692 Stage-1 map = 45%,  reduce = 7%
2016-04-13 14:12:13,752 Stage-1 map = 47%,  reduce = 7%
2016-04-13 14:12:16,769 Stage-1 map = 48%,  reduce = 7%
2016-04-13 14:12:25,815 Stage-1 map = 49%,  reduce = 7%
2016-04-13 14:12:28,834 Stage-1 map = 50%,  reduce = 8%
2016-04-13 14:12:31,852 Stage-1 map = 51%,  reduce = 8%
2016-04-13 14:12:34,869 Stage-1 map = 52%,  reduce = 8%
2016-04-13 14:12:46,931 Stage-1 map = 54%,  reduce = 8%
2016-04-13 14:12:49,949 Stage-1 map = 55%,  reduce = 9%
2016-04-13 14:12:58,996 Stage-1 map = 56%,  reduce = 9%
2016-04-13 14:13:02,013 Stage-1 map = 57%,  reduce = 9%
2016-04-13 14:13:05,031 Stage-1 map = 58%,  reduce = 9%
2016-04-13 14:13:08,048 Stage-1 map = 59%,  reduce = 9%
2016-04-13 14:13:14,081 Stage-1 map = 59%,  reduce = 10%
2016-04-13 14:13:17,098 Stage-1 map = 60%,  reduce = 10%
2016-04-13 14:13:20,116 Stage-1 map = 61%,  reduce = 10%
2016-04-13 14:13:23,134 Stage-1 map = 62%,  reduce = 10%
2016-04-13 14:13:29,167 Stage-1 map = 63%,  reduce = 10%
2016-04-13 14:13:35,200 Stage-1 map = 64%,  reduce = 10%
2016-04-13 14:13:38,218 Stage-1 map = 65%,  reduce = 10%
2016-04-13 14:13:41,235 Stage-1 map = 66%,  reduce = 10%
2016-04-13 14:13:44,253 Stage-1 map = 66%,  reduce = 11%
2016-04-13 14:13:47,274 Stage-1 map = 67%,  reduce = 11%
2016-04-13 14:13:50,293 Stage-1 map = 68%,  reduce = 11%
2016-04-13 14:13:53,310 Stage-1 map = 69%,  reduce = 11%
