Hive history file=/tmp/hadoop/hive_job_log_hadoop_201604120057_1054866938.txt
OK
Time taken: 3.463 seconds
OK
Time taken: 0.086 seconds
OK
Time taken: 0.066 seconds
OK
Time taken: 0.058 seconds
FAILED: Error in metadata: MetaException(message:Got exception: org.apache.hadoop.ipc.RemoteException org.apache.hadoop.hdfs.server.namenode.SafeModeException: Cannot delete /user/hive/warehouse/q10_returned_item. Name node is in safe mode.
The ratio of reported blocks 1.0000 has reached the threshold 0.9990. Safe mode will be turned off automatically in 24 seconds.
	at org.apache.hadoop.hdfs.server.namenode.FSNamesystem.deleteInternal(FSNamesystem.java:1700)
	at org.apache.hadoop.hdfs.server.namenode.FSNamesystem.delete(FSNamesystem.java:1680)
	at org.apache.hadoop.hdfs.server.namenode.NameNode.delete(NameNode.java:517)
	at sun.reflect.NativeMethodAccessorImpl.invoke0(Native Method)
	at sun.reflect.NativeMethodAccessorImpl.invoke(NativeMethodAccessorImpl.java:57)
	at sun.reflect.DelegatingMethodAccessorImpl.invoke(DelegatingMethodAccessorImpl.java:43)
	at java.lang.reflect.Method.invoke(Method.java:606)
	at org.apache.hadoop.ipc.RPC$Server.call(RPC.java:508)
	at org.apache.hadoop.ipc.Server$Handler$1.run(Server.java:959)
	at org.apache.hadoop.ipc.Server$Handler$1.run(Server.java:955)
	at java.security.AccessController.doPrivileged(Native Method)
	at javax.security.auth.Subject.doAs(Subject.java:415)
	at org.apache.hadoop.ipc.Server$Handler.run(Server.java:953)
)
FAILED: Execution Error, return code 1 from org.apache.hadoop.hive.ql.exec.DDLTask
Hive history file=/tmp/hadoop/hive_job_log_hadoop_201604120057_623839542.txt
OK
Time taken: 2.898 seconds
OK
Time taken: 0.007 seconds
OK
Time taken: 0.012 seconds
OK
Time taken: 0.008 seconds
OK
Time taken: 0.008 seconds
OK
Time taken: 0.437 seconds
OK
Time taken: 0.039 seconds
OK
Time taken: 0.032 seconds
OK
Time taken: 0.033 seconds
OK
Time taken: 0.033 seconds
Total MapReduce jobs = 6
Launching Job 1 out of 6
Number of reduce tasks not specified. Estimated from input data size: 2
In order to change the average load for a reducer (in bytes):
  set hive.exec.reducers.bytes.per.reducer=<number>
In order to limit the maximum number of reducers:
  set hive.exec.reducers.max=<number>
In order to set a constant number of reducers:
  set mapred.reduce.tasks=<number>
Starting Job = job_201604120057_0001, Tracking URL = http://belona.c3local:50030/jobdetails.jsp?jobid=job_201604120057_0001
Kill Command = /home/hadoop/hadoop/bin/../bin/hadoop job  -Dmapred.job.tracker=belona.c3local:9001 -kill job_201604120057_0001
2016-04-12 00:57:20,687 Stage-1 map = 0%,  reduce = 0%
2016-04-12 00:57:29,756 Stage-1 map = 6%,  reduce = 0%
2016-04-12 00:57:32,783 Stage-1 map = 13%,  reduce = 0%
2016-04-12 00:57:35,807 Stage-1 map = 32%,  reduce = 0%
2016-04-12 00:57:38,841 Stage-1 map = 55%,  reduce = 0%
2016-04-12 00:57:41,875 Stage-1 map = 64%,  reduce = 0%
2016-04-12 00:57:44,913 Stage-1 map = 73%,  reduce = 0%
2016-04-12 00:57:47,947 Stage-1 map = 77%,  reduce = 10%
2016-04-12 00:57:50,980 Stage-1 map = 83%,  reduce = 20%
2016-04-12 00:57:54,015 Stage-1 map = 87%,  reduce = 20%
2016-04-12 00:57:57,048 Stage-1 map = 92%,  reduce = 20%
2016-04-12 00:58:00,086 Stage-1 map = 100%,  reduce = 20%
2016-04-12 00:58:03,121 Stage-1 map = 100%,  reduce = 23%
2016-04-12 00:58:06,155 Stage-1 map = 100%,  reduce = 27%
2016-04-12 00:58:09,191 Stage-1 map = 100%,  reduce = 57%
2016-04-12 00:58:12,232 Stage-1 map = 100%,  reduce = 100%
Ended Job = job_201604120057_0001
Launching Job 2 out of 6
Number of reduce tasks not specified. Estimated from input data size: 1
In order to change the average load for a reducer (in bytes):
  set hive.exec.reducers.bytes.per.reducer=<number>
In order to limit the maximum number of reducers:
  set hive.exec.reducers.max=<number>
In order to set a constant number of reducers:
  set mapred.reduce.tasks=<number>
Starting Job = job_201604120057_0002, Tracking URL = http://belona.c3local:50030/jobdetails.jsp?jobid=job_201604120057_0002
Kill Command = /home/hadoop/hadoop/bin/../bin/hadoop job  -Dmapred.job.tracker=belona.c3local:9001 -kill job_201604120057_0002
2016-04-12 00:58:20,882 Stage-2 map = 0%,  reduce = 0%
2016-04-12 00:58:29,939 Stage-2 map = 96%,  reduce = 0%
2016-04-12 00:58:32,968 Stage-2 map = 100%,  reduce = 0%
2016-04-12 00:58:39,020 Stage-2 map = 100%,  reduce = 22%
2016-04-12 00:58:42,049 Stage-2 map = 100%,  reduce = 75%
2016-04-12 00:58:45,080 Stage-2 map = 100%,  reduce = 100%
Ended Job = job_201604120057_0002
Launching Job 3 out of 6
Number of reduce tasks not specified. Estimated from input data size: 8
In order to change the average load for a reducer (in bytes):
  set hive.exec.reducers.bytes.per.reducer=<number>
In order to limit the maximum number of reducers:
  set hive.exec.reducers.max=<number>
In order to set a constant number of reducers:
  set mapred.reduce.tasks=<number>
Starting Job = job_201604120057_0003, Tracking URL = http://belona.c3local:50030/jobdetails.jsp?jobid=job_201604120057_0003
Kill Command = /home/hadoop/hadoop/bin/../bin/hadoop job  -Dmapred.job.tracker=belona.c3local:9001 -kill job_201604120057_0003
2016-04-12 00:58:53,778 Stage-3 map = 0%,  reduce = 0%
2016-04-12 00:59:02,831 Stage-3 map = 5%,  reduce = 0%
2016-04-12 00:59:05,850 Stage-3 map = 10%,  reduce = 0%
2016-04-12 00:59:08,887 Stage-3 map = 15%,  reduce = 0%
2016-04-12 00:59:11,914 Stage-3 map = 18%,  reduce = 0%
2016-04-12 00:59:14,941 Stage-3 map = 19%,  reduce = 0%
2016-04-12 00:59:17,972 Stage-3 map = 21%,  reduce = 0%
2016-04-12 00:59:21,001 Stage-3 map = 23%,  reduce = 2%
2016-04-12 00:59:24,030 Stage-3 map = 26%,  reduce = 2%
2016-04-12 00:59:27,059 Stage-3 map = 28%,  reduce = 2%
2016-04-12 00:59:30,087 Stage-3 map = 30%,  reduce = 2%
2016-04-12 00:59:33,113 Stage-3 map = 32%,  reduce = 2%
2016-04-12 00:59:36,137 Stage-3 map = 35%,  reduce = 4%
2016-04-12 00:59:39,162 Stage-3 map = 39%,  reduce = 4%
2016-04-12 00:59:42,188 Stage-3 map = 42%,  reduce = 4%
2016-04-12 00:59:45,212 Stage-3 map = 44%,  reduce = 4%
2016-04-12 00:59:48,234 Stage-3 map = 46%,  reduce = 4%
2016-04-12 00:59:51,262 Stage-3 map = 49%,  reduce = 6%
2016-04-12 00:59:54,283 Stage-3 map = 53%,  reduce = 6%
2016-04-12 00:59:57,306 Stage-3 map = 55%,  reduce = 6%
2016-04-12 01:00:00,328 Stage-3 map = 57%,  reduce = 6%
2016-04-12 01:00:03,350 Stage-3 map = 59%,  reduce = 6%
2016-04-12 01:00:06,370 Stage-3 map = 62%,  reduce = 8%
2016-04-12 01:00:09,391 Stage-3 map = 66%,  reduce = 8%
2016-04-12 01:00:12,413 Stage-3 map = 67%,  reduce = 8%
2016-04-12 01:00:15,434 Stage-3 map = 69%,  reduce = 8%
2016-04-12 01:00:18,456 Stage-3 map = 72%,  reduce = 8%
2016-04-12 01:00:21,477 Stage-3 map = 74%,  reduce = 9%
2016-04-12 01:00:24,498 Stage-3 map = 78%,  reduce = 10%
2016-04-12 01:00:27,520 Stage-3 map = 80%,  reduce = 10%
2016-04-12 01:00:30,541 Stage-3 map = 82%,  reduce = 10%
2016-04-12 01:00:33,562 Stage-3 map = 84%,  reduce = 10%
2016-04-12 01:00:36,583 Stage-3 map = 87%,  reduce = 12%
2016-04-12 01:00:39,604 Stage-3 map = 91%,  reduce = 13%
2016-04-12 01:00:42,625 Stage-3 map = 92%,  reduce = 13%
2016-04-12 01:00:45,646 Stage-3 map = 94%,  reduce = 13%
2016-04-12 01:00:48,668 Stage-3 map = 97%,  reduce = 13%
2016-04-12 01:00:50,683 Stage-3 map = 99%,  reduce = 14%
2016-04-12 01:00:51,693 Stage-3 map = 99%,  reduce = 15%
2016-04-12 01:00:53,708 Stage-3 map = 100%,  reduce = 15%
2016-04-12 01:01:02,792 Stage-3 map = 100%,  reduce = 19%
2016-04-12 01:01:05,813 Stage-3 map = 100%,  reduce = 36%
2016-04-12 01:01:08,835 Stage-3 map = 100%,  reduce = 44%
2016-04-12 01:01:11,859 Stage-3 map = 100%,  reduce = 50%
2016-04-12 01:01:17,900 Stage-3 map = 100%,  reduce = 54%
2016-04-12 01:01:20,922 Stage-3 map = 100%,  reduce = 66%
2016-04-12 01:01:23,943 Stage-3 map = 100%,  reduce = 76%
2016-04-12 01:01:26,965 Stage-3 map = 100%,  reduce = 84%
2016-04-12 01:01:29,987 Stage-3 map = 100%,  reduce = 96%
2016-04-12 01:01:33,008 Stage-3 map = 100%,  reduce = 100%
Ended Job = job_201604120057_0003
Launching Job 4 out of 6
Number of reduce tasks not specified. Estimated from input data size: 1
In order to change the average load for a reducer (in bytes):
  set hive.exec.reducers.bytes.per.reducer=<number>
In order to limit the maximum number of reducers:
  set hive.exec.reducers.max=<number>
In order to set a constant number of reducers:
  set mapred.reduce.tasks=<number>
Starting Job = job_201604120057_0004, Tracking URL = http://belona.c3local:50030/jobdetails.jsp?jobid=job_201604120057_0004
Kill Command = /home/hadoop/hadoop/bin/../bin/hadoop job  -Dmapred.job.tracker=belona.c3local:9001 -kill job_201604120057_0004
2016-04-12 01:01:42,543 Stage-4 map = 0%,  reduce = 0%
2016-04-12 01:01:48,573 Stage-4 map = 25%,  reduce = 0%
2016-04-12 01:01:51,593 Stage-4 map = 50%,  reduce = 0%
2016-04-12 01:01:57,628 Stage-4 map = 75%,  reduce = 17%
2016-04-12 01:02:00,645 Stage-4 map = 100%,  reduce = 17%
2016-04-12 01:02:06,678 Stage-4 map = 100%,  reduce = 25%
2016-04-12 01:02:12,712 Stage-4 map = 100%,  reduce = 100%
Ended Job = job_201604120057_0004
Launching Job 5 out of 6
Number of reduce tasks determined at compile time: 1
In order to change the average load for a reducer (in bytes):
  set hive.exec.reducers.bytes.per.reducer=<number>
In order to limit the maximum number of reducers:
  set hive.exec.reducers.max=<number>
In order to set a constant number of reducers:
  set mapred.reduce.tasks=<number>
Starting Job = job_201604120057_0005, Tracking URL = http://belona.c3local:50030/jobdetails.jsp?jobid=job_201604120057_0005
Kill Command = /home/hadoop/hadoop/bin/../bin/hadoop job  -Dmapred.job.tracker=belona.c3local:9001 -kill job_201604120057_0005
2016-04-12 01:02:21,271 Stage-5 map = 0%,  reduce = 0%
2016-04-12 01:02:27,299 Stage-5 map = 100%,  reduce = 0%
2016-04-12 01:02:36,347 Stage-5 map = 100%,  reduce = 100%
Ended Job = job_201604120057_0005
Launching Job 6 out of 6
Number of reduce tasks determined at compile time: 1
In order to change the average load for a reducer (in bytes):
  set hive.exec.reducers.bytes.per.reducer=<number>
In order to limit the maximum number of reducers:
  set hive.exec.reducers.max=<number>
In order to set a constant number of reducers:
  set mapred.reduce.tasks=<number>
Starting Job = job_201604120057_0006, Tracking URL = http://belona.c3local:50030/jobdetails.jsp?jobid=job_201604120057_0006
Kill Command = /home/hadoop/hadoop/bin/../bin/hadoop job  -Dmapred.job.tracker=belona.c3local:9001 -kill job_201604120057_0006
2016-04-12 01:02:45,759 Stage-6 map = 0%,  reduce = 0%
2016-04-12 01:02:48,777 Stage-6 map = 100%,  reduce = 0%
2016-04-12 01:02:57,828 Stage-6 map = 100%,  reduce = 100%
Ended Job = job_201604120057_0006
Loading data to table q10_returned_item
20 Rows loaded to q10_returned_item
OK
Time taken: 346.765 seconds
Hive history file=/tmp/hadoop/hive_job_log_hadoop_201604120103_997471933.txt
OK
Time taken: 3.474 seconds
OK
Time taken: 0.088 seconds
OK
Time taken: 0.066 seconds
OK
Time taken: 0.058 seconds
FAILED: Error in metadata: MetaException(message:Got exception: org.apache.hadoop.ipc.RemoteException org.apache.hadoop.hdfs.server.namenode.SafeModeException: Cannot delete /user/hive/warehouse/q10_returned_item. Name node is in safe mode.
The ratio of reported blocks 1.0000 has reached the threshold 0.9990. Safe mode will be turned off automatically in 24 seconds.
	at org.apache.hadoop.hdfs.server.namenode.FSNamesystem.deleteInternal(FSNamesystem.java:1700)
	at org.apache.hadoop.hdfs.server.namenode.FSNamesystem.delete(FSNamesystem.java:1680)
	at org.apache.hadoop.hdfs.server.namenode.NameNode.delete(NameNode.java:517)
	at sun.reflect.NativeMethodAccessorImpl.invoke0(Native Method)
	at sun.reflect.NativeMethodAccessorImpl.invoke(NativeMethodAccessorImpl.java:57)
	at sun.reflect.DelegatingMethodAccessorImpl.invoke(DelegatingMethodAccessorImpl.java:43)
	at java.lang.reflect.Method.invoke(Method.java:606)
	at org.apache.hadoop.ipc.RPC$Server.call(RPC.java:508)
	at org.apache.hadoop.ipc.Server$Handler$1.run(Server.java:959)
	at org.apache.hadoop.ipc.Server$Handler$1.run(Server.java:955)
	at java.security.AccessController.doPrivileged(Native Method)
	at javax.security.auth.Subject.doAs(Subject.java:415)
	at org.apache.hadoop.ipc.Server$Handler.run(Server.java:953)
)
FAILED: Execution Error, return code 1 from org.apache.hadoop.hive.ql.exec.DDLTask
Hive history file=/tmp/hadoop/hive_job_log_hadoop_201604120103_1229805815.txt
OK
Time taken: 2.958 seconds
OK
Time taken: 0.012 seconds
OK
Time taken: 0.011 seconds
OK
Time taken: 0.009 seconds
OK
Time taken: 0.008 seconds
OK
Time taken: 0.416 seconds
OK
Time taken: 0.04 seconds
OK
Time taken: 0.033 seconds
OK
Time taken: 0.033 seconds
OK
Time taken: 0.042 seconds
Total MapReduce jobs = 6
Launching Job 1 out of 6
Number of reduce tasks not specified. Estimated from input data size: 2
In order to change the average load for a reducer (in bytes):
  set hive.exec.reducers.bytes.per.reducer=<number>
In order to limit the maximum number of reducers:
  set hive.exec.reducers.max=<number>
In order to set a constant number of reducers:
  set mapred.reduce.tasks=<number>
Starting Job = job_201604120103_0001, Tracking URL = http://belona.c3local:50030/jobdetails.jsp?jobid=job_201604120103_0001
Kill Command = /home/hadoop/hadoop/bin/../bin/hadoop job  -Dmapred.job.tracker=belona.c3local:9001 -kill job_201604120103_0001
2016-04-12 01:03:41,855 Stage-1 map = 0%,  reduce = 0%
2016-04-12 01:03:49,913 Stage-1 map = 6%,  reduce = 0%
2016-04-12 01:03:52,940 Stage-1 map = 23%,  reduce = 0%
2016-04-12 01:03:55,964 Stage-1 map = 44%,  reduce = 0%
2016-04-12 01:03:58,998 Stage-1 map = 58%,  reduce = 0%
2016-04-12 01:04:02,032 Stage-1 map = 67%,  reduce = 0%
2016-04-12 01:04:05,067 Stage-1 map = 77%,  reduce = 0%
2016-04-12 01:04:08,101 Stage-1 map = 80%,  reduce = 7%
2016-04-12 01:04:11,133 Stage-1 map = 83%,  reduce = 13%
2016-04-12 01:04:14,165 Stage-1 map = 87%,  reduce = 13%
2016-04-12 01:04:17,198 Stage-1 map = 94%,  reduce = 17%
2016-04-12 01:04:20,232 Stage-1 map = 100%,  reduce = 20%
2016-04-12 01:04:23,266 Stage-1 map = 100%,  reduce = 23%
2016-04-12 01:04:26,299 Stage-1 map = 100%,  reduce = 27%
2016-04-12 01:04:29,339 Stage-1 map = 100%,  reduce = 63%
2016-04-12 01:04:32,378 Stage-1 map = 100%,  reduce = 100%
Ended Job = job_201604120103_0001
Launching Job 2 out of 6
Number of reduce tasks not specified. Estimated from input data size: 1
In order to change the average load for a reducer (in bytes):
  set hive.exec.reducers.bytes.per.reducer=<number>
In order to limit the maximum number of reducers:
  set hive.exec.reducers.max=<number>
In order to set a constant number of reducers:
  set mapred.reduce.tasks=<number>
Starting Job = job_201604120103_0002, Tracking URL = http://belona.c3local:50030/jobdetails.jsp?jobid=job_201604120103_0002
Kill Command = /home/hadoop/hadoop/bin/../bin/hadoop job  -Dmapred.job.tracker=belona.c3local:9001 -kill job_201604120103_0002
2016-04-12 01:04:40,999 Stage-2 map = 0%,  reduce = 0%
2016-04-12 01:04:44,024 Stage-2 map = 33%,  reduce = 0%
2016-04-12 01:04:50,072 Stage-2 map = 96%,  reduce = 0%
2016-04-12 01:04:53,098 Stage-2 map = 100%,  reduce = 11%
2016-04-12 01:05:02,172 Stage-2 map = 100%,  reduce = 79%
2016-04-12 01:05:05,201 Stage-2 map = 100%,  reduce = 100%
Ended Job = job_201604120103_0002
Launching Job 3 out of 6
Number of reduce tasks not specified. Estimated from input data size: 8
In order to change the average load for a reducer (in bytes):
  set hive.exec.reducers.bytes.per.reducer=<number>
In order to limit the maximum number of reducers:
  set hive.exec.reducers.max=<number>
In order to set a constant number of reducers:
  set mapred.reduce.tasks=<number>
Starting Job = job_201604120103_0003, Tracking URL = http://belona.c3local:50030/jobdetails.jsp?jobid=job_201604120103_0003
Kill Command = /home/hadoop/hadoop/bin/../bin/hadoop job  -Dmapred.job.tracker=belona.c3local:9001 -kill job_201604120103_0003
2016-04-12 01:05:14,852 Stage-3 map = 0%,  reduce = 0%
2016-04-12 01:05:23,904 Stage-3 map = 5%,  reduce = 0%
2016-04-12 01:05:26,923 Stage-3 map = 11%,  reduce = 0%
2016-04-12 01:05:29,958 Stage-3 map = 15%,  reduce = 0%
2016-04-12 01:05:32,980 Stage-3 map = 18%,  reduce = 0%
2016-04-12 01:05:36,008 Stage-3 map = 20%,  reduce = 0%
2016-04-12 01:05:39,037 Stage-3 map = 21%,  reduce = 0%
2016-04-12 01:05:42,068 Stage-3 map = 23%,  reduce = 0%
2016-04-12 01:05:45,097 Stage-3 map = 25%,  reduce = 1%
2016-04-12 01:05:47,120 Stage-3 map = 26%,  reduce = 2%
2016-04-12 01:05:48,132 Stage-3 map = 27%,  reduce = 2%
2016-04-12 01:05:50,156 Stage-3 map = 29%,  reduce = 2%
2016-04-12 01:05:53,182 Stage-3 map = 31%,  reduce = 2%
2016-04-12 01:05:56,207 Stage-3 map = 34%,  reduce = 3%
2016-04-12 01:05:59,232 Stage-3 map = 38%,  reduce = 4%
2016-04-12 01:06:02,258 Stage-3 map = 42%,  reduce = 4%
2016-04-12 01:06:05,283 Stage-3 map = 44%,  reduce = 4%
2016-04-12 01:06:08,309 Stage-3 map = 47%,  reduce = 4%
2016-04-12 01:06:11,334 Stage-3 map = 50%,  reduce = 5%
2016-04-12 01:06:14,357 Stage-3 map = 53%,  reduce = 6%
2016-04-12 01:06:17,381 Stage-3 map = 55%,  reduce = 6%
2016-04-12 01:06:20,403 Stage-3 map = 56%,  reduce = 6%
2016-04-12 01:06:23,426 Stage-3 map = 58%,  reduce = 6%
2016-04-12 01:06:26,447 Stage-3 map = 62%,  reduce = 7%
2016-04-12 01:06:29,469 Stage-3 map = 65%,  reduce = 8%
2016-04-12 01:06:32,490 Stage-3 map = 67%,  reduce = 9%
2016-04-12 01:06:35,510 Stage-3 map = 69%,  reduce = 9%
2016-04-12 01:06:38,536 Stage-3 map = 71%,  reduce = 9%
2016-04-12 01:06:41,557 Stage-3 map = 75%,  reduce = 10%
2016-04-12 01:06:44,578 Stage-3 map = 78%,  reduce = 10%
2016-04-12 01:06:47,600 Stage-3 map = 81%,  reduce = 10%
2016-04-12 01:06:50,621 Stage-3 map = 83%,  reduce = 10%
2016-04-12 01:06:53,643 Stage-3 map = 85%,  reduce = 11%
2016-04-12 01:06:56,663 Stage-3 map = 88%,  reduce = 11%
2016-04-12 01:06:59,685 Stage-3 map = 91%,  reduce = 12%
2016-04-12 01:07:02,706 Stage-3 map = 93%,  reduce = 12%
2016-04-12 01:07:05,727 Stage-3 map = 94%,  reduce = 14%
2016-04-12 01:07:08,748 Stage-3 map = 97%,  reduce = 15%
2016-04-12 01:07:11,769 Stage-3 map = 99%,  reduce = 15%
2016-04-12 01:07:14,791 Stage-3 map = 100%,  reduce = 15%
2016-04-12 01:07:20,829 Stage-3 map = 100%,  reduce = 16%
2016-04-12 01:07:23,849 Stage-3 map = 100%,  reduce = 25%
2016-04-12 01:07:26,871 Stage-3 map = 100%,  reduce = 39%
