namenode running as process 20065. Stop it first.
juno: datanode running as process 15832. Stop it first.
pallas: datanode running as process 3714. Stop it first.
belona: secondarynamenode running as process 20219. Stop it first.
jobtracker running as process 20305. Stop it first.
pallas: tasktracker running as process 3850. Stop it first.
juno: tasktracker running as process 15970. Stop it first.
stopping jobtracker
juno: stopping tasktracker
pallas: stopping tasktracker
stopping namenode
juno: stopping datanode
pallas: stopping datanode
belona: stopping secondarynamenode
starting namenode, logging to /home/hadoop/hadoop/bin/../logs/hadoop-hadoop-namenode-belona.out
juno: starting datanode, logging to /home/hadoop/hadoop/bin/../logs/hadoop-hadoop-datanode-juno.out
pallas: starting datanode, logging to /home/hadoop/hadoop/bin/../logs/hadoop-hadoop-datanode-pallas.out
belona: starting secondarynamenode, logging to /home/hadoop/hadoop/bin/../logs/hadoop-hadoop-secondarynamenode-belona.out
starting jobtracker, logging to /home/hadoop/hadoop/bin/../logs/hadoop-hadoop-jobtracker-belona.out
juno: starting tasktracker, logging to /home/hadoop/hadoop/bin/../logs/hadoop-hadoop-tasktracker-juno.out
pallas: starting tasktracker, logging to /home/hadoop/hadoop/bin/../logs/hadoop-hadoop-tasktracker-pallas.out
Safe mode is OFF
