namenode running as process 22283. Stop it first.
juno: datanode running as process 6742. Stop it first.
pallas: datanode running as process 2824. Stop it first.
belona: secondarynamenode running as process 22437. Stop it first.
jobtracker running as process 22523. Stop it first.
pallas: tasktracker running as process 2959. Stop it first.
juno: tasktracker running as process 6849. Stop it first.
stopping jobtracker
juno: stopping tasktracker
pallas: stopping tasktracker
stopping namenode
pallas: stopping datanode
juno: stopping datanode
belona: stopping secondarynamenode
starting namenode, logging to /home/hadoop/hadoop/bin/../logs/hadoop-hadoop-namenode-belona.out
pallas: starting datanode, logging to /home/hadoop/hadoop/bin/../logs/hadoop-hadoop-datanode-pallas.out
juno: starting datanode, logging to /home/hadoop/hadoop/bin/../logs/hadoop-hadoop-datanode-juno.out
belona: starting secondarynamenode, logging to /home/hadoop/hadoop/bin/../logs/hadoop-hadoop-secondarynamenode-belona.out
starting jobtracker, logging to /home/hadoop/hadoop/bin/../logs/hadoop-hadoop-jobtracker-belona.out
juno: starting tasktracker, logging to /home/hadoop/hadoop/bin/../logs/hadoop-hadoop-tasktracker-juno.out
pallas: starting tasktracker, logging to /home/hadoop/hadoop/bin/../logs/hadoop-hadoop-tasktracker-pallas.out
Safe mode is OFF
stopping jobtracker
juno: stopping tasktracker
pallas: stopping tasktracker
stopping namenode
juno: stopping datanode
pallas: stopping datanode
belona: stopping secondarynamenode
