Hive history file=/tmp/hadoop/hive_job_log_hadoop_201604121503_1867043125.txt
OK
Time taken: 3.438 seconds
OK
Time taken: 0.065 seconds
OK
Time taken: 0.01 seconds
OK
Time taken: 0.223 seconds
OK
Time taken: 0.041 seconds
FAILED: Error in metadata: MetaException(message:Got exception: org.apache.hadoop.ipc.RemoteException org.apache.hadoop.hdfs.server.namenode.SafeModeException: Cannot create directory /user/hive/warehouse/q12_shipping. Name node is in safe mode.
The ratio of reported blocks 1.0000 has reached the threshold 0.9990. Safe mode will be turned off automatically in 24 seconds.
	at org.apache.hadoop.hdfs.server.namenode.FSNamesystem.mkdirsInternal(FSNamesystem.java:1761)
	at org.apache.hadoop.hdfs.server.namenode.FSNamesystem.mkdirs(FSNamesystem.java:1735)
	at org.apache.hadoop.hdfs.server.namenode.NameNode.mkdirs(NameNode.java:542)
	at sun.reflect.NativeMethodAccessorImpl.invoke0(Native Method)
	at sun.reflect.NativeMethodAccessorImpl.invoke(NativeMethodAccessorImpl.java:57)
	at sun.reflect.DelegatingMethodAccessorImpl.invoke(DelegatingMethodAccessorImpl.java:43)
	at java.lang.reflect.Method.invoke(Method.java:606)
	at org.apache.hadoop.ipc.RPC$Server.call(RPC.java:508)
	at org.apache.hadoop.ipc.Server$Handler$1.run(Server.java:959)
	at org.apache.hadoop.ipc.Server$Handler$1.run(Server.java:955)
	at java.security.AccessController.doPrivileged(Native Method)
	at javax.security.auth.Subject.doAs(Subject.java:415)
	at org.apache.hadoop.ipc.Server$Handler.run(Server.java:953)
)
FAILED: Execution Error, return code 1 from org.apache.hadoop.hive.ql.exec.DDLTask
Hive history file=/tmp/hadoop/hive_job_log_hadoop_201604121504_1987536829.txt
OK
Time taken: 3.548 seconds
OK
Time taken: 0.065 seconds
OK
Time taken: 0.01 seconds
OK
Time taken: 0.233 seconds
OK
Time taken: 0.033 seconds
OK
Time taken: 0.049 seconds
Total MapReduce jobs = 3
Launching Job 1 out of 3
Number of reduce tasks not specified. Estimated from input data size: 8
In order to change the average load for a reducer (in bytes):
  set hive.exec.reducers.bytes.per.reducer=<number>
In order to limit the maximum number of reducers:
  set hive.exec.reducers.max=<number>
In order to set a constant number of reducers:
  set mapred.reduce.tasks=<number>
Starting Job = job_201604121503_0001, Tracking URL = http://belona.c3local:50030/jobdetails.jsp?jobid=job_201604121503_0001
Kill Command = /home/hadoop/hadoop/bin/../bin/hadoop job  -Dmapred.job.tracker=belona.c3local:9001 -kill job_201604121503_0001
2016-04-12 15:04:13,178 Stage-1 map = 0%,  reduce = 0%
2016-04-12 15:04:22,246 Stage-1 map = 3%,  reduce = 0%
2016-04-12 15:04:25,270 Stage-1 map = 5%,  reduce = 0%
2016-04-12 15:04:28,293 Stage-1 map = 9%,  reduce = 0%
2016-04-12 15:04:31,328 Stage-1 map = 11%,  reduce = 0%
2016-04-12 15:04:34,363 Stage-1 map = 13%,  reduce = 0%
2016-04-12 15:04:37,397 Stage-1 map = 14%,  reduce = 0%
2016-04-12 15:04:40,431 Stage-1 map = 15%,  reduce = 0%
2016-04-12 15:04:43,462 Stage-1 map = 17%,  reduce = 1%
2016-04-12 15:04:46,494 Stage-1 map = 18%,  reduce = 2%
2016-04-12 15:04:49,526 Stage-1 map = 20%,  reduce = 2%
2016-04-12 15:04:52,559 Stage-1 map = 22%,  reduce = 2%
2016-04-12 15:04:55,591 Stage-1 map = 24%,  reduce = 2%
2016-04-12 15:04:58,626 Stage-1 map = 26%,  reduce = 2%
2016-04-12 15:05:01,657 Stage-1 map = 28%,  reduce = 2%
2016-04-12 15:05:04,688 Stage-1 map = 29%,  reduce = 2%
2016-04-12 15:05:07,719 Stage-1 map = 30%,  reduce = 2%
2016-04-12 15:05:13,782 Stage-1 map = 31%,  reduce = 2%
2016-04-12 15:05:16,818 Stage-1 map = 32%,  reduce = 2%
2016-04-12 15:05:22,881 Stage-1 map = 32%,  reduce = 4%
2016-04-12 15:05:25,916 Stage-1 map = 32%,  reduce = 5%
2016-04-12 15:05:28,950 Stage-1 map = 34%,  reduce = 5%
2016-04-12 15:05:31,984 Stage-1 map = 36%,  reduce = 5%
2016-04-12 15:05:35,014 Stage-1 map = 38%,  reduce = 5%
2016-04-12 15:05:38,042 Stage-1 map = 40%,  reduce = 5%
2016-04-12 15:05:41,072 Stage-1 map = 43%,  reduce = 5%
2016-04-12 15:05:44,100 Stage-1 map = 45%,  reduce = 5%
2016-04-12 15:05:47,129 Stage-1 map = 48%,  reduce = 5%
2016-04-12 15:05:50,158 Stage-1 map = 50%,  reduce = 5%
2016-04-12 15:05:53,188 Stage-1 map = 52%,  reduce = 5%
2016-04-12 15:05:56,218 Stage-1 map = 53%,  reduce = 5%
2016-04-12 15:05:59,246 Stage-1 map = 53%,  reduce = 6%
2016-04-12 15:06:02,269 Stage-1 map = 54%,  reduce = 8%
2016-04-12 15:06:05,293 Stage-1 map = 55%,  reduce = 9%
2016-04-12 15:06:07,310 Stage-1 map = 57%,  reduce = 9%
2016-04-12 15:06:10,335 Stage-1 map = 59%,  reduce = 9%
2016-04-12 15:06:11,345 Stage-1 map = 60%,  reduce = 9%
2016-04-12 15:06:13,363 Stage-1 map = 61%,  reduce = 9%
2016-04-12 15:06:14,373 Stage-1 map = 62%,  reduce = 9%
2016-04-12 15:06:16,389 Stage-1 map = 64%,  reduce = 9%
2016-04-12 15:06:19,412 Stage-1 map = 66%,  reduce = 9%
2016-04-12 15:06:22,436 Stage-1 map = 68%,  reduce = 9%
2016-04-12 15:06:25,458 Stage-1 map = 71%,  reduce = 9%
2016-04-12 15:06:28,479 Stage-1 map = 73%,  reduce = 9%
2016-04-12 15:06:31,500 Stage-1 map = 74%,  reduce = 9%
2016-04-12 15:06:34,521 Stage-1 map = 74%,  reduce = 11%
2016-04-12 15:06:37,541 Stage-1 map = 75%,  reduce = 12%
2016-04-12 15:06:40,561 Stage-1 map = 76%,  reduce = 12%
2016-04-12 15:06:43,582 Stage-1 map = 78%,  reduce = 12%
2016-04-12 15:06:46,602 Stage-1 map = 81%,  reduce = 12%
2016-04-12 15:06:49,623 Stage-1 map = 83%,  reduce = 12%
2016-04-12 15:06:52,644 Stage-1 map = 85%,  reduce = 12%
2016-04-12 15:06:55,664 Stage-1 map = 87%,  reduce = 12%
2016-04-12 15:06:58,684 Stage-1 map = 89%,  reduce = 12%
2016-04-12 15:07:01,704 Stage-1 map = 92%,  reduce = 12%
2016-04-12 15:07:04,725 Stage-1 map = 93%,  reduce = 12%
2016-04-12 15:07:07,745 Stage-1 map = 94%,  reduce = 13%
2016-04-12 15:07:10,766 Stage-1 map = 96%,  reduce = 13%
2016-04-12 15:07:13,786 Stage-1 map = 97%,  reduce = 14%
2016-04-12 15:07:16,806 Stage-1 map = 99%,  reduce = 14%
2016-04-12 15:07:19,826 Stage-1 map = 100%,  reduce = 15%
2016-04-12 15:07:22,847 Stage-1 map = 100%,  reduce = 16%
2016-04-12 15:07:28,885 Stage-1 map = 100%,  reduce = 25%
2016-04-12 15:07:31,905 Stage-1 map = 100%,  reduce = 40%
2016-04-12 15:07:34,928 Stage-1 map = 100%,  reduce = 50%
2016-04-12 15:07:43,985 Stage-1 map = 100%,  reduce = 58%
2016-04-12 15:07:47,007 Stage-1 map = 100%,  reduce = 75%
2016-04-12 15:07:50,029 Stage-1 map = 100%,  reduce = 90%
2016-04-12 15:07:53,051 Stage-1 map = 100%,  reduce = 100%
Ended Job = job_201604121503_0001
Launching Job 2 out of 3
Number of reduce tasks not specified. Estimated from input data size: 1
In order to change the average load for a reducer (in bytes):
  set hive.exec.reducers.bytes.per.reducer=<number>
In order to limit the maximum number of reducers:
  set hive.exec.reducers.max=<number>
In order to set a constant number of reducers:
  set mapred.reduce.tasks=<number>
Starting Job = job_201604121503_0002, Tracking URL = http://belona.c3local:50030/jobdetails.jsp?jobid=job_201604121503_0002
Kill Command = /home/hadoop/hadoop/bin/../bin/hadoop job  -Dmapred.job.tracker=belona.c3local:9001 -kill job_201604121503_0002
2016-04-12 15:08:01,687 Stage-2 map = 0%,  reduce = 0%
2016-04-12 15:08:04,705 Stage-2 map = 25%,  reduce = 0%
2016-04-12 15:08:07,739 Stage-2 map = 50%,  reduce = 0%
2016-04-12 15:08:10,758 Stage-2 map = 100%,  reduce = 0%
2016-04-12 15:08:13,778 Stage-2 map = 100%,  reduce = 33%
2016-04-12 15:08:16,798 Stage-2 map = 100%,  reduce = 100%
Ended Job = job_201604121503_0002
Launching Job 3 out of 3
Number of reduce tasks determined at compile time: 1
In order to change the average load for a reducer (in bytes):
  set hive.exec.reducers.bytes.per.reducer=<number>
In order to limit the maximum number of reducers:
  set hive.exec.reducers.max=<number>
In order to set a constant number of reducers:
  set mapred.reduce.tasks=<number>
Starting Job = job_201604121503_0003, Tracking URL = http://belona.c3local:50030/jobdetails.jsp?jobid=job_201604121503_0003
Kill Command = /home/hadoop/hadoop/bin/../bin/hadoop job  -Dmapred.job.tracker=belona.c3local:9001 -kill job_201604121503_0003
2016-04-12 15:08:26,250 Stage-3 map = 0%,  reduce = 0%
2016-04-12 15:08:29,267 Stage-3 map = 100%,  reduce = 0%
2016-04-12 15:08:38,322 Stage-3 map = 100%,  reduce = 100%
Ended Job = job_201604121503_0003
Loading data to table q12_shipping
2 Rows loaded to q12_shipping
OK
Time taken: 273.95 seconds
Hive history file=/tmp/hadoop/hive_job_log_hadoop_201604121509_1707727784.txt
OK
Time taken: 3.577 seconds
OK
Time taken: 0.064 seconds
FAILED: Error in metadata: MetaException(message:Got exception: org.apache.hadoop.ipc.RemoteException org.apache.hadoop.hdfs.server.namenode.SafeModeException: Cannot delete /user/hive/warehouse/q12_shipping. Name node is in safe mode.
The ratio of reported blocks 1.0000 has reached the threshold 0.9990. Safe mode will be turned off automatically in 24 seconds.
	at org.apache.hadoop.hdfs.server.namenode.FSNamesystem.deleteInternal(FSNamesystem.java:1700)
	at org.apache.hadoop.hdfs.server.namenode.FSNamesystem.delete(FSNamesystem.java:1680)
	at org.apache.hadoop.hdfs.server.namenode.NameNode.delete(NameNode.java:517)
	at sun.reflect.NativeMethodAccessorImpl.invoke0(Native Method)
	at sun.reflect.NativeMethodAccessorImpl.invoke(NativeMethodAccessorImpl.java:57)
	at sun.reflect.DelegatingMethodAccessorImpl.invoke(DelegatingMethodAccessorImpl.java:43)
	at java.lang.reflect.Method.invoke(Method.java:606)
	at org.apache.hadoop.ipc.RPC$Server.call(RPC.java:508)
	at org.apache.hadoop.ipc.Server$Handler$1.run(Server.java:959)
	at org.apache.hadoop.ipc.Server$Handler$1.run(Server.java:955)
	at java.security.AccessController.doPrivileged(Native Method)
	at javax.security.auth.Subject.doAs(Subject.java:415)
	at org.apache.hadoop.ipc.Server$Handler.run(Server.java:953)
)
FAILED: Execution Error, return code 1 from org.apache.hadoop.hive.ql.exec.DDLTask
Hive history file=/tmp/hadoop/hive_job_log_hadoop_201604121509_322687023.txt
OK
Time taken: 2.846 seconds
OK
Time taken: 0.008 seconds
OK
Time taken: 0.008 seconds
OK
Time taken: 0.406 seconds
OK
Time taken: 0.039 seconds
OK
Time taken: 0.025 seconds
Total MapReduce jobs = 3
Launching Job 1 out of 3
Number of reduce tasks not specified. Estimated from input data size: 8
In order to change the average load for a reducer (in bytes):
  set hive.exec.reducers.bytes.per.reducer=<number>
In order to limit the maximum number of reducers:
  set hive.exec.reducers.max=<number>
In order to set a constant number of reducers:
  set mapred.reduce.tasks=<number>
Starting Job = job_201604121509_0001, Tracking URL = http://belona.c3local:50030/jobdetails.jsp?jobid=job_201604121509_0001
Kill Command = /home/hadoop/hadoop/bin/../bin/hadoop job  -Dmapred.job.tracker=belona.c3local:9001 -kill job_201604121509_0001
2016-04-12 15:09:23,045 Stage-1 map = 0%,  reduce = 0%
2016-04-12 15:09:32,111 Stage-1 map = 3%,  reduce = 0%
2016-04-12 15:09:35,133 Stage-1 map = 7%,  reduce = 0%
2016-04-12 15:09:37,149 Stage-1 map = 8%,  reduce = 0%
2016-04-12 15:09:38,159 Stage-1 map = 10%,  reduce = 0%
2016-04-12 15:09:40,174 Stage-1 map = 12%,  reduce = 0%
2016-04-12 15:09:41,193 Stage-1 map = 13%,  reduce = 0%
2016-04-12 15:09:43,226 Stage-1 map = 14%,  reduce = 0%
2016-04-12 15:09:44,241 Stage-1 map = 15%,  reduce = 0%
2016-04-12 15:09:46,267 Stage-1 map = 16%,  reduce = 0%
2016-04-12 15:09:49,301 Stage-1 map = 17%,  reduce = 0%
2016-04-12 15:09:52,333 Stage-1 map = 18%,  reduce = 1%
2016-04-12 15:09:55,366 Stage-1 map = 19%,  reduce = 2%
2016-04-12 15:09:58,398 Stage-1 map = 21%,  reduce = 2%
2016-04-12 15:10:01,429 Stage-1 map = 23%,  reduce = 2%
2016-04-12 15:10:04,461 Stage-1 map = 25%,  reduce = 2%
2016-04-12 15:10:07,493 Stage-1 map = 26%,  reduce = 2%
2016-04-12 15:10:10,524 Stage-1 map = 27%,  reduce = 2%
2016-04-12 15:10:13,555 Stage-1 map = 28%,  reduce = 2%
2016-04-12 15:10:16,584 Stage-1 map = 29%,  reduce = 2%
2016-04-12 15:10:19,617 Stage-1 map = 30%,  reduce = 2%
2016-04-12 15:10:22,652 Stage-1 map = 31%,  reduce = 2%
2016-04-12 15:10:28,713 Stage-1 map = 32%,  reduce = 3%
2016-04-12 15:10:37,801 Stage-1 map = 34%,  reduce = 4%
2016-04-12 15:10:40,835 Stage-1 map = 36%,  reduce = 5%
2016-04-12 15:10:43,865 Stage-1 map = 38%,  reduce = 5%
2016-04-12 15:10:46,894 Stage-1 map = 40%,  reduce = 5%
2016-04-12 15:10:49,922 Stage-1 map = 42%,  reduce = 5%
2016-04-12 15:10:52,951 Stage-1 map = 44%,  reduce = 5%
2016-04-12 15:10:55,980 Stage-1 map = 46%,  reduce = 5%
2016-04-12 15:10:59,009 Stage-1 map = 49%,  reduce = 5%
2016-04-12 15:11:02,038 Stage-1 map = 51%,  reduce = 5%
2016-04-12 15:11:05,066 Stage-1 map = 53%,  reduce = 5%
2016-04-12 15:11:11,111 Stage-1 map = 53%,  reduce = 6%
2016-04-12 15:11:14,134 Stage-1 map = 55%,  reduce = 7%
2016-04-12 15:11:17,157 Stage-1 map = 57%,  reduce = 9%
2016-04-12 15:11:20,181 Stage-1 map = 59%,  reduce = 9%
2016-04-12 15:11:23,203 Stage-1 map = 61%,  reduce = 9%
2016-04-12 15:11:26,226 Stage-1 map = 63%,  reduce = 9%
2016-04-12 15:11:29,247 Stage-1 map = 65%,  reduce = 9%
2016-04-12 15:11:32,268 Stage-1 map = 68%,  reduce = 9%
2016-04-12 15:11:35,288 Stage-1 map = 70%,  reduce = 9%
2016-04-12 15:11:38,310 Stage-1 map = 72%,  reduce = 9%
2016-04-12 15:11:41,344 Stage-1 map = 74%,  reduce = 9%
2016-04-12 15:11:47,381 Stage-1 map = 74%,  reduce = 11%
2016-04-12 15:11:50,402 Stage-1 map = 76%,  reduce = 11%
2016-04-12 15:11:52,418 Stage-1 map = 77%,  reduce = 12%
2016-04-12 15:11:53,427 Stage-1 map = 78%,  reduce = 12%
2016-04-12 15:11:55,442 Stage-1 map = 79%,  reduce = 12%
2016-04-12 15:11:56,451 Stage-1 map = 80%,  reduce = 12%
2016-04-12 15:11:58,466 Stage-1 map = 81%,  reduce = 12%
2016-04-12 15:11:59,475 Stage-1 map = 82%,  reduce = 12%
2016-04-12 15:12:01,489 Stage-1 map = 84%,  reduce = 12%
2016-04-12 15:12:02,499 Stage-1 map = 85%,  reduce = 12%
2016-04-12 15:12:04,514 Stage-1 map = 86%,  reduce = 12%
2016-04-12 15:12:05,523 Stage-1 map = 87%,  reduce = 12%
2016-04-12 15:12:07,538 Stage-1 map = 88%,  reduce = 12%
2016-04-12 15:12:08,547 Stage-1 map = 89%,  reduce = 12%
2016-04-12 15:12:10,561 Stage-1 map = 90%,  reduce = 12%
2016-04-12 15:12:11,570 Stage-1 map = 91%,  reduce = 12%
2016-04-12 15:12:13,586 Stage-1 map = 92%,  reduce = 12%
2016-04-12 15:12:14,596 Stage-1 map = 94%,  reduce = 12%
2016-04-12 15:12:17,618 Stage-1 map = 95%,  reduce = 12%
2016-04-12 15:12:20,641 Stage-1 map = 95%,  reduce = 13%
2016-04-12 15:12:23,661 Stage-1 map = 96%,  reduce = 13%
2016-04-12 15:12:26,682 Stage-1 map = 97%,  reduce = 15%
2016-04-12 15:12:28,696 Stage-1 map = 97%,  reduce = 16%
2016-04-12 15:12:29,706 Stage-1 map = 98%,  reduce = 16%
2016-04-12 15:12:32,726 Stage-1 map = 100%,  reduce = 16%
2016-04-12 15:12:41,783 Stage-1 map = 100%,  reduce = 25%
2016-04-12 15:12:43,799 Stage-1 map = 100%,  reduce = 30%
2016-04-12 15:12:44,808 Stage-1 map = 100%,  reduce = 35%
2016-04-12 15:12:46,826 Stage-1 map = 100%,  reduce = 46%
2016-04-12 15:12:47,839 Stage-1 map = 100%,  reduce = 50%
2016-04-12 15:12:55,892 Stage-1 map = 100%,  reduce = 58%
2016-04-12 15:12:58,914 Stage-1 map = 100%,  reduce = 75%
2016-04-12 15:13:01,936 Stage-1 map = 100%,  reduce = 92%
2016-04-12 15:13:04,959 Stage-1 map = 100%,  reduce = 100%
Ended Job = job_201604121509_0001
Launching Job 2 out of 3
Number of reduce tasks not specified. Estimated from input data size: 1
In order to change the average load for a reducer (in bytes):
  set hive.exec.reducers.bytes.per.reducer=<number>
In order to limit the maximum number of reducers:
  set hive.exec.reducers.max=<number>
In order to set a constant number of reducers:
  set mapred.reduce.tasks=<number>
Starting Job = job_201604121509_0002, Tracking URL = http://belona.c3local:50030/jobdetails.jsp?jobid=job_201604121509_0002
Kill Command = /home/hadoop/hadoop/bin/../bin/hadoop job  -Dmapred.job.tracker=belona.c3local:9001 -kill job_201604121509_0002
2016-04-12 15:13:13,958 Stage-2 map = 0%,  reduce = 0%
2016-04-12 15:13:16,976 Stage-2 map = 25%,  reduce = 0%
2016-04-12 15:13:19,998 Stage-2 map = 50%,  reduce = 0%
2016-04-12 15:13:23,019 Stage-2 map = 100%,  reduce = 0%
2016-04-12 15:13:26,052 Stage-2 map = 100%,  reduce = 33%
2016-04-12 15:13:29,072 Stage-2 map = 100%,  reduce = 100%
Ended Job = job_201604121509_0002
Launching Job 3 out of 3
Number of reduce tasks determined at compile time: 1
In order to change the average load for a reducer (in bytes):
  set hive.exec.reducers.bytes.per.reducer=<number>
In order to limit the maximum number of reducers:
  set hive.exec.reducers.max=<number>
In order to set a constant number of reducers:
  set mapred.reduce.tasks=<number>
Starting Job = job_201604121509_0003, Tracking URL = http://belona.c3local:50030/jobdetails.jsp?jobid=job_201604121509_0003
Kill Command = /home/hadoop/hadoop/bin/../bin/hadoop job  -Dmapred.job.tracker=belona.c3local:9001 -kill job_201604121509_0003
2016-04-12 15:13:38,523 Stage-3 map = 0%,  reduce = 0%
2016-04-12 15:13:41,540 Stage-3 map = 100%,  reduce = 0%
2016-04-12 15:13:49,593 Stage-3 map = 100%,  reduce = 100%
Ended Job = job_201604121509_0003
Loading data to table q12_shipping
2 Rows loaded to q12_shipping
OK
Time taken: 276.735 seconds
Hive history file=/tmp/hadoop/hive_job_log_hadoop_201604121514_1679433505.txt
OK
Time taken: 3.429 seconds
OK
Time taken: 0.065 seconds
FAILED: Error in metadata: MetaException(message:Got exception: org.apache.hadoop.ipc.RemoteException org.apache.hadoop.hdfs.server.namenode.SafeModeException: Cannot delete /user/hive/warehouse/q12_shipping. Name node is in safe mode.
The ratio of reported blocks 1.0000 has reached the threshold 0.9990. Safe mode will be turned off automatically in 24 seconds.
	at org.apache.hadoop.hdfs.server.namenode.FSNamesystem.deleteInternal(FSNamesystem.java:1700)
	at org.apache.hadoop.hdfs.server.namenode.FSNamesystem.delete(FSNamesystem.java:1680)
	at org.apache.hadoop.hdfs.server.namenode.NameNode.delete(NameNode.java:517)
	at sun.reflect.NativeMethodAccessorImpl.invoke0(Native Method)
	at sun.reflect.NativeMethodAccessorImpl.invoke(NativeMethodAccessorImpl.java:57)
	at sun.reflect.DelegatingMethodAccessorImpl.invoke(DelegatingMethodAccessorImpl.java:43)
	at java.lang.reflect.Method.invoke(Method.java:606)
	at org.apache.hadoop.ipc.RPC$Server.call(RPC.java:508)
	at org.apache.hadoop.ipc.Server$Handler$1.run(Server.java:959)
	at org.apache.hadoop.ipc.Server$Handler$1.run(Server.java:955)
	at java.security.AccessController.doPrivileged(Native Method)
	at javax.security.auth.Subject.doAs(Subject.java:415)
	at org.apache.hadoop.ipc.Server$Handler.run(Server.java:953)
)
FAILED: Execution Error, return code 1 from org.apache.hadoop.hive.ql.exec.DDLTask
Hive history file=/tmp/hadoop/hive_job_log_hadoop_201604121514_191569155.txt
OK
Time taken: 2.932 seconds
OK
Time taken: 0.01 seconds
OK
Time taken: 0.011 seconds
OK
Time taken: 0.513 seconds
OK
Time taken: 0.039 seconds
OK
Time taken: 0.025 seconds
Total MapReduce jobs = 3
Launching Job 1 out of 3
Number of reduce tasks not specified. Estimated from input data size: 8
In order to change the average load for a reducer (in bytes):
  set hive.exec.reducers.bytes.per.reducer=<number>
In order to limit the maximum number of reducers:
  set hive.exec.reducers.max=<number>
In order to set a constant number of reducers:
  set mapred.reduce.tasks=<number>
Starting Job = job_201604121514_0001, Tracking URL = http://belona.c3local:50030/jobdetails.jsp?jobid=job_201604121514_0001
Kill Command = /home/hadoop/hadoop/bin/../bin/hadoop job  -Dmapred.job.tracker=belona.c3local:9001 -kill job_201604121514_0001
2016-04-12 15:14:34,098 Stage-1 map = 0%,  reduce = 0%
2016-04-12 15:14:43,164 Stage-1 map = 3%,  reduce = 0%
2016-04-12 15:14:46,186 Stage-1 map = 6%,  reduce = 0%
2016-04-12 15:14:49,209 Stage-1 map = 9%,  reduce = 0%
2016-04-12 15:14:52,242 Stage-1 map = 11%,  reduce = 0%
2016-04-12 15:14:55,277 Stage-1 map = 13%,  reduce = 0%
2016-04-12 15:14:58,311 Stage-1 map = 14%,  reduce = 0%
2016-04-12 15:15:01,345 Stage-1 map = 15%,  reduce = 0%
2016-04-12 15:15:04,376 Stage-1 map = 16%,  reduce = 1%
2016-04-12 15:15:07,408 Stage-1 map = 18%,  reduce = 2%
2016-04-12 15:15:10,440 Stage-1 map = 20%,  reduce = 2%
2016-04-12 15:15:13,472 Stage-1 map = 22%,  reduce = 2%
2016-04-12 15:15:16,504 Stage-1 map = 24%,  reduce = 2%
2016-04-12 15:15:19,536 Stage-1 map = 26%,  reduce = 2%
2016-04-12 15:15:22,568 Stage-1 map = 28%,  reduce = 2%
2016-04-12 15:15:25,599 Stage-1 map = 29%,  reduce = 2%
2016-04-12 15:15:28,628 Stage-1 map = 30%,  reduce = 2%
2016-04-12 15:15:31,663 Stage-1 map = 31%,  reduce = 2%
2016-04-12 15:15:37,725 Stage-1 map = 32%,  reduce = 2%
2016-04-12 15:15:42,776 Stage-1 map = 32%,  reduce = 3%
2016-04-12 15:15:45,812 Stage-1 map = 32%,  reduce = 4%
2016-04-12 15:15:48,843 Stage-1 map = 33%,  reduce = 4%
2016-04-12 15:15:49,857 Stage-1 map = 34%,  reduce = 5%
2016-04-12 15:15:51,877 Stage-1 map = 35%,  reduce = 5%
2016-04-12 15:15:52,891 Stage-1 map = 36%,  reduce = 5%
2016-04-12 15:15:54,911 Stage-1 map = 37%,  reduce = 5%
2016-04-12 15:15:55,924 Stage-1 map = 38%,  reduce = 5%
2016-04-12 15:15:57,944 Stage-1 map = 39%,  reduce = 5%
2016-04-12 15:15:58,957 Stage-1 map = 40%,  reduce = 5%
2016-04-12 15:16:00,977 Stage-1 map = 41%,  reduce = 5%
2016-04-12 15:16:01,990 Stage-1 map = 43%,  reduce = 5%
2016-04-12 15:16:04,010 Stage-1 map = 44%,  reduce = 5%
2016-04-12 15:16:05,022 Stage-1 map = 45%,  reduce = 5%
2016-04-12 15:16:07,044 Stage-1 map = 46%,  reduce = 5%
2016-04-12 15:16:08,055 Stage-1 map = 47%,  reduce = 5%
2016-04-12 15:16:10,075 Stage-1 map = 49%,  reduce = 5%
2016-04-12 15:16:11,087 Stage-1 map = 50%,  reduce = 5%
2016-04-12 15:16:14,120 Stage-1 map = 52%,  reduce = 5%
2016-04-12 15:16:17,146 Stage-1 map = 53%,  reduce = 5%
2016-04-12 15:16:19,163 Stage-1 map = 53%,  reduce = 6%
2016-04-12 15:16:20,174 Stage-1 map = 53%,  reduce = 7%
2016-04-12 15:16:22,191 Stage-1 map = 54%,  reduce = 7%
2016-04-12 15:16:23,201 Stage-1 map = 54%,  reduce = 8%
2016-04-12 15:16:25,218 Stage-1 map = 55%,  reduce = 9%
2016-04-12 15:16:28,239 Stage-1 map = 57%,  reduce = 9%
2016-04-12 15:16:31,263 Stage-1 map = 59%,  reduce = 9%
2016-04-12 15:16:32,274 Stage-1 map = 60%,  reduce = 9%
2016-04-12 15:16:34,290 Stage-1 map = 61%,  reduce = 9%
2016-04-12 15:16:35,301 Stage-1 map = 62%,  reduce = 9%
2016-04-12 15:16:37,320 Stage-1 map = 64%,  reduce = 9%
2016-04-12 15:16:40,343 Stage-1 map = 67%,  reduce = 9%
2016-04-12 15:16:43,365 Stage-1 map = 69%,  reduce = 9%
2016-04-12 15:16:46,386 Stage-1 map = 71%,  reduce = 9%
2016-04-12 15:16:49,409 Stage-1 map = 73%,  reduce = 9%
2016-04-12 15:16:52,431 Stage-1 map = 74%,  reduce = 10%
2016-04-12 15:16:55,452 Stage-1 map = 74%,  reduce = 11%
2016-04-12 15:16:58,473 Stage-1 map = 75%,  reduce = 11%
2016-04-12 15:17:01,494 Stage-1 map = 76%,  reduce = 12%
2016-04-12 15:17:04,515 Stage-1 map = 78%,  reduce = 12%
2016-04-12 15:17:07,536 Stage-1 map = 81%,  reduce = 12%
2016-04-12 15:17:10,556 Stage-1 map = 83%,  reduce = 12%
2016-04-12 15:17:13,576 Stage-1 map = 85%,  reduce = 12%
2016-04-12 15:17:16,596 Stage-1 map = 87%,  reduce = 12%
2016-04-12 15:17:19,616 Stage-1 map = 90%,  reduce = 12%
2016-04-12 15:17:22,637 Stage-1 map = 92%,  reduce = 12%
2016-04-12 15:17:25,657 Stage-1 map = 94%,  reduce = 12%
2016-04-12 15:17:28,678 Stage-1 map = 95%,  reduce = 12%
2016-04-12 15:17:34,715 Stage-1 map = 96%,  reduce = 14%
2016-04-12 15:17:37,735 Stage-1 map = 97%,  reduce = 16%
2016-04-12 15:17:40,756 Stage-1 map = 99%,  reduce = 16%
2016-04-12 15:17:43,776 Stage-1 map = 100%,  reduce = 16%
2016-04-12 15:17:49,814 Stage-1 map = 100%,  reduce = 21%
2016-04-12 15:17:52,835 Stage-1 map = 100%,  reduce = 32%
2016-04-12 15:17:55,859 Stage-1 map = 100%,  reduce = 46%
2016-04-12 15:17:58,881 Stage-1 map = 100%,  reduce = 50%
2016-04-12 15:18:04,921 Stage-1 map = 100%,  reduce = 54%
2016-04-12 15:18:07,943 Stage-1 map = 100%,  reduce = 67%
2016-04-12 15:18:10,967 Stage-1 map = 100%,  reduce = 83%
2016-04-12 15:18:12,983 Stage-1 map = 100%,  reduce = 88%
2016-04-12 15:18:13,993 Stage-1 map = 100%,  reduce = 96%
2016-04-12 15:18:17,015 Stage-1 map = 100%,  reduce = 100%
Ended Job = job_201604121514_0001
Launching Job 2 out of 3
Number of reduce tasks not specified. Estimated from input data size: 1
In order to change the average load for a reducer (in bytes):
  set hive.exec.reducers.bytes.per.reducer=<number>
In order to limit the maximum number of reducers:
  set hive.exec.reducers.max=<number>
In order to set a constant number of reducers:
  set mapred.reduce.tasks=<number>
Starting Job = job_201604121514_0002, Tracking URL = http://belona.c3local:50030/jobdetails.jsp?jobid=job_201604121514_0002
Kill Command = /home/hadoop/hadoop/bin/../bin/hadoop job  -Dmapred.job.tracker=belona.c3local:9001 -kill job_201604121514_0002
2016-04-12 15:18:25,553 Stage-2 map = 0%,  reduce = 0%
2016-04-12 15:18:28,570 Stage-2 map = 25%,  reduce = 0%
2016-04-12 15:18:31,591 Stage-2 map = 50%,  reduce = 0%
2016-04-12 15:18:34,611 Stage-2 map = 100%,  reduce = 0%
2016-04-12 15:18:37,631 Stage-2 map = 100%,  reduce = 33%
2016-04-12 15:18:40,652 Stage-2 map = 100%,  reduce = 100%
Ended Job = job_201604121514_0002
Launching Job 3 out of 3
Number of reduce tasks determined at compile time: 1
In order to change the average load for a reducer (in bytes):
  set hive.exec.reducers.bytes.per.reducer=<number>
In order to limit the maximum number of reducers:
  set hive.exec.reducers.max=<number>
In order to set a constant number of reducers:
  set mapred.reduce.tasks=<number>
Starting Job = job_201604121514_0003, Tracking URL = http://belona.c3local:50030/jobdetails.jsp?jobid=job_201604121514_0003
Kill Command = /home/hadoop/hadoop/bin/../bin/hadoop job  -Dmapred.job.tracker=belona.c3local:9001 -kill job_201604121514_0003
2016-04-12 15:18:49,103 Stage-3 map = 0%,  reduce = 0%
2016-04-12 15:18:52,120 Stage-3 map = 100%,  reduce = 0%
2016-04-12 15:19:01,176 Stage-3 map = 100%,  reduce = 100%
Ended Job = job_201604121514_0003
Loading data to table q12_shipping
2 Rows loaded to q12_shipping
OK
Time taken: 276.753 seconds
Hive history file=/tmp/hadoop/hive_job_log_hadoop_201604121519_397175882.txt
OK
Time taken: 3.482 seconds
OK
Time taken: 0.065 seconds
FAILED: Error in metadata: MetaException(message:Got exception: org.apache.hadoop.ipc.RemoteException org.apache.hadoop.hdfs.server.namenode.SafeModeException: Cannot delete /user/hive/warehouse/q12_shipping. Name node is in safe mode.
The ratio of reported blocks 1.0000 has reached the threshold 0.9990. Safe mode will be turned off automatically in 24 seconds.
	at org.apache.hadoop.hdfs.server.namenode.FSNamesystem.deleteInternal(FSNamesystem.java:1700)
	at org.apache.hadoop.hdfs.server.namenode.FSNamesystem.delete(FSNamesystem.java:1680)
	at org.apache.hadoop.hdfs.server.namenode.NameNode.delete(NameNode.java:517)
	at sun.reflect.NativeMethodAccessorImpl.invoke0(Native Method)
	at sun.reflect.NativeMethodAccessorImpl.invoke(NativeMethodAccessorImpl.java:57)
	at sun.reflect.DelegatingMethodAccessorImpl.invoke(DelegatingMethodAccessorImpl.java:43)
	at java.lang.reflect.Method.invoke(Method.java:606)
	at org.apache.hadoop.ipc.RPC$Server.call(RPC.java:508)
	at org.apache.hadoop.ipc.Server$Handler$1.run(Server.java:959)
	at org.apache.hadoop.ipc.Server$Handler$1.run(Server.java:955)
	at java.security.AccessController.doPrivileged(Native Method)
	at javax.security.auth.Subject.doAs(Subject.java:415)
	at org.apache.hadoop.ipc.Server$Handler.run(Server.java:953)
)
FAILED: Execution Error, return code 1 from org.apache.hadoop.hive.ql.exec.DDLTask
Hive history file=/tmp/hadoop/hive_job_log_hadoop_201604121519_1806621579.txt
OK
Time taken: 2.978 seconds
OK
Time taken: 0.007 seconds
OK
Time taken: 0.008 seconds
OK
Time taken: 0.428 seconds
OK
Time taken: 0.031 seconds
OK
Time taken: 0.024 seconds
Total MapReduce jobs = 3
Launching Job 1 out of 3
Number of reduce tasks not specified. Estimated from input data size: 8
In order to change the average load for a reducer (in bytes):
  set hive.exec.reducers.bytes.per.reducer=<number>
In order to limit the maximum number of reducers:
  set hive.exec.reducers.max=<number>
In order to set a constant number of reducers:
  set mapred.reduce.tasks=<number>
Starting Job = job_201604121519_0001, Tracking URL = http://belona.c3local:50030/jobdetails.jsp?jobid=job_201604121519_0001
Kill Command = /home/hadoop/hadoop/bin/../bin/hadoop job  -Dmapred.job.tracker=belona.c3local:9001 -kill job_201604121519_0001
2016-04-12 15:19:45,753 Stage-1 map = 0%,  reduce = 0%
2016-04-12 15:19:54,822 Stage-1 map = 2%,  reduce = 0%
2016-04-12 15:19:57,844 Stage-1 map = 6%,  reduce = 0%
2016-04-12 15:20:00,868 Stage-1 map = 9%,  reduce = 0%
2016-04-12 15:20:03,899 Stage-1 map = 12%,  reduce = 0%
2016-04-12 15:20:06,929 Stage-1 map = 15%,  reduce = 0%
2016-04-12 15:20:09,959 Stage-1 map = 16%,  reduce = 0%
2016-04-12 15:20:12,994 Stage-1 map = 17%,  reduce = 0%
2016-04-12 15:20:16,027 Stage-1 map = 18%,  reduce = 1%
2016-04-12 15:20:19,058 Stage-1 map = 19%,  reduce = 2%
2016-04-12 15:20:22,092 Stage-1 map = 21%,  reduce = 2%
2016-04-12 15:20:25,124 Stage-1 map = 23%,  reduce = 2%
2016-04-12 15:20:28,156 Stage-1 map = 25%,  reduce = 2%
2016-04-12 15:20:31,187 Stage-1 map = 26%,  reduce = 2%
2016-04-12 15:20:34,219 Stage-1 map = 27%,  reduce = 2%
2016-04-12 15:20:37,249 Stage-1 map = 28%,  reduce = 2%
2016-04-12 15:20:40,278 Stage-1 map = 29%,  reduce = 2%
2016-04-12 15:20:43,312 Stage-1 map = 30%,  reduce = 2%
2016-04-12 15:20:46,345 Stage-1 map = 31%,  reduce = 2%
2016-04-12 15:20:52,404 Stage-1 map = 32%,  reduce = 2%
2016-04-12 15:20:55,437 Stage-1 map = 32%,  reduce = 4%
2016-04-12 15:21:01,498 Stage-1 map = 34%,  reduce = 5%
2016-04-12 15:21:04,528 Stage-1 map = 36%,  reduce = 5%
2016-04-12 15:21:07,559 Stage-1 map = 38%,  reduce = 5%
2016-04-12 15:21:09,580 Stage-1 map = 39%,  reduce = 5%
2016-04-12 15:21:10,593 Stage-1 map = 40%,  reduce = 5%
2016-04-12 15:21:12,613 Stage-1 map = 41%,  reduce = 5%
2016-04-12 15:21:13,626 Stage-1 map = 42%,  reduce = 5%
2016-04-12 15:21:15,646 Stage-1 map = 43%,  reduce = 5%
2016-04-12 15:21:16,659 Stage-1 map = 44%,  reduce = 5%
2016-04-12 15:21:18,680 Stage-1 map = 46%,  reduce = 5%
2016-04-12 15:21:21,708 Stage-1 map = 48%,  reduce = 5%
2016-04-12 15:21:24,735 Stage-1 map = 50%,  reduce = 5%
2016-04-12 15:21:27,765 Stage-1 map = 52%,  reduce = 5%
2016-04-12 15:21:30,790 Stage-1 map = 53%,  reduce = 5%
2016-04-12 15:21:33,813 Stage-1 map = 53%,  reduce = 6%
2016-04-12 15:21:36,836 Stage-1 map = 54%,  reduce = 8%
2016-04-12 15:21:39,858 Stage-1 map = 55%,  reduce = 9%
2016-04-12 15:21:42,882 Stage-1 map = 57%,  reduce = 9%
2016-04-12 15:21:45,903 Stage-1 map = 59%,  reduce = 9%
2016-04-12 15:21:48,925 Stage-1 map = 61%,  reduce = 9%
2016-04-12 15:21:51,948 Stage-1 map = 64%,  reduce = 9%
2016-04-12 15:21:54,969 Stage-1 map = 66%,  reduce = 9%
2016-04-12 15:21:57,990 Stage-1 map = 68%,  reduce = 9%
2016-04-12 15:22:01,011 Stage-1 map = 70%,  reduce = 9%
2016-04-12 15:22:04,033 Stage-1 map = 72%,  reduce = 9%
2016-04-12 15:22:07,054 Stage-1 map = 74%,  reduce = 9%
2016-04-12 15:22:10,074 Stage-1 map = 74%,  reduce = 11%
2016-04-12 15:22:16,111 Stage-1 map = 76%,  reduce = 12%
2016-04-12 15:22:19,131 Stage-1 map = 78%,  reduce = 12%
2016-04-12 15:22:22,151 Stage-1 map = 80%,  reduce = 12%
2016-04-12 15:22:25,171 Stage-1 map = 82%,  reduce = 12%
2016-04-12 15:22:28,191 Stage-1 map = 85%,  reduce = 12%
2016-04-12 15:22:31,212 Stage-1 map = 87%,  reduce = 12%
2016-04-12 15:22:34,232 Stage-1 map = 89%,  reduce = 12%
2016-04-12 15:22:37,252 Stage-1 map = 92%,  reduce = 12%
2016-04-12 15:22:40,272 Stage-1 map = 94%,  reduce = 12%
2016-04-12 15:22:43,293 Stage-1 map = 95%,  reduce = 12%
2016-04-12 15:22:46,314 Stage-1 map = 95%,  reduce = 13%
2016-04-12 15:22:49,334 Stage-1 map = 96%,  reduce = 14%
2016-04-12 15:22:52,355 Stage-1 map = 97%,  reduce = 16%
2016-04-12 15:22:55,376 Stage-1 map = 98%,  reduce = 16%
2016-04-12 15:22:58,396 Stage-1 map = 100%,  reduce = 16%
2016-04-12 15:23:04,435 Stage-1 map = 100%,  reduce = 25%
2016-04-12 15:23:07,455 Stage-1 map = 100%,  reduce = 37%
2016-04-12 15:23:10,479 Stage-1 map = 100%,  reduce = 50%
2016-04-12 15:23:19,537 Stage-1 map = 100%,  reduce = 58%
2016-04-12 15:23:22,559 Stage-1 map = 100%,  reduce = 75%
2016-04-12 15:23:25,581 Stage-1 map = 100%,  reduce = 89%
2016-04-12 15:23:28,604 Stage-1 map = 100%,  reduce = 100%
Ended Job = job_201604121519_0001
Launching Job 2 out of 3
Number of reduce tasks not specified. Estimated from input data size: 1
In order to change the average load for a reducer (in bytes):
  set hive.exec.reducers.bytes.per.reducer=<number>
In order to limit the maximum number of reducers:
  set hive.exec.reducers.max=<number>
In order to set a constant number of reducers:
  set mapred.reduce.tasks=<number>
Starting Job = job_201604121519_0002, Tracking URL = http://belona.c3local:50030/jobdetails.jsp?jobid=job_201604121519_0002
Kill Command = /home/hadoop/hadoop/bin/../bin/hadoop job  -Dmapred.job.tracker=belona.c3local:9001 -kill job_201604121519_0002
2016-04-12 15:23:37,113 Stage-2 map = 0%,  reduce = 0%
2016-04-12 15:23:40,131 Stage-2 map = 25%,  reduce = 0%
2016-04-12 15:23:43,152 Stage-2 map = 50%,  reduce = 0%
2016-04-12 15:23:46,172 Stage-2 map = 100%,  reduce = 0%
2016-04-12 15:23:49,193 Stage-2 map = 100%,  reduce = 33%
2016-04-12 15:23:52,213 Stage-2 map = 100%,  reduce = 100%
Ended Job = job_201604121519_0002
Launching Job 3 out of 3
Number of reduce tasks determined at compile time: 1
In order to change the average load for a reducer (in bytes):
  set hive.exec.reducers.bytes.per.reducer=<number>
In order to limit the maximum number of reducers:
  set hive.exec.reducers.max=<number>
In order to set a constant number of reducers:
  set mapred.reduce.tasks=<number>
Starting Job = job_201604121519_0003, Tracking URL = http://belona.c3local:50030/jobdetails.jsp?jobid=job_201604121519_0003
Kill Command = /home/hadoop/hadoop/bin/../bin/hadoop job  -Dmapred.job.tracker=belona.c3local:9001 -kill job_201604121519_0003
2016-04-12 15:24:01,696 Stage-3 map = 0%,  reduce = 0%
2016-04-12 15:24:04,712 Stage-3 map = 100%,  reduce = 0%
2016-04-12 15:24:13,768 Stage-3 map = 100%,  reduce = 100%
Ended Job = job_201604121519_0003
Loading data to table q12_shipping
2 Rows loaded to q12_shipping
OK
Time taken: 277.769 seconds
Hive history file=/tmp/hadoop/hive_job_log_hadoop_201604121524_1460011949.txt
OK
Time taken: 3.49 seconds
OK
Time taken: 0.065 seconds
FAILED: Error in metadata: MetaException(message:Got exception: org.apache.hadoop.ipc.RemoteException org.apache.hadoop.hdfs.server.namenode.SafeModeException: Cannot delete /user/hive/warehouse/q12_shipping. Name node is in safe mode.
The ratio of reported blocks 1.0000 has reached the threshold 0.9990. Safe mode will be turned off automatically in 24 seconds.
	at org.apache.hadoop.hdfs.server.namenode.FSNamesystem.deleteInternal(FSNamesystem.java:1700)
	at org.apache.hadoop.hdfs.server.namenode.FSNamesystem.delete(FSNamesystem.java:1680)
	at org.apache.hadoop.hdfs.server.namenode.NameNode.delete(NameNode.java:517)
	at sun.reflect.NativeMethodAccessorImpl.invoke0(Native Method)
	at sun.reflect.NativeMethodAccessorImpl.invoke(NativeMethodAccessorImpl.java:57)
	at sun.reflect.DelegatingMethodAccessorImpl.invoke(DelegatingMethodAccessorImpl.java:43)
	at java.lang.reflect.Method.invoke(Method.java:606)
	at org.apache.hadoop.ipc.RPC$Server.call(RPC.java:508)
	at org.apache.hadoop.ipc.Server$Handler$1.run(Server.java:959)
	at org.apache.hadoop.ipc.Server$Handler$1.run(Server.java:955)
	at java.security.AccessController.doPrivileged(Native Method)
	at javax.security.auth.Subject.doAs(Subject.java:415)
	at org.apache.hadoop.ipc.Server$Handler.run(Server.java:953)
)
FAILED: Execution Error, return code 1 from org.apache.hadoop.hive.ql.exec.DDLTask
Hive history file=/tmp/hadoop/hive_job_log_hadoop_201604121524_381107521.txt
OK
Time taken: 2.911 seconds
OK
Time taken: 0.007 seconds
OK
Time taken: 0.009 seconds
OK
Time taken: 0.43 seconds
OK
Time taken: 0.063 seconds
OK
Time taken: 0.049 seconds
Total MapReduce jobs = 3
Launching Job 1 out of 3
Number of reduce tasks not specified. Estimated from input data size: 8
In order to change the average load for a reducer (in bytes):
  set hive.exec.reducers.bytes.per.reducer=<number>
In order to limit the maximum number of reducers:
  set hive.exec.reducers.max=<number>
In order to set a constant number of reducers:
  set mapred.reduce.tasks=<number>
Starting Job = job_201604121524_0001, Tracking URL = http://belona.c3local:50030/jobdetails.jsp?jobid=job_201604121524_0001
Kill Command = /home/hadoop/hadoop/bin/../bin/hadoop job  -Dmapred.job.tracker=belona.c3local:9001 -kill job_201604121524_0001
2016-04-12 15:24:58,448 Stage-1 map = 0%,  reduce = 0%
2016-04-12 15:25:07,516 Stage-1 map = 1%,  reduce = 0%
2016-04-12 15:25:10,538 Stage-1 map = 2%,  reduce = 0%
2016-04-12 15:25:13,561 Stage-1 map = 5%,  reduce = 0%
2016-04-12 15:25:16,583 Stage-1 map = 9%,  reduce = 0%
2016-04-12 15:25:19,612 Stage-1 map = 13%,  reduce = 0%
2016-04-12 15:25:22,644 Stage-1 map = 15%,  reduce = 0%
2016-04-12 15:25:25,674 Stage-1 map = 16%,  reduce = 0%
2016-04-12 15:25:28,710 Stage-1 map = 18%,  reduce = 0%
2016-04-12 15:25:31,741 Stage-1 map = 19%,  reduce = 1%
2016-04-12 15:25:34,772 Stage-1 map = 21%,  reduce = 1%
2016-04-12 15:25:37,810 Stage-1 map = 23%,  reduce = 2%
2016-04-12 15:25:39,833 Stage-1 map = 24%,  reduce = 2%
2016-04-12 15:25:42,864 Stage-1 map = 25%,  reduce = 2%
2016-04-12 15:25:45,895 Stage-1 map = 26%,  reduce = 2%
2016-04-12 15:25:48,926 Stage-1 map = 27%,  reduce = 2%
2016-04-12 15:25:51,957 Stage-1 map = 28%,  reduce = 2%
2016-04-12 15:25:54,990 Stage-1 map = 29%,  reduce = 2%
2016-04-12 15:25:58,025 Stage-1 map = 30%,  reduce = 2%
2016-04-12 15:26:01,058 Stage-1 map = 30%,  reduce = 3%
2016-04-12 15:26:04,091 Stage-1 map = 31%,  reduce = 3%
2016-04-12 15:26:07,125 Stage-1 map = 32%,  reduce = 4%
2016-04-12 15:26:10,159 Stage-1 map = 33%,  reduce = 4%
2016-04-12 15:26:13,191 Stage-1 map = 34%,  reduce = 4%
2016-04-12 15:26:16,224 Stage-1 map = 35%,  reduce = 5%
2016-04-12 15:26:19,257 Stage-1 map = 36%,  reduce = 5%
2016-04-12 15:26:22,286 Stage-1 map = 38%,  reduce = 5%
2016-04-12 15:26:25,314 Stage-1 map = 40%,  reduce = 5%
2016-04-12 15:26:28,342 Stage-1 map = 42%,  reduce = 5%
2016-04-12 15:26:31,371 Stage-1 map = 44%,  reduce = 5%
2016-04-12 15:26:34,400 Stage-1 map = 46%,  reduce = 5%
2016-04-12 15:26:37,429 Stage-1 map = 48%,  reduce = 5%
2016-04-12 15:26:40,455 Stage-1 map = 49%,  reduce = 5%
2016-04-12 15:26:43,487 Stage-1 map = 50%,  reduce = 6%
2016-04-12 15:26:46,510 Stage-1 map = 52%,  reduce = 7%
2016-04-12 15:26:49,534 Stage-1 map = 54%,  reduce = 7%
2016-04-12 15:26:52,556 Stage-1 map = 55%,  reduce = 7%
2016-04-12 15:26:55,581 Stage-1 map = 57%,  reduce = 8%
2016-04-12 15:26:58,603 Stage-1 map = 58%,  reduce = 9%
2016-04-12 15:27:01,625 Stage-1 map = 60%,  reduce = 9%
2016-04-12 15:27:04,648 Stage-1 map = 63%,  reduce = 9%
2016-04-12 15:27:07,669 Stage-1 map = 65%,  reduce = 9%
2016-04-12 15:27:10,689 Stage-1 map = 67%,  reduce = 9%
2016-04-12 15:27:13,711 Stage-1 map = 69%,  reduce = 9%
2016-04-12 15:27:16,731 Stage-1 map = 70%,  reduce = 9%
2016-04-12 15:27:19,753 Stage-1 map = 71%,  reduce = 10%
2016-04-12 15:27:22,774 Stage-1 map = 74%,  reduce = 11%
2016-04-12 15:27:25,795 Stage-1 map = 76%,  reduce = 11%
2016-04-12 15:27:28,824 Stage-1 map = 77%,  reduce = 11%
2016-04-12 15:27:31,844 Stage-1 map = 78%,  reduce = 11%
2016-04-12 15:27:34,865 Stage-1 map = 80%,  reduce = 11%
2016-04-12 15:27:37,886 Stage-1 map = 82%,  reduce = 12%
2016-04-12 15:27:40,907 Stage-1 map = 84%,  reduce = 12%
2016-04-12 15:27:43,927 Stage-1 map = 86%,  reduce = 12%
2016-04-12 15:27:46,948 Stage-1 map = 88%,  reduce = 12%
2016-04-12 15:27:48,964 Stage-1 map = 89%,  reduce = 12%
2016-04-12 15:27:49,974 Stage-1 map = 90%,  reduce = 12%
2016-04-12 15:27:51,989 Stage-1 map = 91%,  reduce = 13%
2016-04-12 15:27:55,013 Stage-1 map = 93%,  reduce = 13%
2016-04-12 15:27:58,034 Stage-1 map = 94%,  reduce = 14%
2016-04-12 15:28:01,055 Stage-1 map = 95%,  reduce = 14%
2016-04-12 15:28:02,065 Stage-1 map = 96%,  reduce = 14%
2016-04-12 15:28:05,085 Stage-1 map = 97%,  reduce = 15%
2016-04-12 15:28:08,106 Stage-1 map = 97%,  reduce = 16%
2016-04-12 15:28:11,126 Stage-1 map = 98%,  reduce = 16%
2016-04-12 15:28:14,147 Stage-1 map = 100%,  reduce = 16%
2016-04-12 15:28:22,195 Stage-1 map = 100%,  reduce = 21%
2016-04-12 15:28:23,204 Stage-1 map = 100%,  reduce = 25%
2016-04-12 15:28:25,218 Stage-1 map = 100%,  reduce = 27%
2016-04-12 15:28:26,227 Stage-1 map = 100%,  reduce = 35%
2016-04-12 15:28:28,246 Stage-1 map = 100%,  reduce = 42%
2016-04-12 15:28:29,256 Stage-1 map = 100%,  reduce = 47%
2016-04-12 15:28:31,272 Stage-1 map = 100%,  reduce = 50%
2016-04-12 15:28:37,311 Stage-1 map = 100%,  reduce = 58%
2016-04-12 15:28:40,333 Stage-1 map = 100%,  reduce = 75%
2016-04-12 15:28:43,355 Stage-1 map = 100%,  reduce = 83%
2016-04-12 15:28:46,378 Stage-1 map = 100%,  reduce = 100%
Ended Job = job_201604121524_0001
Launching Job 2 out of 3
Number of reduce tasks not specified. Estimated from input data size: 1
In order to change the average load for a reducer (in bytes):
  set hive.exec.reducers.bytes.per.reducer=<number>
In order to limit the maximum number of reducers:
  set hive.exec.reducers.max=<number>
In order to set a constant number of reducers:
  set mapred.reduce.tasks=<number>
Starting Job = job_201604121524_0002, Tracking URL = http://belona.c3local:50030/jobdetails.jsp?jobid=job_201604121524_0002
Kill Command = /home/hadoop/hadoop/bin/../bin/hadoop job  -Dmapred.job.tracker=belona.c3local:9001 -kill job_201604121524_0002
2016-04-12 15:28:55,975 Stage-2 map = 0%,  reduce = 0%
2016-04-12 15:28:58,995 Stage-2 map = 25%,  reduce = 0%
2016-04-12 15:29:02,031 Stage-2 map = 50%,  reduce = 0%
2016-04-12 15:29:05,051 Stage-2 map = 100%,  reduce = 0%
2016-04-12 15:29:08,072 Stage-2 map = 100%,  reduce = 33%
2016-04-12 15:29:10,087 Stage-2 map = 100%,  reduce = 100%
Ended Job = job_201604121524_0002
Launching Job 3 out of 3
Number of reduce tasks determined at compile time: 1
In order to change the average load for a reducer (in bytes):
  set hive.exec.reducers.bytes.per.reducer=<number>
In order to limit the maximum number of reducers:
  set hive.exec.reducers.max=<number>
In order to set a constant number of reducers:
  set mapred.reduce.tasks=<number>
Starting Job = job_201604121524_0003, Tracking URL = http://belona.c3local:50030/jobdetails.jsp?jobid=job_201604121524_0003
Kill Command = /home/hadoop/hadoop/bin/../bin/hadoop job  -Dmapred.job.tracker=belona.c3local:9001 -kill job_201604121524_0003
2016-04-12 15:29:19,642 Stage-3 map = 0%,  reduce = 0%
2016-04-12 15:29:22,660 Stage-3 map = 100%,  reduce = 0%
2016-04-12 15:29:31,715 Stage-3 map = 100%,  reduce = 100%
Ended Job = job_201604121524_0003
Loading data to table q12_shipping
2 Rows loaded to q12_shipping
OK
Time taken: 283.295 seconds
Hive history file=/tmp/hadoop/hive_job_log_hadoop_201604121530_488981797.txt
OK
Time taken: 3.433 seconds
OK
Time taken: 0.065 seconds
FAILED: Error in metadata: MetaException(message:Got exception: org.apache.hadoop.ipc.RemoteException org.apache.hadoop.hdfs.server.namenode.SafeModeException: Cannot delete /user/hive/warehouse/q12_shipping. Name node is in safe mode.
The ratio of reported blocks 1.0000 has reached the threshold 0.9990. Safe mode will be turned off automatically in 24 seconds.
	at org.apache.hadoop.hdfs.server.namenode.FSNamesystem.deleteInternal(FSNamesystem.java:1700)
	at org.apache.hadoop.hdfs.server.namenode.FSNamesystem.delete(FSNamesystem.java:1680)
	at org.apache.hadoop.hdfs.server.namenode.NameNode.delete(NameNode.java:517)
	at sun.reflect.NativeMethodAccessorImpl.invoke0(Native Method)
	at sun.reflect.NativeMethodAccessorImpl.invoke(NativeMethodAccessorImpl.java:57)
	at sun.reflect.DelegatingMethodAccessorImpl.invoke(DelegatingMethodAccessorImpl.java:43)
	at java.lang.reflect.Method.invoke(Method.java:606)
	at org.apache.hadoop.ipc.RPC$Server.call(RPC.java:508)
	at org.apache.hadoop.ipc.Server$Handler$1.run(Server.java:959)
	at org.apache.hadoop.ipc.Server$Handler$1.run(Server.java:955)
	at java.security.AccessController.doPrivileged(Native Method)
	at javax.security.auth.Subject.doAs(Subject.java:415)
	at org.apache.hadoop.ipc.Server$Handler.run(Server.java:953)
)
FAILED: Execution Error, return code 1 from org.apache.hadoop.hive.ql.exec.DDLTask
Hive history file=/tmp/hadoop/hive_job_log_hadoop_201604121530_514322318.txt
OK
Time taken: 2.823 seconds
OK
Time taken: 0.008 seconds
OK
Time taken: 0.008 seconds
OK
Time taken: 0.504 seconds
OK
Time taken: 0.032 seconds
OK
Time taken: 0.024 seconds
Total MapReduce jobs = 3
Launching Job 1 out of 3
Number of reduce tasks not specified. Estimated from input data size: 8
In order to change the average load for a reducer (in bytes):
  set hive.exec.reducers.bytes.per.reducer=<number>
In order to limit the maximum number of reducers:
  set hive.exec.reducers.max=<number>
In order to set a constant number of reducers:
  set mapred.reduce.tasks=<number>
Starting Job = job_201604121529_0001, Tracking URL = http://belona.c3local:50030/jobdetails.jsp?jobid=job_201604121529_0001
Kill Command = /home/hadoop/hadoop/bin/../bin/hadoop job  -Dmapred.job.tracker=belona.c3local:9001 -kill job_201604121529_0001
2016-04-12 15:30:16,796 Stage-1 map = 0%,  reduce = 0%
2016-04-12 15:30:25,862 Stage-1 map = 2%,  reduce = 0%
2016-04-12 15:30:28,884 Stage-1 map = 5%,  reduce = 0%
2016-04-12 15:30:31,909 Stage-1 map = 9%,  reduce = 0%
2016-04-12 15:30:34,938 Stage-1 map = 13%,  reduce = 0%
2016-04-12 15:30:37,968 Stage-1 map = 15%,  reduce = 0%
2016-04-12 15:30:41,003 Stage-1 map = 16%,  reduce = 0%
2016-04-12 15:30:44,039 Stage-1 map = 17%,  reduce = 0%
2016-04-12 15:30:47,070 Stage-1 map = 18%,  reduce = 1%
2016-04-12 15:30:50,101 Stage-1 map = 19%,  reduce = 1%
2016-04-12 15:30:53,136 Stage-1 map = 21%,  reduce = 2%
2016-04-12 15:30:56,166 Stage-1 map = 23%,  reduce = 2%
2016-04-12 15:30:59,197 Stage-1 map = 25%,  reduce = 2%
2016-04-12 15:31:02,228 Stage-1 map = 26%,  reduce = 2%
2016-04-12 15:31:05,259 Stage-1 map = 27%,  reduce = 2%
2016-04-12 15:31:08,289 Stage-1 map = 28%,  reduce = 2%
2016-04-12 15:31:11,319 Stage-1 map = 29%,  reduce = 2%
2016-04-12 15:31:14,353 Stage-1 map = 30%,  reduce = 2%
2016-04-12 15:31:17,387 Stage-1 map = 31%,  reduce = 2%
2016-04-12 15:31:20,419 Stage-1 map = 31%,  reduce = 3%
2016-04-12 15:31:23,452 Stage-1 map = 32%,  reduce = 3%
2016-04-12 15:31:26,487 Stage-1 map = 32%,  reduce = 4%
2016-04-12 15:31:32,541 Stage-1 map = 34%,  reduce = 5%
2016-04-12 15:31:35,569 Stage-1 map = 36%,  reduce = 5%
2016-04-12 15:31:38,598 Stage-1 map = 38%,  reduce = 5%
2016-04-12 15:31:41,628 Stage-1 map = 40%,  reduce = 5%
2016-04-12 15:31:44,656 Stage-1 map = 42%,  reduce = 5%
2016-04-12 15:31:47,685 Stage-1 map = 44%,  reduce = 5%
2016-04-12 15:31:50,715 Stage-1 map = 46%,  reduce = 5%
2016-04-12 15:31:52,734 Stage-1 map = 47%,  reduce = 5%
2016-04-12 15:31:53,746 Stage-1 map = 49%,  reduce = 5%
2016-04-12 15:31:55,767 Stage-1 map = 51%,  reduce = 5%
2016-04-12 15:31:58,795 Stage-1 map = 52%,  reduce = 5%
2016-04-12 15:32:01,821 Stage-1 map = 53%,  reduce = 6%
2016-04-12 15:32:04,845 Stage-1 map = 54%,  reduce = 6%
2016-04-12 15:32:07,868 Stage-1 map = 55%,  reduce = 8%
2016-04-12 15:32:10,891 Stage-1 map = 56%,  reduce = 8%
2016-04-12 15:32:13,915 Stage-1 map = 58%,  reduce = 9%
2016-04-12 15:32:16,938 Stage-1 map = 60%,  reduce = 9%
2016-04-12 15:32:19,961 Stage-1 map = 63%,  reduce = 9%
2016-04-12 15:32:22,986 Stage-1 map = 65%,  reduce = 9%
2016-04-12 15:32:26,007 Stage-1 map = 67%,  reduce = 9%
2016-04-12 15:32:29,029 Stage-1 map = 69%,  reduce = 9%
2016-04-12 15:32:32,051 Stage-1 map = 71%,  reduce = 9%
2016-04-12 15:32:35,072 Stage-1 map = 72%,  reduce = 9%
2016-04-12 15:32:38,094 Stage-1 map = 73%,  reduce = 10%
2016-04-12 15:32:41,114 Stage-1 map = 75%,  reduce = 10%
2016-04-12 15:32:44,135 Stage-1 map = 76%,  reduce = 11%
2016-04-12 15:32:47,156 Stage-1 map = 77%,  reduce = 12%
2016-04-12 15:32:50,176 Stage-1 map = 79%,  reduce = 12%
2016-04-12 15:32:53,197 Stage-1 map = 81%,  reduce = 12%
2016-04-12 15:32:56,218 Stage-1 map = 84%,  reduce = 12%
2016-04-12 15:32:59,238 Stage-1 map = 86%,  reduce = 12%
2016-04-12 15:33:02,259 Stage-1 map = 88%,  reduce = 12%
2016-04-12 15:33:05,279 Stage-1 map = 90%,  reduce = 12%
2016-04-12 15:33:08,299 Stage-1 map = 92%,  reduce = 12%
2016-04-12 15:33:11,319 Stage-1 map = 93%,  reduce = 12%
2016-04-12 15:33:14,340 Stage-1 map = 95%,  reduce = 13%
2016-04-12 15:33:17,360 Stage-1 map = 95%,  reduce = 14%
2016-04-12 15:33:20,380 Stage-1 map = 96%,  reduce = 14%
2016-04-12 15:33:23,400 Stage-1 map = 97%,  reduce = 16%
2016-04-12 15:33:26,421 Stage-1 map = 98%,  reduce = 16%
2016-04-12 15:33:29,441 Stage-1 map = 99%,  reduce = 16%
2016-04-12 15:33:32,462 Stage-1 map = 100%,  reduce = 16%
2016-04-12 15:33:41,516 Stage-1 map = 100%,  reduce = 25%
2016-04-12 15:33:44,536 Stage-1 map = 100%,  reduce = 36%
2016-04-12 15:33:47,559 Stage-1 map = 100%,  reduce = 50%
2016-04-12 15:33:56,617 Stage-1 map = 100%,  reduce = 58%
2016-04-12 15:33:59,638 Stage-1 map = 100%,  reduce = 75%
2016-04-12 15:34:02,659 Stage-1 map = 100%,  reduce = 89%
2016-04-12 15:34:05,680 Stage-1 map = 100%,  reduce = 100%
Ended Job = job_201604121529_0001
Launching Job 2 out of 3
Number of reduce tasks not specified. Estimated from input data size: 1
In order to change the average load for a reducer (in bytes):
  set hive.exec.reducers.bytes.per.reducer=<number>
In order to limit the maximum number of reducers:
  set hive.exec.reducers.max=<number>
In order to set a constant number of reducers:
  set mapred.reduce.tasks=<number>
Starting Job = job_201604121529_0002, Tracking URL = http://belona.c3local:50030/jobdetails.jsp?jobid=job_201604121529_0002
Kill Command = /home/hadoop/hadoop/bin/../bin/hadoop job  -Dmapred.job.tracker=belona.c3local:9001 -kill job_201604121529_0002
2016-04-12 15:34:14,229 Stage-2 map = 0%,  reduce = 0%
2016-04-12 15:34:17,247 Stage-2 map = 25%,  reduce = 0%
2016-04-12 15:34:20,267 Stage-2 map = 50%,  reduce = 0%
2016-04-12 15:34:23,292 Stage-2 map = 100%,  reduce = 0%
2016-04-12 15:34:26,312 Stage-2 map = 100%,  reduce = 33%
2016-04-12 15:34:29,332 Stage-2 map = 100%,  reduce = 100%
Ended Job = job_201604121529_0002
Launching Job 3 out of 3
Number of reduce tasks determined at compile time: 1
In order to change the average load for a reducer (in bytes):
  set hive.exec.reducers.bytes.per.reducer=<number>
In order to limit the maximum number of reducers:
  set hive.exec.reducers.max=<number>
In order to set a constant number of reducers:
  set mapred.reduce.tasks=<number>
Starting Job = job_201604121529_0003, Tracking URL = http://belona.c3local:50030/jobdetails.jsp?jobid=job_201604121529_0003
Kill Command = /home/hadoop/hadoop/bin/../bin/hadoop job  -Dmapred.job.tracker=belona.c3local:9001 -kill job_201604121529_0003
2016-04-12 15:34:38,796 Stage-3 map = 0%,  reduce = 0%
2016-04-12 15:34:41,813 Stage-3 map = 100%,  reduce = 0%
2016-04-12 15:34:50,866 Stage-3 map = 100%,  reduce = 100%
Ended Job = job_201604121529_0003
Loading data to table q12_shipping
2 Rows loaded to q12_shipping
OK
Time taken: 283.694 seconds
Hive history file=/tmp/hadoop/hive_job_log_hadoop_201604121535_64343444.txt
OK
Time taken: 3.495 seconds
OK
Time taken: 0.064 seconds
FAILED: Error in metadata: MetaException(message:Got exception: org.apache.hadoop.ipc.RemoteException org.apache.hadoop.hdfs.server.namenode.SafeModeException: Cannot delete /user/hive/warehouse/q12_shipping. Name node is in safe mode.
The ratio of reported blocks 1.0000 has reached the threshold 0.9990. Safe mode will be turned off automatically in 24 seconds.
	at org.apache.hadoop.hdfs.server.namenode.FSNamesystem.deleteInternal(FSNamesystem.java:1700)
	at org.apache.hadoop.hdfs.server.namenode.FSNamesystem.delete(FSNamesystem.java:1680)
	at org.apache.hadoop.hdfs.server.namenode.NameNode.delete(NameNode.java:517)
	at sun.reflect.NativeMethodAccessorImpl.invoke0(Native Method)
	at sun.reflect.NativeMethodAccessorImpl.invoke(NativeMethodAccessorImpl.java:57)
	at sun.reflect.DelegatingMethodAccessorImpl.invoke(DelegatingMethodAccessorImpl.java:43)
	at java.lang.reflect.Method.invoke(Method.java:606)
	at org.apache.hadoop.ipc.RPC$Server.call(RPC.java:508)
	at org.apache.hadoop.ipc.Server$Handler$1.run(Server.java:959)
	at org.apache.hadoop.ipc.Server$Handler$1.run(Server.java:955)
	at java.security.AccessController.doPrivileged(Native Method)
	at javax.security.auth.Subject.doAs(Subject.java:415)
	at org.apache.hadoop.ipc.Server$Handler.run(Server.java:953)
)
FAILED: Execution Error, return code 1 from org.apache.hadoop.hive.ql.exec.DDLTask
Hive history file=/tmp/hadoop/hive_job_log_hadoop_201604121535_564691714.txt
OK
Time taken: 2.812 seconds
OK
Time taken: 0.007 seconds
OK
Time taken: 0.01 seconds
OK
Time taken: 0.415 seconds
OK
Time taken: 0.053 seconds
OK
Time taken: 0.033 seconds
Total MapReduce jobs = 3
Launching Job 1 out of 3
Number of reduce tasks not specified. Estimated from input data size: 8
In order to change the average load for a reducer (in bytes):
  set hive.exec.reducers.bytes.per.reducer=<number>
In order to limit the maximum number of reducers:
  set hive.exec.reducers.max=<number>
In order to set a constant number of reducers:
  set mapred.reduce.tasks=<number>
Starting Job = job_201604121535_0001, Tracking URL = http://belona.c3local:50030/jobdetails.jsp?jobid=job_201604121535_0001
Kill Command = /home/hadoop/hadoop/bin/../bin/hadoop job  -Dmapred.job.tracker=belona.c3local:9001 -kill job_201604121535_0001
2016-04-12 15:35:35,560 Stage-1 map = 0%,  reduce = 0%
2016-04-12 15:35:44,624 Stage-1 map = 3%,  reduce = 0%
2016-04-12 15:35:47,647 Stage-1 map = 5%,  reduce = 0%
2016-04-12 15:35:50,669 Stage-1 map = 9%,  reduce = 0%
2016-04-12 15:35:53,699 Stage-1 map = 11%,  reduce = 0%
2016-04-12 15:35:56,734 Stage-1 map = 13%,  reduce = 0%
2016-04-12 15:35:59,768 Stage-1 map = 14%,  reduce = 0%
2016-04-12 15:36:02,802 Stage-1 map = 15%,  reduce = 1%
2016-04-12 15:36:05,833 Stage-1 map = 16%,  reduce = 2%
2016-04-12 15:36:08,865 Stage-1 map = 18%,  reduce = 2%
2016-04-12 15:36:10,888 Stage-1 map = 20%,  reduce = 2%
2016-04-12 15:36:13,919 Stage-1 map = 22%,  reduce = 2%
2016-04-12 15:36:16,950 Stage-1 map = 24%,  reduce = 2%
2016-04-12 15:36:19,982 Stage-1 map = 26%,  reduce = 2%
2016-04-12 15:36:23,015 Stage-1 map = 27%,  reduce = 2%
2016-04-12 15:36:26,046 Stage-1 map = 29%,  reduce = 2%
2016-04-12 15:36:32,104 Stage-1 map = 30%,  reduce = 2%
2016-04-12 15:36:35,137 Stage-1 map = 31%,  reduce = 2%
2016-04-12 15:36:38,171 Stage-1 map = 32%,  reduce = 2%
2016-04-12 15:36:45,247 Stage-1 map = 32%,  reduce = 3%
2016-04-12 15:36:48,279 Stage-1 map = 32%,  reduce = 4%
2016-04-12 15:36:50,300 Stage-1 map = 33%,  reduce = 5%
2016-04-12 15:36:53,330 Stage-1 map = 34%,  reduce = 5%
2016-04-12 15:36:54,342 Stage-1 map = 35%,  reduce = 5%
2016-04-12 15:36:56,362 Stage-1 map = 36%,  reduce = 5%
2016-04-12 15:36:57,376 Stage-1 map = 37%,  reduce = 5%
2016-04-12 15:36:59,396 Stage-1 map = 38%,  reduce = 5%
2016-04-12 15:37:00,408 Stage-1 map = 39%,  reduce = 5%
2016-04-12 15:37:02,429 Stage-1 map = 41%,  reduce = 5%
2016-04-12 15:37:03,441 Stage-1 map = 42%,  reduce = 5%
2016-04-12 15:37:05,462 Stage-1 map = 43%,  reduce = 5%
2016-04-12 15:37:06,475 Stage-1 map = 44%,  reduce = 5%
2016-04-12 15:37:08,495 Stage-1 map = 45%,  reduce = 5%
2016-04-12 15:37:09,507 Stage-1 map = 46%,  reduce = 5%
2016-04-12 15:37:11,526 Stage-1 map = 47%,  reduce = 5%
2016-04-12 15:37:12,537 Stage-1 map = 48%,  reduce = 5%
2016-04-12 15:37:14,557 Stage-1 map = 49%,  reduce = 5%
2016-04-12 15:37:15,570 Stage-1 map = 51%,  reduce = 5%
2016-04-12 15:37:18,595 Stage-1 map = 53%,  reduce = 5%
2016-04-12 15:37:20,611 Stage-1 map = 53%,  reduce = 6%
2016-04-12 15:37:21,622 Stage-1 map = 53%,  reduce = 7%
2016-04-12 15:37:24,645 Stage-1 map = 53%,  reduce = 8%
2016-04-12 15:37:26,661 Stage-1 map = 54%,  reduce = 8%
2016-04-12 15:37:27,671 Stage-1 map = 55%,  reduce = 8%
2016-04-12 15:37:29,687 Stage-1 map = 56%,  reduce = 9%
2016-04-12 15:37:30,698 Stage-1 map = 57%,  reduce = 9%
2016-04-12 15:37:32,716 Stage-1 map = 58%,  reduce = 9%
2016-04-12 15:37:33,727 Stage-1 map = 59%,  reduce = 9%
2016-04-12 15:37:35,743 Stage-1 map = 60%,  reduce = 9%
2016-04-12 15:37:36,754 Stage-1 map = 62%,  reduce = 9%
2016-04-12 15:37:38,771 Stage-1 map = 64%,  reduce = 9%
2016-04-12 15:37:41,794 Stage-1 map = 66%,  reduce = 9%
2016-04-12 15:37:44,816 Stage-1 map = 68%,  reduce = 9%
2016-04-12 15:37:47,837 Stage-1 map = 70%,  reduce = 9%
2016-04-12 15:37:50,859 Stage-1 map = 73%,  reduce = 9%
2016-04-12 15:37:53,881 Stage-1 map = 74%,  reduce = 9%
2016-04-12 15:37:59,920 Stage-1 map = 75%,  reduce = 11%
2016-04-12 15:38:02,941 Stage-1 map = 76%,  reduce = 11%
2016-04-12 15:38:05,963 Stage-1 map = 78%,  reduce = 12%
2016-04-12 15:38:08,984 Stage-1 map = 81%,  reduce = 12%
2016-04-12 15:38:12,004 Stage-1 map = 83%,  reduce = 12%
2016-04-12 15:38:15,024 Stage-1 map = 85%,  reduce = 12%
2016-04-12 15:38:18,045 Stage-1 map = 87%,  reduce = 12%
2016-04-12 15:38:21,065 Stage-1 map = 90%,  reduce = 12%
2016-04-12 15:38:24,085 Stage-1 map = 92%,  reduce = 12%
2016-04-12 15:38:27,105 Stage-1 map = 94%,  reduce = 12%
2016-04-12 15:38:30,129 Stage-1 map = 95%,  reduce = 12%
2016-04-12 15:38:36,167 Stage-1 map = 96%,  reduce = 14%
2016-04-12 15:38:39,188 Stage-1 map = 97%,  reduce = 16%
2016-04-12 15:38:42,209 Stage-1 map = 98%,  reduce = 16%
2016-04-12 15:38:45,229 Stage-1 map = 100%,  reduce = 16%
2016-04-12 15:38:54,283 Stage-1 map = 100%,  reduce = 37%
2016-04-12 15:38:57,306 Stage-1 map = 100%,  reduce = 49%
2016-04-12 15:39:00,327 Stage-1 map = 100%,  reduce = 50%
2016-04-12 15:39:06,365 Stage-1 map = 100%,  reduce = 58%
2016-04-12 15:39:09,385 Stage-1 map = 100%,  reduce = 75%
2016-04-12 15:39:12,406 Stage-1 map = 100%,  reduce = 85%
2016-04-12 15:39:15,427 Stage-1 map = 100%,  reduce = 100%
Ended Job = job_201604121535_0001
Launching Job 2 out of 3
Number of reduce tasks not specified. Estimated from input data size: 1
In order to change the average load for a reducer (in bytes):
  set hive.exec.reducers.bytes.per.reducer=<number>
In order to limit the maximum number of reducers:
  set hive.exec.reducers.max=<number>
In order to set a constant number of reducers:
  set mapred.reduce.tasks=<number>
Starting Job = job_201604121535_0002, Tracking URL = http://belona.c3local:50030/jobdetails.jsp?jobid=job_201604121535_0002
Kill Command = /home/hadoop/hadoop/bin/../bin/hadoop job  -Dmapred.job.tracker=belona.c3local:9001 -kill job_201604121535_0002
2016-04-12 15:39:23,952 Stage-2 map = 0%,  reduce = 0%
2016-04-12 15:39:26,971 Stage-2 map = 25%,  reduce = 0%
2016-04-12 15:39:30,004 Stage-2 map = 50%,  reduce = 0%
2016-04-12 15:39:33,025 Stage-2 map = 100%,  reduce = 0%
2016-04-12 15:39:36,046 Stage-2 map = 100%,  reduce = 33%
2016-04-12 15:39:39,067 Stage-2 map = 100%,  reduce = 100%
Ended Job = job_201604121535_0002
Launching Job 3 out of 3
Number of reduce tasks determined at compile time: 1
In order to change the average load for a reducer (in bytes):
  set hive.exec.reducers.bytes.per.reducer=<number>
In order to limit the maximum number of reducers:
  set hive.exec.reducers.max=<number>
In order to set a constant number of reducers:
  set mapred.reduce.tasks=<number>
Starting Job = job_201604121535_0003, Tracking URL = http://belona.c3local:50030/jobdetails.jsp?jobid=job_201604121535_0003
Kill Command = /home/hadoop/hadoop/bin/../bin/hadoop job  -Dmapred.job.tracker=belona.c3local:9001 -kill job_201604121535_0003
2016-04-12 15:39:48,506 Stage-3 map = 0%,  reduce = 0%
2016-04-12 15:39:51,525 Stage-3 map = 100%,  reduce = 0%
2016-04-12 15:40:00,581 Stage-3 map = 100%,  reduce = 100%
Ended Job = job_201604121535_0003
Loading data to table q12_shipping
2 Rows loaded to q12_shipping
OK
Time taken: 275.059 seconds
