Hive history file=/tmp/hadoop/hive_job_log_hadoop_201604192102_1391151316.txt
OK
Time taken: 4.13 seconds
OK
Time taken: 0.073 seconds
OK
Time taken: 0.17 seconds
OK
Time taken: 0.09 seconds
OK
Time taken: 0.172 seconds
OK
Time taken: 0.043 seconds
OK
Time taken: 0.245 seconds
OK
Time taken: 0.076 seconds
Total MapReduce jobs = 1
Launching Job 1 out of 1
Number of reduce tasks not specified. Estimated from input data size: 8
In order to change the average load for a reducer (in bytes):
  set hive.exec.reducers.bytes.per.reducer=<number>
In order to limit the maximum number of reducers:
  set hive.exec.reducers.max=<number>
In order to set a constant number of reducers:
  set mapred.reduce.tasks=<number>
Starting Job = job_201604181545_0002, Tracking URL = http://belona.c3local:50030/jobdetails.jsp?jobid=job_201604181545_0002
Kill Command = /home/hadoop/hadoop/bin/../bin/hadoop job  -Dmapred.job.tracker=belona.c3local:9001 -kill job_201604181545_0002
2016-04-19 21:02:16,649 Stage-1 map = 0%,  reduce = 0%
2016-04-19 21:02:25,694 Stage-1 map = 2%,  reduce = 0%
2016-04-19 21:02:28,710 Stage-1 map = 4%,  reduce = 0%
2016-04-19 21:02:31,725 Stage-1 map = 6%,  reduce = 0%
2016-04-19 21:02:34,740 Stage-1 map = 7%,  reduce = 0%
2016-04-19 21:02:37,755 Stage-1 map = 8%,  reduce = 0%
2016-04-19 21:02:40,770 Stage-1 map = 9%,  reduce = 0%
2016-04-19 21:02:43,785 Stage-1 map = 10%,  reduce = 0%
2016-04-19 21:02:46,801 Stage-1 map = 11%,  reduce = 0%
2016-04-19 21:02:49,816 Stage-1 map = 12%,  reduce = 0%
2016-04-19 21:02:52,833 Stage-1 map = 13%,  reduce = 0%
2016-04-19 21:02:55,847 Stage-1 map = 14%,  reduce = 0%
2016-04-19 21:03:04,886 Stage-1 map = 15%,  reduce = 0%
2016-04-19 21:03:13,927 Stage-1 map = 16%,  reduce = 0%
2016-04-19 21:03:22,978 Stage-1 map = 17%,  reduce = 0%
2016-04-19 21:03:38,063 Stage-1 map = 18%,  reduce = 1%
2016-04-19 21:03:44,098 Stage-1 map = 19%,  reduce = 1%
2016-04-19 21:03:53,150 Stage-1 map = 20%,  reduce = 1%
2016-04-19 21:04:08,229 Stage-1 map = 21%,  reduce = 1%
2016-04-19 21:04:26,326 Stage-1 map = 22%,  reduce = 1%
2016-04-19 21:05:05,499 Stage-1 map = 23%,  reduce = 1%
2016-04-19 21:05:58,716 Stage-1 map = 19%,  reduce = 1%
2016-04-19 21:06:19,804 Stage-1 map = 16%,  reduce = 1%
2016-04-19 21:06:31,854 Stage-1 map = 17%,  reduce = 1%
2016-04-19 21:06:40,891 Stage-1 map = 18%,  reduce = 1%
2016-04-19 21:06:46,917 Stage-1 map = 19%,  reduce = 1%
2016-04-19 21:06:55,953 Stage-1 map = 20%,  reduce = 1%
2016-04-19 21:07:08,000 Stage-1 map = 21%,  reduce = 1%
2016-04-19 21:07:29,084 Stage-1 map = 22%,  reduce = 1%
2016-04-19 21:08:05,225 Stage-1 map = 23%,  reduce = 1%
2016-04-19 21:09:05,458 Stage-1 map = 23%,  reduce = 1%
2016-04-19 21:10:05,693 Stage-1 map = 23%,  reduce = 1%
2016-04-19 21:11:05,910 Stage-1 map = 23%,  reduce = 1%
2016-04-19 21:12:06,120 Stage-1 map = 23%,  reduce = 1%
2016-04-19 21:13:06,335 Stage-1 map = 23%,  reduce = 1%
2016-04-19 21:14:06,547 Stage-1 map = 23%,  reduce = 1%
2016-04-19 21:15:06,749 Stage-1 map = 23%,  reduce = 1%
2016-04-19 21:15:56,930 Stage-1 map = 19%,  reduce = 1%
2016-04-19 21:16:20,014 Stage-1 map = 20%,  reduce = 1%
2016-04-19 21:16:35,066 Stage-1 map = 21%,  reduce = 1%
2016-04-19 21:16:53,130 Stage-1 map = 17%,  reduce = 1%
2016-04-19 21:17:11,192 Stage-1 map = 18%,  reduce = 1%
2016-04-19 21:17:23,236 Stage-1 map = 19%,  reduce = 1%
2016-04-19 21:17:35,277 Stage-1 map = 20%,  reduce = 1%
2016-04-19 21:17:56,348 Stage-1 map = 21%,  reduce = 1%
2016-04-19 21:18:23,442 Stage-1 map = 22%,  reduce = 1%
2016-04-19 21:19:05,580 Stage-1 map = 23%,  reduce = 1%
2016-04-19 21:19:32,668 Stage-1 map = 19%,  reduce = 1%
2016-04-19 21:20:08,812 Stage-1 map = 20%,  reduce = 1%
2016-04-19 21:20:29,882 Stage-1 map = 21%,  reduce = 1%
2016-04-19 21:20:32,894 Stage-1 map = 17%,  reduce = 1%
2016-04-19 21:20:59,981 Stage-1 map = 18%,  reduce = 1%
2016-04-19 21:21:15,031 Stage-1 map = 19%,  reduce = 1%
2016-04-19 21:21:30,081 Stage-1 map = 20%,  reduce = 1%
2016-04-19 21:21:54,159 Stage-1 map = 21%,  reduce = 1%
2016-04-19 21:22:20,243 Stage-1 map = 22%,  reduce = 1%
2016-04-19 21:22:56,356 Stage-1 map = 18%,  reduce = 1%
2016-04-19 21:23:23,439 Stage-1 map = 19%,  reduce = 1%
2016-04-19 21:23:41,492 Stage-1 map = 20%,  reduce = 1%
2016-04-19 21:24:02,571 Stage-1 map = 21%,  reduce = 1%
2016-04-19 21:24:29,650 Stage-1 map = 22%,  reduce = 1%
2016-04-19 21:25:08,762 Stage-1 map = 18%,  reduce = 1%
2016-04-19 21:25:29,827 Stage-1 map = 19%,  reduce = 1%
2016-04-19 21:25:53,898 Stage-1 map = 20%,  reduce = 1%
2016-04-19 21:26:11,951 Stage-1 map = 21%,  reduce = 1%
2016-04-19 21:26:42,038 Stage-1 map = 22%,  reduce = 1%
2016-04-19 21:27:24,163 Stage-1 map = 23%,  reduce = 1%
2016-04-19 21:28:24,346 Stage-1 map = 23%,  reduce = 1%
2016-04-19 21:28:27,357 Stage-1 map = 19%,  reduce = 1%
2016-04-19 21:29:06,473 Stage-1 map = 20%,  reduce = 1%
2016-04-19 21:29:24,530 Stage-1 map = 21%,  reduce = 1%
2016-04-19 21:29:33,558 Stage-1 map = 17%,  reduce = 1%
2016-04-19 21:29:59,636 Stage-1 map = 18%,  reduce = 1%
2016-04-19 21:30:14,682 Stage-1 map = 19%,  reduce = 1%
2016-04-19 21:30:29,728 Stage-1 map = 20%,  reduce = 1%
2016-04-19 21:30:50,790 Stage-1 map = 21%,  reduce = 1%
2016-04-19 21:31:17,867 Stage-1 map = 22%,  reduce = 1%
2016-04-19 21:31:53,970 Stage-1 map = 23%,  reduce = 1%
2016-04-19 21:31:59,989 Stage-1 map = 18%,  reduce = 1%
2016-04-19 21:32:21,051 Stage-1 map = 19%,  reduce = 1%
2016-04-19 21:32:45,120 Stage-1 map = 20%,  reduce = 1%
2016-04-19 21:33:06,180 Stage-1 map = 21%,  reduce = 1%
2016-04-19 21:33:33,259 Stage-1 map = 22%,  reduce = 1%
2016-04-19 21:34:09,360 Stage-1 map = 23%,  reduce = 1%
2016-04-19 21:34:21,396 Stage-1 map = 18%,  reduce = 1%
2016-04-19 21:34:33,431 Stage-1 map = 19%,  reduce = 1%
2016-04-19 21:35:06,522 Stage-1 map = 20%,  reduce = 1%
2016-04-19 21:35:24,577 Stage-1 map = 21%,  reduce = 1%
2016-04-19 21:35:51,656 Stage-1 map = 22%,  reduce = 1%
2016-04-19 21:36:30,769 Stage-1 map = 23%,  reduce = 1%
2016-04-19 21:37:30,942 Stage-1 map = 23%,  reduce = 1%
2016-04-19 21:37:39,972 Stage-1 map = 19%,  reduce = 1%
2016-04-19 21:38:18,082 Stage-1 map = 20%,  reduce = 1%
2016-04-19 21:38:33,126 Stage-1 map = 21%,  reduce = 1%
2016-04-19 21:38:36,137 Stage-1 map = 16%,  reduce = 1%
2016-04-19 21:38:45,165 Stage-1 map = 17%,  reduce = 1%
2016-04-19 21:38:57,199 Stage-1 map = 100%,  reduce = 100%
Ended Job = job_201604181545_0002 with errors

Task with the most failures(4): 
-----
Task ID:
  task_201604181545_0002_m_000000

URL:
  http://belona.c3local:50030/taskdetails.jsp?jobid=job_201604181545_0002&tipid=task_201604181545_0002_m_000000
-----

FAILED: Execution Error, return code 2 from org.apache.hadoop.hive.ql.exec.ExecDriver
Hive history file=/tmp/hadoop/hive_job_log_hadoop_201604192138_1885751995.txt
OK
Time taken: 3.404 seconds
OK
Time taken: 0.087 seconds
OK
Time taken: 0.143 seconds
OK
Time taken: 0.074 seconds
OK
Time taken: 0.191 seconds
OK
Time taken: 0.051 seconds
OK
Time taken: 0.04 seconds
OK
Time taken: 0.042 seconds
Total MapReduce jobs = 1
Launching Job 1 out of 1
Number of reduce tasks not specified. Estimated from input data size: 8
In order to change the average load for a reducer (in bytes):
  set hive.exec.reducers.bytes.per.reducer=<number>
In order to limit the maximum number of reducers:
  set hive.exec.reducers.max=<number>
In order to set a constant number of reducers:
  set mapred.reduce.tasks=<number>
Starting Job = job_201604181545_0003, Tracking URL = http://belona.c3local:50030/jobdetails.jsp?jobid=job_201604181545_0003
Kill Command = /home/hadoop/hadoop/bin/../bin/hadoop job  -Dmapred.job.tracker=belona.c3local:9001 -kill job_201604181545_0003
2016-04-19 21:39:16,073 Stage-1 map = 0%,  reduce = 0%
2016-04-19 21:39:37,160 Stage-1 map = 1%,  reduce = 0%
2016-04-19 21:39:39,171 Stage-1 map = 2%,  reduce = 0%
2016-04-19 21:39:42,185 Stage-1 map = 3%,  reduce = 0%
2016-04-19 21:39:45,200 Stage-1 map = 4%,  reduce = 0%
2016-04-19 21:39:48,215 Stage-1 map = 5%,  reduce = 0%
2016-04-19 21:39:54,240 Stage-1 map = 6%,  reduce = 0%
2016-04-19 21:39:58,258 Stage-1 map = 7%,  reduce = 0%
2016-04-19 21:40:03,280 Stage-1 map = 8%,  reduce = 0%
2016-04-19 21:40:09,305 Stage-1 map = 9%,  reduce = 0%
2016-04-19 21:40:12,319 Stage-1 map = 10%,  reduce = 0%
2016-04-19 21:40:21,363 Stage-1 map = 11%,  reduce = 0%
2016-04-19 21:40:27,393 Stage-1 map = 12%,  reduce = 0%
2016-04-19 21:40:36,435 Stage-1 map = 13%,  reduce = 0%
2016-04-19 21:40:45,478 Stage-1 map = 14%,  reduce = 0%
2016-04-19 21:40:54,519 Stage-1 map = 15%,  reduce = 0%
2016-04-19 21:41:09,587 Stage-1 map = 16%,  reduce = 0%
