Hive history file=/tmp/hadoop/hive_job_log_hadoop_201604122200_745893510.txt
OK
Time taken: 3.483 seconds
OK
Time taken: 0.009 seconds
OK
Time taken: 0.24 seconds
FAILED: Error in metadata: MetaException(message:Got exception: org.apache.hadoop.ipc.RemoteException org.apache.hadoop.hdfs.server.namenode.SafeModeException: Cannot create directory /user/hive/warehouse/q1_pricing_summary_report. Name node is in safe mode.
The ratio of reported blocks 1.0000 has reached the threshold 0.9990. Safe mode will be turned off automatically in 24 seconds.
	at org.apache.hadoop.hdfs.server.namenode.FSNamesystem.mkdirsInternal(FSNamesystem.java:1761)
	at org.apache.hadoop.hdfs.server.namenode.FSNamesystem.mkdirs(FSNamesystem.java:1735)
	at org.apache.hadoop.hdfs.server.namenode.NameNode.mkdirs(NameNode.java:542)
	at sun.reflect.NativeMethodAccessorImpl.invoke0(Native Method)
	at sun.reflect.NativeMethodAccessorImpl.invoke(NativeMethodAccessorImpl.java:57)
	at sun.reflect.DelegatingMethodAccessorImpl.invoke(DelegatingMethodAccessorImpl.java:43)
	at java.lang.reflect.Method.invoke(Method.java:606)
	at org.apache.hadoop.ipc.RPC$Server.call(RPC.java:508)
	at org.apache.hadoop.ipc.Server$Handler$1.run(Server.java:959)
	at org.apache.hadoop.ipc.Server$Handler$1.run(Server.java:955)
	at java.security.AccessController.doPrivileged(Native Method)
	at javax.security.auth.Subject.doAs(Subject.java:415)
	at org.apache.hadoop.ipc.Server$Handler.run(Server.java:953)
)
FAILED: Execution Error, return code 1 from org.apache.hadoop.hive.ql.exec.DDLTask
Hive history file=/tmp/hadoop/hive_job_log_hadoop_201604122200_629174351.txt
OK
Time taken: 3.647 seconds
OK
Time taken: 0.01 seconds
OK
Time taken: 0.231 seconds
OK
Time taken: 0.041 seconds
Total MapReduce jobs = 2
Launching Job 1 out of 2
Number of reduce tasks not specified. Estimated from input data size: 8
In order to change the average load for a reducer (in bytes):
  set hive.exec.reducers.bytes.per.reducer=<number>
In order to limit the maximum number of reducers:
  set hive.exec.reducers.max=<number>
In order to set a constant number of reducers:
  set mapred.reduce.tasks=<number>
Starting Job = job_201604122200_0001, Tracking URL = http://belona.c3local:50030/jobdetails.jsp?jobid=job_201604122200_0001
Kill Command = /home/hadoop/hadoop/bin/../bin/hadoop job  -Dmapred.job.tracker=belona.c3local:9001 -kill job_201604122200_0001
2016-04-12 22:00:18,331 Stage-1 map = 0%,  reduce = 0%
2016-04-12 22:00:27,399 Stage-1 map = 1%,  reduce = 0%
2016-04-12 22:00:30,425 Stage-1 map = 3%,  reduce = 0%
2016-04-12 22:00:33,449 Stage-1 map = 5%,  reduce = 0%
2016-04-12 22:00:36,470 Stage-1 map = 8%,  reduce = 0%
2016-04-12 22:00:39,492 Stage-1 map = 11%,  reduce = 0%
2016-04-12 22:00:42,525 Stage-1 map = 14%,  reduce = 0%
2016-04-12 22:00:45,557 Stage-1 map = 16%,  reduce = 0%
2016-04-12 22:00:48,591 Stage-1 map = 17%,  reduce = 0%
2016-04-12 22:00:51,622 Stage-1 map = 18%,  reduce = 0%
2016-04-12 22:00:54,652 Stage-1 map = 20%,  reduce = 1%
2016-04-12 22:00:57,682 Stage-1 map = 22%,  reduce = 1%
2016-04-12 22:01:00,712 Stage-1 map = 24%,  reduce = 1%
2016-04-12 22:01:03,744 Stage-1 map = 27%,  reduce = 1%
2016-04-12 22:01:06,776 Stage-1 map = 30%,  reduce = 1%
2016-04-12 22:01:09,808 Stage-1 map = 30%,  reduce = 2%
2016-04-12 22:01:12,838 Stage-1 map = 31%,  reduce = 4%
2016-04-12 22:01:15,872 Stage-1 map = 33%,  reduce = 4%
2016-04-12 22:01:18,906 Stage-1 map = 35%,  reduce = 4%
2016-04-12 22:01:21,938 Stage-1 map = 38%,  reduce = 4%
2016-04-12 22:01:24,971 Stage-1 map = 40%,  reduce = 4%
2016-04-12 22:01:28,004 Stage-1 map = 42%,  reduce = 5%
2016-04-12 22:01:31,038 Stage-1 map = 44%,  reduce = 5%
2016-04-12 22:01:34,071 Stage-1 map = 46%,  reduce = 5%
2016-04-12 22:01:37,105 Stage-1 map = 49%,  reduce = 6%
2016-04-12 22:01:40,138 Stage-1 map = 51%,  reduce = 6%
2016-04-12 22:01:42,157 Stage-1 map = 52%,  reduce = 6%
2016-04-12 22:01:43,170 Stage-1 map = 53%,  reduce = 6%
2016-04-12 22:01:45,190 Stage-1 map = 54%,  reduce = 6%
2016-04-12 22:01:46,207 Stage-1 map = 56%,  reduce = 6%
2016-04-12 22:01:48,228 Stage-1 map = 57%,  reduce = 6%
2016-04-12 22:01:51,256 Stage-1 map = 58%,  reduce = 6%
2016-04-12 22:01:54,284 Stage-1 map = 59%,  reduce = 8%
2016-04-12 22:01:57,312 Stage-1 map = 61%,  reduce = 9%
2016-04-12 22:02:00,341 Stage-1 map = 64%,  reduce = 9%
2016-04-12 22:02:03,369 Stage-1 map = 65%,  reduce = 9%
2016-04-12 22:02:06,400 Stage-1 map = 67%,  reduce = 9%
2016-04-12 22:02:09,424 Stage-1 map = 70%,  reduce = 10%
2016-04-12 22:02:12,447 Stage-1 map = 72%,  reduce = 10%
2016-04-12 22:02:15,473 Stage-1 map = 74%,  reduce = 10%
2016-04-12 22:02:18,495 Stage-1 map = 77%,  reduce = 10%
2016-04-12 22:02:21,517 Stage-1 map = 79%,  reduce = 10%
2016-04-12 22:02:24,539 Stage-1 map = 82%,  reduce = 10%
2016-04-12 22:02:27,562 Stage-1 map = 84%,  reduce = 10%
2016-04-12 22:02:30,587 Stage-1 map = 85%,  reduce = 10%
2016-04-12 22:02:33,609 Stage-1 map = 86%,  reduce = 11%
2016-04-12 22:02:36,630 Stage-1 map = 88%,  reduce = 12%
2016-04-12 22:02:39,651 Stage-1 map = 90%,  reduce = 13%
2016-04-12 22:02:42,671 Stage-1 map = 91%,  reduce = 14%
2016-04-12 22:02:45,692 Stage-1 map = 93%,  reduce = 14%
2016-04-12 22:02:48,713 Stage-1 map = 95%,  reduce = 14%
2016-04-12 22:02:51,733 Stage-1 map = 97%,  reduce = 14%
2016-04-12 22:02:54,753 Stage-1 map = 99%,  reduce = 15%
2016-04-12 22:02:57,773 Stage-1 map = 100%,  reduce = 15%
2016-04-12 22:03:00,793 Stage-1 map = 100%,  reduce = 24%
2016-04-12 22:03:03,814 Stage-1 map = 100%,  reduce = 41%
2016-04-12 22:03:06,835 Stage-1 map = 100%,  reduce = 50%
2016-04-12 22:03:12,873 Stage-1 map = 100%,  reduce = 75%
2016-04-12 22:03:15,895 Stage-1 map = 100%,  reduce = 100%
Ended Job = job_201604122200_0001
Launching Job 2 out of 2
Number of reduce tasks determined at compile time: 1
In order to change the average load for a reducer (in bytes):
  set hive.exec.reducers.bytes.per.reducer=<number>
In order to limit the maximum number of reducers:
  set hive.exec.reducers.max=<number>
In order to set a constant number of reducers:
  set mapred.reduce.tasks=<number>
Starting Job = job_201604122200_0002, Tracking URL = http://belona.c3local:50030/jobdetails.jsp?jobid=job_201604122200_0002
Kill Command = /home/hadoop/hadoop/bin/../bin/hadoop job  -Dmapred.job.tracker=belona.c3local:9001 -kill job_201604122200_0002
2016-04-12 22:03:24,937 Stage-2 map = 0%,  reduce = 0%
2016-04-12 22:03:27,955 Stage-2 map = 13%,  reduce = 0%
2016-04-12 22:03:30,977 Stage-2 map = 63%,  reduce = 0%
2016-04-12 22:03:33,998 Stage-2 map = 88%,  reduce = 0%
2016-04-12 22:03:37,018 Stage-2 map = 100%,  reduce = 21%
2016-04-12 22:03:43,060 Stage-2 map = 100%,  reduce = 100%
Ended Job = job_201604122200_0002
Loading data to table q1_pricing_summary_report
4 Rows loaded to q1_pricing_summary_report
OK
Time taken: 213.7 seconds
Hive history file=/tmp/hadoop/hive_job_log_hadoop_201604122204_795088926.txt
OK
Time taken: 3.365 seconds
FAILED: Error in metadata: MetaException(message:Got exception: org.apache.hadoop.ipc.RemoteException org.apache.hadoop.hdfs.server.namenode.SafeModeException: Cannot delete /user/hive/warehouse/q1_pricing_summary_report. Name node is in safe mode.
The ratio of reported blocks 1.0000 has reached the threshold 0.9990. Safe mode will be turned off automatically in 24 seconds.
	at org.apache.hadoop.hdfs.server.namenode.FSNamesystem.deleteInternal(FSNamesystem.java:1700)
	at org.apache.hadoop.hdfs.server.namenode.FSNamesystem.delete(FSNamesystem.java:1680)
	at org.apache.hadoop.hdfs.server.namenode.NameNode.delete(NameNode.java:517)
	at sun.reflect.NativeMethodAccessorImpl.invoke0(Native Method)
	at sun.reflect.NativeMethodAccessorImpl.invoke(NativeMethodAccessorImpl.java:57)
	at sun.reflect.DelegatingMethodAccessorImpl.invoke(DelegatingMethodAccessorImpl.java:43)
	at java.lang.reflect.Method.invoke(Method.java:606)
	at org.apache.hadoop.ipc.RPC$Server.call(RPC.java:508)
	at org.apache.hadoop.ipc.Server$Handler$1.run(Server.java:959)
	at org.apache.hadoop.ipc.Server$Handler$1.run(Server.java:955)
	at java.security.AccessController.doPrivileged(Native Method)
	at javax.security.auth.Subject.doAs(Subject.java:415)
	at org.apache.hadoop.ipc.Server$Handler.run(Server.java:953)
)
FAILED: Execution Error, return code 1 from org.apache.hadoop.hive.ql.exec.DDLTask
Hive history file=/tmp/hadoop/hive_job_log_hadoop_201604122204_1998353214.txt
OK
Time taken: 2.983 seconds
OK
Time taken: 0.007 seconds
OK
Time taken: 0.504 seconds
OK
Time taken: 0.04 seconds
Total MapReduce jobs = 2
Launching Job 1 out of 2
Number of reduce tasks not specified. Estimated from input data size: 8
In order to change the average load for a reducer (in bytes):
  set hive.exec.reducers.bytes.per.reducer=<number>
In order to limit the maximum number of reducers:
  set hive.exec.reducers.max=<number>
In order to set a constant number of reducers:
  set mapred.reduce.tasks=<number>
Starting Job = job_201604122204_0001, Tracking URL = http://belona.c3local:50030/jobdetails.jsp?jobid=job_201604122204_0001
Kill Command = /home/hadoop/hadoop/bin/../bin/hadoop job  -Dmapred.job.tracker=belona.c3local:9001 -kill job_201604122204_0001
2016-04-12 22:04:23,300 Stage-1 map = 0%,  reduce = 0%
2016-04-12 22:04:32,367 Stage-1 map = 1%,  reduce = 0%
2016-04-12 22:04:35,389 Stage-1 map = 2%,  reduce = 0%
2016-04-12 22:04:38,410 Stage-1 map = 4%,  reduce = 0%
2016-04-12 22:04:41,430 Stage-1 map = 7%,  reduce = 0%
2016-04-12 22:04:44,451 Stage-1 map = 10%,  reduce = 0%
2016-04-12 22:04:47,472 Stage-1 map = 13%,  reduce = 0%
2016-04-12 22:04:50,492 Stage-1 map = 16%,  reduce = 0%
2016-04-12 22:04:53,524 Stage-1 map = 19%,  reduce = 0%
2016-04-12 22:04:56,558 Stage-1 map = 21%,  reduce = 0%
2016-04-12 22:04:59,589 Stage-1 map = 22%,  reduce = 0%
2016-04-12 22:05:02,619 Stage-1 map = 24%,  reduce = 1%
2016-04-12 22:05:05,652 Stage-1 map = 27%,  reduce = 1%
2016-04-12 22:05:08,684 Stage-1 map = 28%,  reduce = 1%
2016-04-12 22:05:11,716 Stage-1 map = 29%,  reduce = 2%
2016-04-12 22:05:14,747 Stage-1 map = 30%,  reduce = 3%
2016-04-12 22:05:17,778 Stage-1 map = 32%,  reduce = 4%
2016-04-12 22:05:20,811 Stage-1 map = 34%,  reduce = 4%
2016-04-12 22:05:23,844 Stage-1 map = 37%,  reduce = 4%
2016-04-12 22:05:26,877 Stage-1 map = 39%,  reduce = 4%
2016-04-12 22:05:29,909 Stage-1 map = 42%,  reduce = 4%
2016-04-12 22:05:31,932 Stage-1 map = 44%,  reduce = 4%
2016-04-12 22:05:34,967 Stage-1 map = 47%,  reduce = 4%
2016-04-12 22:05:38,000 Stage-1 map = 49%,  reduce = 4%
2016-04-12 22:05:41,032 Stage-1 map = 51%,  reduce = 5%
2016-04-12 22:05:44,064 Stage-1 map = 53%,  reduce = 5%
2016-04-12 22:05:47,096 Stage-1 map = 55%,  reduce = 6%
2016-04-12 22:05:50,125 Stage-1 map = 56%,  reduce = 7%
2016-04-12 22:05:56,176 Stage-1 map = 58%,  reduce = 9%
2016-04-12 22:05:59,204 Stage-1 map = 60%,  reduce = 9%
2016-04-12 22:06:02,233 Stage-1 map = 63%,  reduce = 9%
2016-04-12 22:06:05,261 Stage-1 map = 65%,  reduce = 9%
2016-04-12 22:06:08,289 Stage-1 map = 68%,  reduce = 9%
2016-04-12 22:06:11,316 Stage-1 map = 71%,  reduce = 9%
2016-04-12 22:06:14,350 Stage-1 map = 72%,  reduce = 9%
2016-04-12 22:06:17,376 Stage-1 map = 74%,  reduce = 9%
2016-04-12 22:06:20,402 Stage-1 map = 76%,  reduce = 10%
2016-04-12 22:06:23,424 Stage-1 map = 79%,  reduce = 10%
2016-04-12 22:06:26,446 Stage-1 map = 81%,  reduce = 10%
2016-04-12 22:06:29,471 Stage-1 map = 83%,  reduce = 10%
2016-04-12 22:06:32,494 Stage-1 map = 83%,  reduce = 12%
2016-04-12 22:06:35,517 Stage-1 map = 84%,  reduce = 13%
2016-04-12 22:06:38,539 Stage-1 map = 86%,  reduce = 13%
2016-04-12 22:06:41,560 Stage-1 map = 88%,  reduce = 13%
2016-04-12 22:06:44,581 Stage-1 map = 90%,  reduce = 13%
2016-04-12 22:06:47,602 Stage-1 map = 92%,  reduce = 13%
2016-04-12 22:06:50,624 Stage-1 map = 93%,  reduce = 14%
2016-04-12 22:06:53,655 Stage-1 map = 95%,  reduce = 14%
2016-04-12 22:06:56,677 Stage-1 map = 98%,  reduce = 14%
2016-04-12 22:06:59,697 Stage-1 map = 99%,  reduce = 14%
2016-04-12 22:07:02,717 Stage-1 map = 100%,  reduce = 15%
2016-04-12 22:07:05,737 Stage-1 map = 100%,  reduce = 16%
2016-04-12 22:07:08,757 Stage-1 map = 100%,  reduce = 50%
2016-04-12 22:07:17,811 Stage-1 map = 100%,  reduce = 75%
2016-04-12 22:07:20,832 Stage-1 map = 100%,  reduce = 100%
Ended Job = job_201604122204_0001
Launching Job 2 out of 2
Number of reduce tasks determined at compile time: 1
In order to change the average load for a reducer (in bytes):
  set hive.exec.reducers.bytes.per.reducer=<number>
In order to limit the maximum number of reducers:
  set hive.exec.reducers.max=<number>
In order to set a constant number of reducers:
  set mapred.reduce.tasks=<number>
Starting Job = job_201604122204_0002, Tracking URL = http://belona.c3local:50030/jobdetails.jsp?jobid=job_201604122204_0002
Kill Command = /home/hadoop/hadoop/bin/../bin/hadoop job  -Dmapred.job.tracker=belona.c3local:9001 -kill job_201604122204_0002
2016-04-12 22:07:29,395 Stage-2 map = 0%,  reduce = 0%
2016-04-12 22:07:32,412 Stage-2 map = 25%,  reduce = 0%
2016-04-12 22:07:35,433 Stage-2 map = 50%,  reduce = 0%
2016-04-12 22:07:38,453 Stage-2 map = 100%,  reduce = 0%
2016-04-12 22:07:41,473 Stage-2 map = 100%,  reduce = 33%
2016-04-12 22:07:44,497 Stage-2 map = 100%,  reduce = 100%
Ended Job = job_201604122204_0002
Loading data to table q1_pricing_summary_report
4 Rows loaded to q1_pricing_summary_report
OK
Time taken: 211.106 seconds
Hive history file=/tmp/hadoop/hive_job_log_hadoop_201604122208_429428132.txt
OK
Time taken: 3.56 seconds
FAILED: Error in metadata: MetaException(message:Got exception: org.apache.hadoop.ipc.RemoteException org.apache.hadoop.hdfs.server.namenode.SafeModeException: Cannot delete /user/hive/warehouse/q1_pricing_summary_report. Name node is in safe mode.
The ratio of reported blocks 1.0000 has reached the threshold 0.9990. Safe mode will be turned off automatically in 24 seconds.
	at org.apache.hadoop.hdfs.server.namenode.FSNamesystem.deleteInternal(FSNamesystem.java:1700)
	at org.apache.hadoop.hdfs.server.namenode.FSNamesystem.delete(FSNamesystem.java:1680)
	at org.apache.hadoop.hdfs.server.namenode.NameNode.delete(NameNode.java:517)
	at sun.reflect.NativeMethodAccessorImpl.invoke0(Native Method)
	at sun.reflect.NativeMethodAccessorImpl.invoke(NativeMethodAccessorImpl.java:57)
	at sun.reflect.DelegatingMethodAccessorImpl.invoke(DelegatingMethodAccessorImpl.java:43)
	at java.lang.reflect.Method.invoke(Method.java:606)
	at org.apache.hadoop.ipc.RPC$Server.call(RPC.java:508)
	at org.apache.hadoop.ipc.Server$Handler$1.run(Server.java:959)
	at org.apache.hadoop.ipc.Server$Handler$1.run(Server.java:955)
	at java.security.AccessController.doPrivileged(Native Method)
	at javax.security.auth.Subject.doAs(Subject.java:415)
	at org.apache.hadoop.ipc.Server$Handler.run(Server.java:953)
)
FAILED: Execution Error, return code 1 from org.apache.hadoop.hive.ql.exec.DDLTask
Hive history file=/tmp/hadoop/hive_job_log_hadoop_201604122208_567302101.txt
OK
Time taken: 2.788 seconds
OK
Time taken: 0.008 seconds
OK
Time taken: 0.505 seconds
OK
Time taken: 0.039 seconds
Total MapReduce jobs = 2
Launching Job 1 out of 2
Number of reduce tasks not specified. Estimated from input data size: 8
In order to change the average load for a reducer (in bytes):
  set hive.exec.reducers.bytes.per.reducer=<number>
In order to limit the maximum number of reducers:
  set hive.exec.reducers.max=<number>
In order to set a constant number of reducers:
  set mapred.reduce.tasks=<number>
Starting Job = job_201604122208_0001, Tracking URL = http://belona.c3local:50030/jobdetails.jsp?jobid=job_201604122208_0001
Kill Command = /home/hadoop/hadoop/bin/../bin/hadoop job  -Dmapred.job.tracker=belona.c3local:9001 -kill job_201604122208_0001
2016-04-12 22:08:25,322 Stage-1 map = 0%,  reduce = 0%
2016-04-12 22:08:33,383 Stage-1 map = 1%,  reduce = 0%
2016-04-12 22:08:36,410 Stage-1 map = 3%,  reduce = 0%
2016-04-12 22:08:39,433 Stage-1 map = 5%,  reduce = 0%
2016-04-12 22:08:42,456 Stage-1 map = 8%,  reduce = 0%
2016-04-12 22:08:45,482 Stage-1 map = 11%,  reduce = 0%
2016-04-12 22:08:48,513 Stage-1 map = 14%,  reduce = 0%
2016-04-12 22:08:51,546 Stage-1 map = 16%,  reduce = 0%
2016-04-12 22:08:54,581 Stage-1 map = 17%,  reduce = 0%
2016-04-12 22:08:57,614 Stage-1 map = 18%,  reduce = 0%
2016-04-12 22:09:00,646 Stage-1 map = 20%,  reduce = 1%
2016-04-12 22:09:03,677 Stage-1 map = 22%,  reduce = 1%
2016-04-12 22:09:06,708 Stage-1 map = 24%,  reduce = 1%
2016-04-12 22:09:09,740 Stage-1 map = 26%,  reduce = 1%
2016-04-12 22:09:12,770 Stage-1 map = 29%,  reduce = 1%
2016-04-12 22:09:15,801 Stage-1 map = 30%,  reduce = 2%
2016-04-12 22:09:18,832 Stage-1 map = 31%,  reduce = 3%
2016-04-12 22:09:21,864 Stage-1 map = 33%,  reduce = 3%
2016-04-12 22:09:24,896 Stage-1 map = 35%,  reduce = 4%
2016-04-12 22:09:27,928 Stage-1 map = 37%,  reduce = 4%
2016-04-12 22:09:30,960 Stage-1 map = 40%,  reduce = 4%
2016-04-12 22:09:33,993 Stage-1 map = 42%,  reduce = 5%
2016-04-12 22:09:37,026 Stage-1 map = 43%,  reduce = 5%
2016-04-12 22:09:40,058 Stage-1 map = 46%,  reduce = 5%
2016-04-12 22:09:43,091 Stage-1 map = 48%,  reduce = 6%
2016-04-12 22:09:46,123 Stage-1 map = 51%,  reduce = 6%
2016-04-12 22:09:49,153 Stage-1 map = 53%,  reduce = 6%
2016-04-12 22:09:52,180 Stage-1 map = 54%,  reduce = 6%
2016-04-12 22:09:55,208 Stage-1 map = 56%,  reduce = 6%
2016-04-12 22:09:58,237 Stage-1 map = 58%,  reduce = 7%
2016-04-12 22:10:01,266 Stage-1 map = 60%,  reduce = 7%
2016-04-12 22:10:04,295 Stage-1 map = 61%,  reduce = 8%
2016-04-12 22:10:07,322 Stage-1 map = 63%,  reduce = 8%
2016-04-12 22:10:10,349 Stage-1 map = 66%,  reduce = 9%
2016-04-12 22:10:13,374 Stage-1 map = 67%,  reduce = 9%
2016-04-12 22:10:16,398 Stage-1 map = 69%,  reduce = 9%
2016-04-12 22:10:19,421 Stage-1 map = 71%,  reduce = 10%
2016-04-12 22:10:22,445 Stage-1 map = 74%,  reduce = 10%
2016-04-12 22:10:25,468 Stage-1 map = 76%,  reduce = 10%
2016-04-12 22:10:27,485 Stage-1 map = 78%,  reduce = 10%
2016-04-12 22:10:30,507 Stage-1 map = 79%,  reduce = 10%
2016-04-12 22:10:31,517 Stage-1 map = 80%,  reduce = 11%
2016-04-12 22:10:33,532 Stage-1 map = 81%,  reduce = 11%
2016-04-12 22:10:34,541 Stage-1 map = 82%,  reduce = 11%
2016-04-12 22:10:36,556 Stage-1 map = 85%,  reduce = 11%
2016-04-12 22:10:39,578 Stage-1 map = 86%,  reduce = 11%
2016-04-12 22:10:42,598 Stage-1 map = 88%,  reduce = 11%
2016-04-12 22:10:45,618 Stage-1 map = 90%,  reduce = 13%
2016-04-12 22:10:48,638 Stage-1 map = 91%,  reduce = 13%
2016-04-12 22:10:51,659 Stage-1 map = 93%,  reduce = 13%
2016-04-12 22:10:54,687 Stage-1 map = 96%,  reduce = 13%
2016-04-12 22:10:57,708 Stage-1 map = 96%,  reduce = 14%
2016-04-12 22:11:00,727 Stage-1 map = 97%,  reduce = 15%
2016-04-12 22:11:03,746 Stage-1 map = 98%,  reduce = 16%
2016-04-12 22:11:06,766 Stage-1 map = 100%,  reduce = 16%
2016-04-12 22:11:09,786 Stage-1 map = 100%,  reduce = 24%
2016-04-12 22:11:12,807 Stage-1 map = 100%,  reduce = 41%
2016-04-12 22:11:15,827 Stage-1 map = 100%,  reduce = 50%
2016-04-12 22:11:18,848 Stage-1 map = 100%,  reduce = 63%
2016-04-12 22:11:21,869 Stage-1 map = 100%,  reduce = 88%
2016-04-12 22:11:24,889 Stage-1 map = 100%,  reduce = 100%
Ended Job = job_201604122208_0001
Launching Job 2 out of 2
Number of reduce tasks determined at compile time: 1
In order to change the average load for a reducer (in bytes):
  set hive.exec.reducers.bytes.per.reducer=<number>
In order to limit the maximum number of reducers:
  set hive.exec.reducers.max=<number>
In order to set a constant number of reducers:
  set mapred.reduce.tasks=<number>
Starting Job = job_201604122208_0002, Tracking URL = http://belona.c3local:50030/jobdetails.jsp?jobid=job_201604122208_0002
Kill Command = /home/hadoop/hadoop/bin/../bin/hadoop job  -Dmapred.job.tracker=belona.c3local:9001 -kill job_201604122208_0002
2016-04-12 22:11:34,502 Stage-2 map = 0%,  reduce = 0%
2016-04-12 22:11:37,521 Stage-2 map = 25%,  reduce = 0%
2016-04-12 22:11:40,542 Stage-2 map = 50%,  reduce = 0%
2016-04-12 22:11:43,563 Stage-2 map = 100%,  reduce = 0%
2016-04-12 22:11:49,603 Stage-2 map = 100%,  reduce = 100%
Ended Job = job_201604122208_0002
Loading data to table q1_pricing_summary_report
4 Rows loaded to q1_pricing_summary_report
OK
Time taken: 214.658 seconds
Hive history file=/tmp/hadoop/hive_job_log_hadoop_201604122212_1856727211.txt
OK
Time taken: 3.506 seconds
FAILED: Error in metadata: MetaException(message:Got exception: org.apache.hadoop.ipc.RemoteException org.apache.hadoop.hdfs.server.namenode.SafeModeException: Cannot delete /user/hive/warehouse/q1_pricing_summary_report. Name node is in safe mode.
The ratio of reported blocks 1.0000 has reached the threshold 0.9990. Safe mode will be turned off automatically in 24 seconds.
	at org.apache.hadoop.hdfs.server.namenode.FSNamesystem.deleteInternal(FSNamesystem.java:1700)
	at org.apache.hadoop.hdfs.server.namenode.FSNamesystem.delete(FSNamesystem.java:1680)
	at org.apache.hadoop.hdfs.server.namenode.NameNode.delete(NameNode.java:517)
	at sun.reflect.NativeMethodAccessorImpl.invoke0(Native Method)
	at sun.reflect.NativeMethodAccessorImpl.invoke(NativeMethodAccessorImpl.java:57)
	at sun.reflect.DelegatingMethodAccessorImpl.invoke(DelegatingMethodAccessorImpl.java:43)
	at java.lang.reflect.Method.invoke(Method.java:606)
	at org.apache.hadoop.ipc.RPC$Server.call(RPC.java:508)
	at org.apache.hadoop.ipc.Server$Handler$1.run(Server.java:959)
	at org.apache.hadoop.ipc.Server$Handler$1.run(Server.java:955)
	at java.security.AccessController.doPrivileged(Native Method)
	at javax.security.auth.Subject.doAs(Subject.java:415)
	at org.apache.hadoop.ipc.Server$Handler.run(Server.java:953)
)
FAILED: Execution Error, return code 1 from org.apache.hadoop.hive.ql.exec.DDLTask
Hive history file=/tmp/hadoop/hive_job_log_hadoop_201604122212_779171326.txt
OK
Time taken: 2.954 seconds
OK
Time taken: 0.01 seconds
OK
Time taken: 0.449 seconds
OK
Time taken: 0.055 seconds
Total MapReduce jobs = 2
Launching Job 1 out of 2
Number of reduce tasks not specified. Estimated from input data size: 8
In order to change the average load for a reducer (in bytes):
  set hive.exec.reducers.bytes.per.reducer=<number>
In order to limit the maximum number of reducers:
  set hive.exec.reducers.max=<number>
In order to set a constant number of reducers:
  set mapred.reduce.tasks=<number>
Starting Job = job_201604122212_0001, Tracking URL = http://belona.c3local:50030/jobdetails.jsp?jobid=job_201604122212_0001
Kill Command = /home/hadoop/hadoop/bin/../bin/hadoop job  -Dmapred.job.tracker=belona.c3local:9001 -kill job_201604122212_0001
2016-04-12 22:12:29,166 Stage-1 map = 0%,  reduce = 0%
2016-04-12 22:12:38,229 Stage-1 map = 1%,  reduce = 0%
2016-04-12 22:12:41,252 Stage-1 map = 3%,  reduce = 0%
2016-04-12 22:12:44,277 Stage-1 map = 5%,  reduce = 0%
2016-04-12 22:12:47,297 Stage-1 map = 8%,  reduce = 0%
2016-04-12 22:12:50,318 Stage-1 map = 11%,  reduce = 0%
2016-04-12 22:12:53,352 Stage-1 map = 14%,  reduce = 0%
2016-04-12 22:12:56,384 Stage-1 map = 16%,  reduce = 0%
2016-04-12 22:12:59,417 Stage-1 map = 17%,  reduce = 0%
2016-04-12 22:13:02,448 Stage-1 map = 18%,  reduce = 0%
2016-04-12 22:13:05,479 Stage-1 map = 20%,  reduce = 1%
2016-04-12 22:13:08,510 Stage-1 map = 22%,  reduce = 1%
2016-04-12 22:13:11,543 Stage-1 map = 24%,  reduce = 1%
2016-04-12 22:13:14,574 Stage-1 map = 26%,  reduce = 1%
2016-04-12 22:13:17,604 Stage-1 map = 29%,  reduce = 1%
2016-04-12 22:13:20,635 Stage-1 map = 30%,  reduce = 2%
2016-04-12 22:13:23,666 Stage-1 map = 31%,  reduce = 3%
2016-04-12 22:13:26,698 Stage-1 map = 33%,  reduce = 3%
2016-04-12 22:13:29,731 Stage-1 map = 35%,  reduce = 4%
2016-04-12 22:13:32,766 Stage-1 map = 38%,  reduce = 4%
2016-04-12 22:13:35,800 Stage-1 map = 40%,  reduce = 4%
2016-04-12 22:13:38,835 Stage-1 map = 42%,  reduce = 5%
2016-04-12 22:13:41,868 Stage-1 map = 44%,  reduce = 5%
2016-04-12 22:13:44,897 Stage-1 map = 46%,  reduce = 5%
2016-04-12 22:13:47,927 Stage-1 map = 49%,  reduce = 6%
2016-04-12 22:13:50,955 Stage-1 map = 51%,  reduce = 6%
2016-04-12 22:13:53,983 Stage-1 map = 53%,  reduce = 6%
2016-04-12 22:13:57,012 Stage-1 map = 56%,  reduce = 6%
2016-04-12 22:14:00,040 Stage-1 map = 57%,  reduce = 6%
2016-04-12 22:14:03,069 Stage-1 map = 58%,  reduce = 6%
2016-04-12 22:14:05,093 Stage-1 map = 58%,  reduce = 7%
2016-04-12 22:14:06,105 Stage-1 map = 60%,  reduce = 8%
2016-04-12 22:14:08,126 Stage-1 map = 62%,  reduce = 9%
2016-04-12 22:14:11,153 Stage-1 map = 64%,  reduce = 9%
2016-04-12 22:14:14,180 Stage-1 map = 67%,  reduce = 9%
2016-04-12 22:14:17,208 Stage-1 map = 69%,  reduce = 9%
2016-04-12 22:14:20,232 Stage-1 map = 71%,  reduce = 9%
2016-04-12 22:14:23,257 Stage-1 map = 73%,  reduce = 10%
2016-04-12 22:14:26,282 Stage-1 map = 75%,  reduce = 10%
2016-04-12 22:14:29,305 Stage-1 map = 78%,  reduce = 10%
2016-04-12 22:14:32,328 Stage-1 map = 81%,  reduce = 10%
2016-04-12 22:14:35,352 Stage-1 map = 82%,  reduce = 10%
2016-04-12 22:14:38,376 Stage-1 map = 83%,  reduce = 11%
2016-04-12 22:14:41,397 Stage-1 map = 85%,  reduce = 11%
2016-04-12 22:14:44,419 Stage-1 map = 86%,  reduce = 12%
2016-04-12 22:14:47,439 Stage-1 map = 88%,  reduce = 13%
2016-04-12 22:14:50,460 Stage-1 map = 90%,  reduce = 13%
2016-04-12 22:14:53,494 Stage-1 map = 92%,  reduce = 13%
2016-04-12 22:14:56,514 Stage-1 map = 94%,  reduce = 13%
2016-04-12 22:14:59,534 Stage-1 map = 96%,  reduce = 13%
2016-04-12 22:15:02,554 Stage-1 map = 98%,  reduce = 14%
2016-04-12 22:15:05,574 Stage-1 map = 99%,  reduce = 15%
2016-04-12 22:15:08,595 Stage-1 map = 100%,  reduce = 15%
2016-04-12 22:15:11,615 Stage-1 map = 100%,  reduce = 24%
2016-04-12 22:15:14,636 Stage-1 map = 100%,  reduce = 41%
2016-04-12 22:15:17,656 Stage-1 map = 100%,  reduce = 50%
2016-04-12 22:15:23,696 Stage-1 map = 100%,  reduce = 75%
2016-04-12 22:15:26,716 Stage-1 map = 100%,  reduce = 100%
Ended Job = job_201604122212_0001
Launching Job 2 out of 2
Number of reduce tasks determined at compile time: 1
In order to change the average load for a reducer (in bytes):
  set hive.exec.reducers.bytes.per.reducer=<number>
In order to limit the maximum number of reducers:
  set hive.exec.reducers.max=<number>
In order to set a constant number of reducers:
  set mapred.reduce.tasks=<number>
Starting Job = job_201604122212_0002, Tracking URL = http://belona.c3local:50030/jobdetails.jsp?jobid=job_201604122212_0002
Kill Command = /home/hadoop/hadoop/bin/../bin/hadoop job  -Dmapred.job.tracker=belona.c3local:9001 -kill job_201604122212_0002
2016-04-12 22:15:35,270 Stage-2 map = 0%,  reduce = 0%
2016-04-12 22:15:38,288 Stage-2 map = 25%,  reduce = 0%
2016-04-12 22:15:41,309 Stage-2 map = 50%,  reduce = 0%
2016-04-12 22:15:44,329 Stage-2 map = 100%,  reduce = 0%
2016-04-12 22:15:47,350 Stage-2 map = 100%,  reduce = 33%
2016-04-12 22:15:50,374 Stage-2 map = 100%,  reduce = 100%
Ended Job = job_201604122212_0002
Loading data to table q1_pricing_summary_report
4 Rows loaded to q1_pricing_summary_report
OK
Time taken: 210.708 seconds
Hive history file=/tmp/hadoop/hive_job_log_hadoop_201604122216_891012095.txt
OK
Time taken: 3.484 seconds
FAILED: Error in metadata: MetaException(message:Got exception: org.apache.hadoop.ipc.RemoteException org.apache.hadoop.hdfs.server.namenode.SafeModeException: Cannot delete /user/hive/warehouse/q1_pricing_summary_report. Name node is in safe mode.
The ratio of reported blocks 1.0000 has reached the threshold 0.9990. Safe mode will be turned off automatically in 24 seconds.
	at org.apache.hadoop.hdfs.server.namenode.FSNamesystem.deleteInternal(FSNamesystem.java:1700)
	at org.apache.hadoop.hdfs.server.namenode.FSNamesystem.delete(FSNamesystem.java:1680)
	at org.apache.hadoop.hdfs.server.namenode.NameNode.delete(NameNode.java:517)
	at sun.reflect.NativeMethodAccessorImpl.invoke0(Native Method)
	at sun.reflect.NativeMethodAccessorImpl.invoke(NativeMethodAccessorImpl.java:57)
	at sun.reflect.DelegatingMethodAccessorImpl.invoke(DelegatingMethodAccessorImpl.java:43)
	at java.lang.reflect.Method.invoke(Method.java:606)
	at org.apache.hadoop.ipc.RPC$Server.call(RPC.java:508)
	at org.apache.hadoop.ipc.Server$Handler$1.run(Server.java:959)
	at org.apache.hadoop.ipc.Server$Handler$1.run(Server.java:955)
	at java.security.AccessController.doPrivileged(Native Method)
	at javax.security.auth.Subject.doAs(Subject.java:415)
	at org.apache.hadoop.ipc.Server$Handler.run(Server.java:953)
)
FAILED: Execution Error, return code 1 from org.apache.hadoop.hive.ql.exec.DDLTask
Hive history file=/tmp/hadoop/hive_job_log_hadoop_201604122216_1102142205.txt
OK
Time taken: 2.856 seconds
OK
Time taken: 0.008 seconds
OK
Time taken: 0.484 seconds
OK
Time taken: 0.04 seconds
Total MapReduce jobs = 2
Launching Job 1 out of 2
Number of reduce tasks not specified. Estimated from input data size: 8
In order to change the average load for a reducer (in bytes):
  set hive.exec.reducers.bytes.per.reducer=<number>
In order to limit the maximum number of reducers:
  set hive.exec.reducers.max=<number>
In order to set a constant number of reducers:
  set mapred.reduce.tasks=<number>
Starting Job = job_201604122216_0001, Tracking URL = http://belona.c3local:50030/jobdetails.jsp?jobid=job_201604122216_0001
Kill Command = /home/hadoop/hadoop/bin/../bin/hadoop job  -Dmapred.job.tracker=belona.c3local:9001 -kill job_201604122216_0001
2016-04-12 22:16:30,364 Stage-1 map = 0%,  reduce = 0%
2016-04-12 22:16:39,428 Stage-1 map = 1%,  reduce = 0%
2016-04-12 22:16:42,451 Stage-1 map = 2%,  reduce = 0%
2016-04-12 22:16:45,474 Stage-1 map = 4%,  reduce = 0%
2016-04-12 22:16:48,495 Stage-1 map = 7%,  reduce = 0%
2016-04-12 22:16:51,515 Stage-1 map = 10%,  reduce = 0%
2016-04-12 22:16:54,536 Stage-1 map = 13%,  reduce = 0%
2016-04-12 22:16:57,555 Stage-1 map = 16%,  reduce = 0%
2016-04-12 22:17:00,586 Stage-1 map = 19%,  reduce = 0%
2016-04-12 22:17:03,618 Stage-1 map = 21%,  reduce = 0%
2016-04-12 22:17:06,649 Stage-1 map = 23%,  reduce = 0%
2016-04-12 22:17:09,680 Stage-1 map = 24%,  reduce = 0%
2016-04-12 22:17:12,711 Stage-1 map = 26%,  reduce = 1%
2016-04-12 22:17:15,747 Stage-1 map = 28%,  reduce = 1%
2016-04-12 22:17:18,780 Stage-1 map = 29%,  reduce = 1%
2016-04-12 22:17:21,812 Stage-1 map = 30%,  reduce = 3%
2016-04-12 22:17:24,842 Stage-1 map = 32%,  reduce = 4%
2016-04-12 22:17:27,876 Stage-1 map = 34%,  reduce = 4%
2016-04-12 22:17:30,909 Stage-1 map = 37%,  reduce = 4%
2016-04-12 22:17:33,942 Stage-1 map = 39%,  reduce = 4%
2016-04-12 22:17:36,975 Stage-1 map = 42%,  reduce = 4%
2016-04-12 22:17:40,009 Stage-1 map = 44%,  reduce = 4%
2016-04-12 22:17:43,047 Stage-1 map = 47%,  reduce = 4%
2016-04-12 22:17:46,079 Stage-1 map = 49%,  reduce = 5%
2016-04-12 22:17:49,111 Stage-1 map = 51%,  reduce = 5%
2016-04-12 22:17:52,141 Stage-1 map = 53%,  reduce = 5%
2016-04-12 22:17:55,170 Stage-1 map = 55%,  reduce = 6%
2016-04-12 22:17:58,197 Stage-1 map = 56%,  reduce = 8%
2016-04-12 22:18:01,224 Stage-1 map = 57%,  reduce = 8%
2016-04-12 22:18:04,251 Stage-1 map = 59%,  reduce = 9%
2016-04-12 22:18:07,280 Stage-1 map = 61%,  reduce = 9%
2016-04-12 22:18:10,310 Stage-1 map = 64%,  reduce = 9%
2016-04-12 22:18:13,336 Stage-1 map = 66%,  reduce = 9%
2016-04-12 22:18:16,364 Stage-1 map = 69%,  reduce = 9%
2016-04-12 22:18:18,382 Stage-1 map = 70%,  reduce = 9%
2016-04-12 22:18:19,395 Stage-1 map = 71%,  reduce = 9%
2016-04-12 22:18:21,419 Stage-1 map = 72%,  reduce = 9%
2016-04-12 22:18:22,430 Stage-1 map = 73%,  reduce = 9%
2016-04-12 22:18:24,447 Stage-1 map = 75%,  reduce = 9%
2016-04-12 22:18:27,472 Stage-1 map = 77%,  reduce = 10%
2016-04-12 22:18:30,494 Stage-1 map = 80%,  reduce = 10%
2016-04-12 22:18:33,518 Stage-1 map = 82%,  reduce = 10%
2016-04-12 22:18:36,540 Stage-1 map = 83%,  reduce = 10%
2016-04-12 22:18:39,563 Stage-1 map = 83%,  reduce = 11%
2016-04-12 22:18:42,586 Stage-1 map = 85%,  reduce = 13%
2016-04-12 22:18:45,606 Stage-1 map = 86%,  reduce = 13%
2016-04-12 22:18:48,627 Stage-1 map = 88%,  reduce = 13%
2016-04-12 22:18:51,648 Stage-1 map = 90%,  reduce = 13%
2016-04-12 22:18:54,669 Stage-1 map = 92%,  reduce = 13%
2016-04-12 22:18:57,690 Stage-1 map = 94%,  reduce = 13%
2016-04-12 22:19:00,711 Stage-1 map = 96%,  reduce = 14%
2016-04-12 22:19:03,731 Stage-1 map = 98%,  reduce = 14%
2016-04-12 22:19:06,752 Stage-1 map = 99%,  reduce = 14%
2016-04-12 22:19:09,773 Stage-1 map = 100%,  reduce = 15%
2016-04-12 22:19:12,793 Stage-1 map = 100%,  reduce = 16%
2016-04-12 22:19:15,814 Stage-1 map = 100%,  reduce = 42%
2016-04-12 22:19:18,834 Stage-1 map = 100%,  reduce = 50%
2016-04-12 22:19:24,872 Stage-1 map = 100%,  reduce = 75%
2016-04-12 22:19:27,894 Stage-1 map = 100%,  reduce = 100%
Ended Job = job_201604122216_0001
Launching Job 2 out of 2
Number of reduce tasks determined at compile time: 1
In order to change the average load for a reducer (in bytes):
  set hive.exec.reducers.bytes.per.reducer=<number>
In order to limit the maximum number of reducers:
  set hive.exec.reducers.max=<number>
In order to set a constant number of reducers:
  set mapred.reduce.tasks=<number>
Starting Job = job_201604122216_0002, Tracking URL = http://belona.c3local:50030/jobdetails.jsp?jobid=job_201604122216_0002
Kill Command = /home/hadoop/hadoop/bin/../bin/hadoop job  -Dmapred.job.tracker=belona.c3local:9001 -kill job_201604122216_0002
2016-04-12 22:19:36,880 Stage-2 map = 0%,  reduce = 0%
2016-04-12 22:19:39,898 Stage-2 map = 25%,  reduce = 0%
2016-04-12 22:19:42,920 Stage-2 map = 50%,  reduce = 0%
2016-04-12 22:19:45,940 Stage-2 map = 100%,  reduce = 0%
2016-04-12 22:19:48,960 Stage-2 map = 100%,  reduce = 33%
2016-04-12 22:19:51,984 Stage-2 map = 100%,  reduce = 100%
Ended Job = job_201604122216_0002
Loading data to table q1_pricing_summary_report
4 Rows loaded to q1_pricing_summary_report
OK
Time taken: 211.149 seconds
Hive history file=/tmp/hadoop/hive_job_log_hadoop_201604122220_1554092275.txt
OK
Time taken: 3.457 seconds
FAILED: Error in metadata: MetaException(message:Got exception: org.apache.hadoop.ipc.RemoteException org.apache.hadoop.hdfs.server.namenode.SafeModeException: Cannot delete /user/hive/warehouse/q1_pricing_summary_report. Name node is in safe mode.
The ratio of reported blocks 1.0000 has reached the threshold 0.9990. Safe mode will be turned off automatically in 24 seconds.
	at org.apache.hadoop.hdfs.server.namenode.FSNamesystem.deleteInternal(FSNamesystem.java:1700)
	at org.apache.hadoop.hdfs.server.namenode.FSNamesystem.delete(FSNamesystem.java:1680)
	at org.apache.hadoop.hdfs.server.namenode.NameNode.delete(NameNode.java:517)
	at sun.reflect.NativeMethodAccessorImpl.invoke0(Native Method)
	at sun.reflect.NativeMethodAccessorImpl.invoke(NativeMethodAccessorImpl.java:57)
	at sun.reflect.DelegatingMethodAccessorImpl.invoke(DelegatingMethodAccessorImpl.java:43)
	at java.lang.reflect.Method.invoke(Method.java:606)
	at org.apache.hadoop.ipc.RPC$Server.call(RPC.java:508)
	at org.apache.hadoop.ipc.Server$Handler$1.run(Server.java:959)
	at org.apache.hadoop.ipc.Server$Handler$1.run(Server.java:955)
	at java.security.AccessController.doPrivileged(Native Method)
	at javax.security.auth.Subject.doAs(Subject.java:415)
	at org.apache.hadoop.ipc.Server$Handler.run(Server.java:953)
)
FAILED: Execution Error, return code 1 from org.apache.hadoop.hive.ql.exec.DDLTask
Hive history file=/tmp/hadoop/hive_job_log_hadoop_201604122220_2019694110.txt
OK
Time taken: 2.989 seconds
OK
Time taken: 0.008 seconds
OK
Time taken: 0.424 seconds
OK
Time taken: 0.04 seconds
Total MapReduce jobs = 2
Launching Job 1 out of 2
Number of reduce tasks not specified. Estimated from input data size: 8
In order to change the average load for a reducer (in bytes):
  set hive.exec.reducers.bytes.per.reducer=<number>
In order to limit the maximum number of reducers:
  set hive.exec.reducers.max=<number>
In order to set a constant number of reducers:
  set mapred.reduce.tasks=<number>
Starting Job = job_201604122220_0001, Tracking URL = http://belona.c3local:50030/jobdetails.jsp?jobid=job_201604122220_0001
Kill Command = /home/hadoop/hadoop/bin/../bin/hadoop job  -Dmapred.job.tracker=belona.c3local:9001 -kill job_201604122220_0001
2016-04-12 22:20:32,111 Stage-1 map = 0%,  reduce = 0%
2016-04-12 22:20:41,177 Stage-1 map = 1%,  reduce = 0%
2016-04-12 22:20:44,199 Stage-1 map = 2%,  reduce = 0%
2016-04-12 22:20:47,222 Stage-1 map = 4%,  reduce = 0%
2016-04-12 22:20:50,243 Stage-1 map = 7%,  reduce = 0%
2016-04-12 22:20:53,263 Stage-1 map = 10%,  reduce = 0%
2016-04-12 22:20:56,284 Stage-1 map = 13%,  reduce = 0%
2016-04-12 22:20:59,305 Stage-1 map = 16%,  reduce = 0%
2016-04-12 22:21:02,337 Stage-1 map = 19%,  reduce = 0%
2016-04-12 22:21:05,369 Stage-1 map = 22%,  reduce = 0%
2016-04-12 22:21:08,401 Stage-1 map = 23%,  reduce = 0%
2016-04-12 22:21:11,432 Stage-1 map = 24%,  reduce = 0%
2016-04-12 22:21:14,467 Stage-1 map = 26%,  reduce = 1%
2016-04-12 22:21:17,500 Stage-1 map = 28%,  reduce = 2%
2016-04-12 22:21:20,533 Stage-1 map = 29%,  reduce = 2%
2016-04-12 22:21:23,565 Stage-1 map = 30%,  reduce = 3%
2016-04-12 22:21:26,597 Stage-1 map = 32%,  reduce = 4%
2016-04-12 22:21:29,631 Stage-1 map = 34%,  reduce = 4%
2016-04-12 22:21:32,665 Stage-1 map = 37%,  reduce = 4%
2016-04-12 22:21:35,700 Stage-1 map = 39%,  reduce = 4%
2016-04-12 22:21:38,733 Stage-1 map = 42%,  reduce = 4%
2016-04-12 22:21:41,767 Stage-1 map = 44%,  reduce = 4%
2016-04-12 22:21:44,807 Stage-1 map = 47%,  reduce = 4%
2016-04-12 22:21:47,840 Stage-1 map = 49%,  reduce = 5%
2016-04-12 22:21:50,873 Stage-1 map = 50%,  reduce = 5%
2016-04-12 22:21:53,902 Stage-1 map = 53%,  reduce = 5%
2016-04-12 22:21:56,931 Stage-1 map = 54%,  reduce = 6%
2016-04-12 22:21:59,959 Stage-1 map = 55%,  reduce = 7%
2016-04-12 22:22:02,986 Stage-1 map = 56%,  reduce = 8%
2016-04-12 22:22:06,013 Stage-1 map = 58%,  reduce = 9%
2016-04-12 22:22:09,041 Stage-1 map = 60%,  reduce = 9%
2016-04-12 22:22:12,069 Stage-1 map = 63%,  reduce = 9%
2016-04-12 22:22:15,096 Stage-1 map = 65%,  reduce = 9%
2016-04-12 22:22:18,124 Stage-1 map = 68%,  reduce = 9%
2016-04-12 22:22:20,142 Stage-1 map = 69%,  reduce = 9%
2016-04-12 22:22:21,154 Stage-1 map = 70%,  reduce = 9%
2016-04-12 22:22:23,177 Stage-1 map = 71%,  reduce = 9%
2016-04-12 22:22:24,202 Stage-1 map = 72%,  reduce = 9%
2016-04-12 22:22:26,219 Stage-1 map = 75%,  reduce = 9%
2016-04-12 22:22:29,245 Stage-1 map = 76%,  reduce = 10%
2016-04-12 22:22:32,268 Stage-1 map = 79%,  reduce = 10%
2016-04-12 22:22:35,291 Stage-1 map = 81%,  reduce = 10%
2016-04-12 22:22:38,315 Stage-1 map = 82%,  reduce = 10%
2016-04-12 22:22:41,337 Stage-1 map = 83%,  reduce = 12%
2016-04-12 22:22:44,360 Stage-1 map = 85%,  reduce = 13%
2016-04-12 22:22:47,380 Stage-1 map = 86%,  reduce = 13%
2016-04-12 22:22:50,400 Stage-1 map = 88%,  reduce = 13%
2016-04-12 22:22:53,421 Stage-1 map = 90%,  reduce = 13%
2016-04-12 22:22:56,441 Stage-1 map = 92%,  reduce = 13%
2016-04-12 22:22:59,460 Stage-1 map = 94%,  reduce = 13%
2016-04-12 22:23:02,480 Stage-1 map = 96%,  reduce = 13%
2016-04-12 22:23:05,501 Stage-1 map = 98%,  reduce = 13%
2016-04-12 22:23:08,521 Stage-1 map = 99%,  reduce = 14%
2016-04-12 22:23:11,541 Stage-1 map = 100%,  reduce = 15%
2016-04-12 22:23:14,561 Stage-1 map = 100%,  reduce = 16%
2016-04-12 22:23:17,585 Stage-1 map = 100%,  reduce = 42%
2016-04-12 22:23:20,606 Stage-1 map = 100%,  reduce = 50%
2016-04-12 22:23:26,643 Stage-1 map = 100%,  reduce = 75%
2016-04-12 22:23:29,664 Stage-1 map = 100%,  reduce = 100%
Ended Job = job_201604122220_0001
Launching Job 2 out of 2
Number of reduce tasks determined at compile time: 1
In order to change the average load for a reducer (in bytes):
  set hive.exec.reducers.bytes.per.reducer=<number>
In order to limit the maximum number of reducers:
  set hive.exec.reducers.max=<number>
In order to set a constant number of reducers:
  set mapred.reduce.tasks=<number>
Starting Job = job_201604122220_0002, Tracking URL = http://belona.c3local:50030/jobdetails.jsp?jobid=job_201604122220_0002
Kill Command = /home/hadoop/hadoop/bin/../bin/hadoop job  -Dmapred.job.tracker=belona.c3local:9001 -kill job_201604122220_0002
2016-04-12 22:23:38,324 Stage-2 map = 0%,  reduce = 0%
2016-04-12 22:23:41,342 Stage-2 map = 25%,  reduce = 0%
2016-04-12 22:23:44,363 Stage-2 map = 50%,  reduce = 0%
2016-04-12 22:23:47,384 Stage-2 map = 100%,  reduce = 0%
2016-04-12 22:23:50,405 Stage-2 map = 100%,  reduce = 25%
2016-04-12 22:23:56,449 Stage-2 map = 100%,  reduce = 100%
Ended Job = job_201604122220_0002
Loading data to table q1_pricing_summary_report
4 Rows loaded to q1_pricing_summary_report
OK
Time taken: 213.725 seconds
Hive history file=/tmp/hadoop/hive_job_log_hadoop_201604122224_1295885482.txt
OK
Time taken: 3.501 seconds
FAILED: Error in metadata: MetaException(message:Got exception: org.apache.hadoop.ipc.RemoteException org.apache.hadoop.hdfs.server.namenode.SafeModeException: Cannot delete /user/hive/warehouse/q1_pricing_summary_report. Name node is in safe mode.
The ratio of reported blocks 1.0000 has reached the threshold 0.9990. Safe mode will be turned off automatically in 24 seconds.
	at org.apache.hadoop.hdfs.server.namenode.FSNamesystem.deleteInternal(FSNamesystem.java:1700)
	at org.apache.hadoop.hdfs.server.namenode.FSNamesystem.delete(FSNamesystem.java:1680)
	at org.apache.hadoop.hdfs.server.namenode.NameNode.delete(NameNode.java:517)
	at sun.reflect.NativeMethodAccessorImpl.invoke0(Native Method)
	at sun.reflect.NativeMethodAccessorImpl.invoke(NativeMethodAccessorImpl.java:57)
	at sun.reflect.DelegatingMethodAccessorImpl.invoke(DelegatingMethodAccessorImpl.java:43)
	at java.lang.reflect.Method.invoke(Method.java:606)
	at org.apache.hadoop.ipc.RPC$Server.call(RPC.java:508)
	at org.apache.hadoop.ipc.Server$Handler$1.run(Server.java:959)
	at org.apache.hadoop.ipc.Server$Handler$1.run(Server.java:955)
	at java.security.AccessController.doPrivileged(Native Method)
	at javax.security.auth.Subject.doAs(Subject.java:415)
	at org.apache.hadoop.ipc.Server$Handler.run(Server.java:953)
)
FAILED: Execution Error, return code 1 from org.apache.hadoop.hive.ql.exec.DDLTask
Hive history file=/tmp/hadoop/hive_job_log_hadoop_201604122224_718700928.txt
OK
Time taken: 2.873 seconds
OK
Time taken: 0.008 seconds
OK
Time taken: 0.476 seconds
OK
Time taken: 0.046 seconds
Total MapReduce jobs = 2
Launching Job 1 out of 2
Number of reduce tasks not specified. Estimated from input data size: 8
In order to change the average load for a reducer (in bytes):
  set hive.exec.reducers.bytes.per.reducer=<number>
In order to limit the maximum number of reducers:
  set hive.exec.reducers.max=<number>
In order to set a constant number of reducers:
  set mapred.reduce.tasks=<number>
Starting Job = job_201604122224_0001, Tracking URL = http://belona.c3local:50030/jobdetails.jsp?jobid=job_201604122224_0001
Kill Command = /home/hadoop/hadoop/bin/../bin/hadoop job  -Dmapred.job.tracker=belona.c3local:9001 -kill job_201604122224_0001
2016-04-12 22:24:37,244 Stage-1 map = 0%,  reduce = 0%
2016-04-12 22:24:46,309 Stage-1 map = 1%,  reduce = 0%
2016-04-12 22:24:49,337 Stage-1 map = 2%,  reduce = 0%
2016-04-12 22:24:52,359 Stage-1 map = 4%,  reduce = 0%
2016-04-12 22:24:55,380 Stage-1 map = 7%,  reduce = 0%
2016-04-12 22:24:58,401 Stage-1 map = 10%,  reduce = 0%
2016-04-12 22:25:01,422 Stage-1 map = 13%,  reduce = 0%
2016-04-12 22:25:04,442 Stage-1 map = 16%,  reduce = 0%
2016-04-12 22:25:07,473 Stage-1 map = 19%,  reduce = 0%
2016-04-12 22:25:10,507 Stage-1 map = 22%,  reduce = 0%
2016-04-12 22:25:13,538 Stage-1 map = 23%,  reduce = 0%
2016-04-12 22:25:16,568 Stage-1 map = 24%,  reduce = 0%
2016-04-12 22:25:19,600 Stage-1 map = 26%,  reduce = 1%
2016-04-12 22:25:22,633 Stage-1 map = 28%,  reduce = 1%
2016-04-12 22:25:27,683 Stage-1 map = 30%,  reduce = 2%
2016-04-12 22:25:30,714 Stage-1 map = 33%,  reduce = 3%
2016-04-12 22:25:33,748 Stage-1 map = 35%,  reduce = 3%
2016-04-12 22:25:36,783 Stage-1 map = 37%,  reduce = 3%
2016-04-12 22:25:39,817 Stage-1 map = 40%,  reduce = 3%
2016-04-12 22:25:42,851 Stage-1 map = 41%,  reduce = 3%
2016-04-12 22:25:45,884 Stage-1 map = 43%,  reduce = 4%
2016-04-12 22:25:48,919 Stage-1 map = 45%,  reduce = 4%
2016-04-12 22:25:51,956 Stage-1 map = 48%,  reduce = 5%
2016-04-12 22:25:54,989 Stage-1 map = 49%,  reduce = 5%
2016-04-12 22:25:58,020 Stage-1 map = 51%,  reduce = 5%
2016-04-12 22:26:01,052 Stage-1 map = 54%,  reduce = 6%
2016-04-12 22:26:04,081 Stage-1 map = 55%,  reduce = 7%
2016-04-12 22:26:10,132 Stage-1 map = 58%,  reduce = 8%
2016-04-12 22:26:13,160 Stage-1 map = 60%,  reduce = 8%
2016-04-12 22:26:16,190 Stage-1 map = 63%,  reduce = 8%
2016-04-12 22:26:19,220 Stage-1 map = 66%,  reduce = 8%
2016-04-12 22:26:22,248 Stage-1 map = 68%,  reduce = 8%
2016-04-12 22:26:25,274 Stage-1 map = 70%,  reduce = 8%
2016-04-12 22:26:28,307 Stage-1 map = 72%,  reduce = 9%
2016-04-12 22:26:31,335 Stage-1 map = 73%,  reduce = 10%
2016-04-12 22:26:34,362 Stage-1 map = 74%,  reduce = 11%
2016-04-12 22:26:37,384 Stage-1 map = 77%,  reduce = 11%
2016-04-12 22:26:40,407 Stage-1 map = 79%,  reduce = 11%
2016-04-12 22:26:43,430 Stage-1 map = 81%,  reduce = 11%
2016-04-12 22:26:46,452 Stage-1 map = 83%,  reduce = 12%
2016-04-12 22:26:49,476 Stage-1 map = 85%,  reduce = 12%
2016-04-12 22:26:52,497 Stage-1 map = 88%,  reduce = 12%
2016-04-12 22:26:55,517 Stage-1 map = 90%,  reduce = 12%
2016-04-12 22:26:58,538 Stage-1 map = 92%,  reduce = 12%
2016-04-12 22:27:01,559 Stage-1 map = 95%,  reduce = 12%
2016-04-12 22:27:04,579 Stage-1 map = 96%,  reduce = 13%
2016-04-12 22:27:07,600 Stage-1 map = 98%,  reduce = 14%
2016-04-12 22:27:10,621 Stage-1 map = 99%,  reduce = 14%
2016-04-12 22:27:13,642 Stage-1 map = 100%,  reduce = 15%
2016-04-12 22:27:16,662 Stage-1 map = 100%,  reduce = 16%
2016-04-12 22:27:19,684 Stage-1 map = 100%,  reduce = 33%
2016-04-12 22:27:22,704 Stage-1 map = 100%,  reduce = 50%
2016-04-12 22:27:28,743 Stage-1 map = 100%,  reduce = 75%
2016-04-12 22:27:31,763 Stage-1 map = 100%,  reduce = 100%
Ended Job = job_201604122224_0001
Launching Job 2 out of 2
Number of reduce tasks determined at compile time: 1
In order to change the average load for a reducer (in bytes):
  set hive.exec.reducers.bytes.per.reducer=<number>
In order to limit the maximum number of reducers:
  set hive.exec.reducers.max=<number>
In order to set a constant number of reducers:
  set mapred.reduce.tasks=<number>
Starting Job = job_201604122224_0002, Tracking URL = http://belona.c3local:50030/jobdetails.jsp?jobid=job_201604122224_0002
Kill Command = /home/hadoop/hadoop/bin/../bin/hadoop job  -Dmapred.job.tracker=belona.c3local:9001 -kill job_201604122224_0002
2016-04-12 22:27:40,291 Stage-2 map = 0%,  reduce = 0%
2016-04-12 22:27:43,310 Stage-2 map = 25%,  reduce = 0%
2016-04-12 22:27:46,331 Stage-2 map = 50%,  reduce = 0%
2016-04-12 22:27:49,351 Stage-2 map = 100%,  reduce = 0%
2016-04-12 22:27:52,372 Stage-2 map = 100%,  reduce = 33%
2016-04-12 22:27:55,395 Stage-2 map = 100%,  reduce = 100%
Ended Job = job_201604122224_0002
Loading data to table q1_pricing_summary_report
4 Rows loaded to q1_pricing_summary_report
OK
Time taken: 208.157 seconds
