Hive history file=/tmp/hadoop/hive_job_log_hadoop_201604121632_1749413876.txt
OK
Time taken: 3.276 seconds
OK
Time taken: 0.064 seconds
OK
Time taken: 0.009 seconds
OK
Time taken: 0.008 seconds
OK
Time taken: 0.007 seconds
OK
Time taken: 0.229 seconds
OK
Time taken: 0.056 seconds
FAILED: Error in metadata: MetaException(message:Got exception: org.apache.hadoop.ipc.RemoteException org.apache.hadoop.hdfs.server.namenode.SafeModeException: Cannot create directory /user/hive/warehouse/revenue. Name node is in safe mode.
The ratio of reported blocks 1.0000 has reached the threshold 0.9990. Safe mode will be turned off automatically in 24 seconds.
	at org.apache.hadoop.hdfs.server.namenode.FSNamesystem.mkdirsInternal(FSNamesystem.java:1761)
	at org.apache.hadoop.hdfs.server.namenode.FSNamesystem.mkdirs(FSNamesystem.java:1735)
	at org.apache.hadoop.hdfs.server.namenode.NameNode.mkdirs(NameNode.java:542)
	at sun.reflect.NativeMethodAccessorImpl.invoke0(Native Method)
	at sun.reflect.NativeMethodAccessorImpl.invoke(NativeMethodAccessorImpl.java:57)
	at sun.reflect.DelegatingMethodAccessorImpl.invoke(DelegatingMethodAccessorImpl.java:43)
	at java.lang.reflect.Method.invoke(Method.java:606)
	at org.apache.hadoop.ipc.RPC$Server.call(RPC.java:508)
	at org.apache.hadoop.ipc.Server$Handler$1.run(Server.java:959)
	at org.apache.hadoop.ipc.Server$Handler$1.run(Server.java:955)
	at java.security.AccessController.doPrivileged(Native Method)
	at javax.security.auth.Subject.doAs(Subject.java:415)
	at org.apache.hadoop.ipc.Server$Handler.run(Server.java:953)
)
FAILED: Execution Error, return code 1 from org.apache.hadoop.hive.ql.exec.DDLTask
Hive history file=/tmp/hadoop/hive_job_log_hadoop_201604121633_1059715173.txt
OK
Time taken: 3.63 seconds
OK
Time taken: 0.07 seconds
OK
Time taken: 0.009 seconds
OK
Time taken: 0.008 seconds
OK
Time taken: 0.007 seconds
OK
Time taken: 0.243 seconds
OK
Time taken: 0.042 seconds
OK
Time taken: 0.041 seconds
OK
Time taken: 0.041 seconds
OK
Time taken: 0.059 seconds
Total MapReduce jobs = 1
Launching Job 1 out of 1
Number of reduce tasks not specified. Estimated from input data size: 8
In order to change the average load for a reducer (in bytes):
  set hive.exec.reducers.bytes.per.reducer=<number>
In order to limit the maximum number of reducers:
  set hive.exec.reducers.max=<number>
In order to set a constant number of reducers:
  set mapred.reduce.tasks=<number>
Starting Job = job_201604121632_0001, Tracking URL = http://belona.c3local:50030/jobdetails.jsp?jobid=job_201604121632_0001
Kill Command = /home/hadoop/hadoop/bin/../bin/hadoop job  -Dmapred.job.tracker=belona.c3local:9001 -kill job_201604121632_0001
2016-04-12 16:33:13,697 Stage-1 map = 0%,  reduce = 0%
2016-04-12 16:33:22,765 Stage-1 map = 3%,  reduce = 0%
2016-04-12 16:33:25,787 Stage-1 map = 7%,  reduce = 0%
2016-04-12 16:33:28,810 Stage-1 map = 11%,  reduce = 0%
2016-04-12 16:33:31,843 Stage-1 map = 14%,  reduce = 0%
2016-04-12 16:33:34,875 Stage-1 map = 18%,  reduce = 0%
2016-04-12 16:33:37,909 Stage-1 map = 20%,  reduce = 0%
2016-04-12 16:33:39,933 Stage-1 map = 21%,  reduce = 0%
2016-04-12 16:33:42,965 Stage-1 map = 24%,  reduce = 1%
2016-04-12 16:33:45,996 Stage-1 map = 28%,  reduce = 2%
2016-04-12 16:33:49,029 Stage-1 map = 30%,  reduce = 2%
2016-04-12 16:33:52,062 Stage-1 map = 32%,  reduce = 2%
2016-04-12 16:33:55,094 Stage-1 map = 35%,  reduce = 3%
2016-04-12 16:33:58,126 Stage-1 map = 37%,  reduce = 4%
2016-04-12 16:34:01,157 Stage-1 map = 41%,  reduce = 4%
2016-04-12 16:34:04,192 Stage-1 map = 44%,  reduce = 4%
2016-04-12 16:34:07,224 Stage-1 map = 47%,  reduce = 5%
2016-04-12 16:34:10,256 Stage-1 map = 50%,  reduce = 6%
2016-04-12 16:34:13,289 Stage-1 map = 54%,  reduce = 6%
2016-04-12 16:34:16,324 Stage-1 map = 58%,  reduce = 7%
2016-04-12 16:34:19,356 Stage-1 map = 61%,  reduce = 7%
2016-04-12 16:34:22,390 Stage-1 map = 63%,  reduce = 7%
2016-04-12 16:34:25,419 Stage-1 map = 65%,  reduce = 8%
2016-04-12 16:34:28,448 Stage-1 map = 68%,  reduce = 9%
2016-04-12 16:34:31,477 Stage-1 map = 71%,  reduce = 9%
2016-04-12 16:34:34,505 Stage-1 map = 73%,  reduce = 9%
2016-04-12 16:34:37,532 Stage-1 map = 75%,  reduce = 10%
2016-04-12 16:34:40,561 Stage-1 map = 76%,  reduce = 11%
2016-04-12 16:34:43,588 Stage-1 map = 80%,  reduce = 11%
2016-04-12 16:34:46,618 Stage-1 map = 83%,  reduce = 11%
2016-04-12 16:34:49,645 Stage-1 map = 85%,  reduce = 11%
2016-04-12 16:34:52,672 Stage-1 map = 88%,  reduce = 12%
2016-04-12 16:34:55,700 Stage-1 map = 90%,  reduce = 13%
2016-04-12 16:34:58,730 Stage-1 map = 93%,  reduce = 13%
2016-04-12 16:35:01,752 Stage-1 map = 95%,  reduce = 13%
2016-04-12 16:35:04,774 Stage-1 map = 97%,  reduce = 13%
2016-04-12 16:35:07,795 Stage-1 map = 99%,  reduce = 14%
2016-04-12 16:35:10,816 Stage-1 map = 100%,  reduce = 15%
2016-04-12 16:35:13,835 Stage-1 map = 100%,  reduce = 16%
2016-04-12 16:35:16,859 Stage-1 map = 100%,  reduce = 24%
2016-04-12 16:35:19,882 Stage-1 map = 100%,  reduce = 41%
2016-04-12 16:35:22,904 Stage-1 map = 100%,  reduce = 50%
2016-04-12 16:35:28,942 Stage-1 map = 100%,  reduce = 58%
2016-04-12 16:35:31,964 Stage-1 map = 100%,  reduce = 92%
2016-04-12 16:35:34,985 Stage-1 map = 100%,  reduce = 100%
Ended Job = job_201604121632_0001
Loading data to table revenue
100000 Rows loaded to revenue
OK
Time taken: 150.973 seconds
Total MapReduce jobs = 1
Launching Job 1 out of 1
Number of reduce tasks determined at compile time: 1
In order to change the average load for a reducer (in bytes):
  set hive.exec.reducers.bytes.per.reducer=<number>
In order to limit the maximum number of reducers:
  set hive.exec.reducers.max=<number>
In order to set a constant number of reducers:
  set mapred.reduce.tasks=<number>
Starting Job = job_201604121632_0002, Tracking URL = http://belona.c3local:50030/jobdetails.jsp?jobid=job_201604121632_0002
Kill Command = /home/hadoop/hadoop/bin/../bin/hadoop job  -Dmapred.job.tracker=belona.c3local:9001 -kill job_201604121632_0002
2016-04-12 16:35:43,221 Stage-1 map = 0%,  reduce = 0%
2016-04-12 16:35:49,253 Stage-1 map = 50%,  reduce = 0%
2016-04-12 16:35:55,292 Stage-1 map = 100%,  reduce = 0%
2016-04-12 16:35:58,313 Stage-1 map = 100%,  reduce = 33%
2016-04-12 16:36:01,334 Stage-1 map = 100%,  reduce = 100%
Ended Job = job_201604121632_0002
Loading data to table max_revenue
1 Rows loaded to max_revenue
OK
Time taken: 26.272 seconds
Total MapReduce jobs = 3
Launching Job 1 out of 3
Number of reduce tasks not specified. Estimated from input data size: 1
In order to change the average load for a reducer (in bytes):
  set hive.exec.reducers.bytes.per.reducer=<number>
In order to limit the maximum number of reducers:
  set hive.exec.reducers.max=<number>
In order to set a constant number of reducers:
  set mapred.reduce.tasks=<number>
Starting Job = job_201604121632_0003, Tracking URL = http://belona.c3local:50030/jobdetails.jsp?jobid=job_201604121632_0003
Kill Command = /home/hadoop/hadoop/bin/../bin/hadoop job  -Dmapred.job.tracker=belona.c3local:9001 -kill job_201604121632_0003
2016-04-12 16:36:11,085 Stage-1 map = 0%,  reduce = 0%
2016-04-12 16:36:17,117 Stage-1 map = 22%,  reduce = 0%
2016-04-12 16:36:20,139 Stage-1 map = 44%,  reduce = 0%
2016-04-12 16:36:23,160 Stage-1 map = 67%,  reduce = 0%
2016-04-12 16:36:26,182 Stage-1 map = 100%,  reduce = 22%
2016-04-12 16:36:35,243 Stage-1 map = 100%,  reduce = 100%
Ended Job = job_201604121632_0003
Launching Job 2 out of 3
Number of reduce tasks not specified. Estimated from input data size: 1
In order to change the average load for a reducer (in bytes):
  set hive.exec.reducers.bytes.per.reducer=<number>
In order to limit the maximum number of reducers:
  set hive.exec.reducers.max=<number>
In order to set a constant number of reducers:
  set mapred.reduce.tasks=<number>
Starting Job = job_201604121632_0004, Tracking URL = http://belona.c3local:50030/jobdetails.jsp?jobid=job_201604121632_0004
Kill Command = /home/hadoop/hadoop/bin/../bin/hadoop job  -Dmapred.job.tracker=belona.c3local:9001 -kill job_201604121632_0004
2016-04-12 16:36:43,761 Stage-2 map = 0%,  reduce = 0%
2016-04-12 16:36:46,779 Stage-2 map = 50%,  reduce = 0%
2016-04-12 16:36:49,799 Stage-2 map = 100%,  reduce = 0%
2016-04-12 16:36:55,836 Stage-2 map = 100%,  reduce = 100%
Ended Job = job_201604121632_0004
Launching Job 3 out of 3
Number of reduce tasks determined at compile time: 1
In order to change the average load for a reducer (in bytes):
  set hive.exec.reducers.bytes.per.reducer=<number>
In order to limit the maximum number of reducers:
  set hive.exec.reducers.max=<number>
In order to set a constant number of reducers:
  set mapred.reduce.tasks=<number>
Starting Job = job_201604121632_0005, Tracking URL = http://belona.c3local:50030/jobdetails.jsp?jobid=job_201604121632_0005
Kill Command = /home/hadoop/hadoop/bin/../bin/hadoop job  -Dmapred.job.tracker=belona.c3local:9001 -kill job_201604121632_0005
2016-04-12 16:37:05,297 Stage-3 map = 0%,  reduce = 0%
2016-04-12 16:37:08,318 Stage-3 map = 100%,  reduce = 0%
2016-04-12 16:37:16,368 Stage-3 map = 100%,  reduce = 100%
Ended Job = job_201604121632_0005
Loading data to table q15_top_supplier
1 Rows loaded to q15_top_supplier
OK
Time taken: 74.991 seconds
Hive history file=/tmp/hadoop/hive_job_log_hadoop_201604121637_1731797789.txt
OK
Time taken: 3.46 seconds
OK
Time taken: 0.064 seconds
FAILED: Error in metadata: MetaException(message:Got exception: org.apache.hadoop.ipc.RemoteException org.apache.hadoop.hdfs.server.namenode.SafeModeException: Cannot delete /user/hive/warehouse/revenue. Name node is in safe mode.
The ratio of reported blocks 1.0000 has reached the threshold 0.9990. Safe mode will be turned off automatically in 24 seconds.
	at org.apache.hadoop.hdfs.server.namenode.FSNamesystem.deleteInternal(FSNamesystem.java:1700)
	at org.apache.hadoop.hdfs.server.namenode.FSNamesystem.delete(FSNamesystem.java:1680)
	at org.apache.hadoop.hdfs.server.namenode.NameNode.delete(NameNode.java:517)
	at sun.reflect.NativeMethodAccessorImpl.invoke0(Native Method)
	at sun.reflect.NativeMethodAccessorImpl.invoke(NativeMethodAccessorImpl.java:57)
	at sun.reflect.DelegatingMethodAccessorImpl.invoke(DelegatingMethodAccessorImpl.java:43)
	at java.lang.reflect.Method.invoke(Method.java:606)
	at org.apache.hadoop.ipc.RPC$Server.call(RPC.java:508)
	at org.apache.hadoop.ipc.Server$Handler$1.run(Server.java:959)
	at org.apache.hadoop.ipc.Server$Handler$1.run(Server.java:955)
	at java.security.AccessController.doPrivileged(Native Method)
	at javax.security.auth.Subject.doAs(Subject.java:415)
	at org.apache.hadoop.ipc.Server$Handler.run(Server.java:953)
)
FAILED: Execution Error, return code 1 from org.apache.hadoop.hive.ql.exec.DDLTask
Hive history file=/tmp/hadoop/hive_job_log_hadoop_201604121637_408441809.txt
OK
Time taken: 2.973 seconds
OK
Time taken: 0.007 seconds
OK
Time taken: 0.01 seconds
OK
Time taken: 0.594 seconds
OK
Time taken: 0.064 seconds
OK
Time taken: 0.16 seconds
OK
Time taken: 0.064 seconds
OK
Time taken: 0.034 seconds
OK
Time taken: 0.041 seconds
OK
Time taken: 0.05 seconds
Total MapReduce jobs = 1
Launching Job 1 out of 1
Number of reduce tasks not specified. Estimated from input data size: 8
In order to change the average load for a reducer (in bytes):
  set hive.exec.reducers.bytes.per.reducer=<number>
In order to limit the maximum number of reducers:
  set hive.exec.reducers.max=<number>
In order to set a constant number of reducers:
  set mapred.reduce.tasks=<number>
Starting Job = job_201604121637_0001, Tracking URL = http://belona.c3local:50030/jobdetails.jsp?jobid=job_201604121637_0001
Kill Command = /home/hadoop/hadoop/bin/../bin/hadoop job  -Dmapred.job.tracker=belona.c3local:9001 -kill job_201604121637_0001
2016-04-12 16:37:59,147 Stage-1 map = 0%,  reduce = 0%
2016-04-12 16:38:08,216 Stage-1 map = 2%,  reduce = 0%
2016-04-12 16:38:11,238 Stage-1 map = 4%,  reduce = 0%
2016-04-12 16:38:14,260 Stage-1 map = 8%,  reduce = 0%
2016-04-12 16:38:17,282 Stage-1 map = 13%,  reduce = 0%
2016-04-12 16:38:20,306 Stage-1 map = 19%,  reduce = 0%
2016-04-12 16:38:23,336 Stage-1 map = 23%,  reduce = 0%
2016-04-12 16:38:26,368 Stage-1 map = 27%,  reduce = 0%
2016-04-12 16:38:35,461 Stage-1 map = 28%,  reduce = 2%
2016-04-12 16:38:38,493 Stage-1 map = 31%,  reduce = 4%
2016-04-12 16:38:41,525 Stage-1 map = 36%,  reduce = 4%
2016-04-12 16:38:44,557 Stage-1 map = 39%,  reduce = 4%
2016-04-12 16:38:47,588 Stage-1 map = 44%,  reduce = 4%
2016-04-12 16:38:50,620 Stage-1 map = 49%,  reduce = 4%
2016-04-12 16:38:53,652 Stage-1 map = 53%,  reduce = 4%
2016-04-12 16:38:59,714 Stage-1 map = 53%,  reduce = 5%
2016-04-12 16:39:02,747 Stage-1 map = 55%,  reduce = 7%
2016-04-12 16:39:05,781 Stage-1 map = 59%,  reduce = 9%
2016-04-12 16:39:08,814 Stage-1 map = 63%,  reduce = 9%
2016-04-12 16:39:11,844 Stage-1 map = 67%,  reduce = 9%
2016-04-12 16:39:14,872 Stage-1 map = 71%,  reduce = 9%
2016-04-12 16:39:17,901 Stage-1 map = 74%,  reduce = 9%
2016-04-12 16:39:20,929 Stage-1 map = 79%,  reduce = 9%
2016-04-12 16:39:23,958 Stage-1 map = 80%,  reduce = 9%
2016-04-12 16:39:30,013 Stage-1 map = 80%,  reduce = 10%
2016-04-12 16:39:33,040 Stage-1 map = 82%,  reduce = 12%
2016-04-12 16:39:36,068 Stage-1 map = 85%,  reduce = 13%
2016-04-12 16:39:39,095 Stage-1 map = 88%,  reduce = 13%
2016-04-12 16:39:42,122 Stage-1 map = 91%,  reduce = 13%
2016-04-12 16:39:45,148 Stage-1 map = 94%,  reduce = 13%
2016-04-12 16:39:48,178 Stage-1 map = 97%,  reduce = 13%
2016-04-12 16:39:51,203 Stage-1 map = 99%,  reduce = 13%
2016-04-12 16:39:54,226 Stage-1 map = 100%,  reduce = 13%
2016-04-12 16:40:00,273 Stage-1 map = 100%,  reduce = 24%
2016-04-12 16:40:03,298 Stage-1 map = 100%,  reduce = 50%
2016-04-12 16:40:12,363 Stage-1 map = 100%,  reduce = 63%
2016-04-12 16:40:14,385 Stage-1 map = 100%,  reduce = 79%
2016-04-12 16:40:15,398 Stage-1 map = 100%,  reduce = 92%
2016-04-12 16:40:18,420 Stage-1 map = 100%,  reduce = 100%
Ended Job = job_201604121637_0001
Loading data to table revenue
100000 Rows loaded to revenue
OK
Time taken: 147.225 seconds
Total MapReduce jobs = 1
Launching Job 1 out of 1
Number of reduce tasks determined at compile time: 1
In order to change the average load for a reducer (in bytes):
  set hive.exec.reducers.bytes.per.reducer=<number>
In order to limit the maximum number of reducers:
  set hive.exec.reducers.max=<number>
In order to set a constant number of reducers:
  set mapred.reduce.tasks=<number>
Starting Job = job_201604121637_0002, Tracking URL = http://belona.c3local:50030/jobdetails.jsp?jobid=job_201604121637_0002
Kill Command = /home/hadoop/hadoop/bin/../bin/hadoop job  -Dmapred.job.tracker=belona.c3local:9001 -kill job_201604121637_0002
2016-04-12 16:40:27,342 Stage-1 map = 0%,  reduce = 0%
2016-04-12 16:40:33,372 Stage-1 map = 50%,  reduce = 0%
2016-04-12 16:40:39,411 Stage-1 map = 100%,  reduce = 0%
2016-04-12 16:40:42,430 Stage-1 map = 100%,  reduce = 33%
2016-04-12 16:40:44,444 Stage-1 map = 100%,  reduce = 100%
Ended Job = job_201604121637_0002
Loading data to table max_revenue
1 Rows loaded to max_revenue
OK
Time taken: 26.91 seconds
Total MapReduce jobs = 3
Launching Job 1 out of 3
Number of reduce tasks not specified. Estimated from input data size: 1
In order to change the average load for a reducer (in bytes):
  set hive.exec.reducers.bytes.per.reducer=<number>
In order to limit the maximum number of reducers:
  set hive.exec.reducers.max=<number>
In order to set a constant number of reducers:
  set mapred.reduce.tasks=<number>
Starting Job = job_201604121637_0003, Tracking URL = http://belona.c3local:50030/jobdetails.jsp?jobid=job_201604121637_0003
Kill Command = /home/hadoop/hadoop/bin/../bin/hadoop job  -Dmapred.job.tracker=belona.c3local:9001 -kill job_201604121637_0003
2016-04-12 16:40:54,230 Stage-1 map = 0%,  reduce = 0%
2016-04-12 16:41:00,264 Stage-1 map = 44%,  reduce = 0%
2016-04-12 16:41:06,303 Stage-1 map = 89%,  reduce = 0%
2016-04-12 16:41:09,325 Stage-1 map = 100%,  reduce = 30%
2016-04-12 16:41:18,385 Stage-1 map = 100%,  reduce = 100%
Ended Job = job_201604121637_0003
Launching Job 2 out of 3
Number of reduce tasks not specified. Estimated from input data size: 1
In order to change the average load for a reducer (in bytes):
  set hive.exec.reducers.bytes.per.reducer=<number>
In order to limit the maximum number of reducers:
  set hive.exec.reducers.max=<number>
In order to set a constant number of reducers:
  set mapred.reduce.tasks=<number>
Starting Job = job_201604121637_0004, Tracking URL = http://belona.c3local:50030/jobdetails.jsp?jobid=job_201604121637_0004
Kill Command = /home/hadoop/hadoop/bin/../bin/hadoop job  -Dmapred.job.tracker=belona.c3local:9001 -kill job_201604121637_0004
2016-04-12 16:41:26,923 Stage-2 map = 0%,  reduce = 0%
2016-04-12 16:41:29,940 Stage-2 map = 50%,  reduce = 0%
2016-04-12 16:41:32,960 Stage-2 map = 100%,  reduce = 0%
2016-04-12 16:41:38,996 Stage-2 map = 100%,  reduce = 100%
Ended Job = job_201604121637_0004
Launching Job 3 out of 3
Number of reduce tasks determined at compile time: 1
In order to change the average load for a reducer (in bytes):
  set hive.exec.reducers.bytes.per.reducer=<number>
In order to limit the maximum number of reducers:
  set hive.exec.reducers.max=<number>
In order to set a constant number of reducers:
  set mapred.reduce.tasks=<number>
Starting Job = job_201604121637_0005, Tracking URL = http://belona.c3local:50030/jobdetails.jsp?jobid=job_201604121637_0005
Kill Command = /home/hadoop/hadoop/bin/../bin/hadoop job  -Dmapred.job.tracker=belona.c3local:9001 -kill job_201604121637_0005
2016-04-12 16:41:48,414 Stage-3 map = 0%,  reduce = 0%
2016-04-12 16:41:51,432 Stage-3 map = 100%,  reduce = 0%
2016-04-12 16:42:00,485 Stage-3 map = 100%,  reduce = 100%
Ended Job = job_201604121637_0005
Loading data to table q15_top_supplier
1 Rows loaded to q15_top_supplier
OK
Time taken: 76.017 seconds
Hive history file=/tmp/hadoop/hive_job_log_hadoop_201604121642_1863623247.txt
OK
Time taken: 3.542 seconds
OK
Time taken: 0.064 seconds
FAILED: Error in metadata: MetaException(message:Got exception: org.apache.hadoop.ipc.RemoteException org.apache.hadoop.hdfs.server.namenode.SafeModeException: Cannot delete /user/hive/warehouse/revenue. Name node is in safe mode.
The ratio of reported blocks 1.0000 has reached the threshold 0.9990. Safe mode will be turned off automatically in 24 seconds.
	at org.apache.hadoop.hdfs.server.namenode.FSNamesystem.deleteInternal(FSNamesystem.java:1700)
	at org.apache.hadoop.hdfs.server.namenode.FSNamesystem.delete(FSNamesystem.java:1680)
	at org.apache.hadoop.hdfs.server.namenode.NameNode.delete(NameNode.java:517)
	at sun.reflect.NativeMethodAccessorImpl.invoke0(Native Method)
	at sun.reflect.NativeMethodAccessorImpl.invoke(NativeMethodAccessorImpl.java:57)
	at sun.reflect.DelegatingMethodAccessorImpl.invoke(DelegatingMethodAccessorImpl.java:43)
	at java.lang.reflect.Method.invoke(Method.java:606)
	at org.apache.hadoop.ipc.RPC$Server.call(RPC.java:508)
	at org.apache.hadoop.ipc.Server$Handler$1.run(Server.java:959)
	at org.apache.hadoop.ipc.Server$Handler$1.run(Server.java:955)
	at java.security.AccessController.doPrivileged(Native Method)
	at javax.security.auth.Subject.doAs(Subject.java:415)
	at org.apache.hadoop.ipc.Server$Handler.run(Server.java:953)
)
FAILED: Execution Error, return code 1 from org.apache.hadoop.hive.ql.exec.DDLTask
Hive history file=/tmp/hadoop/hive_job_log_hadoop_201604121642_625771115.txt
OK
Time taken: 2.918 seconds
OK
Time taken: 0.008 seconds
OK
Time taken: 0.01 seconds
OK
Time taken: 0.599 seconds
OK
Time taken: 0.065 seconds
OK
Time taken: 0.182 seconds
OK
Time taken: 0.033 seconds
OK
Time taken: 0.033 seconds
OK
Time taken: 0.051 seconds
OK
Time taken: 0.05 seconds
Total MapReduce jobs = 1
Launching Job 1 out of 1
Number of reduce tasks not specified. Estimated from input data size: 8
In order to change the average load for a reducer (in bytes):
  set hive.exec.reducers.bytes.per.reducer=<number>
In order to limit the maximum number of reducers:
  set hive.exec.reducers.max=<number>
In order to set a constant number of reducers:
  set mapred.reduce.tasks=<number>
Starting Job = job_201604121642_0001, Tracking URL = http://belona.c3local:50030/jobdetails.jsp?jobid=job_201604121642_0001
Kill Command = /home/hadoop/hadoop/bin/../bin/hadoop job  -Dmapred.job.tracker=belona.c3local:9001 -kill job_201604121642_0001
2016-04-12 16:42:43,432 Stage-1 map = 0%,  reduce = 0%
2016-04-12 16:42:52,502 Stage-1 map = 2%,  reduce = 0%
2016-04-12 16:42:55,524 Stage-1 map = 7%,  reduce = 0%
2016-04-12 16:42:58,549 Stage-1 map = 12%,  reduce = 0%
2016-04-12 16:43:01,581 Stage-1 map = 17%,  reduce = 0%
2016-04-12 16:43:04,614 Stage-1 map = 21%,  reduce = 0%
2016-04-12 16:43:07,648 Stage-1 map = 24%,  reduce = 0%
2016-04-12 16:43:10,682 Stage-1 map = 26%,  reduce = 0%
2016-04-12 16:43:13,718 Stage-1 map = 28%,  reduce = 1%
2016-04-12 16:43:15,741 Stage-1 map = 29%,  reduce = 2%
2016-04-12 16:43:16,755 Stage-1 map = 30%,  reduce = 4%
2016-04-12 16:43:18,778 Stage-1 map = 32%,  reduce = 4%
2016-04-12 16:43:19,793 Stage-1 map = 34%,  reduce = 4%
2016-04-12 16:43:21,815 Stage-1 map = 39%,  reduce = 4%
2016-04-12 16:43:24,848 Stage-1 map = 43%,  reduce = 4%
2016-04-12 16:43:27,881 Stage-1 map = 47%,  reduce = 4%
2016-04-12 16:43:30,914 Stage-1 map = 51%,  reduce = 5%
2016-04-12 16:43:33,947 Stage-1 map = 52%,  reduce = 5%
2016-04-12 16:43:36,978 Stage-1 map = 53%,  reduce = 6%
2016-04-12 16:43:40,012 Stage-1 map = 53%,  reduce = 7%
2016-04-12 16:43:43,049 Stage-1 map = 56%,  reduce = 8%
2016-04-12 16:43:46,082 Stage-1 map = 59%,  reduce = 9%
2016-04-12 16:43:49,116 Stage-1 map = 62%,  reduce = 9%
2016-04-12 16:43:52,147 Stage-1 map = 67%,  reduce = 9%
2016-04-12 16:43:55,176 Stage-1 map = 69%,  reduce = 9%
2016-04-12 16:43:58,205 Stage-1 map = 72%,  reduce = 9%
2016-04-12 16:44:01,234 Stage-1 map = 76%,  reduce = 10%
2016-04-12 16:44:04,263 Stage-1 map = 79%,  reduce = 10%
2016-04-12 16:44:07,293 Stage-1 map = 81%,  reduce = 10%
2016-04-12 16:44:10,320 Stage-1 map = 83%,  reduce = 11%
2016-04-12 16:44:13,348 Stage-1 map = 85%,  reduce = 12%
2016-04-12 16:44:16,378 Stage-1 map = 87%,  reduce = 12%
2016-04-12 16:44:19,406 Stage-1 map = 90%,  reduce = 13%
2016-04-12 16:44:22,433 Stage-1 map = 92%,  reduce = 13%
2016-04-12 16:44:25,461 Stage-1 map = 95%,  reduce = 14%
2016-04-12 16:44:28,485 Stage-1 map = 97%,  reduce = 14%
2016-04-12 16:44:31,508 Stage-1 map = 99%,  reduce = 14%
2016-04-12 16:44:34,531 Stage-1 map = 100%,  reduce = 14%
2016-04-12 16:44:40,578 Stage-1 map = 100%,  reduce = 23%
2016-04-12 16:44:43,602 Stage-1 map = 100%,  reduce = 38%
2016-04-12 16:44:46,626 Stage-1 map = 100%,  reduce = 50%
2016-04-12 16:44:49,653 Stage-1 map = 100%,  reduce = 54%
2016-04-12 16:44:52,676 Stage-1 map = 100%,  reduce = 67%
2016-04-12 16:44:55,698 Stage-1 map = 100%,  reduce = 75%
2016-04-12 16:44:58,720 Stage-1 map = 100%,  reduce = 83%
2016-04-12 16:45:01,742 Stage-1 map = 100%,  reduce = 100%
Ended Job = job_201604121642_0001
Loading data to table revenue
100000 Rows loaded to revenue
OK
Time taken: 147.892 seconds
Total MapReduce jobs = 1
Launching Job 1 out of 1
Number of reduce tasks determined at compile time: 1
In order to change the average load for a reducer (in bytes):
  set hive.exec.reducers.bytes.per.reducer=<number>
In order to limit the maximum number of reducers:
  set hive.exec.reducers.max=<number>
In order to set a constant number of reducers:
  set mapred.reduce.tasks=<number>
Starting Job = job_201604121642_0002, Tracking URL = http://belona.c3local:50030/jobdetails.jsp?jobid=job_201604121642_0002
Kill Command = /home/hadoop/hadoop/bin/../bin/hadoop job  -Dmapred.job.tracker=belona.c3local:9001 -kill job_201604121642_0002
2016-04-12 16:45:10,571 Stage-1 map = 0%,  reduce = 0%
2016-04-12 16:45:16,602 Stage-1 map = 50%,  reduce = 0%
2016-04-12 16:45:22,641 Stage-1 map = 100%,  reduce = 0%
2016-04-12 16:45:25,663 Stage-1 map = 100%,  reduce = 33%
2016-04-12 16:45:28,683 Stage-1 map = 100%,  reduce = 100%
Ended Job = job_201604121642_0002
Loading data to table max_revenue
1 Rows loaded to max_revenue
OK
Time taken: 26.86 seconds
Total MapReduce jobs = 3
Launching Job 1 out of 3
Number of reduce tasks not specified. Estimated from input data size: 1
In order to change the average load for a reducer (in bytes):
  set hive.exec.reducers.bytes.per.reducer=<number>
In order to limit the maximum number of reducers:
  set hive.exec.reducers.max=<number>
In order to set a constant number of reducers:
  set mapred.reduce.tasks=<number>
Starting Job = job_201604121642_0003, Tracking URL = http://belona.c3local:50030/jobdetails.jsp?jobid=job_201604121642_0003
Kill Command = /home/hadoop/hadoop/bin/../bin/hadoop job  -Dmapred.job.tracker=belona.c3local:9001 -kill job_201604121642_0003
2016-04-12 16:45:37,461 Stage-1 map = 0%,  reduce = 0%
2016-04-12 16:45:43,494 Stage-1 map = 44%,  reduce = 0%
2016-04-12 16:45:49,532 Stage-1 map = 89%,  reduce = 0%
2016-04-12 16:45:52,554 Stage-1 map = 100%,  reduce = 30%
2016-04-12 16:46:01,617 Stage-1 map = 100%,  reduce = 100%
Ended Job = job_201604121642_0003
Launching Job 2 out of 3
Number of reduce tasks not specified. Estimated from input data size: 1
In order to change the average load for a reducer (in bytes):
  set hive.exec.reducers.bytes.per.reducer=<number>
In order to limit the maximum number of reducers:
  set hive.exec.reducers.max=<number>
In order to set a constant number of reducers:
  set mapred.reduce.tasks=<number>
Starting Job = job_201604121642_0004, Tracking URL = http://belona.c3local:50030/jobdetails.jsp?jobid=job_201604121642_0004
Kill Command = /home/hadoop/hadoop/bin/../bin/hadoop job  -Dmapred.job.tracker=belona.c3local:9001 -kill job_201604121642_0004
2016-04-12 16:46:10,157 Stage-2 map = 0%,  reduce = 0%
2016-04-12 16:46:13,175 Stage-2 map = 50%,  reduce = 0%
2016-04-12 16:46:16,196 Stage-2 map = 100%,  reduce = 0%
2016-04-12 16:46:22,234 Stage-2 map = 100%,  reduce = 100%
Ended Job = job_201604121642_0004
Launching Job 3 out of 3
Number of reduce tasks determined at compile time: 1
In order to change the average load for a reducer (in bytes):
  set hive.exec.reducers.bytes.per.reducer=<number>
In order to limit the maximum number of reducers:
  set hive.exec.reducers.max=<number>
In order to set a constant number of reducers:
  set mapred.reduce.tasks=<number>
Starting Job = job_201604121642_0005, Tracking URL = http://belona.c3local:50030/jobdetails.jsp?jobid=job_201604121642_0005
Kill Command = /home/hadoop/hadoop/bin/../bin/hadoop job  -Dmapred.job.tracker=belona.c3local:9001 -kill job_201604121642_0005
2016-04-12 16:46:31,659 Stage-3 map = 0%,  reduce = 0%
2016-04-12 16:46:34,676 Stage-3 map = 100%,  reduce = 0%
2016-04-12 16:46:43,730 Stage-3 map = 100%,  reduce = 100%
Ended Job = job_201604121642_0005
Loading data to table q15_top_supplier
1 Rows loaded to q15_top_supplier
OK
Time taken: 75.058 seconds
Hive history file=/tmp/hadoop/hive_job_log_hadoop_201604121647_1031536586.txt
OK
Time taken: 3.37 seconds
OK
Time taken: 0.056 seconds
FAILED: Error in metadata: MetaException(message:Got exception: org.apache.hadoop.ipc.RemoteException org.apache.hadoop.hdfs.server.namenode.SafeModeException: Cannot delete /user/hive/warehouse/revenue. Name node is in safe mode.
The ratio of reported blocks 1.0000 has reached the threshold 0.9990. Safe mode will be turned off automatically in 24 seconds.
	at org.apache.hadoop.hdfs.server.namenode.FSNamesystem.deleteInternal(FSNamesystem.java:1700)
	at org.apache.hadoop.hdfs.server.namenode.FSNamesystem.delete(FSNamesystem.java:1680)
	at org.apache.hadoop.hdfs.server.namenode.NameNode.delete(NameNode.java:517)
	at sun.reflect.NativeMethodAccessorImpl.invoke0(Native Method)
	at sun.reflect.NativeMethodAccessorImpl.invoke(NativeMethodAccessorImpl.java:57)
	at sun.reflect.DelegatingMethodAccessorImpl.invoke(DelegatingMethodAccessorImpl.java:43)
	at java.lang.reflect.Method.invoke(Method.java:606)
	at org.apache.hadoop.ipc.RPC$Server.call(RPC.java:508)
	at org.apache.hadoop.ipc.Server$Handler$1.run(Server.java:959)
	at org.apache.hadoop.ipc.Server$Handler$1.run(Server.java:955)
	at java.security.AccessController.doPrivileged(Native Method)
	at javax.security.auth.Subject.doAs(Subject.java:415)
	at org.apache.hadoop.ipc.Server$Handler.run(Server.java:953)
)
FAILED: Execution Error, return code 1 from org.apache.hadoop.hive.ql.exec.DDLTask
Hive history file=/tmp/hadoop/hive_job_log_hadoop_201604121647_1361155818.txt
OK
Time taken: 2.846 seconds
OK
Time taken: 0.011 seconds
OK
Time taken: 0.011 seconds
OK
Time taken: 0.621 seconds
OK
Time taken: 0.065 seconds
OK
Time taken: 0.175 seconds
OK
Time taken: 0.033 seconds
OK
Time taken: 0.025 seconds
OK
Time taken: 0.042 seconds
OK
Time taken: 0.05 seconds
Total MapReduce jobs = 1
Launching Job 1 out of 1
Number of reduce tasks not specified. Estimated from input data size: 8
In order to change the average load for a reducer (in bytes):
  set hive.exec.reducers.bytes.per.reducer=<number>
In order to limit the maximum number of reducers:
  set hive.exec.reducers.max=<number>
In order to set a constant number of reducers:
  set mapred.reduce.tasks=<number>
Starting Job = job_201604121647_0001, Tracking URL = http://belona.c3local:50030/jobdetails.jsp?jobid=job_201604121647_0001
Kill Command = /home/hadoop/hadoop/bin/../bin/hadoop job  -Dmapred.job.tracker=belona.c3local:9001 -kill job_201604121647_0001
2016-04-12 16:47:26,498 Stage-1 map = 0%,  reduce = 0%
2016-04-12 16:47:35,563 Stage-1 map = 3%,  reduce = 0%
2016-04-12 16:47:38,584 Stage-1 map = 7%,  reduce = 0%
2016-04-12 16:47:41,614 Stage-1 map = 11%,  reduce = 0%
2016-04-12 16:47:44,646 Stage-1 map = 13%,  reduce = 0%
2016-04-12 16:47:47,677 Stage-1 map = 17%,  reduce = 0%
2016-04-12 16:47:50,709 Stage-1 map = 20%,  reduce = 0%
2016-04-12 16:47:52,732 Stage-1 map = 21%,  reduce = 0%
2016-04-12 16:47:55,764 Stage-1 map = 23%,  reduce = 0%
2016-04-12 16:47:58,795 Stage-1 map = 26%,  reduce = 2%
2016-04-12 16:48:01,826 Stage-1 map = 29%,  reduce = 2%
2016-04-12 16:48:04,860 Stage-1 map = 32%,  reduce = 2%
2016-04-12 16:48:08,902 Stage-1 map = 33%,  reduce = 2%
2016-04-12 16:48:10,924 Stage-1 map = 33%,  reduce = 3%
2016-04-12 16:48:11,937 Stage-1 map = 35%,  reduce = 3%
2016-04-12 16:48:14,968 Stage-1 map = 37%,  reduce = 4%
2016-04-12 16:48:16,991 Stage-1 map = 39%,  reduce = 4%
2016-04-12 16:48:20,022 Stage-1 map = 43%,  reduce = 4%
2016-04-12 16:48:23,055 Stage-1 map = 45%,  reduce = 5%
2016-04-12 16:48:26,089 Stage-1 map = 48%,  reduce = 5%
2016-04-12 16:48:29,125 Stage-1 map = 50%,  reduce = 6%
2016-04-12 16:48:32,160 Stage-1 map = 54%,  reduce = 7%
2016-04-12 16:48:35,194 Stage-1 map = 58%,  reduce = 7%
2016-04-12 16:48:38,224 Stage-1 map = 61%,  reduce = 7%
2016-04-12 16:48:41,254 Stage-1 map = 63%,  reduce = 7%
2016-04-12 16:48:44,282 Stage-1 map = 66%,  reduce = 8%
2016-04-12 16:48:47,309 Stage-1 map = 68%,  reduce = 9%
2016-04-12 16:48:50,336 Stage-1 map = 70%,  reduce = 9%
2016-04-12 16:48:53,362 Stage-1 map = 72%,  reduce = 9%
2016-04-12 16:48:56,390 Stage-1 map = 75%,  reduce = 9%
2016-04-12 16:48:59,417 Stage-1 map = 77%,  reduce = 11%
2016-04-12 16:49:02,444 Stage-1 map = 81%,  reduce = 11%
2016-04-12 16:49:05,471 Stage-1 map = 83%,  reduce = 11%
2016-04-12 16:49:08,498 Stage-1 map = 85%,  reduce = 12%
2016-04-12 16:49:11,523 Stage-1 map = 88%,  reduce = 12%
2016-04-12 16:49:14,546 Stage-1 map = 90%,  reduce = 13%
2016-04-12 16:49:17,568 Stage-1 map = 93%,  reduce = 13%
2016-04-12 16:49:20,591 Stage-1 map = 95%,  reduce = 13%
2016-04-12 16:49:23,614 Stage-1 map = 97%,  reduce = 14%
2016-04-12 16:49:26,637 Stage-1 map = 98%,  reduce = 14%
2016-04-12 16:49:29,660 Stage-1 map = 100%,  reduce = 15%
2016-04-12 16:49:35,700 Stage-1 map = 100%,  reduce = 16%
2016-04-12 16:49:38,724 Stage-1 map = 100%,  reduce = 50%
2016-04-12 16:49:47,780 Stage-1 map = 100%,  reduce = 58%
2016-04-12 16:49:50,802 Stage-1 map = 100%,  reduce = 83%
2016-04-12 16:49:53,824 Stage-1 map = 100%,  reduce = 100%
Ended Job = job_201604121647_0001
Loading data to table revenue
100000 Rows loaded to revenue
OK
Time taken: 157.184 seconds
Total MapReduce jobs = 1
Launching Job 1 out of 1
Number of reduce tasks determined at compile time: 1
In order to change the average load for a reducer (in bytes):
  set hive.exec.reducers.bytes.per.reducer=<number>
In order to limit the maximum number of reducers:
  set hive.exec.reducers.max=<number>
In order to set a constant number of reducers:
  set mapred.reduce.tasks=<number>
Starting Job = job_201604121647_0002, Tracking URL = http://belona.c3local:50030/jobdetails.jsp?jobid=job_201604121647_0002
Kill Command = /home/hadoop/hadoop/bin/../bin/hadoop job  -Dmapred.job.tracker=belona.c3local:9001 -kill job_201604121647_0002
2016-04-12 16:50:02,960 Stage-1 map = 0%,  reduce = 0%
2016-04-12 16:50:08,992 Stage-1 map = 50%,  reduce = 0%
2016-04-12 16:50:15,030 Stage-1 map = 100%,  reduce = 0%
2016-04-12 16:50:18,050 Stage-1 map = 100%,  reduce = 33%
2016-04-12 16:50:21,071 Stage-1 map = 100%,  reduce = 100%
Ended Job = job_201604121647_0002
Loading data to table max_revenue
1 Rows loaded to max_revenue
OK
Time taken: 27.177 seconds
Total MapReduce jobs = 3
Launching Job 1 out of 3
Number of reduce tasks not specified. Estimated from input data size: 1
In order to change the average load for a reducer (in bytes):
  set hive.exec.reducers.bytes.per.reducer=<number>
In order to limit the maximum number of reducers:
  set hive.exec.reducers.max=<number>
In order to set a constant number of reducers:
  set mapred.reduce.tasks=<number>
Starting Job = job_201604121647_0003, Tracking URL = http://belona.c3local:50030/jobdetails.jsp?jobid=job_201604121647_0003
Kill Command = /home/hadoop/hadoop/bin/../bin/hadoop job  -Dmapred.job.tracker=belona.c3local:9001 -kill job_201604121647_0003
2016-04-12 16:50:29,798 Stage-1 map = 0%,  reduce = 0%
2016-04-12 16:50:35,830 Stage-1 map = 44%,  reduce = 0%
2016-04-12 16:50:41,870 Stage-1 map = 89%,  reduce = 0%
2016-04-12 16:50:44,891 Stage-1 map = 100%,  reduce = 30%
2016-04-12 16:50:53,951 Stage-1 map = 100%,  reduce = 100%
Ended Job = job_201604121647_0003
Launching Job 2 out of 3
Number of reduce tasks not specified. Estimated from input data size: 1
In order to change the average load for a reducer (in bytes):
  set hive.exec.reducers.bytes.per.reducer=<number>
In order to limit the maximum number of reducers:
  set hive.exec.reducers.max=<number>
In order to set a constant number of reducers:
  set mapred.reduce.tasks=<number>
Starting Job = job_201604121647_0004, Tracking URL = http://belona.c3local:50030/jobdetails.jsp?jobid=job_201604121647_0004
Kill Command = /home/hadoop/hadoop/bin/../bin/hadoop job  -Dmapred.job.tracker=belona.c3local:9001 -kill job_201604121647_0004
2016-04-12 16:51:02,486 Stage-2 map = 0%,  reduce = 0%
2016-04-12 16:51:05,503 Stage-2 map = 50%,  reduce = 0%
2016-04-12 16:51:08,523 Stage-2 map = 100%,  reduce = 0%
2016-04-12 16:51:14,559 Stage-2 map = 100%,  reduce = 100%
Ended Job = job_201604121647_0004
Launching Job 3 out of 3
Number of reduce tasks determined at compile time: 1
In order to change the average load for a reducer (in bytes):
  set hive.exec.reducers.bytes.per.reducer=<number>
In order to limit the maximum number of reducers:
  set hive.exec.reducers.max=<number>
In order to set a constant number of reducers:
  set mapred.reduce.tasks=<number>
Starting Job = job_201604121647_0005, Tracking URL = http://belona.c3local:50030/jobdetails.jsp?jobid=job_201604121647_0005
Kill Command = /home/hadoop/hadoop/bin/../bin/hadoop job  -Dmapred.job.tracker=belona.c3local:9001 -kill job_201604121647_0005
2016-04-12 16:51:23,398 Stage-3 map = 0%,  reduce = 0%
2016-04-12 16:51:26,415 Stage-3 map = 100%,  reduce = 0%
2016-04-12 16:51:35,467 Stage-3 map = 100%,  reduce = 100%
Ended Job = job_201604121647_0005
Loading data to table q15_top_supplier
1 Rows loaded to q15_top_supplier
OK
Time taken: 74.399 seconds
Hive history file=/tmp/hadoop/hive_job_log_hadoop_201604121652_96480891.txt
OK
Time taken: 3.423 seconds
OK
Time taken: 0.056 seconds
FAILED: Error in metadata: MetaException(message:Got exception: org.apache.hadoop.ipc.RemoteException org.apache.hadoop.hdfs.server.namenode.SafeModeException: Cannot delete /user/hive/warehouse/revenue. Name node is in safe mode.
The ratio of reported blocks 1.0000 has reached the threshold 0.9990. Safe mode will be turned off automatically in 24 seconds.
	at org.apache.hadoop.hdfs.server.namenode.FSNamesystem.deleteInternal(FSNamesystem.java:1700)
	at org.apache.hadoop.hdfs.server.namenode.FSNamesystem.delete(FSNamesystem.java:1680)
	at org.apache.hadoop.hdfs.server.namenode.NameNode.delete(NameNode.java:517)
	at sun.reflect.NativeMethodAccessorImpl.invoke0(Native Method)
	at sun.reflect.NativeMethodAccessorImpl.invoke(NativeMethodAccessorImpl.java:57)
	at sun.reflect.DelegatingMethodAccessorImpl.invoke(DelegatingMethodAccessorImpl.java:43)
	at java.lang.reflect.Method.invoke(Method.java:606)
	at org.apache.hadoop.ipc.RPC$Server.call(RPC.java:508)
	at org.apache.hadoop.ipc.Server$Handler$1.run(Server.java:959)
	at org.apache.hadoop.ipc.Server$Handler$1.run(Server.java:955)
	at java.security.AccessController.doPrivileged(Native Method)
	at javax.security.auth.Subject.doAs(Subject.java:415)
	at org.apache.hadoop.ipc.Server$Handler.run(Server.java:953)
)
FAILED: Execution Error, return code 1 from org.apache.hadoop.hive.ql.exec.DDLTask
Hive history file=/tmp/hadoop/hive_job_log_hadoop_201604121652_1785994204.txt
OK
Time taken: 2.942 seconds
OK
Time taken: 0.009 seconds
OK
Time taken: 0.012 seconds
OK
Time taken: 0.644 seconds
OK
Time taken: 0.066 seconds
OK
Time taken: 0.159 seconds
OK
Time taken: 0.05 seconds
OK
Time taken: 0.025 seconds
OK
Time taken: 0.042 seconds
OK
Time taken: 0.041 seconds
Total MapReduce jobs = 1
Launching Job 1 out of 1
Number of reduce tasks not specified. Estimated from input data size: 8
In order to change the average load for a reducer (in bytes):
  set hive.exec.reducers.bytes.per.reducer=<number>
In order to limit the maximum number of reducers:
  set hive.exec.reducers.max=<number>
In order to set a constant number of reducers:
  set mapred.reduce.tasks=<number>
Starting Job = job_201604121652_0001, Tracking URL = http://belona.c3local:50030/jobdetails.jsp?jobid=job_201604121652_0001
Kill Command = /home/hadoop/hadoop/bin/../bin/hadoop job  -Dmapred.job.tracker=belona.c3local:9001 -kill job_201604121652_0001
2016-04-12 16:52:18,566 Stage-1 map = 0%,  reduce = 0%
2016-04-12 16:52:27,635 Stage-1 map = 3%,  reduce = 0%
2016-04-12 16:52:30,657 Stage-1 map = 7%,  reduce = 0%
2016-04-12 16:52:33,680 Stage-1 map = 11%,  reduce = 0%
2016-04-12 16:52:36,713 Stage-1 map = 14%,  reduce = 0%
2016-04-12 16:52:39,745 Stage-1 map = 17%,  reduce = 0%
2016-04-12 16:52:42,778 Stage-1 map = 21%,  reduce = 0%
2016-04-12 16:52:45,811 Stage-1 map = 22%,  reduce = 0%
2016-04-12 16:52:48,841 Stage-1 map = 25%,  reduce = 0%
2016-04-12 16:52:51,871 Stage-1 map = 28%,  reduce = 1%
2016-04-12 16:52:54,903 Stage-1 map = 30%,  reduce = 2%
2016-04-12 16:52:57,936 Stage-1 map = 32%,  reduce = 2%
2016-04-12 16:53:00,968 Stage-1 map = 34%,  reduce = 2%
2016-04-12 16:53:04,001 Stage-1 map = 37%,  reduce = 3%
2016-04-12 16:53:07,032 Stage-1 map = 40%,  reduce = 4%
2016-04-12 16:53:10,064 Stage-1 map = 42%,  reduce = 5%
2016-04-12 16:53:13,095 Stage-1 map = 44%,  reduce = 6%
2016-04-12 16:53:16,126 Stage-1 map = 47%,  reduce = 6%
2016-04-12 16:53:19,159 Stage-1 map = 50%,  reduce = 6%
2016-04-12 16:53:22,192 Stage-1 map = 55%,  reduce = 7%
2016-04-12 16:53:25,224 Stage-1 map = 59%,  reduce = 7%
2016-04-12 16:53:28,255 Stage-1 map = 61%,  reduce = 7%
2016-04-12 16:53:31,284 Stage-1 map = 63%,  reduce = 8%
2016-04-12 16:53:34,313 Stage-1 map = 67%,  reduce = 9%
2016-04-12 16:53:37,341 Stage-1 map = 71%,  reduce = 9%
2016-04-12 16:53:40,368 Stage-1 map = 73%,  reduce = 9%
2016-04-12 16:53:43,395 Stage-1 map = 75%,  reduce = 9%
2016-04-12 16:53:46,422 Stage-1 map = 76%,  reduce = 10%
2016-04-12 16:53:49,450 Stage-1 map = 79%,  reduce = 11%
2016-04-12 16:53:52,477 Stage-1 map = 80%,  reduce = 11%
2016-04-12 16:53:55,503 Stage-1 map = 81%,  reduce = 12%
2016-04-12 16:53:58,533 Stage-1 map = 84%,  reduce = 12%
2016-04-12 16:54:01,560 Stage-1 map = 86%,  reduce = 12%
2016-04-12 16:54:04,587 Stage-1 map = 88%,  reduce = 13%
2016-04-12 16:54:07,610 Stage-1 map = 92%,  reduce = 13%
2016-04-12 16:54:10,634 Stage-1 map = 96%,  reduce = 13%
2016-04-12 16:54:13,656 Stage-1 map = 97%,  reduce = 13%
2016-04-12 16:54:16,679 Stage-1 map = 99%,  reduce = 14%
2016-04-12 16:54:19,701 Stage-1 map = 100%,  reduce = 16%
2016-04-12 16:54:28,765 Stage-1 map = 100%,  reduce = 50%
2016-04-12 16:54:37,823 Stage-1 map = 100%,  reduce = 58%
2016-04-12 16:54:40,844 Stage-1 map = 100%,  reduce = 92%
2016-04-12 16:54:43,867 Stage-1 map = 100%,  reduce = 100%
Ended Job = job_201604121652_0001
Loading data to table revenue
100000 Rows loaded to revenue
OK
Time taken: 154.284 seconds
Total MapReduce jobs = 1
Launching Job 1 out of 1
Number of reduce tasks determined at compile time: 1
In order to change the average load for a reducer (in bytes):
  set hive.exec.reducers.bytes.per.reducer=<number>
In order to limit the maximum number of reducers:
  set hive.exec.reducers.max=<number>
In order to set a constant number of reducers:
  set mapred.reduce.tasks=<number>
Starting Job = job_201604121652_0002, Tracking URL = http://belona.c3local:50030/jobdetails.jsp?jobid=job_201604121652_0002
Kill Command = /home/hadoop/hadoop/bin/../bin/hadoop job  -Dmapred.job.tracker=belona.c3local:9001 -kill job_201604121652_0002
2016-04-12 16:54:52,626 Stage-1 map = 0%,  reduce = 0%
2016-04-12 16:54:58,658 Stage-1 map = 50%,  reduce = 0%
2016-04-12 16:55:04,696 Stage-1 map = 100%,  reduce = 0%
2016-04-12 16:55:07,716 Stage-1 map = 100%,  reduce = 33%
2016-04-12 16:55:10,737 Stage-1 map = 100%,  reduce = 100%
Ended Job = job_201604121652_0002
Loading data to table max_revenue
1 Rows loaded to max_revenue
OK
Time taken: 26.818 seconds
Total MapReduce jobs = 3
Launching Job 1 out of 3
Number of reduce tasks not specified. Estimated from input data size: 1
In order to change the average load for a reducer (in bytes):
  set hive.exec.reducers.bytes.per.reducer=<number>
In order to limit the maximum number of reducers:
  set hive.exec.reducers.max=<number>
In order to set a constant number of reducers:
  set mapred.reduce.tasks=<number>
Starting Job = job_201604121652_0003, Tracking URL = http://belona.c3local:50030/jobdetails.jsp?jobid=job_201604121652_0003
Kill Command = /home/hadoop/hadoop/bin/../bin/hadoop job  -Dmapred.job.tracker=belona.c3local:9001 -kill job_201604121652_0003
2016-04-12 16:55:19,527 Stage-1 map = 0%,  reduce = 0%
2016-04-12 16:55:25,558 Stage-1 map = 44%,  reduce = 0%
2016-04-12 16:55:31,596 Stage-1 map = 89%,  reduce = 0%
2016-04-12 16:55:34,617 Stage-1 map = 100%,  reduce = 22%
2016-04-12 16:55:43,675 Stage-1 map = 100%,  reduce = 100%
Ended Job = job_201604121652_0003
Launching Job 2 out of 3
Number of reduce tasks not specified. Estimated from input data size: 1
In order to change the average load for a reducer (in bytes):
  set hive.exec.reducers.bytes.per.reducer=<number>
In order to limit the maximum number of reducers:
  set hive.exec.reducers.max=<number>
In order to set a constant number of reducers:
  set mapred.reduce.tasks=<number>
Starting Job = job_201604121652_0004, Tracking URL = http://belona.c3local:50030/jobdetails.jsp?jobid=job_201604121652_0004
Kill Command = /home/hadoop/hadoop/bin/../bin/hadoop job  -Dmapred.job.tracker=belona.c3local:9001 -kill job_201604121652_0004
2016-04-12 16:55:52,243 Stage-2 map = 0%,  reduce = 0%
2016-04-12 16:55:55,261 Stage-2 map = 50%,  reduce = 0%
2016-04-12 16:55:58,280 Stage-2 map = 100%,  reduce = 0%
2016-04-12 16:56:04,316 Stage-2 map = 100%,  reduce = 100%
Ended Job = job_201604121652_0004
Launching Job 3 out of 3
Number of reduce tasks determined at compile time: 1
In order to change the average load for a reducer (in bytes):
  set hive.exec.reducers.bytes.per.reducer=<number>
In order to limit the maximum number of reducers:
  set hive.exec.reducers.max=<number>
In order to set a constant number of reducers:
  set mapred.reduce.tasks=<number>
Starting Job = job_201604121652_0005, Tracking URL = http://belona.c3local:50030/jobdetails.jsp?jobid=job_201604121652_0005
Kill Command = /home/hadoop/hadoop/bin/../bin/hadoop job  -Dmapred.job.tracker=belona.c3local:9001 -kill job_201604121652_0005
2016-04-12 16:56:13,781 Stage-3 map = 0%,  reduce = 0%
2016-04-12 16:56:16,798 Stage-3 map = 100%,  reduce = 0%
2016-04-12 16:56:25,850 Stage-3 map = 100%,  reduce = 100%
Ended Job = job_201604121652_0005
Loading data to table q15_top_supplier
1 Rows loaded to q15_top_supplier
OK
Time taken: 75.133 seconds
Hive history file=/tmp/hadoop/hive_job_log_hadoop_201604121656_741229221.txt
OK
Time taken: 3.335 seconds
OK
Time taken: 0.056 seconds
FAILED: Error in metadata: MetaException(message:Got exception: org.apache.hadoop.ipc.RemoteException org.apache.hadoop.hdfs.server.namenode.SafeModeException: Cannot delete /user/hive/warehouse/revenue. Name node is in safe mode.
The ratio of reported blocks 1.0000 has reached the threshold 0.9990. Safe mode will be turned off automatically in 25 seconds.
	at org.apache.hadoop.hdfs.server.namenode.FSNamesystem.deleteInternal(FSNamesystem.java:1700)
	at org.apache.hadoop.hdfs.server.namenode.FSNamesystem.delete(FSNamesystem.java:1680)
	at org.apache.hadoop.hdfs.server.namenode.NameNode.delete(NameNode.java:517)
	at sun.reflect.NativeMethodAccessorImpl.invoke0(Native Method)
	at sun.reflect.NativeMethodAccessorImpl.invoke(NativeMethodAccessorImpl.java:57)
	at sun.reflect.DelegatingMethodAccessorImpl.invoke(DelegatingMethodAccessorImpl.java:43)
	at java.lang.reflect.Method.invoke(Method.java:606)
	at org.apache.hadoop.ipc.RPC$Server.call(RPC.java:508)
	at org.apache.hadoop.ipc.Server$Handler$1.run(Server.java:959)
	at org.apache.hadoop.ipc.Server$Handler$1.run(Server.java:955)
	at java.security.AccessController.doPrivileged(Native Method)
	at javax.security.auth.Subject.doAs(Subject.java:415)
	at org.apache.hadoop.ipc.Server$Handler.run(Server.java:953)
)
FAILED: Execution Error, return code 1 from org.apache.hadoop.hive.ql.exec.DDLTask
Hive history file=/tmp/hadoop/hive_job_log_hadoop_201604121656_423512351.txt
OK
Time taken: 2.899 seconds
OK
Time taken: 0.008 seconds
OK
Time taken: 0.01 seconds
OK
Time taken: 0.635 seconds
OK
Time taken: 0.065 seconds
OK
Time taken: 0.158 seconds
OK
Time taken: 0.033 seconds
OK
Time taken: 0.033 seconds
OK
Time taken: 0.034 seconds
OK
Time taken: 0.051 seconds
Total MapReduce jobs = 1
Launching Job 1 out of 1
Number of reduce tasks not specified. Estimated from input data size: 8
In order to change the average load for a reducer (in bytes):
  set hive.exec.reducers.bytes.per.reducer=<number>
In order to limit the maximum number of reducers:
  set hive.exec.reducers.max=<number>
In order to set a constant number of reducers:
  set mapred.reduce.tasks=<number>
Starting Job = job_201604121656_0001, Tracking URL = http://belona.c3local:50030/jobdetails.jsp?jobid=job_201604121656_0001
Kill Command = /home/hadoop/hadoop/bin/../bin/hadoop job  -Dmapred.job.tracker=belona.c3local:9001 -kill job_201604121656_0001
2016-04-12 16:57:09,034 Stage-1 map = 0%,  reduce = 0%
2016-04-12 16:57:18,103 Stage-1 map = 4%,  reduce = 0%
2016-04-12 16:57:21,124 Stage-1 map = 10%,  reduce = 0%
2016-04-12 16:57:24,147 Stage-1 map = 16%,  reduce = 0%
2016-04-12 16:57:27,180 Stage-1 map = 19%,  reduce = 0%
2016-04-12 16:57:30,212 Stage-1 map = 21%,  reduce = 0%
2016-04-12 16:57:33,246 Stage-1 map = 24%,  reduce = 0%
2016-04-12 16:57:36,279 Stage-1 map = 25%,  reduce = 0%
2016-04-12 16:57:39,311 Stage-1 map = 28%,  reduce = 1%
2016-04-12 16:57:42,345 Stage-1 map = 29%,  reduce = 1%
2016-04-12 16:57:45,377 Stage-1 map = 31%,  reduce = 4%
2016-04-12 16:57:48,410 Stage-1 map = 34%,  reduce = 4%
2016-04-12 16:57:51,444 Stage-1 map = 39%,  reduce = 4%
2016-04-12 16:57:54,476 Stage-1 map = 43%,  reduce = 5%
2016-04-12 16:57:57,508 Stage-1 map = 46%,  reduce = 5%
2016-04-12 16:58:00,541 Stage-1 map = 49%,  reduce = 5%
2016-04-12 16:58:03,573 Stage-1 map = 53%,  reduce = 6%
2016-04-12 16:58:06,608 Stage-1 map = 55%,  reduce = 6%
2016-04-12 16:58:09,643 Stage-1 map = 56%,  reduce = 7%
2016-04-12 16:58:12,678 Stage-1 map = 58%,  reduce = 7%
2016-04-12 16:58:15,711 Stage-1 map = 59%,  reduce = 8%
2016-04-12 16:58:18,743 Stage-1 map = 62%,  reduce = 9%
2016-04-12 16:58:20,764 Stage-1 map = 64%,  reduce = 9%
2016-04-12 16:58:21,777 Stage-1 map = 66%,  reduce = 9%
2016-04-12 16:58:23,797 Stage-1 map = 70%,  reduce = 9%
2016-04-12 16:58:26,826 Stage-1 map = 73%,  reduce = 9%
2016-04-12 16:58:29,854 Stage-1 map = 75%,  reduce = 10%
2016-04-12 16:58:32,882 Stage-1 map = 77%,  reduce = 10%
2016-04-12 16:58:35,910 Stage-1 map = 81%,  reduce = 10%
2016-04-12 16:58:38,937 Stage-1 map = 82%,  reduce = 12%
2016-04-12 16:58:41,967 Stage-1 map = 85%,  reduce = 12%
2016-04-12 16:58:44,994 Stage-1 map = 87%,  reduce = 13%
2016-04-12 16:58:48,020 Stage-1 map = 90%,  reduce = 13%
2016-04-12 16:58:51,048 Stage-1 map = 92%,  reduce = 13%
2016-04-12 16:58:54,073 Stage-1 map = 95%,  reduce = 13%
2016-04-12 16:58:57,097 Stage-1 map = 96%,  reduce = 13%
2016-04-12 16:59:00,121 Stage-1 map = 98%,  reduce = 14%
2016-04-12 16:59:03,144 Stage-1 map = 100%,  reduce = 16%
2016-04-12 16:59:09,190 Stage-1 map = 100%,  reduce = 24%
2016-04-12 16:59:12,214 Stage-1 map = 100%,  reduce = 33%
2016-04-12 16:59:15,238 Stage-1 map = 100%,  reduce = 50%
2016-04-12 16:59:21,280 Stage-1 map = 100%,  reduce = 54%
2016-04-12 16:59:24,302 Stage-1 map = 100%,  reduce = 79%
2016-04-12 16:59:27,324 Stage-1 map = 100%,  reduce = 92%
2016-04-12 16:59:30,346 Stage-1 map = 100%,  reduce = 100%
Ended Job = job_201604121656_0001
Loading data to table revenue
100000 Rows loaded to revenue
OK
Time taken: 150.817 seconds
Total MapReduce jobs = 1
Launching Job 1 out of 1
Number of reduce tasks determined at compile time: 1
In order to change the average load for a reducer (in bytes):
  set hive.exec.reducers.bytes.per.reducer=<number>
In order to limit the maximum number of reducers:
  set hive.exec.reducers.max=<number>
In order to set a constant number of reducers:
  set mapred.reduce.tasks=<number>
Starting Job = job_201604121656_0002, Tracking URL = http://belona.c3local:50030/jobdetails.jsp?jobid=job_201604121656_0002
Kill Command = /home/hadoop/hadoop/bin/../bin/hadoop job  -Dmapred.job.tracker=belona.c3local:9001 -kill job_201604121656_0002
2016-04-12 16:59:39,562 Stage-1 map = 0%,  reduce = 0%
2016-04-12 16:59:45,593 Stage-1 map = 50%,  reduce = 0%
2016-04-12 16:59:51,631 Stage-1 map = 100%,  reduce = 0%
2016-04-12 16:59:54,651 Stage-1 map = 100%,  reduce = 25%
2016-04-12 17:00:00,689 Stage-1 map = 100%,  reduce = 100%
Ended Job = job_201604121656_0002
Loading data to table max_revenue
1 Rows loaded to max_revenue
OK
Time taken: 30.286 seconds
Total MapReduce jobs = 3
Launching Job 1 out of 3
Number of reduce tasks not specified. Estimated from input data size: 1
In order to change the average load for a reducer (in bytes):
  set hive.exec.reducers.bytes.per.reducer=<number>
In order to limit the maximum number of reducers:
  set hive.exec.reducers.max=<number>
In order to set a constant number of reducers:
  set mapred.reduce.tasks=<number>
Starting Job = job_201604121656_0003, Tracking URL = http://belona.c3local:50030/jobdetails.jsp?jobid=job_201604121656_0003
Kill Command = /home/hadoop/hadoop/bin/../bin/hadoop job  -Dmapred.job.tracker=belona.c3local:9001 -kill job_201604121656_0003
2016-04-12 17:00:09,808 Stage-1 map = 0%,  reduce = 0%
2016-04-12 17:00:15,839 Stage-1 map = 44%,  reduce = 0%
2016-04-12 17:00:21,876 Stage-1 map = 89%,  reduce = 0%
2016-04-12 17:00:24,898 Stage-1 map = 100%,  reduce = 22%
2016-04-12 17:00:33,957 Stage-1 map = 100%,  reduce = 100%
Ended Job = job_201604121656_0003
Launching Job 2 out of 3
Number of reduce tasks not specified. Estimated from input data size: 1
In order to change the average load for a reducer (in bytes):
  set hive.exec.reducers.bytes.per.reducer=<number>
In order to limit the maximum number of reducers:
  set hive.exec.reducers.max=<number>
In order to set a constant number of reducers:
  set mapred.reduce.tasks=<number>
Starting Job = job_201604121656_0004, Tracking URL = http://belona.c3local:50030/jobdetails.jsp?jobid=job_201604121656_0004
Kill Command = /home/hadoop/hadoop/bin/../bin/hadoop job  -Dmapred.job.tracker=belona.c3local:9001 -kill job_201604121656_0004
2016-04-12 17:00:42,520 Stage-2 map = 0%,  reduce = 0%
2016-04-12 17:00:45,538 Stage-2 map = 50%,  reduce = 0%
2016-04-12 17:00:48,558 Stage-2 map = 100%,  reduce = 0%
2016-04-12 17:00:54,594 Stage-2 map = 100%,  reduce = 100%
Ended Job = job_201604121656_0004
Launching Job 3 out of 3
Number of reduce tasks determined at compile time: 1
In order to change the average load for a reducer (in bytes):
  set hive.exec.reducers.bytes.per.reducer=<number>
In order to limit the maximum number of reducers:
  set hive.exec.reducers.max=<number>
In order to set a constant number of reducers:
  set mapred.reduce.tasks=<number>
Starting Job = job_201604121656_0005, Tracking URL = http://belona.c3local:50030/jobdetails.jsp?jobid=job_201604121656_0005
Kill Command = /home/hadoop/hadoop/bin/../bin/hadoop job  -Dmapred.job.tracker=belona.c3local:9001 -kill job_201604121656_0005
2016-04-12 17:01:04,043 Stage-3 map = 0%,  reduce = 0%
2016-04-12 17:01:07,061 Stage-3 map = 100%,  reduce = 0%
2016-04-12 17:01:16,114 Stage-3 map = 100%,  reduce = 100%
Ended Job = job_201604121656_0005
Loading data to table q15_top_supplier
1 Rows loaded to q15_top_supplier
OK
Time taken: 75.382 seconds
Hive history file=/tmp/hadoop/hive_job_log_hadoop_201604121701_1485544130.txt
OK
Time taken: 3.403 seconds
OK
Time taken: 0.065 seconds
FAILED: Error in metadata: MetaException(message:Got exception: org.apache.hadoop.ipc.RemoteException org.apache.hadoop.hdfs.server.namenode.SafeModeException: Cannot delete /user/hive/warehouse/revenue. Name node is in safe mode.
The ratio of reported blocks 1.0000 has reached the threshold 0.9990. Safe mode will be turned off automatically in 24 seconds.
	at org.apache.hadoop.hdfs.server.namenode.FSNamesystem.deleteInternal(FSNamesystem.java:1700)
	at org.apache.hadoop.hdfs.server.namenode.FSNamesystem.delete(FSNamesystem.java:1680)
	at org.apache.hadoop.hdfs.server.namenode.NameNode.delete(NameNode.java:517)
	at sun.reflect.NativeMethodAccessorImpl.invoke0(Native Method)
	at sun.reflect.NativeMethodAccessorImpl.invoke(NativeMethodAccessorImpl.java:57)
	at sun.reflect.DelegatingMethodAccessorImpl.invoke(DelegatingMethodAccessorImpl.java:43)
	at java.lang.reflect.Method.invoke(Method.java:606)
	at org.apache.hadoop.ipc.RPC$Server.call(RPC.java:508)
	at org.apache.hadoop.ipc.Server$Handler$1.run(Server.java:959)
	at org.apache.hadoop.ipc.Server$Handler$1.run(Server.java:955)
	at java.security.AccessController.doPrivileged(Native Method)
	at javax.security.auth.Subject.doAs(Subject.java:415)
	at org.apache.hadoop.ipc.Server$Handler.run(Server.java:953)
)
FAILED: Execution Error, return code 1 from org.apache.hadoop.hive.ql.exec.DDLTask
Hive history file=/tmp/hadoop/hive_job_log_hadoop_201604121701_338077206.txt
OK
Time taken: 2.8 seconds
OK
Time taken: 0.007 seconds
OK
Time taken: 0.008 seconds
OK
Time taken: 0.62 seconds
OK
Time taken: 0.066 seconds
OK
Time taken: 0.184 seconds
OK
Time taken: 0.033 seconds
OK
Time taken: 0.041 seconds
OK
Time taken: 0.041 seconds
OK
Time taken: 0.043 seconds
Total MapReduce jobs = 1
Launching Job 1 out of 1
Number of reduce tasks not specified. Estimated from input data size: 8
In order to change the average load for a reducer (in bytes):
  set hive.exec.reducers.bytes.per.reducer=<number>
In order to limit the maximum number of reducers:
  set hive.exec.reducers.max=<number>
In order to set a constant number of reducers:
  set mapred.reduce.tasks=<number>
Starting Job = job_201604121701_0001, Tracking URL = http://belona.c3local:50030/jobdetails.jsp?jobid=job_201604121701_0001
Kill Command = /home/hadoop/hadoop/bin/../bin/hadoop job  -Dmapred.job.tracker=belona.c3local:9001 -kill job_201604121701_0001
2016-04-12 17:01:59,741 Stage-1 map = 0%,  reduce = 0%
2016-04-12 17:02:08,806 Stage-1 map = 2%,  reduce = 0%
2016-04-12 17:02:11,827 Stage-1 map = 4%,  reduce = 0%
2016-04-12 17:02:14,848 Stage-1 map = 9%,  reduce = 0%
2016-04-12 17:02:17,872 Stage-1 map = 14%,  reduce = 0%
2016-04-12 17:02:20,903 Stage-1 map = 20%,  reduce = 0%
2016-04-12 17:02:23,933 Stage-1 map = 24%,  reduce = 0%
2016-04-12 17:02:26,969 Stage-1 map = 26%,  reduce = 0%
2016-04-12 17:02:30,002 Stage-1 map = 27%,  reduce = 0%
2016-04-12 17:02:33,033 Stage-1 map = 28%,  reduce = 1%
2016-04-12 17:02:35,056 Stage-1 map = 28%,  reduce = 2%
2016-04-12 17:02:36,070 Stage-1 map = 29%,  reduce = 3%
2016-04-12 17:02:38,092 Stage-1 map = 30%,  reduce = 4%
2016-04-12 17:02:39,105 Stage-1 map = 31%,  reduce = 4%
2016-04-12 17:02:41,128 Stage-1 map = 33%,  reduce = 4%
2016-04-12 17:02:42,141 Stage-1 map = 35%,  reduce = 4%
2016-04-12 17:02:44,163 Stage-1 map = 37%,  reduce = 4%
2016-04-12 17:02:45,176 Stage-1 map = 40%,  reduce = 4%
2016-04-12 17:02:47,197 Stage-1 map = 42%,  reduce = 4%
2016-04-12 17:02:48,211 Stage-1 map = 44%,  reduce = 4%
2016-04-12 17:02:50,233 Stage-1 map = 45%,  reduce = 4%
2016-04-12 17:02:51,245 Stage-1 map = 46%,  reduce = 4%
2016-04-12 17:02:53,267 Stage-1 map = 51%,  reduce = 4%
2016-04-12 17:02:56,302 Stage-1 map = 53%,  reduce = 5%
2016-04-12 17:02:59,337 Stage-1 map = 53%,  reduce = 6%
2016-04-12 17:03:02,370 Stage-1 map = 54%,  reduce = 7%
2016-04-12 17:03:05,403 Stage-1 map = 57%,  reduce = 9%
2016-04-12 17:03:08,434 Stage-1 map = 61%,  reduce = 9%
2016-04-12 17:03:11,462 Stage-1 map = 66%,  reduce = 9%
2016-04-12 17:03:14,492 Stage-1 map = 68%,  reduce = 9%
2016-04-12 17:03:15,504 Stage-1 map = 70%,  reduce = 9%
2016-04-12 17:03:17,524 Stage-1 map = 71%,  reduce = 9%
2016-04-12 17:03:18,536 Stage-1 map = 73%,  reduce = 9%
2016-04-12 17:03:20,554 Stage-1 map = 74%,  reduce = 9%
2016-04-12 17:03:21,566 Stage-1 map = 76%,  reduce = 9%
2016-04-12 17:03:23,585 Stage-1 map = 79%,  reduce = 9%
2016-04-12 17:03:26,612 Stage-1 map = 80%,  reduce = 10%
2016-04-12 17:03:30,648 Stage-1 map = 80%,  reduce = 11%
2016-04-12 17:03:33,674 Stage-1 map = 80%,  reduce = 12%
2016-04-12 17:03:35,696 Stage-1 map = 82%,  reduce = 13%
2016-04-12 17:03:36,708 Stage-1 map = 83%,  reduce = 13%
2016-04-12 17:03:38,727 Stage-1 map = 85%,  reduce = 13%
2016-04-12 17:03:39,739 Stage-1 map = 86%,  reduce = 13%
2016-04-12 17:03:41,759 Stage-1 map = 89%,  reduce = 13%
2016-04-12 17:03:42,770 Stage-1 map = 90%,  reduce = 13%
2016-04-12 17:03:44,788 Stage-1 map = 93%,  reduce = 13%
2016-04-12 17:03:47,811 Stage-1 map = 96%,  reduce = 13%
2016-04-12 17:03:50,834 Stage-1 map = 100%,  reduce = 13%
2016-04-12 17:03:56,878 Stage-1 map = 100%,  reduce = 14%
2016-04-12 17:03:59,901 Stage-1 map = 100%,  reduce = 20%
2016-04-12 17:04:02,924 Stage-1 map = 100%,  reduce = 50%
2016-04-12 17:04:11,982 Stage-1 map = 100%,  reduce = 58%
2016-04-12 17:04:15,003 Stage-1 map = 100%,  reduce = 83%
2016-04-12 17:04:18,024 Stage-1 map = 100%,  reduce = 100%
Ended Job = job_201604121701_0001
Loading data to table revenue
100000 Rows loaded to revenue
OK
Time taken: 148.186 seconds
Total MapReduce jobs = 1
Launching Job 1 out of 1
Number of reduce tasks determined at compile time: 1
In order to change the average load for a reducer (in bytes):
  set hive.exec.reducers.bytes.per.reducer=<number>
In order to limit the maximum number of reducers:
  set hive.exec.reducers.max=<number>
In order to set a constant number of reducers:
  set mapred.reduce.tasks=<number>
Starting Job = job_201604121701_0002, Tracking URL = http://belona.c3local:50030/jobdetails.jsp?jobid=job_201604121701_0002
Kill Command = /home/hadoop/hadoop/bin/../bin/hadoop job  -Dmapred.job.tracker=belona.c3local:9001 -kill job_201604121701_0002
2016-04-12 17:04:26,832 Stage-1 map = 0%,  reduce = 0%
2016-04-12 17:04:32,864 Stage-1 map = 25%,  reduce = 0%
2016-04-12 17:04:33,872 Stage-1 map = 50%,  reduce = 0%
2016-04-12 17:04:38,908 Stage-1 map = 75%,  reduce = 0%
2016-04-12 17:04:39,917 Stage-1 map = 100%,  reduce = 0%
2016-04-12 17:04:41,933 Stage-1 map = 100%,  reduce = 33%
2016-04-12 17:04:44,954 Stage-1 map = 100%,  reduce = 100%
Ended Job = job_201604121701_0002
Loading data to table max_revenue
1 Rows loaded to max_revenue
OK
Time taken: 26.858 seconds
Total MapReduce jobs = 3
Launching Job 1 out of 3
Number of reduce tasks not specified. Estimated from input data size: 1
In order to change the average load for a reducer (in bytes):
  set hive.exec.reducers.bytes.per.reducer=<number>
In order to limit the maximum number of reducers:
  set hive.exec.reducers.max=<number>
In order to set a constant number of reducers:
  set mapred.reduce.tasks=<number>
Starting Job = job_201604121701_0003, Tracking URL = http://belona.c3local:50030/jobdetails.jsp?jobid=job_201604121701_0003
Kill Command = /home/hadoop/hadoop/bin/../bin/hadoop job  -Dmapred.job.tracker=belona.c3local:9001 -kill job_201604121701_0003
2016-04-12 17:04:53,765 Stage-1 map = 0%,  reduce = 0%
2016-04-12 17:04:59,799 Stage-1 map = 22%,  reduce = 0%
2016-04-12 17:05:00,809 Stage-1 map = 44%,  reduce = 0%
2016-04-12 17:05:05,842 Stage-1 map = 67%,  reduce = 0%
2016-04-12 17:05:06,851 Stage-1 map = 89%,  reduce = 0%
2016-04-12 17:05:08,866 Stage-1 map = 100%,  reduce = 30%
2016-04-12 17:05:17,923 Stage-1 map = 100%,  reduce = 100%
Ended Job = job_201604121701_0003
Launching Job 2 out of 3
Number of reduce tasks not specified. Estimated from input data size: 1
In order to change the average load for a reducer (in bytes):
  set hive.exec.reducers.bytes.per.reducer=<number>
In order to limit the maximum number of reducers:
  set hive.exec.reducers.max=<number>
In order to set a constant number of reducers:
  set mapred.reduce.tasks=<number>
Starting Job = job_201604121701_0004, Tracking URL = http://belona.c3local:50030/jobdetails.jsp?jobid=job_201604121701_0004
Kill Command = /home/hadoop/hadoop/bin/../bin/hadoop job  -Dmapred.job.tracker=belona.c3local:9001 -kill job_201604121701_0004
2016-04-12 17:05:27,483 Stage-2 map = 0%,  reduce = 0%
2016-04-12 17:05:30,500 Stage-2 map = 50%,  reduce = 0%
2016-04-12 17:05:32,515 Stage-2 map = 100%,  reduce = 0%
2016-04-12 17:05:39,557 Stage-2 map = 100%,  reduce = 100%
Ended Job = job_201604121701_0004
Launching Job 3 out of 3
Number of reduce tasks determined at compile time: 1
In order to change the average load for a reducer (in bytes):
  set hive.exec.reducers.bytes.per.reducer=<number>
In order to limit the maximum number of reducers:
  set hive.exec.reducers.max=<number>
In order to set a constant number of reducers:
  set mapred.reduce.tasks=<number>
Starting Job = job_201604121701_0005, Tracking URL = http://belona.c3local:50030/jobdetails.jsp?jobid=job_201604121701_0005
Kill Command = /home/hadoop/hadoop/bin/../bin/hadoop job  -Dmapred.job.tracker=belona.c3local:9001 -kill job_201604121701_0005
2016-04-12 17:05:48,025 Stage-3 map = 0%,  reduce = 0%
2016-04-12 17:05:51,042 Stage-3 map = 100%,  reduce = 0%
2016-04-12 17:06:00,096 Stage-3 map = 100%,  reduce = 100%
Ended Job = job_201604121701_0005
Loading data to table q15_top_supplier
1 Rows loaded to q15_top_supplier
OK
Time taken: 75.099 seconds
