Hive history file=/tmp/hadoop/hive_job_log_hadoop_201604141217_865998897.txt
OK
Time taken: 3.467 seconds
OK
Time taken: 0.009 seconds
OK
Time taken: 0.275 seconds
FAILED: Error in metadata: MetaException(message:Got exception: org.apache.hadoop.ipc.RemoteException org.apache.hadoop.hdfs.server.namenode.SafeModeException: Cannot create directory /user/hive/warehouse/q6_forecast_revenue_change. Name node is in safe mode.
The ratio of reported blocks 1.0000 has reached the threshold 0.9990. Safe mode will be turned off automatically in 24 seconds.
	at org.apache.hadoop.hdfs.server.namenode.FSNamesystem.mkdirsInternal(FSNamesystem.java:1761)
	at org.apache.hadoop.hdfs.server.namenode.FSNamesystem.mkdirs(FSNamesystem.java:1735)
	at org.apache.hadoop.hdfs.server.namenode.NameNode.mkdirs(NameNode.java:542)
	at sun.reflect.NativeMethodAccessorImpl.invoke0(Native Method)
	at sun.reflect.NativeMethodAccessorImpl.invoke(NativeMethodAccessorImpl.java:57)
	at sun.reflect.DelegatingMethodAccessorImpl.invoke(DelegatingMethodAccessorImpl.java:43)
	at java.lang.reflect.Method.invoke(Method.java:606)
	at org.apache.hadoop.ipc.RPC$Server.call(RPC.java:508)
	at org.apache.hadoop.ipc.Server$Handler$1.run(Server.java:959)
	at org.apache.hadoop.ipc.Server$Handler$1.run(Server.java:955)
	at java.security.AccessController.doPrivileged(Native Method)
	at javax.security.auth.Subject.doAs(Subject.java:415)
	at org.apache.hadoop.ipc.Server$Handler.run(Server.java:953)
)
FAILED: Execution Error, return code 1 from org.apache.hadoop.hive.ql.exec.DDLTask
Hive history file=/tmp/hadoop/hive_job_log_hadoop_201604141217_2037197191.txt
OK
Time taken: 3.711 seconds
OK
Time taken: 0.013 seconds
OK
Time taken: 0.259 seconds
OK
Time taken: 0.033 seconds
Total MapReduce jobs = 1
Launching Job 1 out of 1
Number of reduce tasks determined at compile time: 1
In order to change the average load for a reducer (in bytes):
  set hive.exec.reducers.bytes.per.reducer=<number>
In order to limit the maximum number of reducers:
  set hive.exec.reducers.max=<number>
In order to set a constant number of reducers:
  set mapred.reduce.tasks=<number>
Starting Job = job_201604141217_0001, Tracking URL = http://belona.c3local:50030/jobdetails.jsp?jobid=job_201604141217_0001
Kill Command = /home/hadoop/hadoop/bin/../bin/hadoop job  -Dmapred.job.tracker=belona.c3local:9001 -kill job_201604141217_0001
2016-04-14 12:17:29,642 Stage-1 map = 0%,  reduce = 0%
2016-04-14 12:17:38,722 Stage-1 map = 2%,  reduce = 0%
2016-04-14 12:17:44,789 Stage-1 map = 3%,  reduce = 0%
2016-04-14 12:17:47,826 Stage-1 map = 5%,  reduce = 0%
2016-04-14 12:17:53,892 Stage-1 map = 7%,  reduce = 0%
2016-04-14 12:17:56,927 Stage-1 map = 7%,  reduce = 2%
2016-04-14 12:17:59,961 Stage-1 map = 9%,  reduce = 2%
2016-04-14 12:18:02,992 Stage-1 map = 10%,  reduce = 2%
2016-04-14 12:18:06,022 Stage-1 map = 10%,  reduce = 3%
2016-04-14 12:18:09,052 Stage-1 map = 12%,  reduce = 3%
2016-04-14 12:18:12,081 Stage-1 map = 14%,  reduce = 4%
2016-04-14 12:18:18,134 Stage-1 map = 16%,  reduce = 4%
2016-04-14 12:18:21,162 Stage-1 map = 17%,  reduce = 5%
2016-04-14 12:18:27,215 Stage-1 map = 19%,  reduce = 6%
2016-04-14 12:18:30,255 Stage-1 map = 21%,  reduce = 6%
2016-04-14 12:18:36,308 Stage-1 map = 22%,  reduce = 7%
2016-04-14 12:18:39,336 Stage-1 map = 24%,  reduce = 7%
2016-04-14 12:18:42,365 Stage-1 map = 24%,  reduce = 8%
2016-04-14 12:18:45,393 Stage-1 map = 26%,  reduce = 8%
2016-04-14 12:18:48,422 Stage-1 map = 28%,  reduce = 8%
2016-04-14 12:18:51,450 Stage-1 map = 28%,  reduce = 9%
2016-04-14 12:18:54,478 Stage-1 map = 29%,  reduce = 9%
2016-04-14 12:18:57,511 Stage-1 map = 31%,  reduce = 10%
2016-04-14 12:19:03,560 Stage-1 map = 33%,  reduce = 10%
2016-04-14 12:19:05,581 Stage-1 map = 34%,  reduce = 10%
2016-04-14 12:19:11,632 Stage-1 map = 36%,  reduce = 11%
2016-04-14 12:19:14,658 Stage-1 map = 38%,  reduce = 11%
2016-04-14 12:19:20,701 Stage-1 map = 40%,  reduce = 13%
2016-04-14 12:19:23,724 Stage-1 map = 41%,  reduce = 13%
2016-04-14 12:19:26,746 Stage-1 map = 41%,  reduce = 14%
2016-04-14 12:19:29,769 Stage-1 map = 43%,  reduce = 14%
2016-04-14 12:19:32,791 Stage-1 map = 45%,  reduce = 14%
2016-04-14 12:19:38,832 Stage-1 map = 47%,  reduce = 14%
2016-04-14 12:19:41,854 Stage-1 map = 48%,  reduce = 15%
2016-04-14 12:19:47,894 Stage-1 map = 50%,  reduce = 15%
2016-04-14 12:19:50,920 Stage-1 map = 52%,  reduce = 16%
2016-04-14 12:19:56,959 Stage-1 map = 53%,  reduce = 16%
2016-04-14 12:19:59,981 Stage-1 map = 55%,  reduce = 17%
2016-04-14 12:20:03,002 Stage-1 map = 55%,  reduce = 18%
2016-04-14 12:20:06,024 Stage-1 map = 57%,  reduce = 18%
2016-04-14 12:20:09,045 Stage-1 map = 59%,  reduce = 18%
2016-04-14 12:20:15,085 Stage-1 map = 60%,  reduce = 18%
2016-04-14 12:20:18,107 Stage-1 map = 62%,  reduce = 20%
2016-04-14 12:20:24,147 Stage-1 map = 64%,  reduce = 20%
2016-04-14 12:20:27,169 Stage-1 map = 66%,  reduce = 21%
2016-04-14 12:20:33,210 Stage-1 map = 67%,  reduce = 22%
2016-04-14 12:20:36,232 Stage-1 map = 69%,  reduce = 22%
2016-04-14 12:20:42,273 Stage-1 map = 71%,  reduce = 22%
2016-04-14 12:20:45,294 Stage-1 map = 72%,  reduce = 22%
2016-04-14 12:20:48,316 Stage-1 map = 72%,  reduce = 24%
2016-04-14 12:20:51,338 Stage-1 map = 74%,  reduce = 24%
2016-04-14 12:20:54,362 Stage-1 map = 76%,  reduce = 24%
2016-04-14 12:21:00,402 Stage-1 map = 78%,  reduce = 24%
2016-04-14 12:21:03,424 Stage-1 map = 79%,  reduce = 25%
2016-04-14 12:21:09,465 Stage-1 map = 81%,  reduce = 25%
2016-04-14 12:21:12,488 Stage-1 map = 83%,  reduce = 26%
2016-04-14 12:21:18,529 Stage-1 map = 84%,  reduce = 28%
2016-04-14 12:21:21,551 Stage-1 map = 86%,  reduce = 28%
2016-04-14 12:21:27,591 Stage-1 map = 88%,  reduce = 28%
2016-04-14 12:21:30,617 Stage-1 map = 90%,  reduce = 28%
2016-04-14 12:21:33,638 Stage-1 map = 90%,  reduce = 29%
2016-04-14 12:21:36,659 Stage-1 map = 91%,  reduce = 29%
2016-04-14 12:21:39,680 Stage-1 map = 93%,  reduce = 29%
2016-04-14 12:21:42,701 Stage-1 map = 93%,  reduce = 30%
2016-04-14 12:21:45,722 Stage-1 map = 95%,  reduce = 30%
2016-04-14 12:21:48,743 Stage-1 map = 97%,  reduce = 31%
2016-04-14 12:21:54,782 Stage-1 map = 98%,  reduce = 31%
2016-04-14 12:21:57,803 Stage-1 map = 100%,  reduce = 32%
2016-04-14 12:22:03,843 Stage-1 map = 100%,  reduce = 33%
2016-04-14 12:22:06,867 Stage-1 map = 100%,  reduce = 100%
Ended Job = job_201604141217_0001
Loading data to table q6_forecast_revenue_change
1 Rows loaded to q6_forecast_revenue_change
OK
Time taken: 286.199 seconds
Hive history file=/tmp/hadoop/hive_job_log_hadoop_201604141222_1334547140.txt
OK
Time taken: 3.333 seconds
FAILED: Error in metadata: MetaException(message:Got exception: org.apache.hadoop.ipc.RemoteException org.apache.hadoop.hdfs.server.namenode.SafeModeException: Cannot delete /user/hive/warehouse/q6_forecast_revenue_change. Name node is in safe mode.
The ratio of reported blocks 1.0000 has reached the threshold 0.9990. Safe mode will be turned off automatically in 24 seconds.
	at org.apache.hadoop.hdfs.server.namenode.FSNamesystem.deleteInternal(FSNamesystem.java:1700)
	at org.apache.hadoop.hdfs.server.namenode.FSNamesystem.delete(FSNamesystem.java:1680)
	at org.apache.hadoop.hdfs.server.namenode.NameNode.delete(NameNode.java:517)
	at sun.reflect.NativeMethodAccessorImpl.invoke0(Native Method)
	at sun.reflect.NativeMethodAccessorImpl.invoke(NativeMethodAccessorImpl.java:57)
	at sun.reflect.DelegatingMethodAccessorImpl.invoke(DelegatingMethodAccessorImpl.java:43)
	at java.lang.reflect.Method.invoke(Method.java:606)
	at org.apache.hadoop.ipc.RPC$Server.call(RPC.java:508)
	at org.apache.hadoop.ipc.Server$Handler$1.run(Server.java:959)
	at org.apache.hadoop.ipc.Server$Handler$1.run(Server.java:955)
	at java.security.AccessController.doPrivileged(Native Method)
	at javax.security.auth.Subject.doAs(Subject.java:415)
	at org.apache.hadoop.ipc.Server$Handler.run(Server.java:953)
)
FAILED: Execution Error, return code 1 from org.apache.hadoop.hive.ql.exec.DDLTask
Hive history file=/tmp/hadoop/hive_job_log_hadoop_201604141222_264931747.txt
OK
Time taken: 3.001 seconds
OK
Time taken: 0.009 seconds
OK
Time taken: 0.434 seconds
OK
Time taken: 0.031 seconds
Total MapReduce jobs = 1
Launching Job 1 out of 1
Number of reduce tasks determined at compile time: 1
In order to change the average load for a reducer (in bytes):
  set hive.exec.reducers.bytes.per.reducer=<number>
In order to limit the maximum number of reducers:
  set hive.exec.reducers.max=<number>
In order to set a constant number of reducers:
  set mapred.reduce.tasks=<number>
Starting Job = job_201604141222_0001, Tracking URL = http://belona.c3local:50030/jobdetails.jsp?jobid=job_201604141222_0001
Kill Command = /home/hadoop/hadoop/bin/../bin/hadoop job  -Dmapred.job.tracker=belona.c3local:9001 -kill job_201604141222_0001
2016-04-14 12:22:51,614 Stage-1 map = 0%,  reduce = 0%
2016-04-14 12:23:00,694 Stage-1 map = 2%,  reduce = 0%
2016-04-14 12:23:03,730 Stage-1 map = 3%,  reduce = 0%
2016-04-14 12:23:09,796 Stage-1 map = 5%,  reduce = 0%
2016-04-14 12:23:15,862 Stage-1 map = 7%,  reduce = 0%
2016-04-14 12:23:18,898 Stage-1 map = 8%,  reduce = 2%
2016-04-14 12:23:21,934 Stage-1 map = 9%,  reduce = 2%
2016-04-14 12:23:23,960 Stage-1 map = 10%,  reduce = 2%
2016-04-14 12:23:26,991 Stage-1 map = 10%,  reduce = 3%
2016-04-14 12:23:30,021 Stage-1 map = 12%,  reduce = 3%
2016-04-14 12:23:33,050 Stage-1 map = 14%,  reduce = 4%
2016-04-14 12:23:39,104 Stage-1 map = 16%,  reduce = 4%
2016-04-14 12:23:42,132 Stage-1 map = 17%,  reduce = 5%
2016-04-14 12:23:48,186 Stage-1 map = 19%,  reduce = 6%
2016-04-14 12:23:51,216 Stage-1 map = 21%,  reduce = 6%
2016-04-14 12:23:57,271 Stage-1 map = 22%,  reduce = 7%
2016-04-14 12:24:00,300 Stage-1 map = 24%,  reduce = 7%
2016-04-14 12:24:03,329 Stage-1 map = 24%,  reduce = 8%
2016-04-14 12:24:06,357 Stage-1 map = 26%,  reduce = 8%
2016-04-14 12:24:09,385 Stage-1 map = 28%,  reduce = 8%
2016-04-14 12:24:12,414 Stage-1 map = 28%,  reduce = 9%
2016-04-14 12:24:15,441 Stage-1 map = 29%,  reduce = 9%
2016-04-14 12:24:18,468 Stage-1 map = 31%,  reduce = 9%
2016-04-14 12:24:24,521 Stage-1 map = 33%,  reduce = 9%
2016-04-14 12:24:27,550 Stage-1 map = 34%,  reduce = 10%
2016-04-14 12:24:33,613 Stage-1 map = 36%,  reduce = 11%
2016-04-14 12:24:36,641 Stage-1 map = 38%,  reduce = 11%
2016-04-14 12:24:42,686 Stage-1 map = 40%,  reduce = 13%
2016-04-14 12:24:45,709 Stage-1 map = 41%,  reduce = 13%
2016-04-14 12:24:48,732 Stage-1 map = 41%,  reduce = 14%
2016-04-14 12:24:51,755 Stage-1 map = 43%,  reduce = 14%
2016-04-14 12:24:54,778 Stage-1 map = 45%,  reduce = 14%
2016-04-14 12:25:00,821 Stage-1 map = 47%,  reduce = 14%
2016-04-14 12:25:03,843 Stage-1 map = 48%,  reduce = 15%
2016-04-14 12:25:09,885 Stage-1 map = 50%,  reduce = 15%
2016-04-14 12:25:12,908 Stage-1 map = 52%,  reduce = 16%
2016-04-14 12:25:18,948 Stage-1 map = 53%,  reduce = 17%
2016-04-14 12:25:21,970 Stage-1 map = 55%,  reduce = 17%
2016-04-14 12:25:28,011 Stage-1 map = 57%,  reduce = 18%
2016-04-14 12:25:31,033 Stage-1 map = 59%,  reduce = 18%
2016-04-14 12:25:37,075 Stage-1 map = 60%,  reduce = 18%
2016-04-14 12:25:40,097 Stage-1 map = 62%,  reduce = 20%
2016-04-14 12:25:46,136 Stage-1 map = 64%,  reduce = 20%
2016-04-14 12:25:49,158 Stage-1 map = 66%,  reduce = 21%
2016-04-14 12:25:55,204 Stage-1 map = 67%,  reduce = 22%
2016-04-14 12:25:58,226 Stage-1 map = 69%,  reduce = 22%
2016-04-14 12:26:04,266 Stage-1 map = 71%,  reduce = 22%
2016-04-14 12:26:07,287 Stage-1 map = 72%,  reduce = 22%
2016-04-14 12:26:10,309 Stage-1 map = 72%,  reduce = 24%
2016-04-14 12:26:13,332 Stage-1 map = 74%,  reduce = 24%
2016-04-14 12:26:16,356 Stage-1 map = 75%,  reduce = 24%
2016-04-14 12:26:21,391 Stage-1 map = 76%,  reduce = 24%
2016-04-14 12:26:22,400 Stage-1 map = 78%,  reduce = 24%
2016-04-14 12:26:25,422 Stage-1 map = 78%,  reduce = 25%
2016-04-14 12:26:30,486 Stage-1 map = 80%,  reduce = 25%
2016-04-14 12:26:33,509 Stage-1 map = 81%,  reduce = 26%
2016-04-14 12:26:39,549 Stage-1 map = 84%,  reduce = 27%
2016-04-14 12:26:48,608 Stage-1 map = 86%,  reduce = 27%
2016-04-14 12:26:51,632 Stage-1 map = 87%,  reduce = 27%
2016-04-14 12:26:54,660 Stage-1 map = 87%,  reduce = 29%
2016-04-14 12:26:57,682 Stage-1 map = 90%,  reduce = 29%
2016-04-14 12:27:03,729 Stage-1 map = 91%,  reduce = 29%
2016-04-14 12:27:06,751 Stage-1 map = 92%,  reduce = 29%
2016-04-14 12:27:09,774 Stage-1 map = 93%,  reduce = 30%
2016-04-14 12:27:15,814 Stage-1 map = 97%,  reduce = 30%
2016-04-14 12:27:18,836 Stage-1 map = 97%,  reduce = 31%
2016-04-14 12:27:24,879 Stage-1 map = 100%,  reduce = 32%
2016-04-14 12:27:30,924 Stage-1 map = 100%,  reduce = 100%
Ended Job = job_201604141222_0001
Loading data to table q6_forecast_revenue_change
1 Rows loaded to q6_forecast_revenue_change
OK
Time taken: 289.557 seconds
Hive history file=/tmp/hadoop/hive_job_log_hadoop_201604141228_1248420956.txt
OK
Time taken: 3.502 seconds
FAILED: Error in metadata: MetaException(message:Got exception: org.apache.hadoop.ipc.RemoteException org.apache.hadoop.hdfs.server.namenode.SafeModeException: Cannot delete /user/hive/warehouse/q6_forecast_revenue_change. Name node is in safe mode.
The ratio of reported blocks 1.0000 has reached the threshold 0.9990. Safe mode will be turned off automatically in 24 seconds.
	at org.apache.hadoop.hdfs.server.namenode.FSNamesystem.deleteInternal(FSNamesystem.java:1700)
	at org.apache.hadoop.hdfs.server.namenode.FSNamesystem.delete(FSNamesystem.java:1680)
	at org.apache.hadoop.hdfs.server.namenode.NameNode.delete(NameNode.java:517)
	at sun.reflect.NativeMethodAccessorImpl.invoke0(Native Method)
	at sun.reflect.NativeMethodAccessorImpl.invoke(NativeMethodAccessorImpl.java:57)
	at sun.reflect.DelegatingMethodAccessorImpl.invoke(DelegatingMethodAccessorImpl.java:43)
	at java.lang.reflect.Method.invoke(Method.java:606)
	at org.apache.hadoop.ipc.RPC$Server.call(RPC.java:508)
	at org.apache.hadoop.ipc.Server$Handler$1.run(Server.java:959)
	at org.apache.hadoop.ipc.Server$Handler$1.run(Server.java:955)
	at java.security.AccessController.doPrivileged(Native Method)
	at javax.security.auth.Subject.doAs(Subject.java:415)
	at org.apache.hadoop.ipc.Server$Handler.run(Server.java:953)
)
FAILED: Execution Error, return code 1 from org.apache.hadoop.hive.ql.exec.DDLTask
Hive history file=/tmp/hadoop/hive_job_log_hadoop_201604141228_77014116.txt
OK
Time taken: 2.943 seconds
OK
Time taken: 0.007 seconds
OK
Time taken: 0.434 seconds
OK
Time taken: 0.03 seconds
Total MapReduce jobs = 1
Launching Job 1 out of 1
Number of reduce tasks determined at compile time: 1
In order to change the average load for a reducer (in bytes):
  set hive.exec.reducers.bytes.per.reducer=<number>
In order to limit the maximum number of reducers:
  set hive.exec.reducers.max=<number>
In order to set a constant number of reducers:
  set mapred.reduce.tasks=<number>
Starting Job = job_201604141227_0001, Tracking URL = http://belona.c3local:50030/jobdetails.jsp?jobid=job_201604141227_0001
Kill Command = /home/hadoop/hadoop/bin/../bin/hadoop job  -Dmapred.job.tracker=belona.c3local:9001 -kill job_201604141227_0001
2016-04-14 12:28:14,955 Stage-1 map = 0%,  reduce = 0%
2016-04-14 12:28:24,036 Stage-1 map = 2%,  reduce = 0%
2016-04-14 12:28:30,107 Stage-1 map = 3%,  reduce = 0%
2016-04-14 12:28:33,143 Stage-1 map = 5%,  reduce = 0%
2016-04-14 12:28:39,212 Stage-1 map = 7%,  reduce = 0%
2016-04-14 12:28:42,248 Stage-1 map = 8%,  reduce = 2%
2016-04-14 12:28:45,284 Stage-1 map = 9%,  reduce = 2%
2016-04-14 12:28:48,316 Stage-1 map = 10%,  reduce = 2%
2016-04-14 12:28:51,347 Stage-1 map = 10%,  reduce = 3%
2016-04-14 12:28:54,380 Stage-1 map = 12%,  reduce = 3%
2016-04-14 12:28:57,409 Stage-1 map = 14%,  reduce = 4%
2016-04-14 12:29:03,462 Stage-1 map = 16%,  reduce = 4%
2016-04-14 12:29:06,490 Stage-1 map = 17%,  reduce = 5%
2016-04-14 12:29:12,544 Stage-1 map = 19%,  reduce = 6%
2016-04-14 12:29:15,574 Stage-1 map = 21%,  reduce = 6%
2016-04-14 12:29:21,630 Stage-1 map = 22%,  reduce = 7%
2016-04-14 12:29:24,660 Stage-1 map = 23%,  reduce = 7%
2016-04-14 12:29:27,689 Stage-1 map = 23%,  reduce = 8%
2016-04-14 12:29:30,719 Stage-1 map = 26%,  reduce = 8%
2016-04-14 12:29:36,772 Stage-1 map = 27%,  reduce = 9%
2016-04-14 12:29:39,800 Stage-1 map = 28%,  reduce = 9%
2016-04-14 12:29:42,829 Stage-1 map = 29%,  reduce = 9%
2016-04-14 12:29:48,885 Stage-1 map = 32%,  reduce = 9%
2016-04-14 12:29:51,914 Stage-1 map = 32%,  reduce = 10%
2016-04-14 12:29:54,946 Stage-1 map = 33%,  reduce = 10%
2016-04-14 12:29:57,984 Stage-1 map = 34%,  reduce = 11%
2016-04-14 12:30:01,009 Stage-1 map = 35%,  reduce = 11%
2016-04-14 12:30:07,053 Stage-1 map = 38%,  reduce = 12%
2016-04-14 12:30:13,098 Stage-1 map = 39%,  reduce = 13%
2016-04-14 12:30:16,121 Stage-1 map = 41%,  reduce = 13%
2016-04-14 12:30:22,165 Stage-1 map = 41%,  reduce = 14%
2016-04-14 12:30:24,183 Stage-1 map = 43%,  reduce = 14%
2016-04-14 12:30:25,193 Stage-1 map = 45%,  reduce = 14%
2016-04-14 12:30:28,216 Stage-1 map = 45%,  reduce = 15%
2016-04-14 12:30:33,251 Stage-1 map = 47%,  reduce = 15%
2016-04-14 12:30:34,261 Stage-1 map = 48%,  reduce = 15%
2016-04-14 12:30:42,314 Stage-1 map = 52%,  reduce = 16%
2016-04-14 12:30:48,354 Stage-1 map = 52%,  reduce = 17%
2016-04-14 12:30:51,377 Stage-1 map = 55%,  reduce = 17%
2016-04-14 12:31:00,435 Stage-1 map = 59%,  reduce = 17%
2016-04-14 12:31:03,456 Stage-1 map = 59%,  reduce = 20%
2016-04-14 12:31:09,496 Stage-1 map = 62%,  reduce = 20%
2016-04-14 12:31:18,564 Stage-1 map = 66%,  reduce = 21%
2016-04-14 12:31:27,623 Stage-1 map = 69%,  reduce = 21%
2016-04-14 12:31:33,663 Stage-1 map = 69%,  reduce = 23%
2016-04-14 12:31:36,684 Stage-1 map = 72%,  reduce = 23%
2016-04-14 12:31:45,743 Stage-1 map = 76%,  reduce = 23%
2016-04-14 12:31:48,764 Stage-1 map = 76%,  reduce = 25%
2016-04-14 12:31:54,805 Stage-1 map = 79%,  reduce = 25%
2016-04-14 12:32:03,864 Stage-1 map = 83%,  reduce = 26%
2016-04-14 12:32:12,922 Stage-1 map = 86%,  reduce = 27%
2016-04-14 12:32:18,962 Stage-1 map = 86%,  reduce = 29%
2016-04-14 12:32:21,984 Stage-1 map = 90%,  reduce = 29%
2016-04-14 12:32:31,052 Stage-1 map = 93%,  reduce = 29%
2016-04-14 12:32:34,074 Stage-1 map = 93%,  reduce = 30%
2016-04-14 12:32:40,114 Stage-1 map = 97%,  reduce = 30%
2016-04-14 12:32:43,136 Stage-1 map = 97%,  reduce = 31%
2016-04-14 12:32:49,176 Stage-1 map = 100%,  reduce = 32%
2016-04-14 12:32:55,220 Stage-1 map = 100%,  reduce = 100%
Ended Job = job_201604141227_0001
Loading data to table q6_forecast_revenue_change
1 Rows loaded to q6_forecast_revenue_change
OK
Time taken: 289.684 seconds
Hive history file=/tmp/hadoop/hive_job_log_hadoop_201604141233_1592002138.txt
OK
Time taken: 3.584 seconds
FAILED: Error in metadata: MetaException(message:Got exception: org.apache.hadoop.ipc.RemoteException org.apache.hadoop.hdfs.server.namenode.SafeModeException: Cannot delete /user/hive/warehouse/q6_forecast_revenue_change. Name node is in safe mode.
The ratio of reported blocks 1.0000 has reached the threshold 0.9990. Safe mode will be turned off automatically in 24 seconds.
	at org.apache.hadoop.hdfs.server.namenode.FSNamesystem.deleteInternal(FSNamesystem.java:1700)
	at org.apache.hadoop.hdfs.server.namenode.FSNamesystem.delete(FSNamesystem.java:1680)
	at org.apache.hadoop.hdfs.server.namenode.NameNode.delete(NameNode.java:517)
	at sun.reflect.NativeMethodAccessorImpl.invoke0(Native Method)
	at sun.reflect.NativeMethodAccessorImpl.invoke(NativeMethodAccessorImpl.java:57)
	at sun.reflect.DelegatingMethodAccessorImpl.invoke(DelegatingMethodAccessorImpl.java:43)
	at java.lang.reflect.Method.invoke(Method.java:606)
	at org.apache.hadoop.ipc.RPC$Server.call(RPC.java:508)
	at org.apache.hadoop.ipc.Server$Handler$1.run(Server.java:959)
	at org.apache.hadoop.ipc.Server$Handler$1.run(Server.java:955)
	at java.security.AccessController.doPrivileged(Native Method)
	at javax.security.auth.Subject.doAs(Subject.java:415)
	at org.apache.hadoop.ipc.Server$Handler.run(Server.java:953)
)
FAILED: Execution Error, return code 1 from org.apache.hadoop.hive.ql.exec.DDLTask
Hive history file=/tmp/hadoop/hive_job_log_hadoop_201604141233_1069303066.txt
OK
Time taken: 3.115 seconds
OK
Time taken: 0.008 seconds
OK
Time taken: 0.455 seconds
OK
Time taken: 0.039 seconds
Total MapReduce jobs = 1
Launching Job 1 out of 1
Number of reduce tasks determined at compile time: 1
In order to change the average load for a reducer (in bytes):
  set hive.exec.reducers.bytes.per.reducer=<number>
In order to limit the maximum number of reducers:
  set hive.exec.reducers.max=<number>
In order to set a constant number of reducers:
  set mapred.reduce.tasks=<number>
Starting Job = job_201604141233_0001, Tracking URL = http://belona.c3local:50030/jobdetails.jsp?jobid=job_201604141233_0001
Kill Command = /home/hadoop/hadoop/bin/../bin/hadoop job  -Dmapred.job.tracker=belona.c3local:9001 -kill job_201604141233_0001
2016-04-14 12:33:39,410 Stage-1 map = 0%,  reduce = 0%
2016-04-14 12:33:48,489 Stage-1 map = 2%,  reduce = 0%
2016-04-14 12:33:51,528 Stage-1 map = 3%,  reduce = 0%
2016-04-14 12:33:57,595 Stage-1 map = 5%,  reduce = 0%
2016-04-14 12:34:00,631 Stage-1 map = 7%,  reduce = 0%
2016-04-14 12:34:06,695 Stage-1 map = 8%,  reduce = 0%
2016-04-14 12:34:09,733 Stage-1 map = 10%,  reduce = 2%
2016-04-14 12:34:18,823 Stage-1 map = 14%,  reduce = 3%
2016-04-14 12:34:21,854 Stage-1 map = 14%,  reduce = 5%
2016-04-14 12:34:27,945 Stage-1 map = 17%,  reduce = 5%
2016-04-14 12:34:37,021 Stage-1 map = 21%,  reduce = 6%
2016-04-14 12:34:45,095 Stage-1 map = 22%,  reduce = 7%
2016-04-14 12:34:46,113 Stage-1 map = 24%,  reduce = 7%
2016-04-14 12:34:51,159 Stage-1 map = 24%,  reduce = 8%
2016-04-14 12:34:54,189 Stage-1 map = 28%,  reduce = 8%
2016-04-14 12:35:00,241 Stage-1 map = 28%,  reduce = 9%
2016-04-14 12:35:03,269 Stage-1 map = 31%,  reduce = 9%
2016-04-14 12:35:06,296 Stage-1 map = 31%,  reduce = 10%
2016-04-14 12:35:12,347 Stage-1 map = 34%,  reduce = 10%
2016-04-14 12:35:21,421 Stage-1 map = 38%,  reduce = 11%
2016-04-14 12:35:30,496 Stage-1 map = 41%,  reduce = 13%
2016-04-14 12:35:36,539 Stage-1 map = 41%,  reduce = 14%
2016-04-14 12:35:39,562 Stage-1 map = 45%,  reduce = 14%
2016-04-14 12:35:45,605 Stage-1 map = 45%,  reduce = 15%
2016-04-14 12:35:48,627 Stage-1 map = 48%,  reduce = 15%
2016-04-14 12:35:57,690 Stage-1 map = 52%,  reduce = 16%
2016-04-14 12:36:06,752 Stage-1 map = 55%,  reduce = 17%
2016-04-14 12:36:12,793 Stage-1 map = 55%,  reduce = 18%
2016-04-14 12:36:15,817 Stage-1 map = 59%,  reduce = 18%
2016-04-14 12:36:24,875 Stage-1 map = 62%,  reduce = 18%
2016-04-14 12:36:27,897 Stage-1 map = 62%,  reduce = 21%
2016-04-14 12:36:33,937 Stage-1 map = 66%,  reduce = 21%
2016-04-14 12:36:42,997 Stage-1 map = 69%,  reduce = 22%
2016-04-14 12:36:52,062 Stage-1 map = 72%,  reduce = 23%
2016-04-14 12:36:58,103 Stage-1 map = 72%,  reduce = 24%
2016-04-14 12:37:01,126 Stage-1 map = 76%,  reduce = 24%
2016-04-14 12:37:07,174 Stage-1 map = 76%,  reduce = 25%
2016-04-14 12:37:10,196 Stage-1 map = 79%,  reduce = 25%
2016-04-14 12:37:13,218 Stage-1 map = 79%,  reduce = 26%
2016-04-14 12:37:19,258 Stage-1 map = 83%,  reduce = 26%
2016-04-14 12:37:28,318 Stage-1 map = 86%,  reduce = 28%
2016-04-14 12:37:37,379 Stage-1 map = 90%,  reduce = 29%
2016-04-14 12:37:43,428 Stage-1 map = 90%,  reduce = 30%
2016-04-14 12:37:46,451 Stage-1 map = 93%,  reduce = 30%
2016-04-14 12:37:55,509 Stage-1 map = 97%,  reduce = 30%
2016-04-14 12:37:58,530 Stage-1 map = 97%,  reduce = 31%
2016-04-14 12:38:03,565 Stage-1 map = 98%,  reduce = 31%
2016-04-14 12:38:04,577 Stage-1 map = 100%,  reduce = 31%
2016-04-14 12:38:06,593 Stage-1 map = 100%,  reduce = 32%
2016-04-14 12:38:12,634 Stage-1 map = 100%,  reduce = 33%
2016-04-14 12:38:15,659 Stage-1 map = 100%,  reduce = 100%
Ended Job = job_201604141233_0001
Loading data to table q6_forecast_revenue_change
1 Rows loaded to q6_forecast_revenue_change
OK
Time taken: 285.885 seconds
Hive history file=/tmp/hadoop/hive_job_log_hadoop_201604141238_691367815.txt
OK
Time taken: 3.368 seconds
FAILED: Error in metadata: MetaException(message:Got exception: org.apache.hadoop.ipc.RemoteException org.apache.hadoop.hdfs.server.namenode.SafeModeException: Cannot delete /user/hive/warehouse/q6_forecast_revenue_change. Name node is in safe mode.
The ratio of reported blocks 1.0000 has reached the threshold 0.9990. Safe mode will be turned off automatically in 24 seconds.
	at org.apache.hadoop.hdfs.server.namenode.FSNamesystem.deleteInternal(FSNamesystem.java:1700)
	at org.apache.hadoop.hdfs.server.namenode.FSNamesystem.delete(FSNamesystem.java:1680)
	at org.apache.hadoop.hdfs.server.namenode.NameNode.delete(NameNode.java:517)
	at sun.reflect.NativeMethodAccessorImpl.invoke0(Native Method)
	at sun.reflect.NativeMethodAccessorImpl.invoke(NativeMethodAccessorImpl.java:57)
	at sun.reflect.DelegatingMethodAccessorImpl.invoke(DelegatingMethodAccessorImpl.java:43)
	at java.lang.reflect.Method.invoke(Method.java:606)
	at org.apache.hadoop.ipc.RPC$Server.call(RPC.java:508)
	at org.apache.hadoop.ipc.Server$Handler$1.run(Server.java:959)
	at org.apache.hadoop.ipc.Server$Handler$1.run(Server.java:955)
	at java.security.AccessController.doPrivileged(Native Method)
	at javax.security.auth.Subject.doAs(Subject.java:415)
	at org.apache.hadoop.ipc.Server$Handler.run(Server.java:953)
)
FAILED: Execution Error, return code 1 from org.apache.hadoop.hive.ql.exec.DDLTask
Hive history file=/tmp/hadoop/hive_job_log_hadoop_201604141238_1516013978.txt
OK
Time taken: 2.961 seconds
OK
Time taken: 0.009 seconds
OK
Time taken: 0.513 seconds
OK
Time taken: 0.03 seconds
Total MapReduce jobs = 1
Launching Job 1 out of 1
Number of reduce tasks determined at compile time: 1
In order to change the average load for a reducer (in bytes):
  set hive.exec.reducers.bytes.per.reducer=<number>
In order to limit the maximum number of reducers:
  set hive.exec.reducers.max=<number>
In order to set a constant number of reducers:
  set mapred.reduce.tasks=<number>
Starting Job = job_201604141238_0001, Tracking URL = http://belona.c3local:50030/jobdetails.jsp?jobid=job_201604141238_0001
Kill Command = /home/hadoop/hadoop/bin/../bin/hadoop job  -Dmapred.job.tracker=belona.c3local:9001 -kill job_201604141238_0001
2016-04-14 12:38:58,805 Stage-1 map = 0%,  reduce = 0%
2016-04-14 12:39:07,885 Stage-1 map = 2%,  reduce = 0%
2016-04-14 12:39:10,920 Stage-1 map = 3%,  reduce = 0%
2016-04-14 12:39:16,986 Stage-1 map = 5%,  reduce = 0%
2016-04-14 12:39:23,054 Stage-1 map = 7%,  reduce = 0%
2016-04-14 12:39:26,088 Stage-1 map = 7%,  reduce = 2%
2016-04-14 12:39:29,123 Stage-1 map = 9%,  reduce = 2%
2016-04-14 12:39:32,156 Stage-1 map = 10%,  reduce = 2%
2016-04-14 12:39:35,185 Stage-1 map = 10%,  reduce = 3%
2016-04-14 12:39:38,219 Stage-1 map = 12%,  reduce = 3%
2016-04-14 12:39:41,248 Stage-1 map = 14%,  reduce = 4%
2016-04-14 12:39:47,301 Stage-1 map = 16%,  reduce = 4%
2016-04-14 12:39:50,328 Stage-1 map = 17%,  reduce = 5%
2016-04-14 12:39:56,380 Stage-1 map = 19%,  reduce = 6%
2016-04-14 12:39:59,409 Stage-1 map = 21%,  reduce = 6%
2016-04-14 12:40:05,462 Stage-1 map = 22%,  reduce = 7%
2016-04-14 12:40:08,490 Stage-1 map = 24%,  reduce = 7%
2016-04-14 12:40:11,521 Stage-1 map = 24%,  reduce = 8%
2016-04-14 12:40:14,549 Stage-1 map = 26%,  reduce = 8%
2016-04-14 12:40:17,577 Stage-1 map = 28%,  reduce = 8%
2016-04-14 12:40:20,606 Stage-1 map = 28%,  reduce = 9%
2016-04-14 12:40:23,634 Stage-1 map = 29%,  reduce = 9%
2016-04-14 12:40:26,662 Stage-1 map = 31%,  reduce = 10%
2016-04-14 12:40:32,714 Stage-1 map = 33%,  reduce = 10%
2016-04-14 12:40:35,742 Stage-1 map = 34%,  reduce = 10%
2016-04-14 12:40:41,794 Stage-1 map = 36%,  reduce = 11%
2016-04-14 12:40:44,821 Stage-1 map = 38%,  reduce = 11%
2016-04-14 12:40:50,864 Stage-1 map = 40%,  reduce = 13%
2016-04-14 12:40:53,887 Stage-1 map = 41%,  reduce = 13%
2016-04-14 12:40:56,910 Stage-1 map = 41%,  reduce = 14%
2016-04-14 12:40:59,932 Stage-1 map = 43%,  reduce = 14%
2016-04-14 12:41:02,955 Stage-1 map = 45%,  reduce = 14%
2016-04-14 12:41:08,997 Stage-1 map = 47%,  reduce = 14%
2016-04-14 12:41:12,020 Stage-1 map = 48%,  reduce = 16%
2016-04-14 12:41:18,060 Stage-1 map = 50%,  reduce = 16%
2016-04-14 12:41:21,085 Stage-1 map = 52%,  reduce = 16%
2016-04-14 12:41:27,126 Stage-1 map = 53%,  reduce = 17%
2016-04-14 12:41:29,141 Stage-1 map = 55%,  reduce = 17%
2016-04-14 12:41:36,188 Stage-1 map = 57%,  reduce = 18%
2016-04-14 12:41:38,205 Stage-1 map = 59%,  reduce = 18%
2016-04-14 12:41:44,249 Stage-1 map = 60%,  reduce = 20%
2016-04-14 12:41:47,272 Stage-1 map = 62%,  reduce = 20%
2016-04-14 12:41:53,311 Stage-1 map = 64%,  reduce = 20%
2016-04-14 12:41:56,341 Stage-1 map = 66%,  reduce = 21%
2016-04-14 12:42:02,382 Stage-1 map = 67%,  reduce = 22%
2016-04-14 12:42:05,404 Stage-1 map = 69%,  reduce = 22%
2016-04-14 12:42:11,445 Stage-1 map = 71%,  reduce = 22%
2016-04-14 12:42:14,467 Stage-1 map = 72%,  reduce = 22%
2016-04-14 12:42:17,488 Stage-1 map = 72%,  reduce = 24%
2016-04-14 12:42:20,511 Stage-1 map = 73%,  reduce = 24%
2016-04-14 12:42:26,550 Stage-1 map = 75%,  reduce = 24%
2016-04-14 12:42:32,588 Stage-1 map = 77%,  reduce = 25%
2016-04-14 12:42:38,627 Stage-1 map = 78%,  reduce = 25%
2016-04-14 12:42:41,649 Stage-1 map = 78%,  reduce = 26%
2016-04-14 12:42:44,671 Stage-1 map = 80%,  reduce = 26%
2016-04-14 12:42:50,711 Stage-1 map = 82%,  reduce = 26%
2016-04-14 12:42:56,750 Stage-1 map = 84%,  reduce = 27%
2016-04-14 12:43:02,790 Stage-1 map = 85%,  reduce = 28%
2016-04-14 12:43:08,831 Stage-1 map = 87%,  reduce = 28%
2016-04-14 12:43:14,879 Stage-1 map = 90%,  reduce = 28%
2016-04-14 12:43:17,901 Stage-1 map = 90%,  reduce = 30%
2016-04-14 12:43:20,922 Stage-1 map = 91%,  reduce = 30%
2016-04-14 12:43:23,943 Stage-1 map = 93%,  reduce = 30%
2016-04-14 12:43:29,983 Stage-1 map = 95%,  reduce = 30%
2016-04-14 12:43:33,006 Stage-1 map = 97%,  reduce = 31%
2016-04-14 12:43:39,047 Stage-1 map = 98%,  reduce = 31%
2016-04-14 12:43:42,070 Stage-1 map = 100%,  reduce = 32%
2016-04-14 12:43:48,111 Stage-1 map = 100%,  reduce = 33%
2016-04-14 12:43:51,134 Stage-1 map = 100%,  reduce = 100%
Ended Job = job_201604141238_0001
Loading data to table q6_forecast_revenue_change
1 Rows loaded to q6_forecast_revenue_change
OK
Time taken: 301.806 seconds
Hive history file=/tmp/hadoop/hive_job_log_hadoop_201604141244_1029848832.txt
OK
Time taken: 3.689 seconds
FAILED: Error in metadata: MetaException(message:Got exception: org.apache.hadoop.ipc.RemoteException org.apache.hadoop.hdfs.server.namenode.SafeModeException: Cannot delete /user/hive/warehouse/q6_forecast_revenue_change. Name node is in safe mode.
The ratio of reported blocks 1.0000 has reached the threshold 0.9990. Safe mode will be turned off automatically in 24 seconds.
	at org.apache.hadoop.hdfs.server.namenode.FSNamesystem.deleteInternal(FSNamesystem.java:1700)
	at org.apache.hadoop.hdfs.server.namenode.FSNamesystem.delete(FSNamesystem.java:1680)
	at org.apache.hadoop.hdfs.server.namenode.NameNode.delete(NameNode.java:517)
	at sun.reflect.NativeMethodAccessorImpl.invoke0(Native Method)
	at sun.reflect.NativeMethodAccessorImpl.invoke(NativeMethodAccessorImpl.java:57)
	at sun.reflect.DelegatingMethodAccessorImpl.invoke(DelegatingMethodAccessorImpl.java:43)
	at java.lang.reflect.Method.invoke(Method.java:606)
	at org.apache.hadoop.ipc.RPC$Server.call(RPC.java:508)
	at org.apache.hadoop.ipc.Server$Handler$1.run(Server.java:959)
	at org.apache.hadoop.ipc.Server$Handler$1.run(Server.java:955)
	at java.security.AccessController.doPrivileged(Native Method)
	at javax.security.auth.Subject.doAs(Subject.java:415)
	at org.apache.hadoop.ipc.Server$Handler.run(Server.java:953)
)
FAILED: Execution Error, return code 1 from org.apache.hadoop.hive.ql.exec.DDLTask
Hive history file=/tmp/hadoop/hive_job_log_hadoop_201604141244_1394375842.txt
OK
Time taken: 2.879 seconds
OK
Time taken: 0.008 seconds
OK
Time taken: 0.428 seconds
OK
Time taken: 0.031 seconds
Total MapReduce jobs = 1
Launching Job 1 out of 1
Number of reduce tasks determined at compile time: 1
In order to change the average load for a reducer (in bytes):
  set hive.exec.reducers.bytes.per.reducer=<number>
In order to limit the maximum number of reducers:
  set hive.exec.reducers.max=<number>
In order to set a constant number of reducers:
  set mapred.reduce.tasks=<number>
Starting Job = job_201604141244_0001, Tracking URL = http://belona.c3local:50030/jobdetails.jsp?jobid=job_201604141244_0001
Kill Command = /home/hadoop/hadoop/bin/../bin/hadoop job  -Dmapred.job.tracker=belona.c3local:9001 -kill job_201604141244_0001
2016-04-14 12:44:35,541 Stage-1 map = 0%,  reduce = 0%
2016-04-14 12:44:44,619 Stage-1 map = 2%,  reduce = 0%
2016-04-14 12:44:50,686 Stage-1 map = 3%,  reduce = 0%
2016-04-14 12:44:53,722 Stage-1 map = 5%,  reduce = 0%
2016-04-14 12:44:59,789 Stage-1 map = 7%,  reduce = 0%
2016-04-14 12:45:02,823 Stage-1 map = 7%,  reduce = 2%
2016-04-14 12:45:05,859 Stage-1 map = 9%,  reduce = 2%
2016-04-14 12:45:08,893 Stage-1 map = 10%,  reduce = 2%
2016-04-14 12:45:11,924 Stage-1 map = 10%,  reduce = 3%
2016-04-14 12:45:14,955 Stage-1 map = 12%,  reduce = 3%
2016-04-14 12:45:16,980 Stage-1 map = 14%,  reduce = 3%
2016-04-14 12:45:17,993 Stage-1 map = 14%,  reduce = 4%
2016-04-14 12:45:24,046 Stage-1 map = 16%,  reduce = 4%
2016-04-14 12:45:26,067 Stage-1 map = 17%,  reduce = 5%
2016-04-14 12:45:33,128 Stage-1 map = 19%,  reduce = 6%
2016-04-14 12:45:35,149 Stage-1 map = 21%,  reduce = 6%
2016-04-14 12:45:41,204 Stage-1 map = 22%,  reduce = 7%
2016-04-14 12:45:44,234 Stage-1 map = 24%,  reduce = 7%
2016-04-14 12:45:47,264 Stage-1 map = 24%,  reduce = 8%
2016-04-14 12:45:50,293 Stage-1 map = 26%,  reduce = 8%
2016-04-14 12:45:53,323 Stage-1 map = 28%,  reduce = 8%
2016-04-14 12:45:56,351 Stage-1 map = 28%,  reduce = 9%
2016-04-14 12:45:59,379 Stage-1 map = 29%,  reduce = 9%
2016-04-14 12:46:02,407 Stage-1 map = 31%,  reduce = 10%
2016-04-14 12:46:08,465 Stage-1 map = 33%,  reduce = 10%
2016-04-14 12:46:11,492 Stage-1 map = 34%,  reduce = 10%
2016-04-14 12:46:17,544 Stage-1 map = 36%,  reduce = 11%
2016-04-14 12:46:20,573 Stage-1 map = 38%,  reduce = 11%
2016-04-14 12:46:26,615 Stage-1 map = 40%,  reduce = 13%
2016-04-14 12:46:29,639 Stage-1 map = 41%,  reduce = 13%
2016-04-14 12:46:32,662 Stage-1 map = 41%,  reduce = 14%
2016-04-14 12:46:35,684 Stage-1 map = 43%,  reduce = 14%
2016-04-14 12:46:38,707 Stage-1 map = 44%,  reduce = 14%
2016-04-14 12:46:44,749 Stage-1 map = 47%,  reduce = 14%
2016-04-14 12:46:47,770 Stage-1 map = 47%,  reduce = 16%
2016-04-14 12:46:53,811 Stage-1 map = 49%,  reduce = 16%
2016-04-14 12:46:56,832 Stage-1 map = 50%,  reduce = 16%
2016-04-14 12:47:02,872 Stage-1 map = 53%,  reduce = 17%
2016-04-14 12:47:11,931 Stage-1 map = 55%,  reduce = 18%
2016-04-14 12:47:14,953 Stage-1 map = 56%,  reduce = 18%
2016-04-14 12:47:20,994 Stage-1 map = 58%,  reduce = 18%
2016-04-14 12:47:24,016 Stage-1 map = 58%,  reduce = 19%
2016-04-14 12:47:27,038 Stage-1 map = 59%,  reduce = 19%
2016-04-14 12:47:33,079 Stage-1 map = 61%,  reduce = 19%
2016-04-14 12:47:39,121 Stage-1 map = 64%,  reduce = 20%
2016-04-14 12:47:45,164 Stage-1 map = 65%,  reduce = 20%
2016-04-14 12:47:48,187 Stage-1 map = 66%,  reduce = 21%
2016-04-14 12:47:51,210 Stage-1 map = 67%,  reduce = 21%
2016-04-14 12:47:54,232 Stage-1 map = 67%,  reduce = 22%
2016-04-14 12:47:57,255 Stage-1 map = 70%,  reduce = 22%
2016-04-14 12:48:03,296 Stage-1 map = 71%,  reduce = 22%
2016-04-14 12:48:06,318 Stage-1 map = 72%,  reduce = 22%
2016-04-14 12:48:09,340 Stage-1 map = 73%,  reduce = 24%
2016-04-14 12:48:14,374 Stage-1 map = 75%,  reduce = 24%
2016-04-14 12:48:15,384 Stage-1 map = 76%,  reduce = 24%
2016-04-14 12:48:21,425 Stage-1 map = 78%,  reduce = 24%
2016-04-14 12:48:23,441 Stage-1 map = 79%,  reduce = 24%
2016-04-14 12:48:24,450 Stage-1 map = 79%,  reduce = 26%
2016-04-14 12:48:29,486 Stage-1 map = 81%,  reduce = 26%
2016-04-14 12:48:32,508 Stage-1 map = 83%,  reduce = 26%
2016-04-14 12:48:38,556 Stage-1 map = 84%,  reduce = 28%
2016-04-14 12:48:41,578 Stage-1 map = 86%,  reduce = 28%
2016-04-14 12:48:47,617 Stage-1 map = 88%,  reduce = 28%
2016-04-14 12:48:50,638 Stage-1 map = 90%,  reduce = 28%
2016-04-14 12:48:53,661 Stage-1 map = 90%,  reduce = 30%
2016-04-14 12:48:56,682 Stage-1 map = 91%,  reduce = 30%
2016-04-14 12:48:59,703 Stage-1 map = 93%,  reduce = 30%
2016-04-14 12:49:05,741 Stage-1 map = 95%,  reduce = 30%
2016-04-14 12:49:08,764 Stage-1 map = 97%,  reduce = 31%
2016-04-14 12:49:14,804 Stage-1 map = 98%,  reduce = 31%
2016-04-14 12:49:17,825 Stage-1 map = 100%,  reduce = 32%
2016-04-14 12:49:23,866 Stage-1 map = 100%,  reduce = 33%
2016-04-14 12:49:26,890 Stage-1 map = 100%,  reduce = 100%
Ended Job = job_201604141244_0001
Loading data to table q6_forecast_revenue_change
1 Rows loaded to q6_forecast_revenue_change
OK
Time taken: 301.124 seconds
Hive history file=/tmp/hadoop/hive_job_log_hadoop_201604141249_1847197220.txt
OK
Time taken: 3.439 seconds
FAILED: Error in metadata: MetaException(message:Got exception: org.apache.hadoop.ipc.RemoteException org.apache.hadoop.hdfs.server.namenode.SafeModeException: Cannot delete /user/hive/warehouse/q6_forecast_revenue_change. Name node is in safe mode.
The ratio of reported blocks 1.0000 has reached the threshold 0.9990. Safe mode will be turned off automatically in 24 seconds.
	at org.apache.hadoop.hdfs.server.namenode.FSNamesystem.deleteInternal(FSNamesystem.java:1700)
	at org.apache.hadoop.hdfs.server.namenode.FSNamesystem.delete(FSNamesystem.java:1680)
	at org.apache.hadoop.hdfs.server.namenode.NameNode.delete(NameNode.java:517)
	at sun.reflect.NativeMethodAccessorImpl.invoke0(Native Method)
	at sun.reflect.NativeMethodAccessorImpl.invoke(NativeMethodAccessorImpl.java:57)
	at sun.reflect.DelegatingMethodAccessorImpl.invoke(DelegatingMethodAccessorImpl.java:43)
	at java.lang.reflect.Method.invoke(Method.java:606)
	at org.apache.hadoop.ipc.RPC$Server.call(RPC.java:508)
	at org.apache.hadoop.ipc.Server$Handler$1.run(Server.java:959)
	at org.apache.hadoop.ipc.Server$Handler$1.run(Server.java:955)
	at java.security.AccessController.doPrivileged(Native Method)
	at javax.security.auth.Subject.doAs(Subject.java:415)
	at org.apache.hadoop.ipc.Server$Handler.run(Server.java:953)
)
FAILED: Execution Error, return code 1 from org.apache.hadoop.hive.ql.exec.DDLTask
Hive history file=/tmp/hadoop/hive_job_log_hadoop_201604141250_333963097.txt
OK
Time taken: 2.923 seconds
OK
Time taken: 0.008 seconds
OK
Time taken: 0.433 seconds
OK
Time taken: 0.036 seconds
Total MapReduce jobs = 1
Launching Job 1 out of 1
Number of reduce tasks determined at compile time: 1
In order to change the average load for a reducer (in bytes):
  set hive.exec.reducers.bytes.per.reducer=<number>
In order to limit the maximum number of reducers:
  set hive.exec.reducers.max=<number>
In order to set a constant number of reducers:
  set mapred.reduce.tasks=<number>
Starting Job = job_201604141249_0001, Tracking URL = http://belona.c3local:50030/jobdetails.jsp?jobid=job_201604141249_0001
Kill Command = /home/hadoop/hadoop/bin/../bin/hadoop job  -Dmapred.job.tracker=belona.c3local:9001 -kill job_201604141249_0001
2016-04-14 12:50:11,838 Stage-1 map = 0%,  reduce = 0%
2016-04-14 12:50:20,923 Stage-1 map = 2%,  reduce = 0%
2016-04-14 12:50:23,958 Stage-1 map = 3%,  reduce = 0%
2016-04-14 12:50:30,025 Stage-1 map = 5%,  reduce = 0%
2016-04-14 12:50:33,061 Stage-1 map = 7%,  reduce = 0%
2016-04-14 12:50:39,122 Stage-1 map = 7%,  reduce = 2%
2016-04-14 12:50:42,157 Stage-1 map = 10%,  reduce = 2%
2016-04-14 12:50:48,215 Stage-1 map = 10%,  reduce = 3%
2016-04-14 12:50:51,245 Stage-1 map = 14%,  reduce = 3%
2016-04-14 12:50:54,273 Stage-1 map = 14%,  reduce = 5%
2016-04-14 12:51:00,326 Stage-1 map = 17%,  reduce = 5%
2016-04-14 12:51:09,402 Stage-1 map = 21%,  reduce = 6%
2016-04-14 12:51:18,483 Stage-1 map = 24%,  reduce = 7%
2016-04-14 12:51:24,537 Stage-1 map = 24%,  reduce = 8%
2016-04-14 12:51:27,566 Stage-1 map = 28%,  reduce = 8%
2016-04-14 12:51:33,619 Stage-1 map = 28%,  reduce = 9%
2016-04-14 12:51:35,639 Stage-1 map = 29%,  reduce = 9%
2016-04-14 12:51:36,651 Stage-1 map = 31%,  reduce = 9%
2016-04-14 12:51:38,672 Stage-1 map = 31%,  reduce = 10%
2016-04-14 12:51:44,724 Stage-1 map = 34%,  reduce = 10%
2016-04-14 12:51:53,809 Stage-1 map = 38%,  reduce = 11%
2016-04-14 12:52:02,879 Stage-1 map = 41%,  reduce = 13%
2016-04-14 12:52:08,921 Stage-1 map = 41%,  reduce = 14%
2016-04-14 12:52:11,945 Stage-1 map = 45%,  reduce = 14%
2016-04-14 12:52:17,986 Stage-1 map = 45%,  reduce = 15%
2016-04-14 12:52:21,008 Stage-1 map = 48%,  reduce = 15%
2016-04-14 12:52:27,051 Stage-1 map = 48%,  reduce = 16%
2016-04-14 12:52:30,077 Stage-1 map = 52%,  reduce = 16%
2016-04-14 12:52:39,135 Stage-1 map = 55%,  reduce = 17%
2016-04-14 12:52:45,175 Stage-1 map = 55%,  reduce = 18%
2016-04-14 12:52:48,197 Stage-1 map = 59%,  reduce = 18%
2016-04-14 12:52:57,256 Stage-1 map = 62%,  reduce = 18%
2016-04-14 12:53:00,277 Stage-1 map = 62%,  reduce = 21%
2016-04-14 12:53:06,315 Stage-1 map = 66%,  reduce = 21%
2016-04-14 12:53:15,379 Stage-1 map = 69%,  reduce = 22%
2016-04-14 12:53:24,436 Stage-1 map = 72%,  reduce = 22%
2016-04-14 12:53:30,476 Stage-1 map = 72%,  reduce = 24%
2016-04-14 12:53:33,498 Stage-1 map = 76%,  reduce = 24%
2016-04-14 12:53:42,557 Stage-1 map = 79%,  reduce = 24%
2016-04-14 12:53:45,578 Stage-1 map = 79%,  reduce = 26%
2016-04-14 12:53:51,617 Stage-1 map = 83%,  reduce = 26%
2016-04-14 12:54:00,676 Stage-1 map = 86%,  reduce = 28%
2016-04-14 12:54:09,735 Stage-1 map = 90%,  reduce = 29%
2016-04-14 12:54:15,782 Stage-1 map = 90%,  reduce = 30%
2016-04-14 12:54:18,804 Stage-1 map = 93%,  reduce = 30%
2016-04-14 12:54:27,871 Stage-1 map = 96%,  reduce = 30%
2016-04-14 12:54:30,893 Stage-1 map = 96%,  reduce = 31%
2016-04-14 12:54:33,914 Stage-1 map = 97%,  reduce = 31%
2016-04-14 12:54:36,936 Stage-1 map = 98%,  reduce = 31%
2016-04-14 12:54:39,958 Stage-1 map = 99%,  reduce = 32%
2016-04-14 12:54:45,998 Stage-1 map = 99%,  reduce = 33%
2016-04-14 12:54:52,039 Stage-1 map = 100%,  reduce = 33%
2016-04-14 12:55:03,114 Stage-1 map = 100%,  reduce = 100%
Ended Job = job_201604141249_0001
Loading data to table q6_forecast_revenue_change
1 Rows loaded to q6_forecast_revenue_change
OK
Time taken: 301.081 seconds
