CREATE TABLE
CREATE TABLE
CREATE TABLE
CREATE TABLE
CREATE TABLE
CREATE TABLE
CREATE TABLE
CREATE TABLE
CREATE TABLE
CREATE TABLE
CREATE TABLE
CREATE TABLE
CREATE TABLE
psql:5_slk_exec.sql:8: ERROR:  column "id_profile" named in key does not exist
LINE 7:  PRIMARY KEY(ID, ID_QUERY, ID_SERVICE, ID_NODE, ID_PROFILE, ...
         ^
psql:6_slk_plots.sql:6: ERROR:  relation "slk_exec" does not exist
psql:7_slk_metric_values.sql:6: ERROR:  relation "slk_exec" does not exist
CREATE TABLE
CREATE TABLE
CREATE TABLE
CREATE TABLE
CREATE TABLE
psql:5_slk_exec.sql:8: ERROR:  column "id_profile" named in key does not exist
LINE 7:  PRIMARY KEY(ID, ID_QUERY, ID_SERVICE, ID_NODE, ID_PROFILE, ...
         ^
psql:6_slk_plots.sql:6: ERROR:  relation "slk_exec" does not exist
psql:7_slk_metric_values.sql:6: ERROR:  relation "slk_exec" does not exist
CREATE TABLE
CREATE TABLE
CREATE TABLE
CREATE TABLE
CREATE TABLE
CREATE TABLE
CREATE TABLE
CREATE TABLE
CREATE TABLE
CREATE TABLE
CREATE TABLE
CREATE TABLE
CREATE TABLE
CREATE TABLE
CREATE TABLE
CREATE TABLE
CREATE TABLE
CREATE TABLE
CREATE TABLE
CREATE TABLE
CREATE TABLE
CREATE TABLE
CREATE TABLE
CREATE TABLE
CREATE TABLE
CREATE TABLE
CREATE TABLE
CREATE TABLE
CREATE TABLE
CREATE TABLE
CREATE TABLE
CREATE TABLE
CREATE TABLE
CREATE TABLE
CREATE TABLE
CREATE TABLE
CREATE TABLE
CREATE TABLE
CREATE TABLE
CREATE TABLE
CREATE TABLE
CREATE TABLE
CREATE TABLE
CREATE TABLE
CREATE TABLE
CREATE TABLE
CREATE TABLE
CREATE TABLE
CREATE TABLE
CREATE TABLE
CREATE TABLE
CREATE TABLE
CREATE TABLE
CREATE TABLE
CREATE TABLE
CREATE TABLE
CREATE TABLE
CREATE TABLE
CREATE TABLE
CREATE TABLE
CREATE TABLE
CREATE TABLE
CREATE TABLE
CREATE TABLE
CREATE FUNCTION
CREATE FUNCTION
psql:2_return_metrics_comparison.sql:41: ERROR:  syntax error at or near "SELECT"
LINE 13:   SELECT DISTINCT
           ^
psql:3_return_job_avg_time.sql:62: ERROR:  syntax error at or near "WHERE"
LINE 39:   WHERE slk_plots.timest BETWEEN temp_exec.time_init AND tem...
           ^
CREATE FUNCTION
CREATE FUNCTION
CREATE FUNCTION
CREATE FUNCTION
CREATE FUNCTION
CREATE FUNCTION
CREATE FUNCTION
CREATE FUNCTION
CREATE FUNCTION
CREATE FUNCTION
CREATE FUNCTION
CREATE FUNCTION
